[ 2016-07-04T09:10:11+08:00 ] ::1 /mxsh/index.php/Home/Index/displayHistory/id/16.html
INFO: [ app_begin ] --START--
INFO: Run Behavior\ReadHtmlCacheBehavior [ RunTime:0.001000s ]
INFO: [ app_begin ] --END-- [ RunTime:0.001000s ]
SQL: SHOW COLUMNS FROM `33hao_vr_goods` [ RunTime:0.0070s ]
SQL: SELECT `goods_id`,`goods_name`,`goods_price`,`goods_promotion_price` FROM `33hao_vr_goods` WHERE `goods_id` IN ('16','15','14','13','9') ORDER BY FIELD(goods_id,16,15,14,13,9)  [ RunTime:0.0040s ]
INFO: [ app_end ] --START--
INFO: Run Behavior\ShowPageTraceBehavior [ RunTime:0.001000s ]
INFO: [ app_end ] --END-- [ RunTime:0.001000s ]

[ 2016-07-04T09:10:11+08:00 ] ::1 /mxsh/index.php/Home/Index/addrajax.html?page=1&id=16
INFO: [ app_begin ] --START--
INFO: Run Behavior\ReadHtmlCacheBehavior [ RunTime:0.000000s ]
INFO: [ app_begin ] --END-- [ RunTime:0.001000s ]
SQL: SHOW COLUMNS FROM `33hao_vr_goods_address` [ RunTime:0.0030s ]
SQL: SELECT * FROM `33hao_vr_goods_address` WHERE `goods_commonid` = '16' LIMIT 0,3   [ RunTime:0.0000s ]
INFO: [ app_end ] --START--
INFO: Run Behavior\ShowPageTraceBehavior [ RunTime:0.000000s ]
INFO: [ app_end ] --END-- [ RunTime:0.000000s ]

[ 2016-07-04T09:43:41+08:00 ] ::1 /mxsh/index.php/Home/Index/addrajax.html?page=1&id=16
INFO: [ app_begin ] --START--
INFO: Run Behavior\ReadHtmlCacheBehavior [ RunTime:0.001000s ]
INFO: [ app_begin ] --END-- [ RunTime:0.001000s ]
SQL: SHOW COLUMNS FROM `33hao_vr_goods_address` [ RunTime:0.0020s ]
SQL: SELECT * FROM `33hao_vr_goods_address` WHERE `goods_commonid` = '16' LIMIT 0,3   [ RunTime:0.0010s ]
INFO: [ app_end ] --START--
INFO: Run Behavior\ShowPageTraceBehavior [ RunTime:0.001000s ]
INFO: [ app_end ] --END-- [ RunTime:0.001000s ]

[ 2016-07-04T09:43:41+08:00 ] ::1 /mxsh/index.php/Home/Index/displayHistory/id/16.html
INFO: [ app_begin ] --START--
INFO: Run Behavior\ReadHtmlCacheBehavior [ RunTime:0.000000s ]
INFO: [ app_begin ] --END-- [ RunTime:0.002000s ]
SQL: SHOW COLUMNS FROM `33hao_vr_goods` [ RunTime:0.0050s ]
SQL: SELECT `goods_id`,`goods_name`,`goods_price`,`goods_promotion_price` FROM `33hao_vr_goods` WHERE `goods_id` IN ('16','14','15','13','9') ORDER BY FIELD(goods_id,16,14,15,13,9)  [ RunTime:0.0010s ]
INFO: [ app_end ] --START--
INFO: Run Behavior\ShowPageTraceBehavior [ RunTime:0.000000s ]
INFO: [ app_end ] --END-- [ RunTime:0.001000s ]

[ 2016-07-04T09:45:46+08:00 ] ::1 /mxsh/index.php/Home/Index/displayHistory/id/16.html
INFO: [ app_begin ] --START--
INFO: Run Behavior\ReadHtmlCacheBehavior [ RunTime:0.001000s ]
INFO: [ app_begin ] --END-- [ RunTime:0.001000s ]
SQL: SHOW COLUMNS FROM `33hao_vr_goods` [ RunTime:0.0030s ]
SQL: SELECT `goods_id`,`goods_name`,`goods_price`,`goods_promotion_price` FROM `33hao_vr_goods` WHERE `goods_id` IN ('16','14','15','13','9') ORDER BY FIELD(goods_id,16,14,15,13,9)  [ RunTime:0.0010s ]
INFO: [ app_end ] --START--
INFO: Run Behavior\ShowPageTraceBehavior [ RunTime:0.000000s ]
INFO: [ app_end ] --END-- [ RunTime:0.001000s ]

[ 2016-07-04T09:45:46+08:00 ] ::1 /mxsh/index.php/Home/Index/addrajax.html?page=1&id=16
INFO: [ app_begin ] --START--
INFO: Run Behavior\ReadHtmlCacheBehavior [ RunTime:0.001000s ]
INFO: [ app_begin ] --END-- [ RunTime:0.001000s ]
SQL: SHOW COLUMNS FROM `33hao_vr_goods_address` [ RunTime:0.0020s ]
SQL: SELECT * FROM `33hao_vr_goods_address` WHERE `goods_commonid` = '16' LIMIT 0,3   [ RunTime:0.0010s ]
INFO: [ app_end ] --START--
INFO: Run Behavior\ShowPageTraceBehavior [ RunTime:0.000000s ]
INFO: [ app_end ] --END-- [ RunTime:0.000000s ]

[ 2016-07-04T09:47:49+08:00 ] ::1 /mxsh/index.php/Home/Index/displayHistory/id/16.html
INFO: [ app_begin ] --START--
INFO: Run Behavior\ReadHtmlCacheBehavior [ RunTime:0.000000s ]
INFO: [ app_begin ] --END-- [ RunTime:0.001000s ]
SQL: SHOW COLUMNS FROM `33hao_vr_goods` [ RunTime:0.0060s ]
SQL: SELECT `goods_id`,`goods_name`,`goods_price`,`goods_promotion_price` FROM `33hao_vr_goods` WHERE `goods_id` IN ('16','14','15','13','9') ORDER BY FIELD(goods_id,16,14,15,13,9)  [ RunTime:0.0010s ]
INFO: [ app_end ] --START--
INFO: Run Behavior\ShowPageTraceBehavior [ RunTime:0.000000s ]
INFO: [ app_end ] --END-- [ RunTime:0.000000s ]

[ 2016-07-04T09:47:49+08:00 ] ::1 /mxsh/index.php/Home/Index/addrajax.html?page=1&id=16
INFO: [ app_begin ] --START--
INFO: Run Behavior\ReadHtmlCacheBehavior [ RunTime:0.000000s ]
INFO: [ app_begin ] --END-- [ RunTime:0.001000s ]
SQL: SHOW COLUMNS FROM `33hao_vr_goods_address` [ RunTime:0.0030s ]
SQL: SELECT * FROM `33hao_vr_goods_address` WHERE `goods_commonid` = '16' LIMIT 0,3   [ RunTime:0.0010s ]
INFO: [ app_end ] --START--
INFO: Run Behavior\ShowPageTraceBehavior [ RunTime:0.000000s ]
INFO: [ app_end ] --END-- [ RunTime:0.001000s ]

[ 2016-07-04T09:47:58+08:00 ] ::1 /mxsh/index.php/Home/Index/addrajax.html?page=2&id=16
INFO: [ app_begin ] --START--
INFO: Run Behavior\ReadHtmlCacheBehavior [ RunTime:0.001000s ]
INFO: [ app_begin ] --END-- [ RunTime:0.001000s ]
SQL: SHOW COLUMNS FROM `33hao_vr_goods_address` [ RunTime:0.0030s ]
SQL: SELECT * FROM `33hao_vr_goods_address` WHERE `goods_commonid` = '16' LIMIT 3,3   [ RunTime:0.0010s ]
INFO: [ app_end ] --START--
INFO: Run Behavior\ShowPageTraceBehavior [ RunTime:0.000000s ]
INFO: [ app_end ] --END-- [ RunTime:0.000000s ]

[ 2016-07-04T09:47:59+08:00 ] ::1 /mxsh/index.php/Home/Index/addrajax.html?page=1&id=16
INFO: [ app_begin ] --START--
INFO: Run Behavior\ReadHtmlCacheBehavior [ RunTime:0.001000s ]
INFO: [ app_begin ] --END-- [ RunTime:0.001000s ]
SQL: SHOW COLUMNS FROM `33hao_vr_goods_address` [ RunTime:0.0020s ]
SQL: SELECT * FROM `33hao_vr_goods_address` WHERE `goods_commonid` = '16' LIMIT 0,3   [ RunTime:0.0000s ]
INFO: [ app_end ] --START--
INFO: Run Behavior\ShowPageTraceBehavior [ RunTime:0.000000s ]
INFO: [ app_end ] --END-- [ RunTime:0.000000s ]

[ 2016-07-04T09:48:01+08:00 ] ::1 /mxsh/index.php/Home/Index/addrajax.html?page=2&id=16
INFO: [ app_begin ] --START--
INFO: Run Behavior\ReadHtmlCacheBehavior [ RunTime:0.000000s ]
INFO: [ app_begin ] --END-- [ RunTime:0.001000s ]
SQL: SHOW COLUMNS FROM `33hao_vr_goods_address` [ RunTime:0.0020s ]
SQL: SELECT * FROM `33hao_vr_goods_address` WHERE `goods_commonid` = '16' LIMIT 3,3   [ RunTime:0.0000s ]
INFO: [ app_end ] --START--
INFO: Run Behavior\ShowPageTraceBehavior [ RunTime:0.001000s ]
INFO: [ app_end ] --END-- [ RunTime:0.001000s ]

[ 2016-07-04T09:48:02+08:00 ] ::1 /mxsh/index.php/Home/Index/addrajax.html?page=1&id=16
INFO: [ app_begin ] --START--
INFO: Run Behavior\ReadHtmlCacheBehavior [ RunTime:0.000000s ]
INFO: [ app_begin ] --END-- [ RunTime:0.001000s ]
SQL: SHOW COLUMNS FROM `33hao_vr_goods_address` [ RunTime:0.0030s ]
SQL: SELECT * FROM `33hao_vr_goods_address` WHERE `goods_commonid` = '16' LIMIT 0,3   [ RunTime:0.0000s ]
INFO: [ app_end ] --START--
INFO: Run Behavior\ShowPageTraceBehavior [ RunTime:0.001000s ]
INFO: [ app_end ] --END-- [ RunTime:0.001000s ]

[ 2016-07-04T09:48:03+08:00 ] ::1 /mxsh/index.php/Home/Index/addrajax.html?page=2&id=16
INFO: [ app_begin ] --START--
INFO: Run Behavior\ReadHtmlCacheBehavior [ RunTime:0.001000s ]
INFO: [ app_begin ] --END-- [ RunTime:0.001000s ]
SQL: SHOW COLUMNS FROM `33hao_vr_goods_address` [ RunTime:0.0020s ]
SQL: SELECT * FROM `33hao_vr_goods_address` WHERE `goods_commonid` = '16' LIMIT 3,3   [ RunTime:0.0000s ]
INFO: [ app_end ] --START--
INFO: Run Behavior\ShowPageTraceBehavior [ RunTime:0.001000s ]
INFO: [ app_end ] --END-- [ RunTime:0.001000s ]

[ 2016-07-04T09:48:07+08:00 ] ::1 /mxsh/index.php/Home/Index/addrajax.html?page=1&id=16
INFO: [ app_begin ] --START--
INFO: Run Behavior\ReadHtmlCacheBehavior [ RunTime:0.001000s ]
INFO: [ app_begin ] --END-- [ RunTime:0.001000s ]
SQL: SHOW COLUMNS FROM `33hao_vr_goods_address` [ RunTime:0.0020s ]
SQL: SELECT * FROM `33hao_vr_goods_address` WHERE `goods_commonid` = '16' LIMIT 0,3   [ RunTime:0.0000s ]
INFO: [ app_end ] --START--
INFO: Run Behavior\ShowPageTraceBehavior [ RunTime:0.001000s ]
INFO: [ app_end ] --END-- [ RunTime:0.001000s ]

[ 2016-07-04T09:48:49+08:00 ] ::1 /mxsh/index.php/Home/Index/displayHistory/id/16.html
INFO: [ app_begin ] --START--
INFO: Run Behavior\ReadHtmlCacheBehavior [ RunTime:0.000000s ]
INFO: [ app_begin ] --END-- [ RunTime:0.001000s ]
SQL: SHOW COLUMNS FROM `33hao_vr_goods` [ RunTime:0.0050s ]
SQL: SELECT `goods_id`,`goods_name`,`goods_price`,`goods_promotion_price` FROM `33hao_vr_goods` WHERE `goods_id` IN ('16','14','15','13','9') ORDER BY FIELD(goods_id,16,14,15,13,9)  [ RunTime:0.0010s ]
INFO: [ app_end ] --START--
INFO: Run Behavior\ShowPageTraceBehavior [ RunTime:0.000000s ]
INFO: [ app_end ] --END-- [ RunTime:0.000000s ]

[ 2016-07-04T09:48:49+08:00 ] ::1 /mxsh/index.php/Home/Index/addrajax.html?page=1&id=16
INFO: [ app_begin ] --START--
INFO: Run Behavior\ReadHtmlCacheBehavior [ RunTime:0.001000s ]
INFO: [ app_begin ] --END-- [ RunTime:0.002000s ]
SQL: SHOW COLUMNS FROM `33hao_vr_goods_address` [ RunTime:0.0060s ]
SQL: SELECT * FROM `33hao_vr_goods_address` WHERE `goods_commonid` = '16' LIMIT 0,3   [ RunTime:0.0010s ]
INFO: [ app_end ] --START--
INFO: Run Behavior\ShowPageTraceBehavior [ RunTime:0.001000s ]
INFO: [ app_end ] --END-- [ RunTime:0.001000s ]

[ 2016-07-04T09:49:16+08:00 ] ::1 /mxsh/index.php/Home/Index/addrajax.html?page=1&id=16
INFO: [ app_begin ] --START--
INFO: Run Behavior\ReadHtmlCacheBehavior [ RunTime:0.001000s ]
INFO: [ app_begin ] --END-- [ RunTime:0.001000s ]
SQL: SHOW COLUMNS FROM `33hao_vr_goods_address` [ RunTime:0.0020s ]
SQL: SELECT * FROM `33hao_vr_goods_address` WHERE `goods_commonid` = '16' LIMIT 0,3   [ RunTime:0.0000s ]
INFO: [ app_end ] --START--
INFO: Run Behavior\ShowPageTraceBehavior [ RunTime:0.001000s ]
INFO: [ app_end ] --END-- [ RunTime:0.001000s ]

[ 2016-07-04T09:49:16+08:00 ] ::1 /mxsh/index.php/Home/Index/displayHistory/id/16.html
INFO: [ app_begin ] --START--
INFO: Run Behavior\ReadHtmlCacheBehavior [ RunTime:0.001000s ]
INFO: [ app_begin ] --END-- [ RunTime:0.001000s ]
SQL: SHOW COLUMNS FROM `33hao_vr_goods` [ RunTime:0.0030s ]
SQL: SELECT `goods_id`,`goods_name`,`goods_price`,`goods_promotion_price` FROM `33hao_vr_goods` WHERE `goods_id` IN ('16','14','15','13','9') ORDER BY FIELD(goods_id,16,14,15,13,9)  [ RunTime:0.0010s ]
INFO: [ app_end ] --START--
INFO: Run Behavior\ShowPageTraceBehavior [ RunTime:0.002000s ]
INFO: [ app_end ] --END-- [ RunTime:0.002000s ]

[ 2016-07-04T09:49:19+08:00 ] ::1 /mxsh/index.php/Home/Index/displayHistory/id/16.html
INFO: [ app_begin ] --START--
INFO: Run Behavior\ReadHtmlCacheBehavior [ RunTime:0.000000s ]
INFO: [ app_begin ] --END-- [ RunTime:0.001000s ]
SQL: SHOW COLUMNS FROM `33hao_vr_goods` [ RunTime:0.0030s ]
SQL: SELECT `goods_id`,`goods_name`,`goods_price`,`goods_promotion_price` FROM `33hao_vr_goods` WHERE `goods_id` IN ('16','14','15','13','9') ORDER BY FIELD(goods_id,16,14,15,13,9)  [ RunTime:0.0010s ]
INFO: [ app_end ] --START--
INFO: Run Behavior\ShowPageTraceBehavior [ RunTime:0.001000s ]
INFO: [ app_end ] --END-- [ RunTime:0.001000s ]

[ 2016-07-04T09:49:19+08:00 ] ::1 /mxsh/index.php/Home/Index/addrajax.html?page=1&id=16
INFO: [ app_begin ] --START--
INFO: Run Behavior\ReadHtmlCacheBehavior [ RunTime:0.001000s ]
INFO: [ app_begin ] --END-- [ RunTime:0.001000s ]
SQL: SHOW COLUMNS FROM `33hao_vr_goods_address` [ RunTime:0.0050s ]
SQL: SELECT * FROM `33hao_vr_goods_address` WHERE `goods_commonid` = '16' LIMIT 0,3   [ RunTime:0.0020s ]
INFO: [ app_end ] --START--
INFO: Run Behavior\ShowPageTraceBehavior [ RunTime:0.001000s ]
INFO: [ app_end ] --END-- [ RunTime:0.001000s ]

[ 2016-07-04T09:49:32+08:00 ] ::1 /mxsh/index.php/Home/Index/addrajax.html?page=1&id=16
INFO: [ app_begin ] --START--
INFO: Run Behavior\ReadHtmlCacheBehavior [ RunTime:0.001000s ]
INFO: [ app_begin ] --END-- [ RunTime:0.002000s ]
SQL: SHOW COLUMNS FROM `33hao_vr_goods_address` [ RunTime:0.0030s ]
SQL: SELECT * FROM `33hao_vr_goods_address` WHERE `goods_commonid` = '16' LIMIT 0,3   [ RunTime:0.0020s ]
INFO: [ app_end ] --START--
INFO: Run Behavior\ShowPageTraceBehavior [ RunTime:0.001000s ]
INFO: [ app_end ] --END-- [ RunTime:0.001000s ]

[ 2016-07-04T09:49:32+08:00 ] ::1 /mxsh/index.php/Home/Index/displayHistory/id/16.html
INFO: [ app_begin ] --START--
INFO: Run Behavior\ReadHtmlCacheBehavior [ RunTime:0.000000s ]
INFO: [ app_begin ] --END-- [ RunTime:0.001000s ]
SQL: SHOW COLUMNS FROM `33hao_vr_goods` [ RunTime:0.0030s ]
SQL: SELECT `goods_id`,`goods_name`,`goods_price`,`goods_promotion_price` FROM `33hao_vr_goods` WHERE `goods_id` IN ('16','14','15','13','9') ORDER BY FIELD(goods_id,16,14,15,13,9)  [ RunTime:0.0000s ]
INFO: [ app_end ] --START--
INFO: Run Behavior\ShowPageTraceBehavior [ RunTime:0.000000s ]
INFO: [ app_end ] --END-- [ RunTime:0.000000s ]

[ 2016-07-04T09:49:53+08:00 ] ::1 /mxsh/index.php/Home/Index/displayHistory/id/16.html
INFO: [ app_begin ] --START--
INFO: Run Behavior\ReadHtmlCacheBehavior [ RunTime:0.000000s ]
INFO: [ app_begin ] --END-- [ RunTime:0.001000s ]
SQL: SHOW COLUMNS FROM `33hao_vr_goods` [ RunTime:0.0020s ]
SQL: SELECT `goods_id`,`goods_name`,`goods_price`,`goods_promotion_price` FROM `33hao_vr_goods` WHERE `goods_id` IN ('16','14','15','13','9') ORDER BY FIELD(goods_id,16,14,15,13,9)  [ RunTime:0.0000s ]
INFO: [ app_end ] --START--
INFO: Run Behavior\ShowPageTraceBehavior [ RunTime:0.001000s ]
INFO: [ app_end ] --END-- [ RunTime:0.001000s ]

[ 2016-07-04T09:49:53+08:00 ] ::1 /mxsh/index.php/Home/Index/addrajax.html?page=1&id=16
INFO: [ app_begin ] --START--
INFO: Run Behavior\ReadHtmlCacheBehavior [ RunTime:0.001000s ]
INFO: [ app_begin ] --END-- [ RunTime:0.001000s ]
SQL: SHOW COLUMNS FROM `33hao_vr_goods_address` [ RunTime:0.0030s ]
SQL: SELECT * FROM `33hao_vr_goods_address` WHERE `goods_commonid` = '16' LIMIT 0,3   [ RunTime:0.0010s ]
INFO: [ app_end ] --START--
INFO: Run Behavior\ShowPageTraceBehavior [ RunTime:0.001000s ]
INFO: [ app_end ] --END-- [ RunTime:0.001000s ]

[ 2016-07-04T09:50:03+08:00 ] ::1 /mxsh/index.php/Home/Index/displayHistory/id/16.html
INFO: [ app_begin ] --START--
INFO: Run Behavior\ReadHtmlCacheBehavior [ RunTime:0.000000s ]
INFO: [ app_begin ] --END-- [ RunTime:0.002000s ]
SQL: SHOW COLUMNS FROM `33hao_vr_goods` [ RunTime:0.0030s ]
SQL: SELECT `goods_id`,`goods_name`,`goods_price`,`goods_promotion_price` FROM `33hao_vr_goods` WHERE `goods_id` IN ('16','14','15','13','9') ORDER BY FIELD(goods_id,16,14,15,13,9)  [ RunTime:0.0000s ]
INFO: [ app_end ] --START--
INFO: Run Behavior\ShowPageTraceBehavior [ RunTime:0.001000s ]
INFO: [ app_end ] --END-- [ RunTime:0.001000s ]

[ 2016-07-04T09:50:03+08:00 ] ::1 /mxsh/index.php/Home/Index/addrajax.html?page=1&id=16
INFO: [ app_begin ] --START--
INFO: Run Behavior\ReadHtmlCacheBehavior [ RunTime:0.000000s ]
INFO: [ app_begin ] --END-- [ RunTime:0.001000s ]
SQL: SHOW COLUMNS FROM `33hao_vr_goods_address` [ RunTime:0.0060s ]
SQL: SELECT * FROM `33hao_vr_goods_address` WHERE `goods_commonid` = '16' LIMIT 0,3   [ RunTime:0.0000s ]
INFO: [ app_end ] --START--
INFO: Run Behavior\ShowPageTraceBehavior [ RunTime:0.001000s ]
INFO: [ app_end ] --END-- [ RunTime:0.001000s ]

[ 2016-07-04T09:50:05+08:00 ] ::1 /mxsh/index.php/Home/Index/addrajax.html?page=2&id=16
INFO: [ app_begin ] --START--
INFO: Run Behavior\ReadHtmlCacheBehavior [ RunTime:0.001000s ]
INFO: [ app_begin ] --END-- [ RunTime:0.001000s ]
SQL: SHOW COLUMNS FROM `33hao_vr_goods_address` [ RunTime:0.0020s ]
SQL: SELECT * FROM `33hao_vr_goods_address` WHERE `goods_commonid` = '16' LIMIT 3,3   [ RunTime:0.0000s ]
INFO: [ app_end ] --START--
INFO: Run Behavior\ShowPageTraceBehavior [ RunTime:0.001000s ]
INFO: [ app_end ] --END-- [ RunTime:0.001000s ]

[ 2016-07-04T09:50:06+08:00 ] ::1 /mxsh/index.php/Home/Index/addrajax.html?page=1&id=16
INFO: [ app_begin ] --START--
INFO: Run Behavior\ReadHtmlCacheBehavior [ RunTime:0.001000s ]
INFO: [ app_begin ] --END-- [ RunTime:0.001000s ]
SQL: SHOW COLUMNS FROM `33hao_vr_goods_address` [ RunTime:0.0030s ]
SQL: SELECT * FROM `33hao_vr_goods_address` WHERE `goods_commonid` = '16' LIMIT 0,3   [ RunTime:0.0010s ]
INFO: [ app_end ] --START--
INFO: Run Behavior\ShowPageTraceBehavior [ RunTime:0.001000s ]
INFO: [ app_end ] --END-- [ RunTime:0.001000s ]

[ 2016-07-04T09:50:10+08:00 ] ::1 /mxsh/index.php/Home/Index/displayHistory/id/16.html
INFO: [ app_begin ] --START--
INFO: Run Behavior\ReadHtmlCacheBehavior [ RunTime:0.001000s ]
INFO: [ app_begin ] --END-- [ RunTime:0.001000s ]
SQL: SHOW COLUMNS FROM `33hao_vr_goods` [ RunTime:0.0020s ]
SQL: SELECT `goods_id`,`goods_name`,`goods_price`,`goods_promotion_price` FROM `33hao_vr_goods` WHERE `goods_id` IN ('16','14','15','13','9') ORDER BY FIELD(goods_id,16,14,15,13,9)  [ RunTime:0.0000s ]
INFO: [ app_end ] --START--
INFO: Run Behavior\ShowPageTraceBehavior [ RunTime:0.001000s ]
INFO: [ app_end ] --END-- [ RunTime:0.001000s ]

[ 2016-07-04T09:50:10+08:00 ] ::1 /mxsh/index.php/Home/Index/addrajax.html?page=1&id=16
INFO: [ app_begin ] --START--
INFO: Run Behavior\ReadHtmlCacheBehavior [ RunTime:0.001000s ]
INFO: [ app_begin ] --END-- [ RunTime:0.002000s ]
SQL: SHOW COLUMNS FROM `33hao_vr_goods_address` [ RunTime:0.0020s ]
SQL: SELECT * FROM `33hao_vr_goods_address` WHERE `goods_commonid` = '16' LIMIT 0,3   [ RunTime:0.0000s ]
INFO: [ app_end ] --START--
INFO: Run Behavior\ShowPageTraceBehavior [ RunTime:0.001000s ]
INFO: [ app_end ] --END-- [ RunTime:0.002000s ]

[ 2016-07-04T09:57:30+08:00 ] ::1 /mxsh/index.php/Home/Index/displayHistory/id/16.html
INFO: [ app_begin ] --START--
INFO: Run Behavior\ReadHtmlCacheBehavior [ RunTime:0.001000s ]
INFO: [ app_begin ] --END-- [ RunTime:0.002000s ]
SQL: SHOW COLUMNS FROM `33hao_vr_goods` [ RunTime:0.0030s ]
SQL: SELECT `goods_id`,`goods_name`,`goods_price`,`goods_promotion_price` FROM `33hao_vr_goods` WHERE `goods_id` IN ('16','14','15','13','9') ORDER BY FIELD(goods_id,16,14,15,13,9)  [ RunTime:0.0010s ]
INFO: [ app_end ] --START--
INFO: Run Behavior\ShowPageTraceBehavior [ RunTime:0.001000s ]
INFO: [ app_end ] --END-- [ RunTime:0.001000s ]

[ 2016-07-04T09:57:30+08:00 ] ::1 /mxsh/index.php/Home/Index/addrajax.html?page=1&id=16
INFO: [ app_begin ] --START--
INFO: Run Behavior\ReadHtmlCacheBehavior [ RunTime:0.000000s ]
INFO: [ app_begin ] --END-- [ RunTime:0.002000s ]
SQL: SHOW COLUMNS FROM `33hao_vr_goods_address` [ RunTime:0.0030s ]
SQL: SELECT * FROM `33hao_vr_goods_address` WHERE `goods_commonid` = '16' LIMIT 0,3   [ RunTime:0.0010s ]
INFO: [ app_end ] --START--
INFO: Run Behavior\ShowPageTraceBehavior [ RunTime:0.000000s ]
INFO: [ app_end ] --END-- [ RunTime:0.000000s ]

[ 2016-07-04T10:04:01+08:00 ] ::1 /mxsh/index.php/Home/Index/displayHistory/id/16.html
INFO: [ app_begin ] --START--
INFO: Run Behavior\ReadHtmlCacheBehavior [ RunTime:0.001000s ]
INFO: [ app_begin ] --END-- [ RunTime:0.001000s ]
SQL: SHOW COLUMNS FROM `33hao_vr_goods` [ RunTime:0.0030s ]
SQL: SELECT `goods_id`,`goods_name`,`goods_price`,`goods_promotion_price` FROM `33hao_vr_goods` WHERE `goods_id` IN ('16','14','15','13','9') ORDER BY FIELD(goods_id,16,14,15,13,9)  [ RunTime:0.0010s ]
INFO: [ app_end ] --START--
INFO: Run Behavior\ShowPageTraceBehavior [ RunTime:0.000000s ]
INFO: [ app_end ] --END-- [ RunTime:0.000000s ]

[ 2016-07-04T10:04:01+08:00 ] ::1 /mxsh/index.php/Home/Index/addrajax.html?page=1&id=16
INFO: [ app_begin ] --START--
INFO: Run Behavior\ReadHtmlCacheBehavior [ RunTime:0.001000s ]
INFO: [ app_begin ] --END-- [ RunTime:0.001000s ]
SQL: SHOW COLUMNS FROM `33hao_vr_goods_address` [ RunTime:0.0040s ]
SQL: SELECT * FROM `33hao_vr_goods_address` WHERE `goods_commonid` = '16' LIMIT 0,3   [ RunTime:0.0010s ]
INFO: [ app_end ] --START--
INFO: Run Behavior\ShowPageTraceBehavior [ RunTime:0.000000s ]
INFO: [ app_end ] --END-- [ RunTime:0.001000s ]

[ 2016-07-04T10:06:43+08:00 ] ::1 /mxsh/index.php/Home/Index/addrajax.html?page=1&id=16
INFO: [ app_begin ] --START--
INFO: Run Behavior\ReadHtmlCacheBehavior [ RunTime:0.001000s ]
INFO: [ app_begin ] --END-- [ RunTime:0.001000s ]
SQL: SHOW COLUMNS FROM `33hao_vr_goods_address` [ RunTime:0.0030s ]
SQL: SELECT * FROM `33hao_vr_goods_address` WHERE `goods_commonid` = '16' LIMIT 0,3   [ RunTime:0.0000s ]
INFO: [ app_end ] --START--
INFO: Run Behavior\ShowPageTraceBehavior [ RunTime:0.001000s ]
INFO: [ app_end ] --END-- [ RunTime:0.001000s ]

[ 2016-07-04T10:06:43+08:00 ] ::1 /mxsh/index.php/Home/Index/displayHistory/id/16.html
INFO: [ app_begin ] --START--
INFO: Run Behavior\ReadHtmlCacheBehavior [ RunTime:0.000000s ]
INFO: [ app_begin ] --END-- [ RunTime:0.001000s ]
SQL: SHOW COLUMNS FROM `33hao_vr_goods` [ RunTime:0.0060s ]
SQL: SELECT `goods_id`,`goods_name`,`goods_price`,`goods_promotion_price` FROM `33hao_vr_goods` WHERE `goods_id` IN ('16','14','15','13','9') ORDER BY FIELD(goods_id,16,14,15,13,9)  [ RunTime:0.0010s ]
INFO: [ app_end ] --START--
INFO: Run Behavior\ShowPageTraceBehavior [ RunTime:0.000000s ]
INFO: [ app_end ] --END-- [ RunTime:0.000000s ]

[ 2016-07-04T10:06:43+08:00 ] ::1 /mxsh/index.php/Home/Index/evaajax.html?page=1&id=16
INFO: [ app_begin ] --START--
INFO: Run Behavior\ReadHtmlCacheBehavior [ RunTime:0.000000s ]
INFO: [ app_begin ] --END-- [ RunTime:0.001000s ]
SQL: SHOW COLUMNS FROM `33hao_evaluate_goods` [ RunTime:0.0050s ]
SQL: SELECT * FROM `33hao_evaluate_goods` WHERE `geval_goodsid` = '16' LIMIT 0,3   [ RunTime:0.0000s ]
INFO: [ app_end ] --START--
INFO: Run Behavior\ShowPageTraceBehavior [ RunTime:0.000000s ]
INFO: [ app_end ] --END-- [ RunTime:0.000000s ]

[ 2016-07-04T10:08:25+08:00 ] ::1 /mxsh/index.php/Home/Index/addrajax.html?page=1&id=16
INFO: [ app_begin ] --START--
INFO: Run Behavior\ReadHtmlCacheBehavior [ RunTime:0.001000s ]
INFO: [ app_begin ] --END-- [ RunTime:0.001000s ]
SQL: SHOW COLUMNS FROM `33hao_vr_goods_address` [ RunTime:0.0030s ]
SQL: SELECT * FROM `33hao_vr_goods_address` WHERE `goods_commonid` = '16' LIMIT 0,3   [ RunTime:0.0010s ]
INFO: [ app_end ] --START--
INFO: Run Behavior\ShowPageTraceBehavior [ RunTime:0.001000s ]
INFO: [ app_end ] --END-- [ RunTime:0.001000s ]

[ 2016-07-04T10:08:25+08:00 ] ::1 /mxsh/index.php/Home/Index/displayHistory/id/16.html
INFO: [ app_begin ] --START--
INFO: Run Behavior\ReadHtmlCacheBehavior [ RunTime:0.001000s ]
INFO: [ app_begin ] --END-- [ RunTime:0.002000s ]
SQL: SHOW COLUMNS FROM `33hao_vr_goods` [ RunTime:0.0030s ]
SQL: SELECT `goods_id`,`goods_name`,`goods_price`,`goods_promotion_price` FROM `33hao_vr_goods` WHERE `goods_id` IN ('16','14','15','13','9') ORDER BY FIELD(goods_id,16,14,15,13,9)  [ RunTime:0.0010s ]
INFO: [ app_end ] --START--
INFO: Run Behavior\ShowPageTraceBehavior [ RunTime:0.001000s ]
INFO: [ app_end ] --END-- [ RunTime:0.001000s ]

[ 2016-07-04T10:08:25+08:00 ] ::1 /mxsh/index.php/Home/Index/evaajax.html?page=1&id=16
INFO: [ app_begin ] --START--
INFO: Run Behavior\ReadHtmlCacheBehavior [ RunTime:0.001000s ]
INFO: [ app_begin ] --END-- [ RunTime:0.001000s ]
SQL: SHOW COLUMNS FROM `33hao_evaluate_goods` [ RunTime:0.0040s ]
SQL: SELECT * FROM `33hao_evaluate_goods` WHERE `geval_goodsid` = '16' LIMIT 0,3   [ RunTime:0.0010s ]
INFO: [ app_end ] --START--
INFO: Run Behavior\ShowPageTraceBehavior [ RunTime:0.000000s ]
INFO: [ app_end ] --END-- [ RunTime:0.001000s ]

[ 2016-07-04T10:08:27+08:00 ] ::1 /mxsh/index.php/Home/Index/displayHistory/id/16.html
INFO: [ app_begin ] --START--
INFO: Run Behavior\ReadHtmlCacheBehavior [ RunTime:0.000000s ]
INFO: [ app_begin ] --END-- [ RunTime:0.001000s ]
SQL: SHOW COLUMNS FROM `33hao_vr_goods` [ RunTime:0.0030s ]
SQL: SELECT `goods_id`,`goods_name`,`goods_price`,`goods_promotion_price` FROM `33hao_vr_goods` WHERE `goods_id` IN ('16','14','15','13','9') ORDER BY FIELD(goods_id,16,14,15,13,9)  [ RunTime:0.0020s ]
INFO: [ app_end ] --START--
INFO: Run Behavior\ShowPageTraceBehavior [ RunTime:0.001000s ]
INFO: [ app_end ] --END-- [ RunTime:0.001000s ]

[ 2016-07-04T10:08:27+08:00 ] ::1 /mxsh/index.php/Home/Index/evaajax.html?page=1&id=16
INFO: [ app_begin ] --START--
INFO: Run Behavior\ReadHtmlCacheBehavior [ RunTime:0.001000s ]
INFO: [ app_begin ] --END-- [ RunTime:0.001000s ]
SQL: SHOW COLUMNS FROM `33hao_evaluate_goods` [ RunTime:0.0040s ]
SQL: SELECT * FROM `33hao_evaluate_goods` WHERE `geval_goodsid` = '16' LIMIT 0,3   [ RunTime:0.0000s ]
INFO: [ app_end ] --START--
INFO: Run Behavior\ShowPageTraceBehavior [ RunTime:0.001000s ]
INFO: [ app_end ] --END-- [ RunTime:0.001000s ]

[ 2016-07-04T10:08:27+08:00 ] ::1 /mxsh/index.php/Home/Index/addrajax.html?page=1&id=16
INFO: [ app_begin ] --START--
INFO: Run Behavior\ReadHtmlCacheBehavior [ RunTime:0.000000s ]
INFO: [ app_begin ] --END-- [ RunTime:0.002000s ]
SQL: SHOW COLUMNS FROM `33hao_vr_goods_address` [ RunTime:0.0030s ]
SQL: SELECT * FROM `33hao_vr_goods_address` WHERE `goods_commonid` = '16' LIMIT 0,3   [ RunTime:0.0010s ]
INFO: [ app_end ] --START--
INFO: Run Behavior\ShowPageTraceBehavior [ RunTime:0.001000s ]
INFO: [ app_end ] --END-- [ RunTime:0.001000s ]

[ 2016-07-04T10:09:44+08:00 ] ::1 /mxsh/index.php/Home/Index/evaajax.html?page=1&id=16
INFO: [ app_begin ] --START--
INFO: Run Behavior\ReadHtmlCacheBehavior [ RunTime:0.000000s ]
INFO: [ app_begin ] --END-- [ RunTime:0.001000s ]
SQL: SHOW COLUMNS FROM `33hao_evaluate_goods` [ RunTime:0.0030s ]
SQL: SELECT * FROM `33hao_evaluate_goods` WHERE `geval_goodsid` = '16' LIMIT 0,3   [ RunTime:0.0000s ]
INFO: [ app_end ] --START--
INFO: Run Behavior\ShowPageTraceBehavior [ RunTime:0.001000s ]
INFO: [ app_end ] --END-- [ RunTime:0.001000s ]

[ 2016-07-04T10:09:44+08:00 ] ::1 /mxsh/index.php/Home/Index/addrajax.html?page=1&id=16
INFO: [ app_begin ] --START--
INFO: Run Behavior\ReadHtmlCacheBehavior [ RunTime:0.001000s ]
INFO: [ app_begin ] --END-- [ RunTime:0.001000s ]
SQL: SHOW COLUMNS FROM `33hao_vr_goods_address` [ RunTime:0.0030s ]
SQL: SELECT * FROM `33hao_vr_goods_address` WHERE `goods_commonid` = '16' LIMIT 0,3   [ RunTime:0.0010s ]
INFO: [ app_end ] --START--
INFO: Run Behavior\ShowPageTraceBehavior [ RunTime:0.001000s ]
INFO: [ app_end ] --END-- [ RunTime:0.001000s ]

[ 2016-07-04T10:09:44+08:00 ] ::1 /mxsh/index.php/Home/Index/displayHistory/id/16.html
INFO: [ app_begin ] --START--
INFO: Run Behavior\ReadHtmlCacheBehavior [ RunTime:0.000000s ]
INFO: [ app_begin ] --END-- [ RunTime:0.001000s ]
SQL: SHOW COLUMNS FROM `33hao_vr_goods` [ RunTime:0.0050s ]
SQL: SELECT `goods_id`,`goods_name`,`goods_price`,`goods_promotion_price` FROM `33hao_vr_goods` WHERE `goods_id` IN ('16','14','15','13','9') ORDER BY FIELD(goods_id,16,14,15,13,9)  [ RunTime:0.0000s ]
INFO: [ app_end ] --START--
INFO: Run Behavior\ShowPageTraceBehavior [ RunTime:0.001000s ]
INFO: [ app_end ] --END-- [ RunTime:0.004000s ]

[ 2016-07-04T10:09:46+08:00 ] ::1 /mxsh/index.php/Home/Index/evaajax.html?page=2&id=16
INFO: [ app_begin ] --START--
INFO: Run Behavior\ReadHtmlCacheBehavior [ RunTime:0.001000s ]
INFO: [ app_begin ] --END-- [ RunTime:0.001000s ]
SQL: SHOW COLUMNS FROM `33hao_evaluate_goods` [ RunTime:0.0040s ]
SQL: SELECT * FROM `33hao_evaluate_goods` WHERE `geval_goodsid` = '16' LIMIT 3,3   [ RunTime:0.0010s ]
INFO: [ app_end ] --START--
INFO: Run Behavior\ShowPageTraceBehavior [ RunTime:0.004000s ]
INFO: [ app_end ] --END-- [ RunTime:0.004000s ]

[ 2016-07-04T10:09:48+08:00 ] ::1 /mxsh/index.php/Home/Index/evaajax.html?page=1&id=16
INFO: [ app_begin ] --START--
INFO: Run Behavior\ReadHtmlCacheBehavior [ RunTime:0.000000s ]
INFO: [ app_begin ] --END-- [ RunTime:0.001000s ]
SQL: SHOW COLUMNS FROM `33hao_evaluate_goods` [ RunTime:0.0030s ]
SQL: SELECT * FROM `33hao_evaluate_goods` WHERE `geval_goodsid` = '16' LIMIT 0,3   [ RunTime:0.0020s ]
INFO: [ app_end ] --START--
INFO: Run Behavior\ShowPageTraceBehavior [ RunTime:0.002000s ]
INFO: [ app_end ] --END-- [ RunTime:0.002000s ]

[ 2016-07-04T10:09:50+08:00 ] ::1 /mxsh/index.php/Home/Index/evaajax.html?page=1&id=16
INFO: [ app_begin ] --START--
INFO: Run Behavior\ReadHtmlCacheBehavior [ RunTime:0.001000s ]
INFO: [ app_begin ] --END-- [ RunTime:0.001000s ]
SQL: SHOW COLUMNS FROM `33hao_evaluate_goods` [ RunTime:0.0030s ]
SQL: SELECT * FROM `33hao_evaluate_goods` WHERE `geval_goodsid` = '16' LIMIT 0,3   [ RunTime:0.0000s ]
INFO: [ app_end ] --START--
INFO: Run Behavior\ShowPageTraceBehavior [ RunTime:0.001000s ]
INFO: [ app_end ] --END-- [ RunTime:0.001000s ]

[ 2016-07-04T10:09:52+08:00 ] ::1 /mxsh/index.php/Home/Index/evaajax.html?page=2&id=16
INFO: [ app_begin ] --START--
INFO: Run Behavior\ReadHtmlCacheBehavior [ RunTime:0.000000s ]
INFO: [ app_begin ] --END-- [ RunTime:0.001000s ]
SQL: SHOW COLUMNS FROM `33hao_evaluate_goods` [ RunTime:0.0050s ]
SQL: SELECT * FROM `33hao_evaluate_goods` WHERE `geval_goodsid` = '16' LIMIT 3,3   [ RunTime:0.0010s ]
INFO: [ app_end ] --START--
INFO: Run Behavior\ShowPageTraceBehavior [ RunTime:0.001000s ]
INFO: [ app_end ] --END-- [ RunTime:0.001000s ]

[ 2016-07-04T10:09:54+08:00 ] ::1 /mxsh/index.php/Home/Index/evaajax.html?page=1&id=16
INFO: [ app_begin ] --START--
INFO: Run Behavior\ReadHtmlCacheBehavior [ RunTime:0.001000s ]
INFO: [ app_begin ] --END-- [ RunTime:0.001000s ]
SQL: SHOW COLUMNS FROM `33hao_evaluate_goods` [ RunTime:0.0040s ]
SQL: SELECT * FROM `33hao_evaluate_goods` WHERE `geval_goodsid` = '16' LIMIT 0,3   [ RunTime:0.0000s ]
INFO: [ app_end ] --START--
INFO: Run Behavior\ShowPageTraceBehavior [ RunTime:0.000000s ]
INFO: [ app_end ] --END-- [ RunTime:0.001000s ]

