[ 2016-07-09T15:28:18+08:00 ] ::1 /mxsh/index.php/Home/Index/displayHistory/id/9.html
INFO: [ app_begin ] --START--
INFO: Run Behavior\ReadHtmlCacheBehavior [ RunTime:0.000000s ]
INFO: [ app_begin ] --END-- [ RunTime:0.001000s ]
SQL: SHOW COLUMNS FROM `33hao_goods_class` [ RunTime:0.0030s ]
SQL: SHOW COLUMNS FROM `33hao_vr_goods` [ RunTime:0.0040s ]
SQL: SELECT `goods_id`,`goods_name`,`goods_price`,`goods_promotion_price` FROM `33hao_vr_goods` WHERE `goods_id` IN ('9') ORDER BY FIELD(goods_id,9)  [ RunTime:0.0010s ]
INFO: [ app_end ] --START--
INFO: Run Behavior\ShowPageTraceBehavior [ RunTime:0.003000s ]
INFO: [ app_end ] --END-- [ RunTime:0.003000s ]

[ 2016-07-09T15:28:18+08:00 ] ::1 /mxsh/index.php/Home/Index/addrajax.html?page=1&id=9
INFO: [ app_begin ] --START--
INFO: Run Behavior\ReadHtmlCacheBehavior [ RunTime:0.001000s ]
INFO: [ app_begin ] --END-- [ RunTime:0.001000s ]
SQL: SHOW COLUMNS FROM `33hao_goods_class` [ RunTime:0.0030s ]
SQL: SHOW COLUMNS FROM `33hao_vr_goods_address` [ RunTime:0.0020s ]
SQL: SELECT * FROM `33hao_vr_goods_address` WHERE `goods_commonid` = '9' LIMIT 0,3   [ RunTime:0.0000s ]
INFO: [ app_end ] --START--
INFO: Run Behavior\ShowPageTraceBehavior [ RunTime:0.000000s ]
INFO: [ app_end ] --END-- [ RunTime:0.001000s ]

[ 2016-07-09T15:28:28+08:00 ] ::1 /mxsh/index.php/Home/Index/displayHistory/id/16.html
INFO: [ app_begin ] --START--
INFO: Run Behavior\ReadHtmlCacheBehavior [ RunTime:0.000000s ]
INFO: [ app_begin ] --END-- [ RunTime:0.002000s ]
SQL: SHOW COLUMNS FROM `33hao_goods_class` [ RunTime:0.0070s ]
SQL: SHOW COLUMNS FROM `33hao_vr_goods` [ RunTime:0.0040s ]
SQL: SELECT `goods_id`,`goods_name`,`goods_price`,`goods_promotion_price` FROM `33hao_vr_goods` WHERE `goods_id` IN ('16','9') ORDER BY FIELD(goods_id,16,9)  [ RunTime:0.0010s ]
INFO: [ app_end ] --START--
INFO: Run Behavior\ShowPageTraceBehavior [ RunTime:0.001000s ]
INFO: [ app_end ] --END-- [ RunTime:0.001000s ]

[ 2016-07-09T15:28:28+08:00 ] ::1 /mxsh/index.php/Home/Index/evaajax.html?page=1&id=16&de=default
INFO: [ app_begin ] --START--
INFO: Run Behavior\ReadHtmlCacheBehavior [ RunTime:0.001000s ]
INFO: [ app_begin ] --END-- [ RunTime:0.001000s ]
SQL: SHOW COLUMNS FROM `33hao_goods_class` [ RunTime:0.0060s ]
SQL: SHOW COLUMNS FROM `33hao_evaluate_goods` [ RunTime:0.0030s ]
SQL: SELECT * FROM `33hao_evaluate_goods` WHERE `geval_goodsid` = '16' ORDER BY geval_scores desc LIMIT 0,3   [ RunTime:0.0010s ]
INFO: [ app_end ] --START--
INFO: Run Behavior\ShowPageTraceBehavior [ RunTime:0.001000s ]
INFO: [ app_end ] --END-- [ RunTime:0.001000s ]

[ 2016-07-09T15:28:28+08:00 ] ::1 /mxsh/index.php/Home/Index/addrajax.html?page=1&id=16
INFO: [ app_begin ] --START--
INFO: Run Behavior\ReadHtmlCacheBehavior [ RunTime:0.001000s ]
INFO: [ app_begin ] --END-- [ RunTime:0.001000s ]
SQL: SHOW COLUMNS FROM `33hao_goods_class` [ RunTime:0.0030s ]
SQL: SHOW COLUMNS FROM `33hao_vr_goods_address` [ RunTime:0.0030s ]
SQL: SELECT * FROM `33hao_vr_goods_address` WHERE `goods_commonid` = '16' LIMIT 0,3   [ RunTime:0.0010s ]
INFO: [ app_end ] --START--
INFO: Run Behavior\ShowPageTraceBehavior [ RunTime:0.000000s ]
INFO: [ app_end ] --END-- [ RunTime:0.000000s ]

[ 2016-07-09T15:28:32+08:00 ] ::1 /mxsh/index.php/Home/Index/evaajax.html?page=2&id=16&de=default
INFO: [ app_begin ] --START--
INFO: Run Behavior\ReadHtmlCacheBehavior [ RunTime:0.001000s ]
INFO: [ app_begin ] --END-- [ RunTime:0.003000s ]
SQL: SHOW COLUMNS FROM `33hao_goods_class` [ RunTime:0.0050s ]
SQL: SHOW COLUMNS FROM `33hao_evaluate_goods` [ RunTime:0.0080s ]
SQL: SELECT * FROM `33hao_evaluate_goods` WHERE `geval_goodsid` = '16' ORDER BY geval_scores desc LIMIT 3,3   [ RunTime:0.0020s ]
INFO: [ app_end ] --START--
INFO: Run Behavior\ShowPageTraceBehavior [ RunTime:0.001000s ]
INFO: [ app_end ] --END-- [ RunTime:0.001000s ]

[ 2016-07-09T15:28:34+08:00 ] ::1 /mxsh/index.php/Home/Index/evaajax.html?page=1&id=16&de=default
INFO: [ app_begin ] --START--
INFO: Run Behavior\ReadHtmlCacheBehavior [ RunTime:0.001000s ]
INFO: [ app_begin ] --END-- [ RunTime:0.002000s ]
SQL: SHOW COLUMNS FROM `33hao_goods_class` [ RunTime:0.0040s ]
SQL: SHOW COLUMNS FROM `33hao_evaluate_goods` [ RunTime:0.0030s ]
SQL: SELECT * FROM `33hao_evaluate_goods` WHERE `geval_goodsid` = '16' ORDER BY geval_scores desc LIMIT 0,3   [ RunTime:0.0010s ]
INFO: [ app_end ] --START--
INFO: Run Behavior\ShowPageTraceBehavior [ RunTime:0.001000s ]
INFO: [ app_end ] --END-- [ RunTime:0.001000s ]

[ 2016-07-09T15:28:36+08:00 ] ::1 /mxsh/index.php/Home/Index/evaajax.html?page=2&id=16&de=default
INFO: [ app_begin ] --START--
INFO: Run Behavior\ReadHtmlCacheBehavior [ RunTime:0.001000s ]
INFO: [ app_begin ] --END-- [ RunTime:0.001000s ]
SQL: SHOW COLUMNS FROM `33hao_goods_class` [ RunTime:0.0070s ]
SQL: SHOW COLUMNS FROM `33hao_evaluate_goods` [ RunTime:0.0050s ]
SQL: SELECT * FROM `33hao_evaluate_goods` WHERE `geval_goodsid` = '16' ORDER BY geval_scores desc LIMIT 3,3   [ RunTime:0.0010s ]
INFO: [ app_end ] --START--
INFO: Run Behavior\ShowPageTraceBehavior [ RunTime:0.001000s ]
INFO: [ app_end ] --END-- [ RunTime:0.002000s ]

[ 2016-07-09T15:28:37+08:00 ] ::1 /mxsh/index.php/Home/Index/evaajax.html?page=1&id=16&de=default
INFO: [ app_begin ] --START--
INFO: Run Behavior\ReadHtmlCacheBehavior [ RunTime:0.001000s ]
INFO: [ app_begin ] --END-- [ RunTime:0.002000s ]
SQL: SHOW COLUMNS FROM `33hao_goods_class` [ RunTime:0.0040s ]
SQL: SHOW COLUMNS FROM `33hao_evaluate_goods` [ RunTime:0.0040s ]
SQL: SELECT * FROM `33hao_evaluate_goods` WHERE `geval_goodsid` = '16' ORDER BY geval_scores desc LIMIT 0,3   [ RunTime:0.0000s ]
INFO: [ app_end ] --START--
INFO: Run Behavior\ShowPageTraceBehavior [ RunTime:0.001000s ]
INFO: [ app_end ] --END-- [ RunTime:0.001000s ]

[ 2016-07-09T15:28:39+08:00 ] ::1 /mxsh/index.php/Home/Index/evaajax.html?page=2&id=16&de=default
INFO: [ app_begin ] --START--
INFO: Run Behavior\ReadHtmlCacheBehavior [ RunTime:0.003000s ]
INFO: [ app_begin ] --END-- [ RunTime:0.005000s ]
SQL: SHOW COLUMNS FROM `33hao_goods_class` [ RunTime:0.0030s ]
SQL: SHOW COLUMNS FROM `33hao_evaluate_goods` [ RunTime:0.0030s ]
SQL: SELECT * FROM `33hao_evaluate_goods` WHERE `geval_goodsid` = '16' ORDER BY geval_scores desc LIMIT 3,3   [ RunTime:0.0020s ]
INFO: [ app_end ] --START--
INFO: Run Behavior\ShowPageTraceBehavior [ RunTime:0.001000s ]
INFO: [ app_end ] --END-- [ RunTime:0.001000s ]

[ 2016-07-09T15:28:41+08:00 ] ::1 /mxsh/index.php/Home/Index/evaajax.html?page=1&id=16&de=default
INFO: [ app_begin ] --START--
INFO: Run Behavior\ReadHtmlCacheBehavior [ RunTime:0.002000s ]
INFO: [ app_begin ] --END-- [ RunTime:0.003000s ]
SQL: SHOW COLUMNS FROM `33hao_goods_class` [ RunTime:0.0040s ]
SQL: SHOW COLUMNS FROM `33hao_evaluate_goods` [ RunTime:0.0030s ]
SQL: SELECT * FROM `33hao_evaluate_goods` WHERE `geval_goodsid` = '16' ORDER BY geval_scores desc LIMIT 0,3   [ RunTime:0.0000s ]
INFO: [ app_end ] --START--
INFO: Run Behavior\ShowPageTraceBehavior [ RunTime:0.001000s ]
INFO: [ app_end ] --END-- [ RunTime:0.001000s ]

[ 2016-07-09T15:28:45+08:00 ] ::1 /mxsh/index.php/Home/Index/evaajax.html?page=2&id=16&de=default
INFO: [ app_begin ] --START--
INFO: Run Behavior\ReadHtmlCacheBehavior [ RunTime:0.001000s ]
INFO: [ app_begin ] --END-- [ RunTime:0.002000s ]
SQL: SHOW COLUMNS FROM `33hao_goods_class` [ RunTime:0.0070s ]
SQL: SHOW COLUMNS FROM `33hao_evaluate_goods` [ RunTime:0.0040s ]
SQL: SELECT * FROM `33hao_evaluate_goods` WHERE `geval_goodsid` = '16' ORDER BY geval_scores desc LIMIT 3,3   [ RunTime:0.0010s ]
INFO: [ app_end ] --START--
INFO: Run Behavior\ShowPageTraceBehavior [ RunTime:0.002000s ]
INFO: [ app_end ] --END-- [ RunTime:0.003000s ]

[ 2016-07-09T15:28:46+08:00 ] ::1 /mxsh/index.php/Home/Index/evaajax.html?page=1&id=16&de=default
INFO: [ app_begin ] --START--
INFO: Run Behavior\ReadHtmlCacheBehavior [ RunTime:0.001000s ]
INFO: [ app_begin ] --END-- [ RunTime:0.001000s ]
SQL: SHOW COLUMNS FROM `33hao_goods_class` [ RunTime:0.0040s ]
SQL: SHOW COLUMNS FROM `33hao_evaluate_goods` [ RunTime:0.0030s ]
SQL: SELECT * FROM `33hao_evaluate_goods` WHERE `geval_goodsid` = '16' ORDER BY geval_scores desc LIMIT 0,3   [ RunTime:0.0000s ]
INFO: [ app_end ] --START--
INFO: Run Behavior\ShowPageTraceBehavior [ RunTime:0.001000s ]
INFO: [ app_end ] --END-- [ RunTime:0.001000s ]

[ 2016-07-09T15:30:40+08:00 ] ::1 /mxsh/index.php/Home/Index/addrajax.html?page=2&id=16
INFO: [ app_begin ] --START--
INFO: Run Behavior\ReadHtmlCacheBehavior [ RunTime:0.000000s ]
INFO: [ app_begin ] --END-- [ RunTime:0.002000s ]
SQL: SHOW COLUMNS FROM `33hao_goods_class` [ RunTime:0.0030s ]
SQL: SHOW COLUMNS FROM `33hao_vr_goods_address` [ RunTime:0.0030s ]
SQL: SELECT * FROM `33hao_vr_goods_address` WHERE `goods_commonid` = '16' LIMIT 3,3   [ RunTime:0.0000s ]
INFO: [ app_end ] --START--
INFO: Run Behavior\ShowPageTraceBehavior [ RunTime:0.001000s ]
INFO: [ app_end ] --END-- [ RunTime:0.001000s ]

[ 2016-07-09T15:30:42+08:00 ] ::1 /mxsh/index.php/Home/Index/addrajax.html?page=1&id=16
INFO: [ app_begin ] --START--
INFO: Run Behavior\ReadHtmlCacheBehavior [ RunTime:0.001000s ]
INFO: [ app_begin ] --END-- [ RunTime:0.001000s ]
SQL: SHOW COLUMNS FROM `33hao_goods_class` [ RunTime:0.0030s ]
SQL: SHOW COLUMNS FROM `33hao_vr_goods_address` [ RunTime:0.0030s ]
SQL: SELECT * FROM `33hao_vr_goods_address` WHERE `goods_commonid` = '16' LIMIT 0,3   [ RunTime:0.0000s ]
INFO: [ app_end ] --START--
INFO: Run Behavior\ShowPageTraceBehavior [ RunTime:0.000000s ]
INFO: [ app_end ] --END-- [ RunTime:0.001000s ]

[ 2016-07-09T15:30:42+08:00 ] ::1 /mxsh/index.php/Home/Index/addrajax.html?page=2&id=16
INFO: [ app_begin ] --START--
INFO: Run Behavior\ReadHtmlCacheBehavior [ RunTime:0.002000s ]
INFO: [ app_begin ] --END-- [ RunTime:0.003000s ]
SQL: SHOW COLUMNS FROM `33hao_goods_class` [ RunTime:0.0040s ]
SQL: SHOW COLUMNS FROM `33hao_vr_goods_address` [ RunTime:0.0040s ]
SQL: SELECT * FROM `33hao_vr_goods_address` WHERE `goods_commonid` = '16' LIMIT 3,3   [ RunTime:0.0000s ]
INFO: [ app_end ] --START--
INFO: Run Behavior\ShowPageTraceBehavior [ RunTime:0.001000s ]
INFO: [ app_end ] --END-- [ RunTime:0.001000s ]

[ 2016-07-09T15:30:44+08:00 ] ::1 /mxsh/index.php/Home/Index/displayHistory/id/16.html
INFO: [ app_begin ] --START--
INFO: Run Behavior\ReadHtmlCacheBehavior [ RunTime:0.000000s ]
INFO: [ app_begin ] --END-- [ RunTime:0.001000s ]
SQL: SHOW COLUMNS FROM `33hao_goods_class` [ RunTime:0.0030s ]
SQL: SHOW COLUMNS FROM `33hao_vr_goods` [ RunTime:0.0050s ]
SQL: SELECT `goods_id`,`goods_name`,`goods_price`,`goods_promotion_price` FROM `33hao_vr_goods` WHERE `goods_id` IN ('16','9') ORDER BY FIELD(goods_id,16,9)  [ RunTime:0.0010s ]
INFO: [ app_end ] --START--
INFO: Run Behavior\ShowPageTraceBehavior [ RunTime:0.001000s ]
INFO: [ app_end ] --END-- [ RunTime:0.001000s ]

[ 2016-07-09T15:30:44+08:00 ] ::1 /mxsh/index.php/Home/Index/evaajax.html?page=1&id=16&de=default
INFO: [ app_begin ] --START--
INFO: Run Behavior\ReadHtmlCacheBehavior [ RunTime:0.000000s ]
INFO: [ app_begin ] --END-- [ RunTime:0.002000s ]
SQL: SHOW COLUMNS FROM `33hao_goods_class` [ RunTime:0.0030s ]
SQL: SHOW COLUMNS FROM `33hao_evaluate_goods` [ RunTime:0.0030s ]
SQL: SELECT * FROM `33hao_evaluate_goods` WHERE `geval_goodsid` = '16' ORDER BY geval_scores desc LIMIT 0,3   [ RunTime:0.0010s ]
INFO: [ app_end ] --START--
INFO: Run Behavior\ShowPageTraceBehavior [ RunTime:0.002000s ]
INFO: [ app_end ] --END-- [ RunTime:0.002000s ]

[ 2016-07-09T15:30:44+08:00 ] ::1 /mxsh/index.php/Home/Index/addrajax.html?page=1&id=16
INFO: [ app_begin ] --START--
INFO: Run Behavior\ReadHtmlCacheBehavior [ RunTime:0.000000s ]
INFO: [ app_begin ] --END-- [ RunTime:0.001000s ]
SQL: SHOW COLUMNS FROM `33hao_goods_class` [ RunTime:0.0040s ]
SQL: SHOW COLUMNS FROM `33hao_vr_goods_address` [ RunTime:0.0030s ]
SQL: SELECT * FROM `33hao_vr_goods_address` WHERE `goods_commonid` = '16' LIMIT 0,3   [ RunTime:0.0030s ]
INFO: [ app_end ] --START--
INFO: Run Behavior\ShowPageTraceBehavior [ RunTime:0.001000s ]
INFO: [ app_end ] --END-- [ RunTime:0.001000s ]

[ 2016-07-09T15:31:24+08:00 ] ::1 /mxsh/index.php/Home/Index/evaajax.html?page=2&id=16&de=default
INFO: [ app_begin ] --START--
INFO: Run Behavior\ReadHtmlCacheBehavior [ RunTime:0.000000s ]
INFO: [ app_begin ] --END-- [ RunTime:0.001000s ]
SQL: SHOW COLUMNS FROM `33hao_goods_class` [ RunTime:0.0080s ]
SQL: SHOW COLUMNS FROM `33hao_evaluate_goods` [ RunTime:0.0030s ]
SQL: SELECT * FROM `33hao_evaluate_goods` WHERE `geval_goodsid` = '16' ORDER BY geval_scores desc LIMIT 3,3   [ RunTime:0.0000s ]
INFO: [ app_end ] --START--
INFO: Run Behavior\ShowPageTraceBehavior [ RunTime:0.001000s ]
INFO: [ app_end ] --END-- [ RunTime:0.001000s ]

[ 2016-07-09T15:31:26+08:00 ] ::1 /mxsh/index.php/Home/Index/evaajax.html?page=1&id=16&de=default
INFO: [ app_begin ] --START--
INFO: Run Behavior\ReadHtmlCacheBehavior [ RunTime:0.000000s ]
INFO: [ app_begin ] --END-- [ RunTime:0.001000s ]
SQL: SHOW COLUMNS FROM `33hao_goods_class` [ RunTime:0.0030s ]
SQL: SHOW COLUMNS FROM `33hao_evaluate_goods` [ RunTime:0.0030s ]
SQL: SELECT * FROM `33hao_evaluate_goods` WHERE `geval_goodsid` = '16' ORDER BY geval_scores desc LIMIT 0,3   [ RunTime:0.0000s ]
INFO: [ app_end ] --START--
INFO: Run Behavior\ShowPageTraceBehavior [ RunTime:0.000000s ]
INFO: [ app_end ] --END-- [ RunTime:0.000000s ]

[ 2016-07-09T15:31:50+08:00 ] ::1 /mxsh/index.php/Home/Index/evaajax.html?page=2&id=16&de=default
INFO: [ app_begin ] --START--
INFO: Run Behavior\ReadHtmlCacheBehavior [ RunTime:0.001000s ]
INFO: [ app_begin ] --END-- [ RunTime:0.001000s ]
SQL: SHOW COLUMNS FROM `33hao_goods_class` [ RunTime:0.0080s ]
SQL: SHOW COLUMNS FROM `33hao_evaluate_goods` [ RunTime:0.0040s ]
SQL: SELECT * FROM `33hao_evaluate_goods` WHERE `geval_goodsid` = '16' ORDER BY geval_scores desc LIMIT 3,3   [ RunTime:0.0000s ]
INFO: [ app_end ] --START--
INFO: Run Behavior\ShowPageTraceBehavior [ RunTime:0.002000s ]
INFO: [ app_end ] --END-- [ RunTime:0.003000s ]

[ 2016-07-09T15:33:40+08:00 ] ::1 /mxsh/index.php/Home/Index/evaajax.html?page=1&id=16&de=time
INFO: [ app_begin ] --START--
INFO: Run Behavior\ReadHtmlCacheBehavior [ RunTime:0.001000s ]
INFO: [ app_begin ] --END-- [ RunTime:0.001000s ]
SQL: SHOW COLUMNS FROM `33hao_goods_class` [ RunTime:0.0030s ]
SQL: SHOW COLUMNS FROM `33hao_evaluate_goods` [ RunTime:0.0030s ]
SQL: SELECT * FROM `33hao_evaluate_goods` WHERE `geval_goodsid` = '16' ORDER BY geval_addtime desc LIMIT 0,3   [ RunTime:0.0000s ]
INFO: [ app_end ] --START--
INFO: Run Behavior\ShowPageTraceBehavior [ RunTime:0.000000s ]
INFO: [ app_end ] --END-- [ RunTime:0.000000s ]

[ 2016-07-09T15:33:42+08:00 ] ::1 /mxsh/index.php/Home/Index/evaajax.html?page=1&id=16&de=default
INFO: [ app_begin ] --START--
INFO: Run Behavior\ReadHtmlCacheBehavior [ RunTime:0.001000s ]
INFO: [ app_begin ] --END-- [ RunTime:0.001000s ]
SQL: SHOW COLUMNS FROM `33hao_goods_class` [ RunTime:0.0030s ]
SQL: SHOW COLUMNS FROM `33hao_evaluate_goods` [ RunTime:0.0030s ]
SQL: SELECT * FROM `33hao_evaluate_goods` WHERE `geval_goodsid` = '16' ORDER BY geval_scores desc LIMIT 0,3   [ RunTime:0.0000s ]
INFO: [ app_end ] --START--
INFO: Run Behavior\ShowPageTraceBehavior [ RunTime:0.001000s ]
INFO: [ app_end ] --END-- [ RunTime:0.001000s ]

[ 2016-07-09T15:33:44+08:00 ] ::1 /mxsh/index.php/Home/Index/evaajax.html?page=1&id=16&de=time
INFO: [ app_begin ] --START--
INFO: Run Behavior\ReadHtmlCacheBehavior [ RunTime:0.001000s ]
INFO: [ app_begin ] --END-- [ RunTime:0.001000s ]
SQL: SHOW COLUMNS FROM `33hao_goods_class` [ RunTime:0.0040s ]
SQL: SHOW COLUMNS FROM `33hao_evaluate_goods` [ RunTime:0.0040s ]
SQL: SELECT * FROM `33hao_evaluate_goods` WHERE `geval_goodsid` = '16' ORDER BY geval_addtime desc LIMIT 0,3   [ RunTime:0.0010s ]
INFO: [ app_end ] --START--
INFO: Run Behavior\ShowPageTraceBehavior [ RunTime:0.001000s ]
INFO: [ app_end ] --END-- [ RunTime:0.001000s ]

[ 2016-07-09T15:33:48+08:00 ] ::1 /mxsh/index.php/Home/Index/evaajax.html?page=2&id=16&de=time
INFO: [ app_begin ] --START--
INFO: Run Behavior\ReadHtmlCacheBehavior [ RunTime:0.001000s ]
INFO: [ app_begin ] --END-- [ RunTime:0.002000s ]
SQL: SHOW COLUMNS FROM `33hao_goods_class` [ RunTime:0.0030s ]
SQL: SHOW COLUMNS FROM `33hao_evaluate_goods` [ RunTime:0.0030s ]
SQL: SELECT * FROM `33hao_evaluate_goods` WHERE `geval_goodsid` = '16' ORDER BY geval_addtime desc LIMIT 3,3   [ RunTime:0.0010s ]
INFO: [ app_end ] --START--
INFO: Run Behavior\ShowPageTraceBehavior [ RunTime:0.002000s ]
INFO: [ app_end ] --END-- [ RunTime:0.002000s ]

[ 2016-07-09T15:34:55+08:00 ] ::1 /mxsh/index.php/Home/Index/addrajax.html?page=2&id=16
INFO: [ app_begin ] --START--
INFO: Run Behavior\ReadHtmlCacheBehavior [ RunTime:0.001000s ]
INFO: [ app_begin ] --END-- [ RunTime:0.002000s ]
SQL: SHOW COLUMNS FROM `33hao_goods_class` [ RunTime:0.0040s ]
SQL: SHOW COLUMNS FROM `33hao_vr_goods_address` [ RunTime:0.0030s ]
SQL: SELECT * FROM `33hao_vr_goods_address` WHERE `goods_commonid` = '16' LIMIT 3,3   [ RunTime:0.0010s ]
INFO: [ app_end ] --START--
INFO: Run Behavior\ShowPageTraceBehavior [ RunTime:0.001000s ]
INFO: [ app_end ] --END-- [ RunTime:0.001000s ]

[ 2016-07-09T15:35:00+08:00 ] ::1 /mxsh/index.php/Home/Index/displayHistory/id/16.html
INFO: [ app_begin ] --START--
INFO: Run Behavior\ReadHtmlCacheBehavior [ RunTime:0.000000s ]
INFO: [ app_begin ] --END-- [ RunTime:0.002000s ]
SQL: SHOW COLUMNS FROM `33hao_goods_class` [ RunTime:0.0030s ]
SQL: SHOW COLUMNS FROM `33hao_vr_goods` [ RunTime:0.0090s ]
SQL: SELECT `goods_id`,`goods_name`,`goods_price`,`goods_promotion_price` FROM `33hao_vr_goods` WHERE `goods_id` IN ('16','9') ORDER BY FIELD(goods_id,16,9)  [ RunTime:0.0000s ]
INFO: [ app_end ] --START--
INFO: Run Behavior\ShowPageTraceBehavior [ RunTime:0.000000s ]
INFO: [ app_end ] --END-- [ RunTime:0.000000s ]

[ 2016-07-09T15:35:00+08:00 ] ::1 /mxsh/index.php/Home/Index/evaajax.html?page=1&id=16&de=default
INFO: [ app_begin ] --START--
INFO: Run Behavior\ReadHtmlCacheBehavior [ RunTime:0.002000s ]
INFO: [ app_begin ] --END-- [ RunTime:0.002000s ]
SQL: SHOW COLUMNS FROM `33hao_goods_class` [ RunTime:0.0050s ]
SQL: SHOW COLUMNS FROM `33hao_evaluate_goods` [ RunTime:0.0030s ]
SQL: SELECT * FROM `33hao_evaluate_goods` WHERE `geval_goodsid` = '16' ORDER BY geval_scores desc LIMIT 0,3   [ RunTime:0.0010s ]
INFO: [ app_end ] --START--
INFO: Run Behavior\ShowPageTraceBehavior [ RunTime:0.000000s ]
INFO: [ app_end ] --END-- [ RunTime:0.000000s ]

[ 2016-07-09T15:35:00+08:00 ] ::1 /mxsh/index.php/Home/Index/addrajax.html?page=1&id=16
INFO: [ app_begin ] --START--
INFO: Run Behavior\ReadHtmlCacheBehavior [ RunTime:0.001000s ]
INFO: [ app_begin ] --END-- [ RunTime:0.003000s ]
SQL: SHOW COLUMNS FROM `33hao_goods_class` [ RunTime:0.0030s ]
SQL: SHOW COLUMNS FROM `33hao_vr_goods_address` [ RunTime:0.0040s ]
SQL: SELECT * FROM `33hao_vr_goods_address` WHERE `goods_commonid` = '16' LIMIT 0,3   [ RunTime:0.0010s ]
INFO: [ app_end ] --START--
INFO: Run Behavior\ShowPageTraceBehavior [ RunTime:0.001000s ]
INFO: [ app_end ] --END-- [ RunTime:0.001000s ]

[ 2016-07-09T15:44:06+08:00 ] ::1 /mxsh/index.php/Home/Index/evaajax.html?page=2&id=16&de=default
INFO: [ app_begin ] --START--
INFO: Run Behavior\ReadHtmlCacheBehavior [ RunTime:0.000000s ]
INFO: [ app_begin ] --END-- [ RunTime:0.001000s ]
SQL: SHOW COLUMNS FROM `33hao_goods_class` [ RunTime:0.0030s ]
SQL: SHOW COLUMNS FROM `33hao_evaluate_goods` [ RunTime:0.0040s ]
SQL: SELECT * FROM `33hao_evaluate_goods` WHERE `geval_goodsid` = '16' ORDER BY geval_scores desc LIMIT 3,3   [ RunTime:0.0010s ]
INFO: [ app_end ] --START--
INFO: Run Behavior\ShowPageTraceBehavior [ RunTime:0.003000s ]
INFO: [ app_end ] --END-- [ RunTime:0.004000s ]

[ 2016-07-09T15:44:07+08:00 ] ::1 /mxsh/index.php/Home/Index/evaajax.html?page=1&id=16&de=default
INFO: [ app_begin ] --START--
INFO: Run Behavior\ReadHtmlCacheBehavior [ RunTime:0.001000s ]
INFO: [ app_begin ] --END-- [ RunTime:0.001000s ]
SQL: SHOW COLUMNS FROM `33hao_goods_class` [ RunTime:0.0040s ]
SQL: SHOW COLUMNS FROM `33hao_evaluate_goods` [ RunTime:0.0040s ]
SQL: SELECT * FROM `33hao_evaluate_goods` WHERE `geval_goodsid` = '16' ORDER BY geval_scores desc LIMIT 0,3   [ RunTime:0.0000s ]
INFO: [ app_end ] --START--
INFO: Run Behavior\ShowPageTraceBehavior [ RunTime:0.001000s ]
INFO: [ app_end ] --END-- [ RunTime:0.002000s ]

[ 2016-07-09T15:44:11+08:00 ] ::1 /mxsh/index.php/Home/Index/evaajax.html?page=1&id=16&de=time
INFO: [ app_begin ] --START--
INFO: Run Behavior\ReadHtmlCacheBehavior [ RunTime:0.000000s ]
INFO: [ app_begin ] --END-- [ RunTime:0.002000s ]
SQL: SHOW COLUMNS FROM `33hao_goods_class` [ RunTime:0.0030s ]
SQL: SHOW COLUMNS FROM `33hao_evaluate_goods` [ RunTime:0.0020s ]
SQL: SELECT * FROM `33hao_evaluate_goods` WHERE `geval_goodsid` = '16' ORDER BY geval_addtime desc LIMIT 0,3   [ RunTime:0.0000s ]
INFO: [ app_end ] --START--
INFO: Run Behavior\ShowPageTraceBehavior [ RunTime:0.001000s ]
INFO: [ app_end ] --END-- [ RunTime:0.001000s ]

[ 2016-07-09T15:44:15+08:00 ] ::1 /mxsh/index.php/Home/Index/evaajax.html?page=1&id=16&de=default
INFO: [ app_begin ] --START--
INFO: Run Behavior\ReadHtmlCacheBehavior [ RunTime:0.001000s ]
INFO: [ app_begin ] --END-- [ RunTime:0.002000s ]
SQL: SHOW COLUMNS FROM `33hao_goods_class` [ RunTime:0.0030s ]
SQL: SHOW COLUMNS FROM `33hao_evaluate_goods` [ RunTime:0.0020s ]
SQL: SELECT * FROM `33hao_evaluate_goods` WHERE `geval_goodsid` = '16' ORDER BY geval_scores desc LIMIT 0,3   [ RunTime:0.0010s ]
INFO: [ app_end ] --START--
INFO: Run Behavior\ShowPageTraceBehavior [ RunTime:0.000000s ]
INFO: [ app_end ] --END-- [ RunTime:0.001000s ]

[ 2016-07-09T16:07:55+08:00 ] 192.168.1.100 /mxsh/index.php/Home/Index/displayHistory/id/10.html
INFO: [ app_begin ] --START--
INFO: Run Behavior\ReadHtmlCacheBehavior [ RunTime:0.001000s ]
INFO: [ app_begin ] --END-- [ RunTime:0.002000s ]
SQL: SHOW COLUMNS FROM `33hao_goods_class` [ RunTime:0.0030s ]
SQL: SHOW COLUMNS FROM `33hao_vr_goods` [ RunTime:0.0020s ]
SQL: SELECT `goods_id`,`goods_name`,`goods_price`,`goods_promotion_price` FROM `33hao_vr_goods` WHERE `goods_id` IN ('10') ORDER BY FIELD(goods_id,10)  [ RunTime:0.0010s ]
INFO: [ app_end ] --START--
INFO: Run Behavior\ShowPageTraceBehavior [ RunTime:0.001000s ]
INFO: [ app_end ] --END-- [ RunTime:0.001000s ]

[ 2016-07-09T16:07:55+08:00 ] 192.168.1.100 /mxsh/index.php/Home/Index/addrajax.html?page=1&id=10
INFO: [ app_begin ] --START--
INFO: Run Behavior\ReadHtmlCacheBehavior [ RunTime:0.001000s ]
INFO: [ app_begin ] --END-- [ RunTime:0.003000s ]
SQL: SHOW COLUMNS FROM `33hao_goods_class` [ RunTime:0.0030s ]
SQL: SHOW COLUMNS FROM `33hao_vr_goods_address` [ RunTime:0.0020s ]
SQL: SELECT * FROM `33hao_vr_goods_address` WHERE `goods_commonid` = '10' LIMIT 0,3   [ RunTime:0.0000s ]
INFO: [ app_end ] --START--
INFO: Run Behavior\ShowPageTraceBehavior [ RunTime:0.001000s ]
INFO: [ app_end ] --END-- [ RunTime:0.001000s ]

[ 2016-07-09T16:08:40+08:00 ] 192.168.1.100 /mxsh/index.php/Home/Index/displayHistory/id/5.html
INFO: [ app_begin ] --START--
INFO: Run Behavior\ReadHtmlCacheBehavior [ RunTime:0.001000s ]
INFO: [ app_begin ] --END-- [ RunTime:0.001000s ]
SQL: SHOW COLUMNS FROM `33hao_goods_class` [ RunTime:0.0020s ]
SQL: SHOW COLUMNS FROM `33hao_vr_goods` [ RunTime:0.0020s ]
SQL: SELECT `goods_id`,`goods_name`,`goods_price`,`goods_promotion_price` FROM `33hao_vr_goods` WHERE `goods_id` IN ('5','10') ORDER BY FIELD(goods_id,5,10)  [ RunTime:0.0000s ]
INFO: [ app_end ] --START--
INFO: Run Behavior\ShowPageTraceBehavior [ RunTime:0.001000s ]
INFO: [ app_end ] --END-- [ RunTime:0.001000s ]

[ 2016-07-09T16:08:40+08:00 ] 192.168.1.100 /mxsh/index.php/Home/Index/addrajax.html?page=1&id=5
INFO: [ app_begin ] --START--
INFO: Run Behavior\ReadHtmlCacheBehavior [ RunTime:0.000000s ]
INFO: [ app_begin ] --END-- [ RunTime:0.002000s ]
SQL: SHOW COLUMNS FROM `33hao_goods_class` [ RunTime:0.0020s ]
SQL: SHOW COLUMNS FROM `33hao_vr_goods_address` [ RunTime:0.0020s ]
SQL: SELECT * FROM `33hao_vr_goods_address` WHERE `goods_commonid` = '5' LIMIT 0,3   [ RunTime:0.0000s ]
INFO: [ app_end ] --START--
INFO: Run Behavior\ShowPageTraceBehavior [ RunTime:0.000000s ]
INFO: [ app_end ] --END-- [ RunTime:0.000000s ]

[ 2016-07-09T16:09:34+08:00 ] 192.168.1.100 /mxsh/index.php/Home/Index/displayHistory/id/16.html
INFO: [ app_begin ] --START--
INFO: Run Behavior\ReadHtmlCacheBehavior [ RunTime:0.001000s ]
INFO: [ app_begin ] --END-- [ RunTime:0.001000s ]
SQL: SHOW COLUMNS FROM `33hao_goods_class` [ RunTime:0.0040s ]
SQL: SHOW COLUMNS FROM `33hao_vr_goods` [ RunTime:0.0040s ]
SQL: SELECT `goods_id`,`goods_name`,`goods_price`,`goods_promotion_price` FROM `33hao_vr_goods` WHERE `goods_id` IN ('16','5','10') ORDER BY FIELD(goods_id,16,5,10)  [ RunTime:0.0010s ]
INFO: [ app_end ] --START--
INFO: Run Behavior\ShowPageTraceBehavior [ RunTime:0.001000s ]
INFO: [ app_end ] --END-- [ RunTime:0.001000s ]

[ 2016-07-09T16:09:34+08:00 ] 192.168.1.100 /mxsh/index.php/Home/Index/addrajax.html?page=1&id=16
INFO: [ app_begin ] --START--
INFO: Run Behavior\ReadHtmlCacheBehavior [ RunTime:0.002000s ]
INFO: [ app_begin ] --END-- [ RunTime:0.002000s ]
SQL: SHOW COLUMNS FROM `33hao_goods_class` [ RunTime:0.0050s ]
SQL: SHOW COLUMNS FROM `33hao_vr_goods_address` [ RunTime:0.0040s ]
SQL: SELECT * FROM `33hao_vr_goods_address` WHERE `goods_commonid` = '16' LIMIT 0,3   [ RunTime:0.0010s ]
INFO: [ app_end ] --START--
INFO: Run Behavior\ShowPageTraceBehavior [ RunTime:0.001000s ]
INFO: [ app_end ] --END-- [ RunTime:0.001000s ]

[ 2016-07-09T16:10:25+08:00 ] ::1 /mxsh/index.php/Home/Index/displayHistory/id/16.html
INFO: [ app_begin ] --START--
INFO: Run Behavior\ReadHtmlCacheBehavior [ RunTime:0.002000s ]
INFO: [ app_begin ] --END-- [ RunTime:0.004000s ]
SQL: SHOW COLUMNS FROM `33hao_goods_class` [ RunTime:0.0030s ]
SQL: SHOW COLUMNS FROM `33hao_vr_goods` [ RunTime:0.0030s ]
SQL: SELECT `goods_id`,`goods_name`,`goods_price`,`goods_promotion_price` FROM `33hao_vr_goods` WHERE `goods_id` IN ('16','9') ORDER BY FIELD(goods_id,16,9)  [ RunTime:0.0010s ]
INFO: [ app_end ] --START--
INFO: Run Behavior\ShowPageTraceBehavior [ RunTime:0.001000s ]
INFO: [ app_end ] --END-- [ RunTime:0.001000s ]

[ 2016-07-09T16:10:25+08:00 ] ::1 /mxsh/index.php/Home/Index/evaajax.html?page=1&id=16&de=default
INFO: [ app_begin ] --START--
INFO: Run Behavior\ReadHtmlCacheBehavior [ RunTime:0.001000s ]
INFO: [ app_begin ] --END-- [ RunTime:0.001000s ]
SQL: SHOW COLUMNS FROM `33hao_goods_class` [ RunTime:0.0030s ]
SQL: SHOW COLUMNS FROM `33hao_evaluate_goods` [ RunTime:0.0030s ]
SQL: SELECT * FROM `33hao_evaluate_goods` WHERE `geval_goodsid` = '16' ORDER BY geval_scores desc LIMIT 0,3   [ RunTime:0.0010s ]
INFO: [ app_end ] --START--
INFO: Run Behavior\ShowPageTraceBehavior [ RunTime:0.001000s ]
INFO: [ app_end ] --END-- [ RunTime:0.001000s ]

[ 2016-07-09T16:10:26+08:00 ] ::1 /mxsh/index.php/Home/Index/addrajax.html?page=1&id=16
INFO: [ app_begin ] --START--
INFO: Run Behavior\ReadHtmlCacheBehavior [ RunTime:0.001000s ]
INFO: [ app_begin ] --END-- [ RunTime:0.002000s ]
SQL: SHOW COLUMNS FROM `33hao_goods_class` [ RunTime:0.0060s ]
SQL: SHOW COLUMNS FROM `33hao_vr_goods_address` [ RunTime:0.0040s ]
SQL: SELECT * FROM `33hao_vr_goods_address` WHERE `goods_commonid` = '16' LIMIT 0,3   [ RunTime:0.0010s ]
INFO: [ app_end ] --START--
INFO: Run Behavior\ShowPageTraceBehavior [ RunTime:0.001000s ]
INFO: [ app_end ] --END-- [ RunTime:0.001000s ]

[ 2016-07-09T16:11:34+08:00 ] ::1 /mxsh/index.php/Home/Index/evaajax.html?page=1&id=16&de=default
INFO: [ app_begin ] --START--
INFO: Run Behavior\ReadHtmlCacheBehavior [ RunTime:0.001000s ]
INFO: [ app_begin ] --END-- [ RunTime:0.002000s ]
SQL: SHOW COLUMNS FROM `33hao_goods_class` [ RunTime:0.0040s ]
SQL: SHOW COLUMNS FROM `33hao_evaluate_goods` [ RunTime:0.0020s ]
SQL: SELECT * FROM `33hao_evaluate_goods` WHERE `geval_goodsid` = '16' ORDER BY geval_scores desc LIMIT 0,3   [ RunTime:0.0000s ]
INFO: [ app_end ] --START--
INFO: Run Behavior\ShowPageTraceBehavior [ RunTime:0.000000s ]
INFO: [ app_end ] --END-- [ RunTime:0.000000s ]

[ 2016-07-09T16:11:36+08:00 ] ::1 /mxsh/index.php/Home/Index/evaajax.html?page=2&id=16&de=default
INFO: [ app_begin ] --START--
INFO: Run Behavior\ReadHtmlCacheBehavior [ RunTime:0.001000s ]
INFO: [ app_begin ] --END-- [ RunTime:0.001000s ]
SQL: SHOW COLUMNS FROM `33hao_goods_class` [ RunTime:0.0020s ]
SQL: SHOW COLUMNS FROM `33hao_evaluate_goods` [ RunTime:0.0020s ]
SQL: SELECT * FROM `33hao_evaluate_goods` WHERE `geval_goodsid` = '16' ORDER BY geval_scores desc LIMIT 3,3   [ RunTime:0.0010s ]
INFO: [ app_end ] --START--
INFO: Run Behavior\ShowPageTraceBehavior [ RunTime:0.000000s ]
INFO: [ app_end ] --END-- [ RunTime:0.000000s ]

[ 2016-07-09T16:12:14+08:00 ] 192.168.1.100 /mxsh/index.php/home/cart/addCart.html?goods_id=16&goods_num=1&goods_name=%E7%BA%A2%E7%81%AB%E5%B0%8F%E5%BA%97&goods_price=100.00
INFO: [ app_begin ] --START--
INFO: Run Behavior\ReadHtmlCacheBehavior [ RunTime:0.001000s ]
INFO: [ app_begin ] --END-- [ RunTime:0.002000s ]
SQL: SHOW COLUMNS FROM `33hao_goods_class` [ RunTime:0.0030s ]
SQL: SHOW COLUMNS FROM `33hao_vr_goods` [ RunTime:0.0030s ]
SQL: SELECT `goods_id`,`goods_name`,`goods_price`,`goods_promotion_price` FROM `33hao_vr_goods` WHERE `goods_id` = 16 LIMIT 1   [ RunTime:0.0010s ]
NOTIC: [2] Invalid argument supplied for foreach() C:\wamp\www\mxsh\Application\Home\Controller\CartController.class.php 第 165 行.
INFO: [ app_end ] --START--
INFO: Run Behavior\ShowPageTraceBehavior [ RunTime:0.000000s ]
INFO: [ app_end ] --END-- [ RunTime:0.000000s ]

[ 2016-07-09T16:12:19+08:00 ] 192.168.1.100 /mxsh/index.php/home/cart/addCart.html?goods_id=16&goods_num=1&goods_name=%E7%BA%A2%E7%81%AB%E5%B0%8F%E5%BA%97&goods_price=100.00
INFO: [ app_begin ] --START--
INFO: Run Behavior\ReadHtmlCacheBehavior [ RunTime:0.000000s ]
INFO: [ app_begin ] --END-- [ RunTime:0.002000s ]
SQL: SHOW COLUMNS FROM `33hao_goods_class` [ RunTime:0.0030s ]
SQL: SHOW COLUMNS FROM `33hao_vr_goods` [ RunTime:0.0040s ]
SQL: SELECT `goods_id`,`goods_name`,`goods_price`,`goods_promotion_price` FROM `33hao_vr_goods` WHERE `goods_id` = 16 LIMIT 1   [ RunTime:0.0000s ]
INFO: [ app_end ] --START--
INFO: Run Behavior\ShowPageTraceBehavior [ RunTime:0.001000s ]
INFO: [ app_end ] --END-- [ RunTime:0.001000s ]

[ 2016-07-09T16:12:20+08:00 ] 192.168.1.100 /mxsh/index.php/home/cart/addCart.html?goods_id=16&goods_num=1&goods_name=%E7%BA%A2%E7%81%AB%E5%B0%8F%E5%BA%97&goods_price=100.00
INFO: [ app_begin ] --START--
INFO: Run Behavior\ReadHtmlCacheBehavior [ RunTime:0.001000s ]
INFO: [ app_begin ] --END-- [ RunTime:0.003000s ]
SQL: SHOW COLUMNS FROM `33hao_goods_class` [ RunTime:0.0030s ]
SQL: SHOW COLUMNS FROM `33hao_vr_goods` [ RunTime:0.0040s ]
SQL: SELECT `goods_id`,`goods_name`,`goods_price`,`goods_promotion_price` FROM `33hao_vr_goods` WHERE `goods_id` = 16 LIMIT 1   [ RunTime:0.0010s ]
INFO: [ app_end ] --START--
INFO: Run Behavior\ShowPageTraceBehavior [ RunTime:0.001000s ]
INFO: [ app_end ] --END-- [ RunTime:0.001000s ]

[ 2016-07-09T16:15:02+08:00 ] ::1 /mxsh/index.php/Home/Index/evaajax.html?page=1&id=16&de=default
INFO: [ app_begin ] --START--
INFO: Run Behavior\ReadHtmlCacheBehavior [ RunTime:0.001000s ]
INFO: [ app_begin ] --END-- [ RunTime:0.002000s ]
SQL: SHOW COLUMNS FROM `33hao_goods_class` [ RunTime:0.0050s ]
SQL: SHOW COLUMNS FROM `33hao_evaluate_goods` [ RunTime:0.0040s ]
SQL: SELECT * FROM `33hao_evaluate_goods` WHERE `geval_goodsid` = '16' ORDER BY geval_scores desc LIMIT 0,3   [ RunTime:0.0010s ]
INFO: [ app_end ] --START--
INFO: Run Behavior\ShowPageTraceBehavior [ RunTime:0.003000s ]
INFO: [ app_end ] --END-- [ RunTime:0.004000s ]

[ 2016-07-09T16:15:04+08:00 ] ::1 /mxsh/index.php/Home/Index/evaajax.html?page=2&id=16&de=default
INFO: [ app_begin ] --START--
INFO: Run Behavior\ReadHtmlCacheBehavior [ RunTime:0.000000s ]
INFO: [ app_begin ] --END-- [ RunTime:0.001000s ]
SQL: SHOW COLUMNS FROM `33hao_goods_class` [ RunTime:0.0030s ]
SQL: SHOW COLUMNS FROM `33hao_evaluate_goods` [ RunTime:0.0040s ]
SQL: SELECT * FROM `33hao_evaluate_goods` WHERE `geval_goodsid` = '16' ORDER BY geval_scores desc LIMIT 3,3   [ RunTime:0.0010s ]
INFO: [ app_end ] --START--
INFO: Run Behavior\ShowPageTraceBehavior [ RunTime:0.001000s ]
INFO: [ app_end ] --END-- [ RunTime:0.001000s ]

[ 2016-07-09T17:56:55+08:00 ] ::1 /mxsh/index.php/Home/Index/displayHistory/id/19.html
INFO: [ app_begin ] --START--
INFO: Run Behavior\ReadHtmlCacheBehavior [ RunTime:0.001000s ]
INFO: [ app_begin ] --END-- [ RunTime:0.002000s ]
SQL: SHOW COLUMNS FROM `33hao_goods_class` [ RunTime:0.0030s ]
SQL: SHOW COLUMNS FROM `33hao_vr_goods` [ RunTime:0.0050s ]
SQL: SELECT `goods_id`,`goods_name`,`goods_price`,`goods_promotion_price` FROM `33hao_vr_goods` WHERE `goods_id` IN ('19') ORDER BY FIELD(goods_id,19)  [ RunTime:0.0000s ]
INFO: [ app_end ] --START--
INFO: Run Behavior\ShowPageTraceBehavior [ RunTime:0.000000s ]
INFO: [ app_end ] --END-- [ RunTime:0.001000s ]

[ 2016-07-09T17:56:56+08:00 ] ::1 /mxsh/index.php/Home/Index/addrajax.html?page=1&id=19
INFO: [ app_begin ] --START--
INFO: Run Behavior\ReadHtmlCacheBehavior [ RunTime:0.000000s ]
INFO: [ app_begin ] --END-- [ RunTime:0.001000s ]
SQL: SHOW COLUMNS FROM `33hao_goods_class` [ RunTime:0.0090s ]
SQL: SHOW COLUMNS FROM `33hao_vr_goods_address` [ RunTime:0.0050s ]
SQL: SELECT * FROM `33hao_vr_goods_address` WHERE `goods_commonid` = '19' LIMIT 0,3   [ RunTime:0.0010s ]
INFO: [ app_end ] --START--
INFO: Run Behavior\ShowPageTraceBehavior [ RunTime:0.000000s ]
INFO: [ app_end ] --END-- [ RunTime:0.001000s ]

[ 2016-07-09T17:57:29+08:00 ] ::1 /mxsh/index.php/Home/Index/displayHistory/id/18.html
INFO: [ app_begin ] --START--
INFO: Run Behavior\ReadHtmlCacheBehavior [ RunTime:0.002000s ]
INFO: [ app_begin ] --END-- [ RunTime:0.005000s ]
SQL: SHOW COLUMNS FROM `33hao_goods_class` [ RunTime:0.0040s ]
SQL: SHOW COLUMNS FROM `33hao_vr_goods` [ RunTime:0.0090s ]
SQL: SELECT `goods_id`,`goods_name`,`goods_price`,`goods_promotion_price` FROM `33hao_vr_goods` WHERE `goods_id` IN ('18','19') ORDER BY FIELD(goods_id,18,19)  [ RunTime:0.0020s ]
INFO: [ app_end ] --START--
INFO: Run Behavior\ShowPageTraceBehavior [ RunTime:0.001000s ]
INFO: [ app_end ] --END-- [ RunTime:0.001000s ]

[ 2016-07-09T17:57:29+08:00 ] ::1 /mxsh/index.php/Home/Index/addrajax.html?page=1&id=18
INFO: [ app_begin ] --START--
INFO: Run Behavior\ReadHtmlCacheBehavior [ RunTime:0.001000s ]
INFO: [ app_begin ] --END-- [ RunTime:0.001000s ]
SQL: SHOW COLUMNS FROM `33hao_goods_class` [ RunTime:0.0040s ]
SQL: SHOW COLUMNS FROM `33hao_vr_goods_address` [ RunTime:0.0030s ]
SQL: SELECT * FROM `33hao_vr_goods_address` WHERE `goods_commonid` = '18' LIMIT 0,3   [ RunTime:0.0010s ]
INFO: [ app_end ] --START--
INFO: Run Behavior\ShowPageTraceBehavior [ RunTime:0.000000s ]
INFO: [ app_end ] --END-- [ RunTime:0.000000s ]

[ 2016-07-09T18:02:31+08:00 ] ::1 /mxsh/index.php/Home/Index/displayHistory/id/19.html
INFO: [ app_begin ] --START--
INFO: Run Behavior\ReadHtmlCacheBehavior [ RunTime:0.001000s ]
INFO: [ app_begin ] --END-- [ RunTime:0.001000s ]
SQL: SHOW COLUMNS FROM `33hao_goods_class` [ RunTime:0.0030s ]
SQL: SHOW COLUMNS FROM `33hao_vr_goods` [ RunTime:0.0040s ]
SQL: SELECT `goods_id`,`goods_name`,`goods_price`,`goods_promotion_price` FROM `33hao_vr_goods` WHERE `goods_id` IN ('19','18') ORDER BY FIELD(goods_id,19,18)  [ RunTime:0.0010s ]
INFO: [ app_end ] --START--
INFO: Run Behavior\ShowPageTraceBehavior [ RunTime:0.000000s ]
INFO: [ app_end ] --END-- [ RunTime:0.001000s ]

[ 2016-07-09T18:02:31+08:00 ] ::1 /mxsh/index.php/Home/Index/addrajax.html?page=1&id=19
INFO: [ app_begin ] --START--
INFO: Run Behavior\ReadHtmlCacheBehavior [ RunTime:0.001000s ]
INFO: [ app_begin ] --END-- [ RunTime:0.001000s ]
SQL: SHOW COLUMNS FROM `33hao_goods_class` [ RunTime:0.0040s ]
SQL: SHOW COLUMNS FROM `33hao_vr_goods_address` [ RunTime:0.0060s ]
SQL: SELECT * FROM `33hao_vr_goods_address` WHERE `goods_commonid` = '19' LIMIT 0,3   [ RunTime:0.0010s ]
INFO: [ app_end ] --START--
INFO: Run Behavior\ShowPageTraceBehavior [ RunTime:0.001000s ]
INFO: [ app_end ] --END-- [ RunTime:0.001000s ]

[ 2016-07-09T18:02:44+08:00 ] ::1 /mxsh/index.php/Home/Index/displayHistory/id/17.html
INFO: [ app_begin ] --START--
INFO: Run Behavior\ReadHtmlCacheBehavior [ RunTime:0.001000s ]
INFO: [ app_begin ] --END-- [ RunTime:0.001000s ]
SQL: SHOW COLUMNS FROM `33hao_goods_class` [ RunTime:0.0040s ]
SQL: SHOW COLUMNS FROM `33hao_vr_goods` [ RunTime:0.0040s ]
SQL: SELECT `goods_id`,`goods_name`,`goods_price`,`goods_promotion_price` FROM `33hao_vr_goods` WHERE `goods_id` IN ('17','19','18') ORDER BY FIELD(goods_id,17,19,18)  [ RunTime:0.0000s ]
INFO: [ app_end ] --START--
INFO: Run Behavior\ShowPageTraceBehavior [ RunTime:0.000000s ]
INFO: [ app_end ] --END-- [ RunTime:0.001000s ]

[ 2016-07-09T18:02:44+08:00 ] ::1 /mxsh/index.php/Home/Index/addrajax.html?page=1&id=17
INFO: [ app_begin ] --START--
INFO: Run Behavior\ReadHtmlCacheBehavior [ RunTime:0.001000s ]
INFO: [ app_begin ] --END-- [ RunTime:0.002000s ]
SQL: SHOW COLUMNS FROM `33hao_goods_class` [ RunTime:0.0040s ]
SQL: SHOW COLUMNS FROM `33hao_vr_goods_address` [ RunTime:0.0050s ]
SQL: SELECT * FROM `33hao_vr_goods_address` WHERE `goods_commonid` = '17' LIMIT 0,3   [ RunTime:0.0000s ]
INFO: [ app_end ] --START--
INFO: Run Behavior\ShowPageTraceBehavior [ RunTime:0.001000s ]
INFO: [ app_end ] --END-- [ RunTime:0.001000s ]

