[ 2016-07-03T16:22:20+08:00 ] 127.0.0.1 /mxsh/
ERR: SQLSTATE[HY000] [1045] Access denied for user 'root'@'localhost' (using password: YES)

[ 2016-07-03T16:56:54+08:00 ] 127.0.0.1 /index.php/Home/Index/displayHistory/id/1.html
INFO: [ app_begin ] --START--
INFO: Run Behavior\ReadHtmlCacheBehavior [ RunTime:0.005000s ]
INFO: [ app_begin ] --END-- [ RunTime:0.007000s ]
SQL: SHOW COLUMNS FROM `33hao_vr_goods` [ RunTime:0.0050s ]
SQL: SELECT `goods_id`,`goods_name`,`goods_price`,`goods_promotion_price` FROM `33hao_vr_goods` WHERE `goods_id` IN ('1') ORDER BY FIELD(goods_id,1)  [ RunTime:0.0000s ]
INFO: [ app_end ] --START--
INFO: Run Behavior\ShowPageTraceBehavior [ RunTime:0.001000s ]
INFO: [ app_end ] --END-- [ RunTime:0.001000s ]

[ 2016-07-03T16:56:55+08:00 ] 127.0.0.1 /index.php/Home/Index/addrajax.html?page=1&id=1
INFO: [ app_begin ] --START--
INFO: Run Behavior\ReadHtmlCacheBehavior [ RunTime:0.001000s ]
INFO: [ app_begin ] --END-- [ RunTime:0.002000s ]
SQL: SHOW COLUMNS FROM `33hao_vr_goods_address` [ RunTime:0.0040s ]
SQL: SELECT * FROM `33hao_vr_goods_address` WHERE `goods_commonid` = '1' LIMIT 0,3   [ RunTime:0.0000s ]
INFO: [ app_end ] --START--
INFO: Run Behavior\ShowPageTraceBehavior [ RunTime:0.001000s ]
INFO: [ app_end ] --END-- [ RunTime:0.001000s ]

[ 2016-07-03T17:03:46+08:00 ] 127.0.0.1 /index.php/Home/Index/displayHistory/id/1.html
INFO: [ app_begin ] --START--
INFO: Run Behavior\ReadHtmlCacheBehavior [ RunTime:0.000000s ]
INFO: [ app_begin ] --END-- [ RunTime:0.001000s ]
SQL: SHOW COLUMNS FROM `33hao_vr_goods` [ RunTime:0.0050s ]
SQL: SELECT `goods_id`,`goods_name`,`goods_price`,`goods_promotion_price` FROM `33hao_vr_goods` WHERE `goods_id` IN ('1') ORDER BY FIELD(goods_id,1)  [ RunTime:0.0000s ]
INFO: [ app_end ] --START--
INFO: Run Behavior\ShowPageTraceBehavior [ RunTime:0.001000s ]
INFO: [ app_end ] --END-- [ RunTime:0.001000s ]

[ 2016-07-03T17:03:47+08:00 ] 127.0.0.1 /index.php/Home/Index/addrajax.html?page=1&id=1
INFO: [ app_begin ] --START--
INFO: Run Behavior\ReadHtmlCacheBehavior [ RunTime:0.001000s ]
INFO: [ app_begin ] --END-- [ RunTime:0.002000s ]
SQL: SHOW COLUMNS FROM `33hao_vr_goods_address` [ RunTime:0.0060s ]
SQL: SELECT * FROM `33hao_vr_goods_address` WHERE `goods_commonid` = '1' LIMIT 0,3   [ RunTime:0.0000s ]
INFO: [ app_end ] --START--
INFO: Run Behavior\ShowPageTraceBehavior [ RunTime:0.002000s ]
INFO: [ app_end ] --END-- [ RunTime:0.002000s ]

[ 2016-07-03T17:03:51+08:00 ] 127.0.0.1 /index.php/Home/Index/displayHistory/id/1.html
INFO: [ app_begin ] --START--
INFO: Run Behavior\ReadHtmlCacheBehavior [ RunTime:0.000000s ]
INFO: [ app_begin ] --END-- [ RunTime:0.001000s ]
SQL: SHOW COLUMNS FROM `33hao_vr_goods` [ RunTime:0.0050s ]
SQL: SELECT `goods_id`,`goods_name`,`goods_price`,`goods_promotion_price` FROM `33hao_vr_goods` WHERE `goods_id` IN ('1') ORDER BY FIELD(goods_id,1)  [ RunTime:0.0010s ]
INFO: [ app_end ] --START--
INFO: Run Behavior\ShowPageTraceBehavior [ RunTime:0.001000s ]
INFO: [ app_end ] --END-- [ RunTime:0.001000s ]

[ 2016-07-03T17:03:52+08:00 ] 127.0.0.1 /index.php/Home/Index/addrajax.html?page=1&id=1
INFO: [ app_begin ] --START--
INFO: Run Behavior\ReadHtmlCacheBehavior [ RunTime:0.000000s ]
INFO: [ app_begin ] --END-- [ RunTime:0.001000s ]
SQL: SHOW COLUMNS FROM `33hao_vr_goods_address` [ RunTime:0.0040s ]
SQL: SELECT * FROM `33hao_vr_goods_address` WHERE `goods_commonid` = '1' LIMIT 0,3   [ RunTime:0.0010s ]
INFO: [ app_end ] --START--
INFO: Run Behavior\ShowPageTraceBehavior [ RunTime:0.001000s ]
INFO: [ app_end ] --END-- [ RunTime:0.001000s ]

[ 2016-07-03T17:03:55+08:00 ] 127.0.0.1 /index.php/Home/Index/displayHistory/id/1.html
INFO: [ app_begin ] --START--
INFO: Run Behavior\ReadHtmlCacheBehavior [ RunTime:0.001000s ]
INFO: [ app_begin ] --END-- [ RunTime:0.002000s ]
SQL: SHOW COLUMNS FROM `33hao_vr_goods` [ RunTime:0.0070s ]
SQL: SELECT `goods_id`,`goods_name`,`goods_price`,`goods_promotion_price` FROM `33hao_vr_goods` WHERE `goods_id` IN ('1') ORDER BY FIELD(goods_id,1)  [ RunTime:0.0010s ]
INFO: [ app_end ] --START--
INFO: Run Behavior\ShowPageTraceBehavior [ RunTime:0.001000s ]
INFO: [ app_end ] --END-- [ RunTime:0.001000s ]

[ 2016-07-03T17:03:56+08:00 ] 127.0.0.1 /index.php/Home/Index/addrajax.html?page=1&id=1
INFO: [ app_begin ] --START--
INFO: Run Behavior\ReadHtmlCacheBehavior [ RunTime:0.001000s ]
INFO: [ app_begin ] --END-- [ RunTime:0.002000s ]
SQL: SHOW COLUMNS FROM `33hao_vr_goods_address` [ RunTime:0.0050s ]
SQL: SELECT * FROM `33hao_vr_goods_address` WHERE `goods_commonid` = '1' LIMIT 0,3   [ RunTime:0.0010s ]
INFO: [ app_end ] --START--
INFO: Run Behavior\ShowPageTraceBehavior [ RunTime:0.001000s ]
INFO: [ app_end ] --END-- [ RunTime:0.001000s ]

[ 2016-07-03T17:04:39+08:00 ] 127.0.0.1 /index.php/Home/Index/displayHistory/id/1.html
INFO: [ app_begin ] --START--
INFO: Run Behavior\ReadHtmlCacheBehavior [ RunTime:0.000000s ]
INFO: [ app_begin ] --END-- [ RunTime:0.001000s ]
SQL: SHOW COLUMNS FROM `33hao_vr_goods` [ RunTime:0.0060s ]
SQL: SELECT `goods_id`,`goods_name`,`goods_price`,`goods_promotion_price` FROM `33hao_vr_goods` WHERE `goods_id` IN ('1') ORDER BY FIELD(goods_id,1)  [ RunTime:0.0000s ]
INFO: [ app_end ] --START--
INFO: Run Behavior\ShowPageTraceBehavior [ RunTime:0.002000s ]
INFO: [ app_end ] --END-- [ RunTime:0.002000s ]

[ 2016-07-03T17:04:40+08:00 ] 127.0.0.1 /index.php/Home/Index/addrajax.html?page=1&id=1
INFO: [ app_begin ] --START--
INFO: Run Behavior\ReadHtmlCacheBehavior [ RunTime:0.000000s ]
INFO: [ app_begin ] --END-- [ RunTime:0.001000s ]
SQL: SHOW COLUMNS FROM `33hao_vr_goods_address` [ RunTime:0.0050s ]
SQL: SELECT * FROM `33hao_vr_goods_address` WHERE `goods_commonid` = '1' LIMIT 0,3   [ RunTime:0.0000s ]
INFO: [ app_end ] --START--
INFO: Run Behavior\ShowPageTraceBehavior [ RunTime:0.001000s ]
INFO: [ app_end ] --END-- [ RunTime:0.002000s ]

[ 2016-07-03T17:09:28+08:00 ] 127.0.0.1 /index.php/Home/Index/displayHistory/id/1.html
INFO: [ app_begin ] --START--
INFO: Run Behavior\ReadHtmlCacheBehavior [ RunTime:0.001000s ]
INFO: [ app_begin ] --END-- [ RunTime:0.002000s ]
SQL: SHOW COLUMNS FROM `33hao_vr_goods` [ RunTime:0.0060s ]
SQL: SELECT `goods_id`,`goods_name`,`goods_price`,`goods_promotion_price` FROM `33hao_vr_goods` WHERE `goods_id` IN ('1') ORDER BY FIELD(goods_id,1)  [ RunTime:0.0010s ]
INFO: [ app_end ] --START--
INFO: Run Behavior\ShowPageTraceBehavior [ RunTime:0.001000s ]
INFO: [ app_end ] --END-- [ RunTime:0.001000s ]

[ 2016-07-03T17:09:29+08:00 ] 127.0.0.1 /index.php/Home/Index/addrajax.html?page=1&id=1
INFO: [ app_begin ] --START--
INFO: Run Behavior\ReadHtmlCacheBehavior [ RunTime:0.001000s ]
INFO: [ app_begin ] --END-- [ RunTime:0.003000s ]
SQL: SHOW COLUMNS FROM `33hao_vr_goods_address` [ RunTime:0.0050s ]
SQL: SELECT * FROM `33hao_vr_goods_address` WHERE `goods_commonid` = '1' LIMIT 0,3   [ RunTime:0.0000s ]
INFO: [ app_end ] --START--
INFO: Run Behavior\ShowPageTraceBehavior [ RunTime:0.002000s ]
INFO: [ app_end ] --END-- [ RunTime:0.002000s ]

[ 2016-07-03T17:09:31+08:00 ] 127.0.0.1 /index.php/Home/Index/displayHistory/id/1.html
INFO: [ app_begin ] --START--
INFO: Run Behavior\ReadHtmlCacheBehavior [ RunTime:0.001000s ]
INFO: [ app_begin ] --END-- [ RunTime:0.002000s ]
SQL: SHOW COLUMNS FROM `33hao_vr_goods` [ RunTime:0.0050s ]
SQL: SELECT `goods_id`,`goods_name`,`goods_price`,`goods_promotion_price` FROM `33hao_vr_goods` WHERE `goods_id` IN ('1') ORDER BY FIELD(goods_id,1)  [ RunTime:0.0000s ]
INFO: [ app_end ] --START--
INFO: Run Behavior\ShowPageTraceBehavior [ RunTime:0.002000s ]
INFO: [ app_end ] --END-- [ RunTime:0.002000s ]

[ 2016-07-03T17:09:32+08:00 ] 127.0.0.1 /index.php/Home/Index/addrajax.html?page=1&id=1
INFO: [ app_begin ] --START--
INFO: Run Behavior\ReadHtmlCacheBehavior [ RunTime:0.001000s ]
INFO: [ app_begin ] --END-- [ RunTime:0.001000s ]
SQL: SHOW COLUMNS FROM `33hao_vr_goods_address` [ RunTime:0.0050s ]
SQL: SELECT * FROM `33hao_vr_goods_address` WHERE `goods_commonid` = '1' LIMIT 0,3   [ RunTime:0.0010s ]
INFO: [ app_end ] --START--
INFO: Run Behavior\ShowPageTraceBehavior [ RunTime:0.001000s ]
INFO: [ app_end ] --END-- [ RunTime:0.001000s ]

[ 2016-07-03T17:09:33+08:00 ] 127.0.0.1 /index.php/Home/Cart/addCart.html?goods_id=
INFO: [ app_begin ] --START--
INFO: Run Behavior\ReadHtmlCacheBehavior [ RunTime:0.001000s ]
INFO: [ app_begin ] --END-- [ RunTime:0.002000s ]
SQL: SHOW COLUMNS FROM `33hao_vr_goods` [ RunTime:0.0050s ]
SQL: SELECT `goods_id`,`goods_name`,`goods_price`,`goods_promotion_price` FROM `33hao_vr_goods` WHERE `goods_id` = 0 LIMIT 1   [ RunTime:0.0010s ]
NOTIC: [2] Missing argument 1 for Home\Controller\CartController::addGoodsToCart(), called in D:\WWW\mxsh\Application\Home\Controller\CartController.class.php on line 45 and defined D:\WWW\mxsh\Application\Home\Controller\CartController.class.php 第 53 行.
NOTIC: [2] Missing argument 2 for Home\Controller\CartController::addGoodsToCart(), called in D:\WWW\mxsh\Application\Home\Controller\CartController.class.php on line 45 and defined D:\WWW\mxsh\Application\Home\Controller\CartController.class.php 第 53 行.
NOTIC: [8] Undefined variable: goods_id D:\WWW\mxsh\Application\Home\Controller\CartController.class.php 第 54 行.
NOTIC: [8] Undefined index: goods_price D:\WWW\mxsh\Application\Home\Controller\CartController.class.php 第 56 行.
NOTIC: [8] Undefined variable: cookie_cart D:\WWW\mxsh\Application\Home\Controller\CartController.class.php 第 57 行.
INFO: [ app_end ] --START--
INFO: Run Behavior\ShowPageTraceBehavior [ RunTime:0.001000s ]
INFO: [ app_end ] --END-- [ RunTime:0.001000s ]

[ 2016-07-03T17:09:38+08:00 ] 127.0.0.1 /index.php/Home/Cart/addCart.html?goods_id=
INFO: [ app_begin ] --START--
INFO: Run Behavior\ReadHtmlCacheBehavior [ RunTime:0.000000s ]
INFO: [ app_begin ] --END-- [ RunTime:0.001000s ]
SQL: SHOW COLUMNS FROM `33hao_vr_goods` [ RunTime:0.0050s ]
SQL: SELECT `goods_id`,`goods_name`,`goods_price`,`goods_promotion_price` FROM `33hao_vr_goods` WHERE `goods_id` = 0 LIMIT 1   [ RunTime:0.0010s ]
NOTIC: [8] Undefined index: goods_id D:\WWW\mxsh\Application\Home\Controller\CartController.class.php 第 78 行.
NOTIC: [8] Undefined index: goods_id D:\WWW\mxsh\Application\Home\Controller\CartController.class.php 第 103 行.
INFO: [ app_end ] --START--
INFO: Run Behavior\ShowPageTraceBehavior [ RunTime:0.001000s ]
INFO: [ app_end ] --END-- [ RunTime:0.001000s ]

[ 2016-07-03T17:09:41+08:00 ] 127.0.0.1 /index.php/Home/Cart/addCart.html?goods_id=
INFO: [ app_begin ] --START--
INFO: Run Behavior\ReadHtmlCacheBehavior [ RunTime:0.001000s ]
INFO: [ app_begin ] --END-- [ RunTime:0.002000s ]
SQL: SHOW COLUMNS FROM `33hao_vr_goods` [ RunTime:0.0060s ]
SQL: SELECT `goods_id`,`goods_name`,`goods_price`,`goods_promotion_price` FROM `33hao_vr_goods` WHERE `goods_id` = 0 LIMIT 1   [ RunTime:0.0000s ]
NOTIC: [8] Undefined index: goods_id D:\WWW\mxsh\Application\Home\Controller\CartController.class.php 第 78 行.
NOTIC: [8] Undefined index: goods_id D:\WWW\mxsh\Application\Home\Controller\CartController.class.php 第 103 行.
INFO: [ app_end ] --START--
INFO: Run Behavior\ShowPageTraceBehavior [ RunTime:0.001000s ]
INFO: [ app_end ] --END-- [ RunTime:0.002000s ]

[ 2016-07-03T17:16:19+08:00 ] 127.0.0.1 /index.php/Home/Index/displayHistory/id/1.html
INFO: [ app_begin ] --START--
INFO: Run Behavior\ReadHtmlCacheBehavior [ RunTime:0.001000s ]
INFO: [ app_begin ] --END-- [ RunTime:0.001000s ]
SQL: SHOW COLUMNS FROM `33hao_vr_goods` [ RunTime:0.0050s ]
SQL: SELECT `goods_id`,`goods_name`,`goods_price`,`goods_promotion_price` FROM `33hao_vr_goods` WHERE `goods_id` IN ('1') ORDER BY FIELD(goods_id,1)  [ RunTime:0.0000s ]
INFO: [ app_end ] --START--
INFO: Run Behavior\ShowPageTraceBehavior [ RunTime:0.001000s ]
INFO: [ app_end ] --END-- [ RunTime:0.001000s ]

[ 2016-07-03T17:16:20+08:00 ] 127.0.0.1 /index.php/Home/Index/addrajax.html?page=1&id=1
INFO: [ app_begin ] --START--
INFO: Run Behavior\ReadHtmlCacheBehavior [ RunTime:0.001000s ]
INFO: [ app_begin ] --END-- [ RunTime:0.001000s ]
SQL: SHOW COLUMNS FROM `33hao_vr_goods_address` [ RunTime:0.0040s ]
SQL: SELECT * FROM `33hao_vr_goods_address` WHERE `goods_commonid` = '1' LIMIT 0,3   [ RunTime:0.0010s ]
INFO: [ app_end ] --START--
INFO: Run Behavior\ShowPageTraceBehavior [ RunTime:0.001000s ]
INFO: [ app_end ] --END-- [ RunTime:0.001000s ]

[ 2016-07-03T17:16:22+08:00 ] 127.0.0.1 /index.php/Home/Cart/addCart.html?goods_id=
INFO: [ app_begin ] --START--
INFO: Run Behavior\ReadHtmlCacheBehavior [ RunTime:0.001000s ]
INFO: [ app_begin ] --END-- [ RunTime:0.001000s ]
SQL: SHOW COLUMNS FROM `33hao_vr_goods` [ RunTime:0.0060s ]
SQL: SELECT `goods_id`,`goods_name`,`goods_price`,`goods_promotion_price` FROM `33hao_vr_goods` WHERE `goods_id` = 0 LIMIT 1   [ RunTime:0.0000s ]
NOTIC: [8] Undefined index: goods_id D:\WWW\mxsh\Application\Home\Controller\CartController.class.php 第 78 行.
NOTIC: [8] Undefined index: goods_id D:\WWW\mxsh\Application\Home\Controller\CartController.class.php 第 103 行.
INFO: [ app_end ] --START--
INFO: Run Behavior\ShowPageTraceBehavior [ RunTime:0.001000s ]
INFO: [ app_end ] --END-- [ RunTime:0.001000s ]

[ 2016-07-03T17:19:58+08:00 ] 127.0.0.1 /index.php/Home/Index/displayHistory/id/1.html
INFO: [ app_begin ] --START--
INFO: Run Behavior\ReadHtmlCacheBehavior [ RunTime:0.001000s ]
INFO: [ app_begin ] --END-- [ RunTime:0.002000s ]
SQL: SHOW COLUMNS FROM `33hao_vr_goods` [ RunTime:0.0060s ]
SQL: SELECT `goods_id`,`goods_name`,`goods_price`,`goods_promotion_price` FROM `33hao_vr_goods` WHERE `goods_id` IN ('1') ORDER BY FIELD(goods_id,1)  [ RunTime:0.0010s ]
INFO: [ app_end ] --START--
INFO: Run Behavior\ShowPageTraceBehavior [ RunTime:0.001000s ]
INFO: [ app_end ] --END-- [ RunTime:0.001000s ]

[ 2016-07-03T17:19:59+08:00 ] 127.0.0.1 /index.php/Home/Index/addrajax.html?page=1&id=1
INFO: [ app_begin ] --START--
INFO: Run Behavior\ReadHtmlCacheBehavior [ RunTime:0.000000s ]
INFO: [ app_begin ] --END-- [ RunTime:0.001000s ]
SQL: SHOW COLUMNS FROM `33hao_vr_goods_address` [ RunTime:0.0040s ]
SQL: SELECT * FROM `33hao_vr_goods_address` WHERE `goods_commonid` = '1' LIMIT 0,3   [ RunTime:0.0010s ]
INFO: [ app_end ] --START--
INFO: Run Behavior\ShowPageTraceBehavior [ RunTime:0.001000s ]
INFO: [ app_end ] --END-- [ RunTime:0.001000s ]

[ 2016-07-03T17:20:03+08:00 ] 127.0.0.1 /index.php/Home/Cart/addCart.html?goods_id=
INFO: [ app_begin ] --START--
INFO: Run Behavior\ReadHtmlCacheBehavior [ RunTime:0.004000s ]
INFO: [ app_begin ] --END-- [ RunTime:0.005000s ]
SQL: SHOW COLUMNS FROM `33hao_vr_goods` [ RunTime:0.0050s ]
SQL: SELECT `goods_id`,`goods_name`,`goods_price`,`goods_promotion_price` FROM `33hao_vr_goods` WHERE `goods_id` = 0 LIMIT 1   [ RunTime:0.0000s ]
NOTIC: [8] Undefined index: goods_id D:\WWW\mxsh\Application\Home\Controller\CartController.class.php 第 78 行.
NOTIC: [8] Undefined index: goods_id D:\WWW\mxsh\Application\Home\Controller\CartController.class.php 第 103 行.
INFO: [ app_end ] --START--
INFO: Run Behavior\ShowPageTraceBehavior [ RunTime:0.001000s ]
INFO: [ app_end ] --END-- [ RunTime:0.001000s ]

[ 2016-07-03T17:20:06+08:00 ] 127.0.0.1 /index.php/Home/Cart/addCart.html?goods_id=
INFO: [ app_begin ] --START--
INFO: Run Behavior\ReadHtmlCacheBehavior [ RunTime:0.001000s ]
INFO: [ app_begin ] --END-- [ RunTime:0.001000s ]
SQL: SHOW COLUMNS FROM `33hao_vr_goods` [ RunTime:0.0060s ]
SQL: SELECT `goods_id`,`goods_name`,`goods_price`,`goods_promotion_price` FROM `33hao_vr_goods` WHERE `goods_id` = 0 LIMIT 1   [ RunTime:0.0000s ]
NOTIC: [8] Undefined index: goods_id D:\WWW\mxsh\Application\Home\Controller\CartController.class.php 第 78 行.
NOTIC: [8] Undefined index: goods_id D:\WWW\mxsh\Application\Home\Controller\CartController.class.php 第 103 行.
INFO: [ app_end ] --START--
INFO: Run Behavior\ShowPageTraceBehavior [ RunTime:0.001000s ]
INFO: [ app_end ] --END-- [ RunTime:0.002000s ]

[ 2016-07-03T17:20:10+08:00 ] 127.0.0.1 /index.php/Home/Index/displayHistory/id/4.html
INFO: [ app_begin ] --START--
INFO: Run Behavior\ReadHtmlCacheBehavior [ RunTime:0.001000s ]
INFO: [ app_begin ] --END-- [ RunTime:0.002000s ]
SQL: SHOW COLUMNS FROM `33hao_vr_goods` [ RunTime:0.0050s ]
SQL: SELECT `goods_id`,`goods_name`,`goods_price`,`goods_promotion_price` FROM `33hao_vr_goods` WHERE `goods_id` IN ('4','1') ORDER BY FIELD(goods_id,4,1)  [ RunTime:0.0000s ]
INFO: [ app_end ] --START--
INFO: Run Behavior\ShowPageTraceBehavior [ RunTime:0.001000s ]
INFO: [ app_end ] --END-- [ RunTime:0.001000s ]

[ 2016-07-03T17:20:11+08:00 ] 127.0.0.1 /index.php/Home/Index/addrajax.html?page=1&id=4
INFO: [ app_begin ] --START--
INFO: Run Behavior\ReadHtmlCacheBehavior [ RunTime:0.000000s ]
INFO: [ app_begin ] --END-- [ RunTime:0.001000s ]
SQL: SHOW COLUMNS FROM `33hao_vr_goods_address` [ RunTime:0.0050s ]
SQL: SELECT * FROM `33hao_vr_goods_address` WHERE `goods_commonid` = '4' LIMIT 0,3   [ RunTime:0.0010s ]
INFO: [ app_end ] --START--
INFO: Run Behavior\ShowPageTraceBehavior [ RunTime:0.001000s ]
INFO: [ app_end ] --END-- [ RunTime:0.001000s ]

[ 2016-07-03T17:20:13+08:00 ] 127.0.0.1 /index.php/Home/Cart/addCart.html?goods_id=
INFO: [ app_begin ] --START--
INFO: Run Behavior\ReadHtmlCacheBehavior [ RunTime:0.001000s ]
INFO: [ app_begin ] --END-- [ RunTime:0.001000s ]
SQL: SHOW COLUMNS FROM `33hao_vr_goods` [ RunTime:0.0050s ]
SQL: SELECT `goods_id`,`goods_name`,`goods_price`,`goods_promotion_price` FROM `33hao_vr_goods` WHERE `goods_id` = 0 LIMIT 1   [ RunTime:0.0010s ]
NOTIC: [8] Undefined index: goods_id D:\WWW\mxsh\Application\Home\Controller\CartController.class.php 第 78 行.
NOTIC: [8] Undefined index: goods_id D:\WWW\mxsh\Application\Home\Controller\CartController.class.php 第 103 行.
INFO: [ app_end ] --START--
INFO: Run Behavior\ShowPageTraceBehavior [ RunTime:0.001000s ]
INFO: [ app_end ] --END-- [ RunTime:0.001000s ]

[ 2016-07-03T17:21:09+08:00 ] 127.0.0.1 /index.php/Home/Index/displayHistory/id/4.html
INFO: [ app_begin ] --START--
INFO: Run Behavior\ReadHtmlCacheBehavior [ RunTime:0.000000s ]
INFO: [ app_begin ] --END-- [ RunTime:0.003000s ]
SQL: SHOW COLUMNS FROM `33hao_vr_goods` [ RunTime:0.0060s ]
SQL: SELECT `goods_id`,`goods_name`,`goods_price`,`goods_promotion_price` FROM `33hao_vr_goods` WHERE `goods_id` IN ('4','1') ORDER BY FIELD(goods_id,4,1)  [ RunTime:0.0010s ]
INFO: [ app_end ] --START--
INFO: Run Behavior\ShowPageTraceBehavior [ RunTime:0.001000s ]
INFO: [ app_end ] --END-- [ RunTime:0.001000s ]

[ 2016-07-03T17:21:10+08:00 ] 127.0.0.1 /index.php/Home/Index/addrajax.html?page=1&id=4
INFO: [ app_begin ] --START--
INFO: Run Behavior\ReadHtmlCacheBehavior [ RunTime:0.001000s ]
INFO: [ app_begin ] --END-- [ RunTime:0.002000s ]
SQL: SHOW COLUMNS FROM `33hao_vr_goods_address` [ RunTime:0.0050s ]
SQL: SELECT * FROM `33hao_vr_goods_address` WHERE `goods_commonid` = '4' LIMIT 0,3   [ RunTime:0.0000s ]
INFO: [ app_end ] --START--
INFO: Run Behavior\ShowPageTraceBehavior [ RunTime:0.001000s ]
INFO: [ app_end ] --END-- [ RunTime:0.001000s ]

[ 2016-07-03T17:21:11+08:00 ] 127.0.0.1 /index.php/Home/Cart/addCart.html?goods_id=
INFO: [ app_begin ] --START--
INFO: Run Behavior\ReadHtmlCacheBehavior [ RunTime:0.001000s ]
INFO: [ app_begin ] --END-- [ RunTime:0.002000s ]
SQL: SHOW COLUMNS FROM `33hao_vr_goods` [ RunTime:0.0060s ]
SQL: SELECT `goods_id`,`goods_name`,`goods_price`,`goods_promotion_price` FROM `33hao_vr_goods` WHERE `goods_id` = 0 LIMIT 1   [ RunTime:0.0010s ]
NOTIC: [8] Undefined index: goods_id D:\WWW\mxsh\Application\Home\Controller\CartController.class.php 第 78 行.
NOTIC: [8] Undefined index: goods_id D:\WWW\mxsh\Application\Home\Controller\CartController.class.php 第 103 行.
INFO: [ app_end ] --START--
INFO: Run Behavior\ShowPageTraceBehavior [ RunTime:0.001000s ]
INFO: [ app_end ] --END-- [ RunTime:0.001000s ]

[ 2016-07-03T17:21:16+08:00 ] 127.0.0.1 /index.php/Home/Cart/addCart.html?goods_id=
INFO: [ app_begin ] --START--
INFO: Run Behavior\ReadHtmlCacheBehavior [ RunTime:0.001000s ]
INFO: [ app_begin ] --END-- [ RunTime:0.002000s ]
SQL: SHOW COLUMNS FROM `33hao_vr_goods` [ RunTime:0.0060s ]
SQL: SELECT `goods_id`,`goods_name`,`goods_price`,`goods_promotion_price` FROM `33hao_vr_goods` WHERE `goods_id` = 0 LIMIT 1   [ RunTime:0.0010s ]
NOTIC: [8] Undefined index: goods_id D:\WWW\mxsh\Application\Home\Controller\CartController.class.php 第 78 行.
NOTIC: [8] Undefined index: goods_id D:\WWW\mxsh\Application\Home\Controller\CartController.class.php 第 103 行.
INFO: [ app_end ] --START--
INFO: Run Behavior\ShowPageTraceBehavior [ RunTime:0.001000s ]
INFO: [ app_end ] --END-- [ RunTime:0.001000s ]

[ 2016-07-03T17:21:20+08:00 ] 127.0.0.1 /index.php/Home/Cart/addCart.html?goods_id=
INFO: [ app_begin ] --START--
INFO: Run Behavior\ReadHtmlCacheBehavior [ RunTime:0.002000s ]
INFO: [ app_begin ] --END-- [ RunTime:0.003000s ]
SQL: SHOW COLUMNS FROM `33hao_vr_goods` [ RunTime:0.0050s ]
SQL: SELECT `goods_id`,`goods_name`,`goods_price`,`goods_promotion_price` FROM `33hao_vr_goods` WHERE `goods_id` = 0 LIMIT 1   [ RunTime:0.0010s ]
NOTIC: [8] Undefined index: goods_id D:\WWW\mxsh\Application\Home\Controller\CartController.class.php 第 78 行.
NOTIC: [8] Undefined index: goods_id D:\WWW\mxsh\Application\Home\Controller\CartController.class.php 第 103 行.
INFO: [ app_end ] --START--
INFO: Run Behavior\ShowPageTraceBehavior [ RunTime:0.001000s ]
INFO: [ app_end ] --END-- [ RunTime:0.001000s ]

[ 2016-07-03T17:21:26+08:00 ] 127.0.0.1 /index.php/Home/Index/displayHistory/id/2.html
INFO: [ app_begin ] --START--
INFO: Run Behavior\ReadHtmlCacheBehavior [ RunTime:0.001000s ]
INFO: [ app_begin ] --END-- [ RunTime:0.002000s ]
SQL: SHOW COLUMNS FROM `33hao_vr_goods` [ RunTime:0.0060s ]
SQL: SELECT `goods_id`,`goods_name`,`goods_price`,`goods_promotion_price` FROM `33hao_vr_goods` WHERE `goods_id` IN ('2','4','1') ORDER BY FIELD(goods_id,2,4,1)  [ RunTime:0.0000s ]
INFO: [ app_end ] --START--
INFO: Run Behavior\ShowPageTraceBehavior [ RunTime:0.002000s ]
INFO: [ app_end ] --END-- [ RunTime:0.002000s ]

[ 2016-07-03T17:21:27+08:00 ] 127.0.0.1 /index.php/Home/Index/addrajax.html?page=1&id=2
INFO: [ app_begin ] --START--
INFO: Run Behavior\ReadHtmlCacheBehavior [ RunTime:0.001000s ]
INFO: [ app_begin ] --END-- [ RunTime:0.002000s ]
SQL: SHOW COLUMNS FROM `33hao_vr_goods_address` [ RunTime:0.0050s ]
SQL: SELECT * FROM `33hao_vr_goods_address` WHERE `goods_commonid` = '2' LIMIT 0,3   [ RunTime:0.0010s ]
INFO: [ app_end ] --START--
INFO: Run Behavior\ShowPageTraceBehavior [ RunTime:0.001000s ]
INFO: [ app_end ] --END-- [ RunTime:0.001000s ]

[ 2016-07-03T17:21:28+08:00 ] 127.0.0.1 /index.php/Home/Cart/addCart.html?goods_id=
INFO: [ app_begin ] --START--
INFO: Run Behavior\ReadHtmlCacheBehavior [ RunTime:0.001000s ]
INFO: [ app_begin ] --END-- [ RunTime:0.002000s ]
SQL: SHOW COLUMNS FROM `33hao_vr_goods` [ RunTime:0.0050s ]
SQL: SELECT `goods_id`,`goods_name`,`goods_price`,`goods_promotion_price` FROM `33hao_vr_goods` WHERE `goods_id` = 0 LIMIT 1   [ RunTime:0.0000s ]
NOTIC: [8] Undefined index: goods_id D:\WWW\mxsh\Application\Home\Controller\CartController.class.php 第 78 行.
NOTIC: [8] Undefined index: goods_id D:\WWW\mxsh\Application\Home\Controller\CartController.class.php 第 103 行.
INFO: [ app_end ] --START--
INFO: Run Behavior\ShowPageTraceBehavior [ RunTime:0.001000s ]
INFO: [ app_end ] --END-- [ RunTime:0.001000s ]

[ 2016-07-03T17:24:32+08:00 ] 127.0.0.1 /index.php/Home/Index/displayHistory/id/4.html
INFO: [ app_begin ] --START--
INFO: Run Behavior\ReadHtmlCacheBehavior [ RunTime:0.001000s ]
INFO: [ app_begin ] --END-- [ RunTime:0.002000s ]
SQL: SHOW COLUMNS FROM `33hao_vr_goods` [ RunTime:0.0050s ]
SQL: SELECT `goods_id`,`goods_name`,`goods_price`,`goods_promotion_price` FROM `33hao_vr_goods` WHERE `goods_id` IN ('4','2','1') ORDER BY FIELD(goods_id,4,2,1)  [ RunTime:0.0000s ]
INFO: [ app_end ] --START--
INFO: Run Behavior\ShowPageTraceBehavior [ RunTime:0.002000s ]
INFO: [ app_end ] --END-- [ RunTime:0.002000s ]

[ 2016-07-03T17:24:33+08:00 ] 127.0.0.1 /index.php/Home/Index/addrajax.html?page=1&id=4
INFO: [ app_begin ] --START--
INFO: Run Behavior\ReadHtmlCacheBehavior [ RunTime:0.004000s ]
INFO: [ app_begin ] --END-- [ RunTime:0.008000s ]
SQL: SHOW COLUMNS FROM `33hao_vr_goods_address` [ RunTime:0.0040s ]
SQL: SELECT * FROM `33hao_vr_goods_address` WHERE `goods_commonid` = '4' LIMIT 0,3   [ RunTime:0.0000s ]
INFO: [ app_end ] --START--
INFO: Run Behavior\ShowPageTraceBehavior [ RunTime:0.001000s ]
INFO: [ app_end ] --END-- [ RunTime:0.001000s ]

[ 2016-07-03T17:24:34+08:00 ] 127.0.0.1 /index.php/Home/Cart/addCart.html?goods_id=4
INFO: [ app_begin ] --START--
INFO: Run Behavior\ReadHtmlCacheBehavior [ RunTime:0.001000s ]
INFO: [ app_begin ] --END-- [ RunTime:0.002000s ]
SQL: SHOW COLUMNS FROM `33hao_vr_goods` [ RunTime:0.0060s ]
SQL: SELECT `goods_id`,`goods_name`,`goods_price`,`goods_promotion_price` FROM `33hao_vr_goods` WHERE `goods_id` = 4 LIMIT 1   [ RunTime:0.0000s ]
NOTIC: [8] Undefined index: goods_id D:\WWW\mxsh\Application\Home\Controller\CartController.class.php 第 78 行.
INFO: [ app_end ] --START--
INFO: Run Behavior\ShowPageTraceBehavior [ RunTime:0.001000s ]
INFO: [ app_end ] --END-- [ RunTime:0.001000s ]

[ 2016-07-03T17:24:38+08:00 ] 127.0.0.1 /index.php/home/cart/delCart.html?cookie_cart_index=0
INFO: [ app_begin ] --START--
INFO: Run Behavior\ReadHtmlCacheBehavior [ RunTime:0.001000s ]
INFO: [ app_begin ] --END-- [ RunTime:0.002000s ]
INFO: [ app_end ] --START--
INFO: Run Behavior\ShowPageTraceBehavior [ RunTime:0.001000s ]
INFO: [ app_end ] --END-- [ RunTime:0.001000s ]

[ 2016-07-03T17:24:42+08:00 ] 127.0.0.1 /index.php/Home/Index/displayHistory/id/4.html
INFO: [ app_begin ] --START--
INFO: Run Behavior\ReadHtmlCacheBehavior [ RunTime:0.001000s ]
INFO: [ app_begin ] --END-- [ RunTime:0.002000s ]
SQL: SHOW COLUMNS FROM `33hao_vr_goods` [ RunTime:0.0060s ]
SQL: SELECT `goods_id`,`goods_name`,`goods_price`,`goods_promotion_price` FROM `33hao_vr_goods` WHERE `goods_id` IN ('4','2','1') ORDER BY FIELD(goods_id,4,2,1)  [ RunTime:0.0000s ]
INFO: [ app_end ] --START--
INFO: Run Behavior\ShowPageTraceBehavior [ RunTime:0.001000s ]
INFO: [ app_end ] --END-- [ RunTime:0.001000s ]

[ 2016-07-03T17:24:43+08:00 ] 127.0.0.1 /index.php/Home/Index/addrajax.html?page=1&id=4
INFO: [ app_begin ] --START--
INFO: Run Behavior\ReadHtmlCacheBehavior [ RunTime:0.001000s ]
INFO: [ app_begin ] --END-- [ RunTime:0.002000s ]
SQL: SHOW COLUMNS FROM `33hao_vr_goods_address` [ RunTime:0.0050s ]
SQL: SELECT * FROM `33hao_vr_goods_address` WHERE `goods_commonid` = '4' LIMIT 0,3   [ RunTime:0.0000s ]
INFO: [ app_end ] --START--
INFO: Run Behavior\ShowPageTraceBehavior [ RunTime:0.002000s ]
INFO: [ app_end ] --END-- [ RunTime:0.002000s ]

[ 2016-07-03T17:24:44+08:00 ] 127.0.0.1 /index.php/Home/Cart/addCart.html?goods_id=4
INFO: [ app_begin ] --START--
INFO: Run Behavior\ReadHtmlCacheBehavior [ RunTime:0.001000s ]
INFO: [ app_begin ] --END-- [ RunTime:0.002000s ]
SQL: SHOW COLUMNS FROM `33hao_vr_goods` [ RunTime:0.0060s ]
SQL: SELECT `goods_id`,`goods_name`,`goods_price`,`goods_promotion_price` FROM `33hao_vr_goods` WHERE `goods_id` = 4 LIMIT 1   [ RunTime:0.0000s ]
INFO: [ app_end ] --START--
INFO: Run Behavior\ShowPageTraceBehavior [ RunTime:0.002000s ]
INFO: [ app_end ] --END-- [ RunTime:0.002000s ]

[ 2016-07-03T17:24:53+08:00 ] 127.0.0.1 /index.php/Home/Index/displayHistory/id/1.html
INFO: [ app_begin ] --START--
INFO: Run Behavior\ReadHtmlCacheBehavior [ RunTime:0.000000s ]
INFO: [ app_begin ] --END-- [ RunTime:0.001000s ]
SQL: SHOW COLUMNS FROM `33hao_vr_goods` [ RunTime:0.0050s ]
SQL: SELECT `goods_id`,`goods_name`,`goods_price`,`goods_promotion_price` FROM `33hao_vr_goods` WHERE `goods_id` IN ('1','4','2') ORDER BY FIELD(goods_id,1,4,2)  [ RunTime:0.0000s ]
INFO: [ app_end ] --START--
INFO: Run Behavior\ShowPageTraceBehavior [ RunTime:0.002000s ]
INFO: [ app_end ] --END-- [ RunTime:0.002000s ]

[ 2016-07-03T17:24:54+08:00 ] 127.0.0.1 /index.php/Home/Index/addrajax.html?page=1&id=1
INFO: [ app_begin ] --START--
INFO: Run Behavior\ReadHtmlCacheBehavior [ RunTime:0.001000s ]
INFO: [ app_begin ] --END-- [ RunTime:0.002000s ]
SQL: SHOW COLUMNS FROM `33hao_vr_goods_address` [ RunTime:0.0060s ]
SQL: SELECT * FROM `33hao_vr_goods_address` WHERE `goods_commonid` = '1' LIMIT 0,3   [ RunTime:0.0000s ]
INFO: [ app_end ] --START--
INFO: Run Behavior\ShowPageTraceBehavior [ RunTime:0.001000s ]
INFO: [ app_end ] --END-- [ RunTime:0.001000s ]

[ 2016-07-03T17:24:56+08:00 ] 127.0.0.1 /index.php/Home/Cart/addCart.html?goods_id=1
INFO: [ app_begin ] --START--
INFO: Run Behavior\ReadHtmlCacheBehavior [ RunTime:0.001000s ]
INFO: [ app_begin ] --END-- [ RunTime:0.002000s ]
SQL: SHOW COLUMNS FROM `33hao_vr_goods` [ RunTime:0.0050s ]
SQL: SELECT `goods_id`,`goods_name`,`goods_price`,`goods_promotion_price` FROM `33hao_vr_goods` WHERE `goods_id` = 1 LIMIT 1   [ RunTime:0.0000s ]
INFO: [ app_end ] --START--
INFO: Run Behavior\ShowPageTraceBehavior [ RunTime:0.001000s ]
INFO: [ app_end ] --END-- [ RunTime:0.001000s ]

[ 2016-07-03T17:25:02+08:00 ] 127.0.0.1 /index.php/Home/Index/displayHistory/id/1.html
INFO: [ app_begin ] --START--
INFO: Run Behavior\ReadHtmlCacheBehavior [ RunTime:0.001000s ]
INFO: [ app_begin ] --END-- [ RunTime:0.004000s ]
SQL: SHOW COLUMNS FROM `33hao_vr_goods` [ RunTime:0.0060s ]
SQL: SELECT `goods_id`,`goods_name`,`goods_price`,`goods_promotion_price` FROM `33hao_vr_goods` WHERE `goods_id` IN ('1','4','2') ORDER BY FIELD(goods_id,1,4,2)  [ RunTime:0.0000s ]
INFO: [ app_end ] --START--
INFO: Run Behavior\ShowPageTraceBehavior [ RunTime:0.001000s ]
INFO: [ app_end ] --END-- [ RunTime:0.001000s ]

[ 2016-07-03T17:25:03+08:00 ] 127.0.0.1 /index.php/Home/Index/addrajax.html?page=1&id=1
INFO: [ app_begin ] --START--
INFO: Run Behavior\ReadHtmlCacheBehavior [ RunTime:0.001000s ]
INFO: [ app_begin ] --END-- [ RunTime:0.002000s ]
SQL: SHOW COLUMNS FROM `33hao_vr_goods_address` [ RunTime:0.0050s ]
SQL: SELECT * FROM `33hao_vr_goods_address` WHERE `goods_commonid` = '1' LIMIT 0,3   [ RunTime:0.0000s ]
INFO: [ app_end ] --START--
INFO: Run Behavior\ShowPageTraceBehavior [ RunTime:0.001000s ]
INFO: [ app_end ] --END-- [ RunTime:0.001000s ]

[ 2016-07-03T17:25:06+08:00 ] 127.0.0.1 /index.php/Home/Index/displayHistory/id/1.html
INFO: [ app_begin ] --START--
INFO: Run Behavior\ReadHtmlCacheBehavior [ RunTime:0.000000s ]
INFO: [ app_begin ] --END-- [ RunTime:0.001000s ]
SQL: SHOW COLUMNS FROM `33hao_vr_goods` [ RunTime:0.0080s ]
SQL: SELECT `goods_id`,`goods_name`,`goods_price`,`goods_promotion_price` FROM `33hao_vr_goods` WHERE `goods_id` IN ('1','4','2') ORDER BY FIELD(goods_id,1,4,2)  [ RunTime:0.0010s ]
INFO: [ app_end ] --START--
INFO: Run Behavior\ShowPageTraceBehavior [ RunTime:0.001000s ]
INFO: [ app_end ] --END-- [ RunTime:0.001000s ]

[ 2016-07-03T17:25:07+08:00 ] 127.0.0.1 /index.php/Home/Index/addrajax.html?page=1&id=1
INFO: [ app_begin ] --START--
INFO: Run Behavior\ReadHtmlCacheBehavior [ RunTime:0.002000s ]
INFO: [ app_begin ] --END-- [ RunTime:0.003000s ]
SQL: SHOW COLUMNS FROM `33hao_vr_goods_address` [ RunTime:0.0060s ]
SQL: SELECT * FROM `33hao_vr_goods_address` WHERE `goods_commonid` = '1' LIMIT 0,3   [ RunTime:0.0010s ]
INFO: [ app_end ] --START--
INFO: Run Behavior\ShowPageTraceBehavior [ RunTime:0.002000s ]
INFO: [ app_end ] --END-- [ RunTime:0.002000s ]

[ 2016-07-03T17:25:14+08:00 ] 127.0.0.1 /index.php/Home/Index/displayHistory/id/4.html
INFO: [ app_begin ] --START--
INFO: Run Behavior\ReadHtmlCacheBehavior [ RunTime:0.001000s ]
INFO: [ app_begin ] --END-- [ RunTime:0.002000s ]
SQL: SHOW COLUMNS FROM `33hao_vr_goods` [ RunTime:0.0050s ]
SQL: SELECT `goods_id`,`goods_name`,`goods_price`,`goods_promotion_price` FROM `33hao_vr_goods` WHERE `goods_id` IN ('4','1','2') ORDER BY FIELD(goods_id,4,1,2)  [ RunTime:0.0010s ]
INFO: [ app_end ] --START--
INFO: Run Behavior\ShowPageTraceBehavior [ RunTime:0.001000s ]
INFO: [ app_end ] --END-- [ RunTime:0.001000s ]

[ 2016-07-03T17:25:16+08:00 ] 127.0.0.1 /index.php/Home/Index/addrajax.html?page=1&id=4
INFO: [ app_begin ] --START--
INFO: Run Behavior\ReadHtmlCacheBehavior [ RunTime:0.001000s ]
INFO: [ app_begin ] --END-- [ RunTime:0.002000s ]
SQL: SHOW COLUMNS FROM `33hao_vr_goods_address` [ RunTime:0.0050s ]
SQL: SELECT * FROM `33hao_vr_goods_address` WHERE `goods_commonid` = '4' LIMIT 0,3   [ RunTime:0.0000s ]
INFO: [ app_end ] --START--
INFO: Run Behavior\ShowPageTraceBehavior [ RunTime:0.002000s ]
INFO: [ app_end ] --END-- [ RunTime:0.002000s ]

[ 2016-07-03T17:36:42+08:00 ] 127.0.0.1 /index.php/Home/Index/displayHistory/id/4.html
INFO: [ app_begin ] --START--
INFO: Run Behavior\ReadHtmlCacheBehavior [ RunTime:0.001000s ]
INFO: [ app_begin ] --END-- [ RunTime:0.001000s ]
SQL: SHOW COLUMNS FROM `33hao_vr_goods` [ RunTime:0.0050s ]
SQL: SELECT `goods_id`,`goods_name`,`goods_price`,`goods_promotion_price` FROM `33hao_vr_goods` WHERE `goods_id` IN ('4','1','2') ORDER BY FIELD(goods_id,4,1,2)  [ RunTime:0.0000s ]
INFO: [ app_end ] --START--
INFO: Run Behavior\ShowPageTraceBehavior [ RunTime:0.002000s ]
INFO: [ app_end ] --END-- [ RunTime:0.002000s ]

[ 2016-07-03T17:36:43+08:00 ] 127.0.0.1 /index.php/Home/Index/addrajax.html?page=1&id=4
INFO: [ app_begin ] --START--
INFO: Run Behavior\ReadHtmlCacheBehavior [ RunTime:0.001000s ]
INFO: [ app_begin ] --END-- [ RunTime:0.002000s ]
SQL: SHOW COLUMNS FROM `33hao_vr_goods_address` [ RunTime:0.0050s ]
SQL: SELECT * FROM `33hao_vr_goods_address` WHERE `goods_commonid` = '4' LIMIT 0,3   [ RunTime:0.0000s ]
INFO: [ app_end ] --START--
INFO: Run Behavior\ShowPageTraceBehavior [ RunTime:0.002000s ]
INFO: [ app_end ] --END-- [ RunTime:0.002000s ]

[ 2016-07-03T17:36:45+08:00 ] 127.0.0.1 /index.php/Home/Cart/addCart.html?goods_id=4
INFO: [ app_begin ] --START--
INFO: Run Behavior\ReadHtmlCacheBehavior [ RunTime:0.001000s ]
INFO: [ app_begin ] --END-- [ RunTime:0.001000s ]
SQL: SHOW COLUMNS FROM `33hao_vr_goods` [ RunTime:0.0060s ]
SQL: SELECT `goods_id`,`goods_name`,`goods_price`,`goods_promotion_price` FROM `33hao_vr_goods` WHERE `goods_id` = 4 LIMIT 1   [ RunTime:0.0000s ]
INFO: [ app_end ] --START--
INFO: Run Behavior\ShowPageTraceBehavior [ RunTime:0.001000s ]
INFO: [ app_end ] --END-- [ RunTime:0.001000s ]

[ 2016-07-03T17:37:09+08:00 ] 127.0.0.1 /index.php/Home/Cart/addCart.html?goods_id=4
INFO: [ app_begin ] --START--
INFO: Run Behavior\ReadHtmlCacheBehavior [ RunTime:0.001000s ]
INFO: [ app_begin ] --END-- [ RunTime:0.002000s ]

[ 2016-07-03T17:37:56+08:00 ] 127.0.0.1 /index.php/Home/Cart/addCart.html?goods_id=4
INFO: [ app_begin ] --START--
INFO: Run Behavior\ReadHtmlCacheBehavior [ RunTime:0.000000s ]
INFO: [ app_begin ] --END-- [ RunTime:0.001000s ]

[ 2016-07-03T17:39:33+08:00 ] 127.0.0.1 /index.php/Home/Cart/addCart.html?goods_id=4
INFO: [ app_begin ] --START--
INFO: Run Behavior\ReadHtmlCacheBehavior [ RunTime:0.001000s ]
INFO: [ app_begin ] --END-- [ RunTime:0.001000s ]
SQL: SHOW COLUMNS FROM `33hao_vr_goods` [ RunTime:0.0050s ]
SQL: SELECT `goods_id`,`goods_name`,`goods_price`,`goods_promotion_price` FROM `33hao_vr_goods` WHERE `goods_id` = 4 LIMIT 1   [ RunTime:0.0010s ]
INFO: [ app_end ] --START--
INFO: Run Behavior\ShowPageTraceBehavior [ RunTime:0.001000s ]
INFO: [ app_end ] --END-- [ RunTime:0.001000s ]

[ 2016-07-03T17:39:44+08:00 ] 127.0.0.1 /index.php/Home/Cart/addCart.html?goods_id=4
INFO: [ app_begin ] --START--
INFO: Run Behavior\ReadHtmlCacheBehavior [ RunTime:0.001000s ]
INFO: [ app_begin ] --END-- [ RunTime:0.001000s ]
SQL: SHOW COLUMNS FROM `33hao_vr_goods` [ RunTime:0.0060s ]
SQL: SELECT `goods_id`,`goods_name`,`goods_price`,`goods_promotion_price` FROM `33hao_vr_goods` WHERE `goods_id` = 4 LIMIT 1   [ RunTime:0.0010s ]
INFO: [ app_end ] --START--
INFO: Run Behavior\ShowPageTraceBehavior [ RunTime:0.001000s ]
INFO: [ app_end ] --END-- [ RunTime:0.001000s ]

[ 2016-07-03T17:39:57+08:00 ] 127.0.0.1 /index.php/Home/Cart/addCart.html?goods_id=4
INFO: [ app_begin ] --START--
INFO: Run Behavior\ReadHtmlCacheBehavior [ RunTime:0.001000s ]
INFO: [ app_begin ] --END-- [ RunTime:0.001000s ]
SQL: SHOW COLUMNS FROM `33hao_vr_goods` [ RunTime:0.0060s ]
SQL: SELECT `goods_id`,`goods_name`,`goods_price`,`goods_promotion_price` FROM `33hao_vr_goods` WHERE `goods_id` = 4 LIMIT 1   [ RunTime:0.0010s ]
INFO: [ app_end ] --START--
INFO: Run Behavior\ShowPageTraceBehavior [ RunTime:0.001000s ]
INFO: [ app_end ] --END-- [ RunTime:0.001000s ]

[ 2016-07-03T17:49:16+08:00 ] 127.0.0.1 /index.php/Home/Cart/addCart.html?goods_id=4
INFO: [ app_begin ] --START--
INFO: Run Behavior\ReadHtmlCacheBehavior [ RunTime:0.001000s ]
INFO: [ app_begin ] --END-- [ RunTime:0.002000s ]
SQL: SHOW COLUMNS FROM `33hao_vr_goods` [ RunTime:0.0060s ]
SQL: SELECT `goods_id`,`goods_name`,`goods_price`,`goods_promotion_price` FROM `33hao_vr_goods` WHERE `goods_id` = 4 LIMIT 1   [ RunTime:0.0000s ]
INFO: [ app_end ] --START--
INFO: Run Behavior\ShowPageTraceBehavior [ RunTime:0.002000s ]
INFO: [ app_end ] --END-- [ RunTime:0.002000s ]

[ 2016-07-03T17:49:32+08:00 ] 127.0.0.1 /index.php/Home/Cart/addCart.html?goods_id=4
INFO: [ app_begin ] --START--
INFO: Run Behavior\ReadHtmlCacheBehavior [ RunTime:0.000000s ]
INFO: [ app_begin ] --END-- [ RunTime:0.001000s ]
SQL: SHOW COLUMNS FROM `33hao_vr_goods` [ RunTime:0.0050s ]
SQL: SELECT `goods_id`,`goods_name`,`goods_price`,`goods_promotion_price` FROM `33hao_vr_goods` WHERE `goods_id` = 4 LIMIT 1   [ RunTime:0.0000s ]
INFO: [ app_end ] --START--
INFO: Run Behavior\ShowPageTraceBehavior [ RunTime:0.001000s ]
INFO: [ app_end ] --END-- [ RunTime:0.001000s ]

[ 2016-07-03T17:57:27+08:00 ] 127.0.0.1 /index.php/Home/Index/displayHistory/id/4.html
INFO: [ app_begin ] --START--
INFO: Run Behavior\ReadHtmlCacheBehavior [ RunTime:0.001000s ]
INFO: [ app_begin ] --END-- [ RunTime:0.002000s ]
SQL: SHOW COLUMNS FROM `33hao_vr_goods` [ RunTime:0.0070s ]
SQL: SELECT `goods_id`,`goods_name`,`goods_price`,`goods_promotion_price` FROM `33hao_vr_goods` WHERE `goods_id` IN ('4','1','2') ORDER BY FIELD(goods_id,4,1,2)  [ RunTime:0.0010s ]
INFO: [ app_end ] --START--
INFO: Run Behavior\ShowPageTraceBehavior [ RunTime:0.001000s ]
INFO: [ app_end ] --END-- [ RunTime:0.001000s ]

[ 2016-07-03T17:57:28+08:00 ] 127.0.0.1 /index.php/Home/Index/addrajax.html?page=1&id=4
INFO: [ app_begin ] --START--
INFO: Run Behavior\ReadHtmlCacheBehavior [ RunTime:0.001000s ]
INFO: [ app_begin ] --END-- [ RunTime:0.001000s ]
SQL: SHOW COLUMNS FROM `33hao_vr_goods_address` [ RunTime:0.0060s ]
SQL: SELECT * FROM `33hao_vr_goods_address` WHERE `goods_commonid` = '4' LIMIT 0,3   [ RunTime:0.0000s ]
INFO: [ app_end ] --START--
INFO: Run Behavior\ShowPageTraceBehavior [ RunTime:0.002000s ]
INFO: [ app_end ] --END-- [ RunTime:0.002000s ]

[ 2016-07-03T17:57:30+08:00 ] 127.0.0.1 /index.php/Home/Cart/addCart.html?goods_id=4
INFO: [ app_begin ] --START--
INFO: Run Behavior\ReadHtmlCacheBehavior [ RunTime:0.000000s ]
INFO: [ app_begin ] --END-- [ RunTime:0.001000s ]
SQL: SHOW COLUMNS FROM `33hao_vr_goods` [ RunTime:0.0060s ]
SQL: SELECT `goods_id`,`goods_name`,`goods_price`,`goods_promotion_price` FROM `33hao_vr_goods` WHERE `goods_id` = 4 LIMIT 1   [ RunTime:0.0000s ]
INFO: [ app_end ] --START--
INFO: Run Behavior\ShowPageTraceBehavior [ RunTime:0.001000s ]
INFO: [ app_end ] --END-- [ RunTime:0.001000s ]

[ 2016-07-03T17:57:35+08:00 ] 127.0.0.1 /index.php/Home/Cart/addCart.html?goods_id=4
INFO: [ app_begin ] --START--
INFO: Run Behavior\ReadHtmlCacheBehavior [ RunTime:0.001000s ]
INFO: [ app_begin ] --END-- [ RunTime:0.001000s ]
SQL: SHOW COLUMNS FROM `33hao_vr_goods` [ RunTime:0.0060s ]
SQL: SELECT `goods_id`,`goods_name`,`goods_price`,`goods_promotion_price` FROM `33hao_vr_goods` WHERE `goods_id` = 4 LIMIT 1   [ RunTime:0.0000s ]
INFO: [ app_end ] --START--
INFO: Run Behavior\ShowPageTraceBehavior [ RunTime:0.002000s ]
INFO: [ app_end ] --END-- [ RunTime:0.002000s ]

[ 2016-07-03T17:57:39+08:00 ] 127.0.0.1 /index.php/Home/Cart/addCart.html?goods_id=4
INFO: [ app_begin ] --START--
INFO: Run Behavior\ReadHtmlCacheBehavior [ RunTime:0.000000s ]
INFO: [ app_begin ] --END-- [ RunTime:0.001000s ]
SQL: SHOW COLUMNS FROM `33hao_vr_goods` [ RunTime:0.0060s ]
SQL: SELECT `goods_id`,`goods_name`,`goods_price`,`goods_promotion_price` FROM `33hao_vr_goods` WHERE `goods_id` = 4 LIMIT 1   [ RunTime:0.0010s ]
INFO: [ app_end ] --START--
INFO: Run Behavior\ShowPageTraceBehavior [ RunTime:0.001000s ]
INFO: [ app_end ] --END-- [ RunTime:0.001000s ]

[ 2016-07-03T17:57:40+08:00 ] 127.0.0.1 /index.php/Home/Cart/addCart.html?goods_id=4
INFO: [ app_begin ] --START--
INFO: Run Behavior\ReadHtmlCacheBehavior [ RunTime:0.001000s ]
INFO: [ app_begin ] --END-- [ RunTime:0.002000s ]
SQL: SHOW COLUMNS FROM `33hao_vr_goods` [ RunTime:0.0060s ]
SQL: SELECT `goods_id`,`goods_name`,`goods_price`,`goods_promotion_price` FROM `33hao_vr_goods` WHERE `goods_id` = 4 LIMIT 1   [ RunTime:0.0010s ]
INFO: [ app_end ] --START--
INFO: Run Behavior\ShowPageTraceBehavior [ RunTime:0.001000s ]
INFO: [ app_end ] --END-- [ RunTime:0.001000s ]

[ 2016-07-03T17:58:14+08:00 ] 127.0.0.1 /index.php/Home/Cart/addCart.html?goods_id=4
INFO: [ app_begin ] --START--
INFO: Run Behavior\ReadHtmlCacheBehavior [ RunTime:0.001000s ]
INFO: [ app_begin ] --END-- [ RunTime:0.001000s ]
SQL: SHOW COLUMNS FROM `33hao_vr_goods` [ RunTime:0.0080s ]
SQL: SELECT `goods_id`,`goods_name`,`goods_price`,`goods_promotion_price` FROM `33hao_vr_goods` WHERE `goods_id` = 4 LIMIT 1   [ RunTime:0.0010s ]
INFO: [ app_end ] --START--
INFO: Run Behavior\ShowPageTraceBehavior [ RunTime:0.001000s ]
INFO: [ app_end ] --END-- [ RunTime:0.001000s ]

[ 2016-07-03T17:58:25+08:00 ] 127.0.0.1 /index.php/Home/Index/displayHistory/id/1.html
INFO: [ app_begin ] --START--
INFO: Run Behavior\ReadHtmlCacheBehavior [ RunTime:0.002000s ]
INFO: [ app_begin ] --END-- [ RunTime:0.004000s ]
SQL: SHOW COLUMNS FROM `33hao_vr_goods` [ RunTime:0.0060s ]
SQL: SELECT `goods_id`,`goods_name`,`goods_price`,`goods_promotion_price` FROM `33hao_vr_goods` WHERE `goods_id` IN ('1','4','2') ORDER BY FIELD(goods_id,1,4,2)  [ RunTime:0.0010s ]
INFO: [ app_end ] --START--
INFO: Run Behavior\ShowPageTraceBehavior [ RunTime:0.001000s ]
INFO: [ app_end ] --END-- [ RunTime:0.001000s ]

[ 2016-07-03T17:58:26+08:00 ] 127.0.0.1 /index.php/Home/Index/addrajax.html?page=1&id=1
INFO: [ app_begin ] --START--
INFO: Run Behavior\ReadHtmlCacheBehavior [ RunTime:0.001000s ]
INFO: [ app_begin ] --END-- [ RunTime:0.002000s ]
SQL: SHOW COLUMNS FROM `33hao_vr_goods_address` [ RunTime:0.0050s ]
SQL: SELECT * FROM `33hao_vr_goods_address` WHERE `goods_commonid` = '1' LIMIT 0,3   [ RunTime:0.0000s ]
INFO: [ app_end ] --START--
INFO: Run Behavior\ShowPageTraceBehavior [ RunTime:0.001000s ]
INFO: [ app_end ] --END-- [ RunTime:0.002000s ]

[ 2016-07-03T17:58:27+08:00 ] 127.0.0.1 /index.php/Home/Cart/addCart.html?goods_id=1
INFO: [ app_begin ] --START--
INFO: Run Behavior\ReadHtmlCacheBehavior [ RunTime:0.001000s ]
INFO: [ app_begin ] --END-- [ RunTime:0.002000s ]
SQL: SHOW COLUMNS FROM `33hao_vr_goods` [ RunTime:0.0060s ]
SQL: SELECT `goods_id`,`goods_name`,`goods_price`,`goods_promotion_price` FROM `33hao_vr_goods` WHERE `goods_id` = 1 LIMIT 1   [ RunTime:0.0000s ]
INFO: [ app_end ] --START--
INFO: Run Behavior\ShowPageTraceBehavior [ RunTime:0.001000s ]
INFO: [ app_end ] --END-- [ RunTime:0.001000s ]

[ 2016-07-03T17:58:31+08:00 ] 127.0.0.1 /index.php/Home/Cart/addCart.html?goods_id=1
INFO: [ app_begin ] --START--
INFO: Run Behavior\ReadHtmlCacheBehavior [ RunTime:0.000000s ]
INFO: [ app_begin ] --END-- [ RunTime:0.002000s ]
SQL: SHOW COLUMNS FROM `33hao_vr_goods` [ RunTime:0.0090s ]
SQL: SELECT `goods_id`,`goods_name`,`goods_price`,`goods_promotion_price` FROM `33hao_vr_goods` WHERE `goods_id` = 1 LIMIT 1   [ RunTime:0.0010s ]
INFO: [ app_end ] --START--
INFO: Run Behavior\ShowPageTraceBehavior [ RunTime:0.001000s ]
INFO: [ app_end ] --END-- [ RunTime:0.001000s ]

