[ 2016-07-11T08:35:20+08:00 ] 127.0.0.1 /index.php/
ERR: SQLSTATE[HY000] [1045] Access denied for user 'root'@'localhost' (using password: YES)

[ 2016-07-11T08:38:56+08:00 ] 127.0.0.1 /index.php/Home/Index/displayHistory/id/1.html
INFO: [ app_begin ] --START--
INFO: Run Behavior\ReadHtmlCacheBehavior [ RunTime:0.001000s ]
INFO: [ app_begin ] --END-- [ RunTime:0.001000s ]
SQL: SHOW COLUMNS FROM `33hao_goods_class` [ RunTime:0.0060s ]
SQL: SHOW COLUMNS FROM `33hao_member` [ RunTime:0.0060s ]
SQL: SELECT * FROM `33hao_member` WHERE `member_id` = 4 LIMIT 1   [ RunTime:0.0000s ]
SQL: SHOW COLUMNS FROM `33hao_vr_goods` [ RunTime:0.0070s ]
SQL: SELECT `goods_id`,`goods_name`,`goods_price`,`goods_promotion_price` FROM `33hao_vr_goods` WHERE `goods_id` IN ('1','3','2') ORDER BY FIELD(goods_id,1,3,2)  [ RunTime:0.0000s ]
INFO: [ app_end ] --START--
INFO: Run Behavior\ShowPageTraceBehavior [ RunTime:0.001000s ]
INFO: [ app_end ] --END-- [ RunTime:0.001000s ]

[ 2016-07-11T08:38:57+08:00 ] 127.0.0.1 /index.php/Home/Index/addrajax.html?page=1&id=1
INFO: [ app_begin ] --START--
INFO: Run Behavior\ReadHtmlCacheBehavior [ RunTime:0.002000s ]
INFO: [ app_begin ] --END-- [ RunTime:0.002000s ]
SQL: SHOW COLUMNS FROM `33hao_goods_class` [ RunTime:0.0050s ]
SQL: SHOW COLUMNS FROM `33hao_member` [ RunTime:0.0060s ]
SQL: SELECT * FROM `33hao_member` WHERE `member_id` = 4 LIMIT 1   [ RunTime:0.0000s ]
SQL: SHOW COLUMNS FROM `33hao_vr_goods_address` [ RunTime:0.0050s ]
SQL: SELECT * FROM `33hao_vr_goods_address` WHERE `goods_commonid` = '1' LIMIT 0,3   [ RunTime:0.0010s ]
INFO: [ app_end ] --START--
INFO: Run Behavior\ShowPageTraceBehavior [ RunTime:0.001000s ]
INFO: [ app_end ] --END-- [ RunTime:0.001000s ]

[ 2016-07-11T08:39:11+08:00 ] 127.0.0.1 /index.php/Home/Index/displayHistory/id/1.html
INFO: [ app_begin ] --START--
INFO: Run Behavior\ReadHtmlCacheBehavior [ RunTime:0.001000s ]
INFO: [ app_begin ] --END-- [ RunTime:0.002000s ]
SQL: SHOW COLUMNS FROM `33hao_goods_class` [ RunTime:0.0050s ]
SQL: SHOW COLUMNS FROM `33hao_member` [ RunTime:0.0050s ]
SQL: SELECT * FROM `33hao_member` WHERE `member_id` = 4 LIMIT 1   [ RunTime:0.0000s ]
SQL: SHOW COLUMNS FROM `33hao_vr_goods` [ RunTime:0.0050s ]
SQL: SELECT `goods_id`,`goods_name`,`goods_price`,`goods_promotion_price` FROM `33hao_vr_goods` WHERE `goods_id` IN ('1','3','2') ORDER BY FIELD(goods_id,1,3,2)  [ RunTime:0.0000s ]
INFO: [ app_end ] --START--
INFO: Run Behavior\ShowPageTraceBehavior [ RunTime:0.001000s ]
INFO: [ app_end ] --END-- [ RunTime:0.001000s ]

[ 2016-07-11T08:39:12+08:00 ] 127.0.0.1 /index.php/Home/Index/addrajax.html?page=1&id=1
INFO: [ app_begin ] --START--
INFO: Run Behavior\ReadHtmlCacheBehavior [ RunTime:0.001000s ]
INFO: [ app_begin ] --END-- [ RunTime:0.001000s ]
SQL: SHOW COLUMNS FROM `33hao_goods_class` [ RunTime:0.0060s ]
SQL: SHOW COLUMNS FROM `33hao_member` [ RunTime:0.0060s ]
SQL: SELECT * FROM `33hao_member` WHERE `member_id` = 4 LIMIT 1   [ RunTime:0.0010s ]
SQL: SHOW COLUMNS FROM `33hao_vr_goods_address` [ RunTime:0.0050s ]
SQL: SELECT * FROM `33hao_vr_goods_address` WHERE `goods_commonid` = '1' LIMIT 0,3   [ RunTime:0.0000s ]
INFO: [ app_end ] --START--
INFO: Run Behavior\ShowPageTraceBehavior [ RunTime:0.000000s ]
INFO: [ app_end ] --END-- [ RunTime:0.000000s ]

[ 2016-07-11T08:39:34+08:00 ] 127.0.0.1 /index.php/home/cart/addCart.html?goods_id=1&goods_num=2&goods_name=%E5%A4%A7%E8%80%B3%E6%9C%BA&goods_price=100.00
INFO: [ app_begin ] --START--
INFO: Run Behavior\ReadHtmlCacheBehavior [ RunTime:0.001000s ]
INFO: [ app_begin ] --END-- [ RunTime:0.002000s ]
SQL: SHOW COLUMNS FROM `33hao_goods_class` [ RunTime:0.0050s ]
SQL: SHOW COLUMNS FROM `33hao_member` [ RunTime:0.0060s ]
SQL: SELECT * FROM `33hao_member` WHERE `member_id` = 4 LIMIT 1   [ RunTime:0.0010s ]
SQL: SHOW COLUMNS FROM `33hao_cart` [ RunTime:0.0050s ]
SQL: SELECT * FROM `33hao_cart` WHERE `store_id` = 1 AND `buyer_id` = 4 AND `goods_id` = 1 LIMIT 1   [ RunTime:0.0000s ]
SQL: INSERT INTO `33hao_cart` (`buyer_id`,`store_id`,`store_name`,`goods_id`,`goods_name`,`goods_price`,`goods_num`,`goods_image`) VALUES ('4','1','官方店铺','1','大耳机','100.00','2','1_04423412434387147.png') [ RunTime:0.0500s ]
INFO: [ app_end ] --START--
INFO: Run Behavior\ShowPageTraceBehavior [ RunTime:0.001000s ]
INFO: [ app_end ] --END-- [ RunTime:0.001000s ]

[ 2016-07-11T08:43:27+08:00 ] 127.0.0.1 /index.php/Home/Index/displayHistory/id/1.html
INFO: [ app_begin ] --START--
INFO: Run Behavior\ReadHtmlCacheBehavior [ RunTime:0.001000s ]
INFO: [ app_begin ] --END-- [ RunTime:0.002000s ]
SQL: SHOW COLUMNS FROM `33hao_goods_class` [ RunTime:0.0090s ]
SQL: SHOW COLUMNS FROM `33hao_member` [ RunTime:0.0080s ]
SQL: SELECT * FROM `33hao_member` WHERE `member_id` = 4 LIMIT 1   [ RunTime:0.0000s ]
SQL: SHOW COLUMNS FROM `33hao_vr_goods` [ RunTime:0.0060s ]
SQL: SELECT `goods_id`,`goods_name`,`goods_price`,`goods_promotion_price` FROM `33hao_vr_goods` WHERE `goods_id` IN ('1','3','2') ORDER BY FIELD(goods_id,1,3,2)  [ RunTime:0.0010s ]
INFO: [ app_end ] --START--
INFO: Run Behavior\ShowPageTraceBehavior [ RunTime:0.000000s ]
INFO: [ app_end ] --END-- [ RunTime:0.000000s ]

[ 2016-07-11T08:43:28+08:00 ] 127.0.0.1 /index.php/Home/Index/addrajax.html?page=1&id=1
INFO: [ app_begin ] --START--
INFO: Run Behavior\ReadHtmlCacheBehavior [ RunTime:0.000000s ]
INFO: [ app_begin ] --END-- [ RunTime:0.001000s ]
SQL: SHOW COLUMNS FROM `33hao_goods_class` [ RunTime:0.0060s ]
SQL: SHOW COLUMNS FROM `33hao_member` [ RunTime:0.0060s ]
SQL: SELECT * FROM `33hao_member` WHERE `member_id` = 4 LIMIT 1   [ RunTime:0.0010s ]
SQL: SHOW COLUMNS FROM `33hao_vr_goods_address` [ RunTime:0.0050s ]
SQL: SELECT * FROM `33hao_vr_goods_address` WHERE `goods_commonid` = '1' LIMIT 0,3   [ RunTime:0.0000s ]
INFO: [ app_end ] --START--
INFO: Run Behavior\ShowPageTraceBehavior [ RunTime:0.001000s ]
INFO: [ app_end ] --END-- [ RunTime:0.001000s ]

[ 2016-07-11T09:04:32+08:00 ] 127.0.0.1 /index.php/Home/Index/displayHistory/id/1.html
INFO: [ app_begin ] --START--
INFO: Run Behavior\ReadHtmlCacheBehavior [ RunTime:0.001000s ]
INFO: [ app_begin ] --END-- [ RunTime:0.002000s ]
SQL: SHOW COLUMNS FROM `33hao_goods_class` [ RunTime:0.0050s ]
SQL: SHOW COLUMNS FROM `33hao_member` [ RunTime:0.0060s ]
SQL: SELECT * FROM `33hao_member` WHERE `member_id` = 4 LIMIT 1   [ RunTime:0.0010s ]
SQL: SHOW COLUMNS FROM `33hao_vr_goods` [ RunTime:0.0070s ]
SQL: SELECT `goods_id`,`goods_name`,`goods_price`,`goods_promotion_price` FROM `33hao_vr_goods` WHERE `goods_id` IN ('1','3','2') ORDER BY FIELD(goods_id,1,3,2)  [ RunTime:0.0000s ]
INFO: [ app_end ] --START--
INFO: Run Behavior\ShowPageTraceBehavior [ RunTime:0.002000s ]
INFO: [ app_end ] --END-- [ RunTime:0.002000s ]

[ 2016-07-11T09:04:33+08:00 ] 127.0.0.1 /index.php/Home/Index/addrajax.html?page=1&id=1
INFO: [ app_begin ] --START--
INFO: Run Behavior\ReadHtmlCacheBehavior [ RunTime:0.001000s ]
INFO: [ app_begin ] --END-- [ RunTime:0.002000s ]
SQL: SHOW COLUMNS FROM `33hao_goods_class` [ RunTime:0.0060s ]
SQL: SHOW COLUMNS FROM `33hao_member` [ RunTime:0.0110s ]
SQL: SELECT * FROM `33hao_member` WHERE `member_id` = 4 LIMIT 1   [ RunTime:0.0030s ]
SQL: SHOW COLUMNS FROM `33hao_vr_goods_address` [ RunTime:0.0260s ]
SQL: SELECT * FROM `33hao_vr_goods_address` WHERE `goods_commonid` = '1' LIMIT 0,3   [ RunTime:0.0030s ]
INFO: [ app_end ] --START--
INFO: Run Behavior\ShowPageTraceBehavior [ RunTime:0.001000s ]
INFO: [ app_end ] --END-- [ RunTime:0.001000s ]

[ 2016-07-11T09:05:02+08:00 ] 127.0.0.1 /index.php/Home/Index/displayHistory/id/1.html
INFO: [ app_begin ] --START--
INFO: Run Behavior\ReadHtmlCacheBehavior [ RunTime:0.001000s ]
INFO: [ app_begin ] --END-- [ RunTime:0.002000s ]
SQL: SHOW COLUMNS FROM `33hao_goods_class` [ RunTime:0.0050s ]
SQL: SHOW COLUMNS FROM `33hao_member` [ RunTime:0.0050s ]
SQL: SELECT * FROM `33hao_member` WHERE `member_id` = 4 LIMIT 1   [ RunTime:0.0010s ]
SQL: SHOW COLUMNS FROM `33hao_vr_goods` [ RunTime:0.0060s ]
SQL: SELECT `goods_id`,`goods_name`,`goods_price`,`goods_promotion_price` FROM `33hao_vr_goods` WHERE `goods_id` IN ('1','3','2') ORDER BY FIELD(goods_id,1,3,2)  [ RunTime:0.0000s ]
INFO: [ app_end ] --START--
INFO: Run Behavior\ShowPageTraceBehavior [ RunTime:0.001000s ]
INFO: [ app_end ] --END-- [ RunTime:0.001000s ]

[ 2016-07-11T09:05:03+08:00 ] 127.0.0.1 /index.php/Home/Index/addrajax.html?page=1&id=1
INFO: [ app_begin ] --START--
INFO: Run Behavior\ReadHtmlCacheBehavior [ RunTime:0.001000s ]
INFO: [ app_begin ] --END-- [ RunTime:0.002000s ]
SQL: SHOW COLUMNS FROM `33hao_goods_class` [ RunTime:0.0050s ]
SQL: SHOW COLUMNS FROM `33hao_member` [ RunTime:0.0050s ]
SQL: SELECT * FROM `33hao_member` WHERE `member_id` = 4 LIMIT 1   [ RunTime:0.0010s ]
SQL: SHOW COLUMNS FROM `33hao_vr_goods_address` [ RunTime:0.0060s ]
SQL: SELECT * FROM `33hao_vr_goods_address` WHERE `goods_commonid` = '1' LIMIT 0,3   [ RunTime:0.0010s ]
INFO: [ app_end ] --START--
INFO: Run Behavior\ShowPageTraceBehavior [ RunTime:0.001000s ]
INFO: [ app_end ] --END-- [ RunTime:0.001000s ]

[ 2016-07-11T09:10:08+08:00 ] 127.0.0.1 /index.php/Home/Index/displayHistory/id/1.html
INFO: [ app_begin ] --START--
INFO: Run Behavior\ReadHtmlCacheBehavior [ RunTime:0.001000s ]
INFO: [ app_begin ] --END-- [ RunTime:0.002000s ]
SQL: SHOW COLUMNS FROM `33hao_goods_class` [ RunTime:0.0050s ]
SQL: SHOW COLUMNS FROM `33hao_member` [ RunTime:0.0050s ]
SQL: SELECT * FROM `33hao_member` WHERE `member_id` = 4 LIMIT 1   [ RunTime:0.0000s ]
SQL: SHOW COLUMNS FROM `33hao_vr_goods` [ RunTime:0.0060s ]
SQL: SELECT `goods_id`,`goods_name`,`goods_price`,`goods_promotion_price` FROM `33hao_vr_goods` WHERE `goods_id` IN ('1','3','2') ORDER BY FIELD(goods_id,1,3,2)  [ RunTime:0.0000s ]
INFO: [ app_end ] --START--
INFO: Run Behavior\ShowPageTraceBehavior [ RunTime:0.001000s ]
INFO: [ app_end ] --END-- [ RunTime:0.001000s ]

[ 2016-07-11T09:10:10+08:00 ] 127.0.0.1 /index.php/Home/Index/addrajax.html?page=1&id=1
INFO: [ app_begin ] --START--
INFO: Run Behavior\ReadHtmlCacheBehavior [ RunTime:0.001000s ]
INFO: [ app_begin ] --END-- [ RunTime:0.002000s ]
SQL: SHOW COLUMNS FROM `33hao_goods_class` [ RunTime:0.0050s ]
SQL: SHOW COLUMNS FROM `33hao_member` [ RunTime:0.0060s ]
SQL: SELECT * FROM `33hao_member` WHERE `member_id` = 4 LIMIT 1   [ RunTime:0.0000s ]
SQL: SHOW COLUMNS FROM `33hao_vr_goods_address` [ RunTime:0.0050s ]
SQL: SELECT * FROM `33hao_vr_goods_address` WHERE `goods_commonid` = '1' LIMIT 0,3   [ RunTime:0.0000s ]
INFO: [ app_end ] --START--
INFO: Run Behavior\ShowPageTraceBehavior [ RunTime:0.001000s ]
INFO: [ app_end ] --END-- [ RunTime:0.001000s ]

[ 2016-07-11T09:11:30+08:00 ] 127.0.0.1 /index.php/Home/Index/displayHistory/id/1.html
INFO: [ app_begin ] --START--
INFO: Run Behavior\ReadHtmlCacheBehavior [ RunTime:0.002000s ]
INFO: [ app_begin ] --END-- [ RunTime:0.003000s ]
SQL: SHOW COLUMNS FROM `33hao_goods_class` [ RunTime:0.0050s ]
SQL: SHOW COLUMNS FROM `33hao_member` [ RunTime:0.0060s ]
SQL: SELECT * FROM `33hao_member` WHERE `member_id` = 4 LIMIT 1   [ RunTime:0.0010s ]
SQL: SHOW COLUMNS FROM `33hao_vr_goods` [ RunTime:0.0060s ]
SQL: SELECT `goods_id`,`goods_name`,`goods_price`,`goods_promotion_price` FROM `33hao_vr_goods` WHERE `goods_id` IN ('1','3','2') ORDER BY FIELD(goods_id,1,3,2)  [ RunTime:0.0000s ]
INFO: [ app_end ] --START--
INFO: Run Behavior\ShowPageTraceBehavior [ RunTime:0.001000s ]
INFO: [ app_end ] --END-- [ RunTime:0.001000s ]

[ 2016-07-11T09:11:31+08:00 ] 127.0.0.1 /index.php/Home/Index/addrajax.html?page=1&id=1
INFO: [ app_begin ] --START--
INFO: Run Behavior\ReadHtmlCacheBehavior [ RunTime:0.001000s ]
INFO: [ app_begin ] --END-- [ RunTime:0.002000s ]
SQL: SHOW COLUMNS FROM `33hao_goods_class` [ RunTime:0.0120s ]
SQL: SHOW COLUMNS FROM `33hao_member` [ RunTime:0.0080s ]
SQL: SELECT * FROM `33hao_member` WHERE `member_id` = 4 LIMIT 1   [ RunTime:0.0010s ]
SQL: SHOW COLUMNS FROM `33hao_vr_goods_address` [ RunTime:0.0090s ]
SQL: SELECT * FROM `33hao_vr_goods_address` WHERE `goods_commonid` = '1' LIMIT 0,3   [ RunTime:0.0000s ]
INFO: [ app_end ] --START--
INFO: Run Behavior\ShowPageTraceBehavior [ RunTime:0.002000s ]
INFO: [ app_end ] --END-- [ RunTime:0.002000s ]

[ 2016-07-11T09:12:25+08:00 ] 127.0.0.1 /index.php/Home/Index/displayHistory/id/1.html
INFO: [ app_begin ] --START--
INFO: Run Behavior\ReadHtmlCacheBehavior [ RunTime:0.000000s ]
INFO: [ app_begin ] --END-- [ RunTime:0.001000s ]
SQL: SHOW COLUMNS FROM `33hao_goods_class` [ RunTime:0.0050s ]
SQL: SHOW COLUMNS FROM `33hao_member` [ RunTime:0.0050s ]
SQL: SELECT * FROM `33hao_member` WHERE `member_id` = 4 LIMIT 1   [ RunTime:0.0010s ]
SQL: SHOW COLUMNS FROM `33hao_vr_goods` [ RunTime:0.0060s ]
SQL: SELECT `goods_id`,`goods_name`,`goods_price`,`goods_promotion_price` FROM `33hao_vr_goods` WHERE `goods_id` IN ('1','3','2') ORDER BY FIELD(goods_id,1,3,2)  [ RunTime:0.0000s ]
INFO: [ app_end ] --START--
INFO: Run Behavior\ShowPageTraceBehavior [ RunTime:0.002000s ]
INFO: [ app_end ] --END-- [ RunTime:0.002000s ]

[ 2016-07-11T09:12:26+08:00 ] 127.0.0.1 /index.php/Home/Index/addrajax.html?page=1&id=1
INFO: [ app_begin ] --START--
INFO: Run Behavior\ReadHtmlCacheBehavior [ RunTime:0.001000s ]
INFO: [ app_begin ] --END-- [ RunTime:0.002000s ]
SQL: SHOW COLUMNS FROM `33hao_goods_class` [ RunTime:0.0070s ]
SQL: SHOW COLUMNS FROM `33hao_member` [ RunTime:0.0050s ]
SQL: SELECT * FROM `33hao_member` WHERE `member_id` = 4 LIMIT 1   [ RunTime:0.0010s ]
SQL: SHOW COLUMNS FROM `33hao_vr_goods_address` [ RunTime:0.0050s ]
SQL: SELECT * FROM `33hao_vr_goods_address` WHERE `goods_commonid` = '1' LIMIT 0,3   [ RunTime:0.0000s ]
INFO: [ app_end ] --START--
INFO: Run Behavior\ShowPageTraceBehavior [ RunTime:0.001000s ]
INFO: [ app_end ] --END-- [ RunTime:0.001000s ]

[ 2016-07-11T09:13:30+08:00 ] 127.0.0.1 /index.php/Home/Index/displayHistory/id/1.html
INFO: [ app_begin ] --START--
INFO: Run Behavior\ReadHtmlCacheBehavior [ RunTime:0.000000s ]
INFO: [ app_begin ] --END-- [ RunTime:0.001000s ]
SQL: SHOW COLUMNS FROM `33hao_goods_class` [ RunTime:0.0050s ]
SQL: SHOW COLUMNS FROM `33hao_member` [ RunTime:0.0060s ]
SQL: SELECT * FROM `33hao_member` WHERE `member_id` = 4 LIMIT 1   [ RunTime:0.0010s ]
SQL: SHOW COLUMNS FROM `33hao_vr_goods` [ RunTime:0.0050s ]
SQL: SELECT `goods_id`,`goods_name`,`goods_price`,`goods_promotion_price` FROM `33hao_vr_goods` WHERE `goods_id` IN ('1','3','2') ORDER BY FIELD(goods_id,1,3,2)  [ RunTime:0.0000s ]
INFO: [ app_end ] --START--
INFO: Run Behavior\ShowPageTraceBehavior [ RunTime:0.001000s ]
INFO: [ app_end ] --END-- [ RunTime:0.001000s ]

[ 2016-07-11T09:13:31+08:00 ] 127.0.0.1 /index.php/Home/Index/addrajax.html?page=1&id=1
INFO: [ app_begin ] --START--
INFO: Run Behavior\ReadHtmlCacheBehavior [ RunTime:0.001000s ]
INFO: [ app_begin ] --END-- [ RunTime:0.002000s ]
SQL: SHOW COLUMNS FROM `33hao_goods_class` [ RunTime:0.0060s ]
SQL: SHOW COLUMNS FROM `33hao_member` [ RunTime:0.0060s ]
SQL: SELECT * FROM `33hao_member` WHERE `member_id` = 4 LIMIT 1   [ RunTime:0.0000s ]
SQL: SHOW COLUMNS FROM `33hao_vr_goods_address` [ RunTime:0.0050s ]
SQL: SELECT * FROM `33hao_vr_goods_address` WHERE `goods_commonid` = '1' LIMIT 0,3   [ RunTime:0.0000s ]
INFO: [ app_end ] --START--
INFO: Run Behavior\ShowPageTraceBehavior [ RunTime:0.001000s ]
INFO: [ app_end ] --END-- [ RunTime:0.001000s ]

[ 2016-07-11T09:14:35+08:00 ] 127.0.0.1 /index.php/Home/buy/index.js.map
ERR: 非法操作:index.js.map

[ 2016-07-11T09:16:04+08:00 ] 127.0.0.1 /index.php/Home/buy/index.js.map
ERR: 非法操作:index.js.map

[ 2016-07-11T09:16:08+08:00 ] 127.0.0.1 /index.php/Home/buy/index.js.map
ERR: 非法操作:index.js.map

[ 2016-07-11T09:16:11+08:00 ] 127.0.0.1 /index.php/Home/Index/displayHistory/id/1.html
INFO: [ app_begin ] --START--
INFO: Run Behavior\ReadHtmlCacheBehavior [ RunTime:0.001000s ]
INFO: [ app_begin ] --END-- [ RunTime:0.001000s ]
SQL: SHOW COLUMNS FROM `33hao_goods_class` [ RunTime:0.0060s ]
SQL: SHOW COLUMNS FROM `33hao_member` [ RunTime:0.0060s ]
SQL: SELECT * FROM `33hao_member` WHERE `member_id` = 4 LIMIT 1   [ RunTime:0.0010s ]
SQL: SHOW COLUMNS FROM `33hao_vr_goods` [ RunTime:0.0090s ]
SQL: SELECT `goods_id`,`goods_name`,`goods_price`,`goods_promotion_price` FROM `33hao_vr_goods` WHERE `goods_id` IN ('1','3','2') ORDER BY FIELD(goods_id,1,3,2)  [ RunTime:0.0000s ]
INFO: [ app_end ] --START--
INFO: Run Behavior\ShowPageTraceBehavior [ RunTime:0.001000s ]
INFO: [ app_end ] --END-- [ RunTime:0.001000s ]

[ 2016-07-11T09:16:12+08:00 ] 127.0.0.1 /index.php/Home/Index/addrajax.html?page=1&id=1
INFO: [ app_begin ] --START--
INFO: Run Behavior\ReadHtmlCacheBehavior [ RunTime:0.002000s ]
INFO: [ app_begin ] --END-- [ RunTime:0.003000s ]
SQL: SHOW COLUMNS FROM `33hao_goods_class` [ RunTime:0.0070s ]
SQL: SHOW COLUMNS FROM `33hao_member` [ RunTime:0.0060s ]
SQL: SELECT * FROM `33hao_member` WHERE `member_id` = 4 LIMIT 1   [ RunTime:0.0010s ]
SQL: SHOW COLUMNS FROM `33hao_vr_goods_address` [ RunTime:0.0040s ]
SQL: SELECT * FROM `33hao_vr_goods_address` WHERE `goods_commonid` = '1' LIMIT 0,3   [ RunTime:0.0010s ]
INFO: [ app_end ] --START--
INFO: Run Behavior\ShowPageTraceBehavior [ RunTime:0.001000s ]
INFO: [ app_end ] --END-- [ RunTime:0.001000s ]

[ 2016-07-11T09:16:16+08:00 ] 127.0.0.1 /index.php/Home/Index/displayHistory/id/1.html
INFO: [ app_begin ] --START--
INFO: Run Behavior\ReadHtmlCacheBehavior [ RunTime:0.001000s ]
INFO: [ app_begin ] --END-- [ RunTime:0.002000s ]
SQL: SHOW COLUMNS FROM `33hao_goods_class` [ RunTime:0.0060s ]
SQL: SHOW COLUMNS FROM `33hao_member` [ RunTime:0.0060s ]
SQL: SELECT * FROM `33hao_member` WHERE `member_id` = 4 LIMIT 1   [ RunTime:0.0010s ]
SQL: SHOW COLUMNS FROM `33hao_vr_goods` [ RunTime:0.0050s ]
SQL: SELECT `goods_id`,`goods_name`,`goods_price`,`goods_promotion_price` FROM `33hao_vr_goods` WHERE `goods_id` IN ('1','3','2') ORDER BY FIELD(goods_id,1,3,2)  [ RunTime:0.0000s ]
INFO: [ app_end ] --START--
INFO: Run Behavior\ShowPageTraceBehavior [ RunTime:0.001000s ]
INFO: [ app_end ] --END-- [ RunTime:0.001000s ]

[ 2016-07-11T09:16:17+08:00 ] 127.0.0.1 /index.php/Home/Index/addrajax.html?page=1&id=1
INFO: [ app_begin ] --START--
INFO: Run Behavior\ReadHtmlCacheBehavior [ RunTime:0.001000s ]
INFO: [ app_begin ] --END-- [ RunTime:0.001000s ]
SQL: SHOW COLUMNS FROM `33hao_goods_class` [ RunTime:0.0050s ]
SQL: SHOW COLUMNS FROM `33hao_member` [ RunTime:0.0090s ]
SQL: SELECT * FROM `33hao_member` WHERE `member_id` = 4 LIMIT 1   [ RunTime:0.0000s ]
SQL: SHOW COLUMNS FROM `33hao_vr_goods_address` [ RunTime:0.0050s ]
SQL: SELECT * FROM `33hao_vr_goods_address` WHERE `goods_commonid` = '1' LIMIT 0,3   [ RunTime:0.0010s ]
INFO: [ app_end ] --START--
INFO: Run Behavior\ShowPageTraceBehavior [ RunTime:0.003000s ]
INFO: [ app_end ] --END-- [ RunTime:0.003000s ]

[ 2016-07-11T09:16:20+08:00 ] 127.0.0.1 /index.php/Home/buy/index.js.map
ERR: 非法操作:index.js.map

[ 2016-07-11T09:16:23+08:00 ] 127.0.0.1 /index.php/Home/Index/displayHistory/id/1.html
INFO: [ app_begin ] --START--
INFO: Run Behavior\ReadHtmlCacheBehavior [ RunTime:0.005000s ]
INFO: [ app_begin ] --END-- [ RunTime:0.006000s ]
SQL: SHOW COLUMNS FROM `33hao_goods_class` [ RunTime:0.0060s ]
SQL: SHOW COLUMNS FROM `33hao_member` [ RunTime:0.0060s ]
SQL: SELECT * FROM `33hao_member` WHERE `member_id` = 4 LIMIT 1   [ RunTime:0.0000s ]
SQL: SHOW COLUMNS FROM `33hao_vr_goods` [ RunTime:0.0070s ]
SQL: SELECT `goods_id`,`goods_name`,`goods_price`,`goods_promotion_price` FROM `33hao_vr_goods` WHERE `goods_id` IN ('1','3','2') ORDER BY FIELD(goods_id,1,3,2)  [ RunTime:0.0000s ]
INFO: [ app_end ] --START--
INFO: Run Behavior\ShowPageTraceBehavior [ RunTime:0.001000s ]
INFO: [ app_end ] --END-- [ RunTime:0.002000s ]

[ 2016-07-11T09:16:24+08:00 ] 127.0.0.1 /index.php/Home/Index/addrajax.html?page=1&id=1
INFO: [ app_begin ] --START--
INFO: Run Behavior\ReadHtmlCacheBehavior [ RunTime:0.001000s ]
INFO: [ app_begin ] --END-- [ RunTime:0.002000s ]
SQL: SHOW COLUMNS FROM `33hao_goods_class` [ RunTime:0.0050s ]
SQL: SHOW COLUMNS FROM `33hao_member` [ RunTime:0.0060s ]
SQL: SELECT * FROM `33hao_member` WHERE `member_id` = 4 LIMIT 1   [ RunTime:0.0010s ]
SQL: SHOW COLUMNS FROM `33hao_vr_goods_address` [ RunTime:0.0060s ]
SQL: SELECT * FROM `33hao_vr_goods_address` WHERE `goods_commonid` = '1' LIMIT 0,3   [ RunTime:0.0000s ]
INFO: [ app_end ] --START--
INFO: Run Behavior\ShowPageTraceBehavior [ RunTime:0.002000s ]
INFO: [ app_end ] --END-- [ RunTime:0.002000s ]

[ 2016-07-11T09:17:28+08:00 ] 127.0.0.1 /index.php/Home/Index/displayHistory/id/1.html
INFO: [ app_begin ] --START--
INFO: Run Behavior\ReadHtmlCacheBehavior [ RunTime:0.000000s ]
INFO: [ app_begin ] --END-- [ RunTime:0.001000s ]
SQL: SHOW COLUMNS FROM `33hao_goods_class` [ RunTime:0.0060s ]
SQL: SHOW COLUMNS FROM `33hao_member` [ RunTime:0.0050s ]
SQL: SELECT * FROM `33hao_member` WHERE `member_id` = 4 LIMIT 1   [ RunTime:0.0000s ]
SQL: SHOW COLUMNS FROM `33hao_vr_goods` [ RunTime:0.0050s ]
SQL: SELECT `goods_id`,`goods_name`,`goods_price`,`goods_promotion_price` FROM `33hao_vr_goods` WHERE `goods_id` IN ('1','3','2') ORDER BY FIELD(goods_id,1,3,2)  [ RunTime:0.0000s ]
INFO: [ app_end ] --START--
INFO: Run Behavior\ShowPageTraceBehavior [ RunTime:0.001000s ]
INFO: [ app_end ] --END-- [ RunTime:0.001000s ]

[ 2016-07-11T09:17:29+08:00 ] 127.0.0.1 /index.php/Home/Index/addrajax.html?page=1&id=1
INFO: [ app_begin ] --START--
INFO: Run Behavior\ReadHtmlCacheBehavior [ RunTime:0.000000s ]
INFO: [ app_begin ] --END-- [ RunTime:0.001000s ]
SQL: SHOW COLUMNS FROM `33hao_goods_class` [ RunTime:0.0060s ]
SQL: SHOW COLUMNS FROM `33hao_member` [ RunTime:0.0060s ]
SQL: SELECT * FROM `33hao_member` WHERE `member_id` = 4 LIMIT 1   [ RunTime:0.0000s ]
SQL: SHOW COLUMNS FROM `33hao_vr_goods_address` [ RunTime:0.0060s ]
SQL: SELECT * FROM `33hao_vr_goods_address` WHERE `goods_commonid` = '1' LIMIT 0,3   [ RunTime:0.0000s ]
INFO: [ app_end ] --START--
INFO: Run Behavior\ShowPageTraceBehavior [ RunTime:0.001000s ]
INFO: [ app_end ] --END-- [ RunTime:0.001000s ]

[ 2016-07-11T09:17:33+08:00 ] 127.0.0.1 /index.php/Home/buy/index.js.map
ERR: 非法操作:index.js.map

[ 2016-07-11T09:17:35+08:00 ] 127.0.0.1 /index.php/Home/Index/displayHistory/id/1.html
INFO: [ app_begin ] --START--
INFO: Run Behavior\ReadHtmlCacheBehavior [ RunTime:0.001000s ]
INFO: [ app_begin ] --END-- [ RunTime:0.002000s ]
SQL: SHOW COLUMNS FROM `33hao_goods_class` [ RunTime:0.0070s ]
SQL: SHOW COLUMNS FROM `33hao_member` [ RunTime:0.0060s ]
SQL: SELECT * FROM `33hao_member` WHERE `member_id` = 4 LIMIT 1   [ RunTime:0.0010s ]
SQL: SHOW COLUMNS FROM `33hao_vr_goods` [ RunTime:0.0050s ]
SQL: SELECT `goods_id`,`goods_name`,`goods_price`,`goods_promotion_price` FROM `33hao_vr_goods` WHERE `goods_id` IN ('1','3','2') ORDER BY FIELD(goods_id,1,3,2)  [ RunTime:0.0010s ]
INFO: [ app_end ] --START--
INFO: Run Behavior\ShowPageTraceBehavior [ RunTime:0.001000s ]
INFO: [ app_end ] --END-- [ RunTime:0.001000s ]

[ 2016-07-11T09:17:36+08:00 ] 127.0.0.1 /index.php/Home/Index/addrajax.html?page=1&id=1
INFO: [ app_begin ] --START--
INFO: Run Behavior\ReadHtmlCacheBehavior [ RunTime:0.001000s ]
INFO: [ app_begin ] --END-- [ RunTime:0.002000s ]
SQL: SHOW COLUMNS FROM `33hao_goods_class` [ RunTime:0.0050s ]
SQL: SHOW COLUMNS FROM `33hao_member` [ RunTime:0.0060s ]
SQL: SELECT * FROM `33hao_member` WHERE `member_id` = 4 LIMIT 1   [ RunTime:0.0010s ]
SQL: SHOW COLUMNS FROM `33hao_vr_goods_address` [ RunTime:0.0040s ]
SQL: SELECT * FROM `33hao_vr_goods_address` WHERE `goods_commonid` = '1' LIMIT 0,3   [ RunTime:0.0010s ]
INFO: [ app_end ] --START--
INFO: Run Behavior\ShowPageTraceBehavior [ RunTime:0.000000s ]
INFO: [ app_end ] --END-- [ RunTime:0.000000s ]

[ 2016-07-11T09:17:48+08:00 ] 127.0.0.1 /index.php/Home/Index/displayHistory/id/1.html
INFO: [ app_begin ] --START--
INFO: Run Behavior\ReadHtmlCacheBehavior [ RunTime:0.000000s ]
INFO: [ app_begin ] --END-- [ RunTime:0.001000s ]
SQL: SHOW COLUMNS FROM `33hao_goods_class` [ RunTime:0.0050s ]
SQL: SHOW COLUMNS FROM `33hao_member` [ RunTime:0.0050s ]
SQL: SELECT * FROM `33hao_member` WHERE `member_id` = 4 LIMIT 1   [ RunTime:0.0010s ]
SQL: SHOW COLUMNS FROM `33hao_vr_goods` [ RunTime:0.0060s ]
SQL: SELECT `goods_id`,`goods_name`,`goods_price`,`goods_promotion_price` FROM `33hao_vr_goods` WHERE `goods_id` IN ('1','3','2') ORDER BY FIELD(goods_id,1,3,2)  [ RunTime:0.0000s ]
INFO: [ app_end ] --START--
INFO: Run Behavior\ShowPageTraceBehavior [ RunTime:0.001000s ]
INFO: [ app_end ] --END-- [ RunTime:0.001000s ]

[ 2016-07-11T09:17:49+08:00 ] 127.0.0.1 /index.php/Home/Index/addrajax.html?page=1&id=1
INFO: [ app_begin ] --START--
INFO: Run Behavior\ReadHtmlCacheBehavior [ RunTime:0.001000s ]
INFO: [ app_begin ] --END-- [ RunTime:0.002000s ]
SQL: SHOW COLUMNS FROM `33hao_goods_class` [ RunTime:0.0050s ]
SQL: SHOW COLUMNS FROM `33hao_member` [ RunTime:0.0060s ]
SQL: SELECT * FROM `33hao_member` WHERE `member_id` = 4 LIMIT 1   [ RunTime:0.0000s ]
SQL: SHOW COLUMNS FROM `33hao_vr_goods_address` [ RunTime:0.0050s ]
SQL: SELECT * FROM `33hao_vr_goods_address` WHERE `goods_commonid` = '1' LIMIT 0,3   [ RunTime:0.0000s ]
INFO: [ app_end ] --START--
INFO: Run Behavior\ShowPageTraceBehavior [ RunTime:0.001000s ]
INFO: [ app_end ] --END-- [ RunTime:0.001000s ]

[ 2016-07-11T09:17:53+08:00 ] 127.0.0.1 /index.php/Home/Index/displayHistory/id/1.html
INFO: [ app_begin ] --START--
INFO: Run Behavior\ReadHtmlCacheBehavior [ RunTime:0.001000s ]
INFO: [ app_begin ] --END-- [ RunTime:0.002000s ]
SQL: SHOW COLUMNS FROM `33hao_goods_class` [ RunTime:0.0050s ]
SQL: SHOW COLUMNS FROM `33hao_member` [ RunTime:0.0050s ]
SQL: SELECT * FROM `33hao_member` WHERE `member_id` = 4 LIMIT 1   [ RunTime:0.0010s ]
SQL: SHOW COLUMNS FROM `33hao_vr_goods` [ RunTime:0.0050s ]
SQL: SELECT `goods_id`,`goods_name`,`goods_price`,`goods_promotion_price` FROM `33hao_vr_goods` WHERE `goods_id` IN ('1','3','2') ORDER BY FIELD(goods_id,1,3,2)  [ RunTime:0.0000s ]
INFO: [ app_end ] --START--
INFO: Run Behavior\ShowPageTraceBehavior [ RunTime:0.001000s ]
INFO: [ app_end ] --END-- [ RunTime:0.001000s ]

[ 2016-07-11T09:17:55+08:00 ] 127.0.0.1 /index.php/Home/Index/addrajax.html?page=1&id=1
INFO: [ app_begin ] --START--
INFO: Run Behavior\ReadHtmlCacheBehavior [ RunTime:0.001000s ]
INFO: [ app_begin ] --END-- [ RunTime:0.002000s ]
SQL: SHOW COLUMNS FROM `33hao_goods_class` [ RunTime:0.0040s ]
SQL: SHOW COLUMNS FROM `33hao_member` [ RunTime:0.0050s ]
SQL: SELECT * FROM `33hao_member` WHERE `member_id` = 4 LIMIT 1   [ RunTime:0.0010s ]
SQL: SHOW COLUMNS FROM `33hao_vr_goods_address` [ RunTime:0.0050s ]
SQL: SELECT * FROM `33hao_vr_goods_address` WHERE `goods_commonid` = '1' LIMIT 0,3   [ RunTime:0.0000s ]
INFO: [ app_end ] --START--
INFO: Run Behavior\ShowPageTraceBehavior [ RunTime:0.001000s ]
INFO: [ app_end ] --END-- [ RunTime:0.001000s ]

[ 2016-07-11T09:17:58+08:00 ] 127.0.0.1 /index.php/Home/buy/index.js.map
ERR: 非法操作:index.js.map

[ 2016-07-11T09:18:05+08:00 ] 127.0.0.1 /index.php/Home/Index/displayHistory/id/1.html
INFO: [ app_begin ] --START--
INFO: Run Behavior\ReadHtmlCacheBehavior [ RunTime:0.001000s ]
INFO: [ app_begin ] --END-- [ RunTime:0.002000s ]
SQL: SHOW COLUMNS FROM `33hao_goods_class` [ RunTime:0.0050s ]
SQL: SHOW COLUMNS FROM `33hao_member` [ RunTime:0.0050s ]
SQL: SELECT * FROM `33hao_member` WHERE `member_id` = 4 LIMIT 1   [ RunTime:0.0010s ]
SQL: SHOW COLUMNS FROM `33hao_vr_goods` [ RunTime:0.0060s ]
SQL: SELECT `goods_id`,`goods_name`,`goods_price`,`goods_promotion_price` FROM `33hao_vr_goods` WHERE `goods_id` IN ('1','3','2') ORDER BY FIELD(goods_id,1,3,2)  [ RunTime:0.0010s ]
INFO: [ app_end ] --START--
INFO: Run Behavior\ShowPageTraceBehavior [ RunTime:0.001000s ]
INFO: [ app_end ] --END-- [ RunTime:0.001000s ]

[ 2016-07-11T09:18:06+08:00 ] 127.0.0.1 /index.php/Home/Index/addrajax.html?page=1&id=1
INFO: [ app_begin ] --START--
INFO: Run Behavior\ReadHtmlCacheBehavior [ RunTime:0.001000s ]
INFO: [ app_begin ] --END-- [ RunTime:0.001000s ]
SQL: SHOW COLUMNS FROM `33hao_goods_class` [ RunTime:0.0050s ]
SQL: SHOW COLUMNS FROM `33hao_member` [ RunTime:0.0070s ]
SQL: SELECT * FROM `33hao_member` WHERE `member_id` = 4 LIMIT 1   [ RunTime:0.0010s ]
SQL: SHOW COLUMNS FROM `33hao_vr_goods_address` [ RunTime:0.0060s ]
SQL: SELECT * FROM `33hao_vr_goods_address` WHERE `goods_commonid` = '1' LIMIT 0,3   [ RunTime:0.0010s ]
INFO: [ app_end ] --START--
INFO: Run Behavior\ShowPageTraceBehavior [ RunTime:0.001000s ]
INFO: [ app_end ] --END-- [ RunTime:0.001000s ]

[ 2016-07-11T09:20:36+08:00 ] 127.0.0.1 /index.php/Home/buy/index.js.map
ERR: 非法操作:index.js.map

[ 2016-07-11T09:20:40+08:00 ] 127.0.0.1 /index.php/Home/Index/displayHistory/id/1.html
INFO: [ app_begin ] --START--
INFO: Run Behavior\ReadHtmlCacheBehavior [ RunTime:0.001000s ]
INFO: [ app_begin ] --END-- [ RunTime:0.002000s ]
SQL: SHOW COLUMNS FROM `33hao_goods_class` [ RunTime:0.0050s ]
SQL: SHOW COLUMNS FROM `33hao_member` [ RunTime:0.0050s ]
SQL: SELECT * FROM `33hao_member` WHERE `member_id` = 4 LIMIT 1   [ RunTime:0.0000s ]
SQL: SHOW COLUMNS FROM `33hao_vr_goods` [ RunTime:0.0050s ]
SQL: SELECT `goods_id`,`goods_name`,`goods_price`,`goods_promotion_price` FROM `33hao_vr_goods` WHERE `goods_id` IN ('1','3','2') ORDER BY FIELD(goods_id,1,3,2)  [ RunTime:0.0000s ]
INFO: [ app_end ] --START--
INFO: Run Behavior\ShowPageTraceBehavior [ RunTime:0.001000s ]
INFO: [ app_end ] --END-- [ RunTime:0.001000s ]

[ 2016-07-11T09:20:41+08:00 ] 127.0.0.1 /index.php/Home/Index/addrajax.html?page=1&id=1
INFO: [ app_begin ] --START--
INFO: Run Behavior\ReadHtmlCacheBehavior [ RunTime:0.001000s ]
INFO: [ app_begin ] --END-- [ RunTime:0.001000s ]
SQL: SHOW COLUMNS FROM `33hao_goods_class` [ RunTime:0.0050s ]
SQL: SHOW COLUMNS FROM `33hao_member` [ RunTime:0.0070s ]
SQL: SELECT * FROM `33hao_member` WHERE `member_id` = 4 LIMIT 1   [ RunTime:0.0000s ]
SQL: SHOW COLUMNS FROM `33hao_vr_goods_address` [ RunTime:0.0050s ]
SQL: SELECT * FROM `33hao_vr_goods_address` WHERE `goods_commonid` = '1' LIMIT 0,3   [ RunTime:0.0000s ]
INFO: [ app_end ] --START--
INFO: Run Behavior\ShowPageTraceBehavior [ RunTime:0.001000s ]
INFO: [ app_end ] --END-- [ RunTime:0.001000s ]

[ 2016-07-11T09:20:45+08:00 ] 127.0.0.1 /index.php/Home/Index/displayHistory/id/1.html
INFO: [ app_begin ] --START--
INFO: Run Behavior\ReadHtmlCacheBehavior [ RunTime:0.001000s ]
INFO: [ app_begin ] --END-- [ RunTime:0.001000s ]
SQL: SHOW COLUMNS FROM `33hao_goods_class` [ RunTime:0.0050s ]
SQL: SHOW COLUMNS FROM `33hao_member` [ RunTime:0.0060s ]
SQL: SELECT * FROM `33hao_member` WHERE `member_id` = 4 LIMIT 1   [ RunTime:0.0000s ]
SQL: SHOW COLUMNS FROM `33hao_vr_goods` [ RunTime:0.0050s ]
SQL: SELECT `goods_id`,`goods_name`,`goods_price`,`goods_promotion_price` FROM `33hao_vr_goods` WHERE `goods_id` IN ('1','3','2') ORDER BY FIELD(goods_id,1,3,2)  [ RunTime:0.0010s ]
INFO: [ app_end ] --START--
INFO: Run Behavior\ShowPageTraceBehavior [ RunTime:0.001000s ]
INFO: [ app_end ] --END-- [ RunTime:0.001000s ]

[ 2016-07-11T09:20:46+08:00 ] 127.0.0.1 /index.php/Home/Index/addrajax.html?page=1&id=1
INFO: [ app_begin ] --START--
INFO: Run Behavior\ReadHtmlCacheBehavior [ RunTime:0.001000s ]
INFO: [ app_begin ] --END-- [ RunTime:0.002000s ]
SQL: SHOW COLUMNS FROM `33hao_goods_class` [ RunTime:0.0060s ]
SQL: SHOW COLUMNS FROM `33hao_member` [ RunTime:0.0050s ]
SQL: SELECT * FROM `33hao_member` WHERE `member_id` = 4 LIMIT 1   [ RunTime:0.0000s ]
SQL: SHOW COLUMNS FROM `33hao_vr_goods_address` [ RunTime:0.0050s ]
SQL: SELECT * FROM `33hao_vr_goods_address` WHERE `goods_commonid` = '1' LIMIT 0,3   [ RunTime:0.0000s ]
INFO: [ app_end ] --START--
INFO: Run Behavior\ShowPageTraceBehavior [ RunTime:0.001000s ]
INFO: [ app_end ] --END-- [ RunTime:0.001000s ]

[ 2016-07-11T09:20:49+08:00 ] 127.0.0.1 /index.php/Home/buy/index.js.map
ERR: 非法操作:index.js.map

[ 2016-07-11T09:20:56+08:00 ] 127.0.0.1 /index.php/Home/Index/displayHistory/id/1.html
INFO: [ app_begin ] --START--
INFO: Run Behavior\ReadHtmlCacheBehavior [ RunTime:0.001000s ]
INFO: [ app_begin ] --END-- [ RunTime:0.002000s ]
SQL: SHOW COLUMNS FROM `33hao_goods_class` [ RunTime:0.0080s ]
SQL: SHOW COLUMNS FROM `33hao_member` [ RunTime:0.0060s ]
SQL: SELECT * FROM `33hao_member` WHERE `member_id` = 4 LIMIT 1   [ RunTime:0.0010s ]
SQL: SHOW COLUMNS FROM `33hao_vr_goods` [ RunTime:0.0080s ]
SQL: SELECT `goods_id`,`goods_name`,`goods_price`,`goods_promotion_price` FROM `33hao_vr_goods` WHERE `goods_id` IN ('1','3','2') ORDER BY FIELD(goods_id,1,3,2)  [ RunTime:0.0000s ]
INFO: [ app_end ] --START--
INFO: Run Behavior\ShowPageTraceBehavior [ RunTime:0.001000s ]
INFO: [ app_end ] --END-- [ RunTime:0.001000s ]

[ 2016-07-11T09:20:57+08:00 ] 127.0.0.1 /index.php/Home/Index/addrajax.html?page=1&id=1
INFO: [ app_begin ] --START--
INFO: Run Behavior\ReadHtmlCacheBehavior [ RunTime:0.001000s ]
INFO: [ app_begin ] --END-- [ RunTime:0.002000s ]
SQL: SHOW COLUMNS FROM `33hao_goods_class` [ RunTime:0.0060s ]
SQL: SHOW COLUMNS FROM `33hao_member` [ RunTime:0.0050s ]
SQL: SELECT * FROM `33hao_member` WHERE `member_id` = 4 LIMIT 1   [ RunTime:0.0000s ]
SQL: SHOW COLUMNS FROM `33hao_vr_goods_address` [ RunTime:0.0050s ]
SQL: SELECT * FROM `33hao_vr_goods_address` WHERE `goods_commonid` = '1' LIMIT 0,3   [ RunTime:0.0000s ]
INFO: [ app_end ] --START--
INFO: Run Behavior\ShowPageTraceBehavior [ RunTime:0.001000s ]
INFO: [ app_end ] --END-- [ RunTime:0.001000s ]

[ 2016-07-11T09:21:05+08:00 ] 127.0.0.1 /index.php/Home/Index/displayHistory/id/1.html
INFO: [ app_begin ] --START--
INFO: Run Behavior\ReadHtmlCacheBehavior [ RunTime:0.001000s ]
INFO: [ app_begin ] --END-- [ RunTime:0.001000s ]
SQL: SHOW COLUMNS FROM `33hao_goods_class` [ RunTime:0.0060s ]
SQL: SHOW COLUMNS FROM `33hao_member` [ RunTime:0.0060s ]
SQL: SELECT * FROM `33hao_member` WHERE `member_id` = 4 LIMIT 1   [ RunTime:0.0010s ]
SQL: SHOW COLUMNS FROM `33hao_vr_goods` [ RunTime:0.0050s ]
SQL: SELECT `goods_id`,`goods_name`,`goods_price`,`goods_promotion_price` FROM `33hao_vr_goods` WHERE `goods_id` IN ('1','3','2') ORDER BY FIELD(goods_id,1,3,2)  [ RunTime:0.0000s ]
INFO: [ app_end ] --START--
INFO: Run Behavior\ShowPageTraceBehavior [ RunTime:0.001000s ]
INFO: [ app_end ] --END-- [ RunTime:0.001000s ]

[ 2016-07-11T09:21:06+08:00 ] 127.0.0.1 /index.php/Home/Index/addrajax.html?page=1&id=1
INFO: [ app_begin ] --START--
INFO: Run Behavior\ReadHtmlCacheBehavior [ RunTime:0.001000s ]
INFO: [ app_begin ] --END-- [ RunTime:0.002000s ]
SQL: SHOW COLUMNS FROM `33hao_goods_class` [ RunTime:0.0050s ]
SQL: SHOW COLUMNS FROM `33hao_member` [ RunTime:0.0050s ]
SQL: SELECT * FROM `33hao_member` WHERE `member_id` = 4 LIMIT 1   [ RunTime:0.0010s ]
SQL: SHOW COLUMNS FROM `33hao_vr_goods_address` [ RunTime:0.0040s ]
SQL: SELECT * FROM `33hao_vr_goods_address` WHERE `goods_commonid` = '1' LIMIT 0,3   [ RunTime:0.0010s ]
INFO: [ app_end ] --START--
INFO: Run Behavior\ShowPageTraceBehavior [ RunTime:0.001000s ]
INFO: [ app_end ] --END-- [ RunTime:0.001000s ]

[ 2016-07-11T09:23:40+08:00 ] 127.0.0.1 /index.php/Home/Index/displayHistory/id/1.html
INFO: [ app_begin ] --START--
INFO: Run Behavior\ReadHtmlCacheBehavior [ RunTime:0.001000s ]
INFO: [ app_begin ] --END-- [ RunTime:0.002000s ]
SQL: SHOW COLUMNS FROM `33hao_goods_class` [ RunTime:0.0060s ]
SQL: SHOW COLUMNS FROM `33hao_vr_goods` [ RunTime:0.0050s ]
SQL: SELECT `goods_id`,`goods_name`,`goods_price`,`goods_promotion_price` FROM `33hao_vr_goods` WHERE `goods_id` IN ('1','3','2') ORDER BY FIELD(goods_id,1,3,2)  [ RunTime:0.0000s ]
INFO: [ app_end ] --START--
INFO: Run Behavior\ShowPageTraceBehavior [ RunTime:0.001000s ]
INFO: [ app_end ] --END-- [ RunTime:0.001000s ]

[ 2016-07-11T09:23:41+08:00 ] 127.0.0.1 /index.php/Home/Index/addrajax.html?page=1&id=1
INFO: [ app_begin ] --START--
INFO: Run Behavior\ReadHtmlCacheBehavior [ RunTime:0.001000s ]
INFO: [ app_begin ] --END-- [ RunTime:0.002000s ]
SQL: SHOW COLUMNS FROM `33hao_goods_class` [ RunTime:0.0050s ]
SQL: SHOW COLUMNS FROM `33hao_vr_goods_address` [ RunTime:0.0080s ]
SQL: SELECT * FROM `33hao_vr_goods_address` WHERE `goods_commonid` = '1' LIMIT 0,3   [ RunTime:0.0010s ]
INFO: [ app_end ] --START--
INFO: Run Behavior\ShowPageTraceBehavior [ RunTime:0.001000s ]
INFO: [ app_end ] --END-- [ RunTime:0.001000s ]

[ 2016-07-11T09:27:51+08:00 ] 127.0.0.1 /index.php/Home/Index/displayHistory/id/1.html
INFO: [ app_begin ] --START--
INFO: Run Behavior\ReadHtmlCacheBehavior [ RunTime:0.001000s ]
INFO: [ app_begin ] --END-- [ RunTime:0.002000s ]
SQL: SHOW COLUMNS FROM `33hao_goods_class` [ RunTime:0.0050s ]
SQL: SHOW COLUMNS FROM `33hao_vr_goods` [ RunTime:0.0050s ]
SQL: SELECT `goods_id`,`goods_name`,`goods_price`,`goods_promotion_price` FROM `33hao_vr_goods` WHERE `goods_id` IN ('1','3','2') ORDER BY FIELD(goods_id,1,3,2)  [ RunTime:0.0000s ]
INFO: [ app_end ] --START--
INFO: Run Behavior\ShowPageTraceBehavior [ RunTime:0.001000s ]
INFO: [ app_end ] --END-- [ RunTime:0.001000s ]

[ 2016-07-11T09:27:53+08:00 ] 127.0.0.1 /index.php/Home/Index/addrajax.html?page=1&id=1
INFO: [ app_begin ] --START--
INFO: Run Behavior\ReadHtmlCacheBehavior [ RunTime:0.001000s ]
INFO: [ app_begin ] --END-- [ RunTime:0.002000s ]
SQL: SHOW COLUMNS FROM `33hao_goods_class` [ RunTime:0.0050s ]
SQL: SHOW COLUMNS FROM `33hao_vr_goods_address` [ RunTime:0.0050s ]
SQL: SELECT * FROM `33hao_vr_goods_address` WHERE `goods_commonid` = '1' LIMIT 0,3   [ RunTime:0.0000s ]
INFO: [ app_end ] --START--
INFO: Run Behavior\ShowPageTraceBehavior [ RunTime:0.001000s ]
INFO: [ app_end ] --END-- [ RunTime:0.001000s ]

[ 2016-07-11T09:28:06+08:00 ] 127.0.0.1 /index.php/Home/buy/index.js.map
ERR: 非法操作:index.js.map

[ 2016-07-11T09:28:09+08:00 ] 127.0.0.1 /index.php/Home/Index/displayHistory/id/1.html
INFO: [ app_begin ] --START--
INFO: Run Behavior\ReadHtmlCacheBehavior [ RunTime:0.001000s ]
INFO: [ app_begin ] --END-- [ RunTime:0.002000s ]
SQL: SHOW COLUMNS FROM `33hao_goods_class` [ RunTime:0.0050s ]
SQL: SHOW COLUMNS FROM `33hao_vr_goods` [ RunTime:0.0060s ]
SQL: SELECT `goods_id`,`goods_name`,`goods_price`,`goods_promotion_price` FROM `33hao_vr_goods` WHERE `goods_id` IN ('1','3','2') ORDER BY FIELD(goods_id,1,3,2)  [ RunTime:0.0010s ]
INFO: [ app_end ] --START--
INFO: Run Behavior\ShowPageTraceBehavior [ RunTime:0.001000s ]
INFO: [ app_end ] --END-- [ RunTime:0.001000s ]

[ 2016-07-11T09:28:10+08:00 ] 127.0.0.1 /index.php/Home/Index/addrajax.html?page=1&id=1
INFO: [ app_begin ] --START--
INFO: Run Behavior\ReadHtmlCacheBehavior [ RunTime:0.001000s ]
INFO: [ app_begin ] --END-- [ RunTime:0.001000s ]
SQL: SHOW COLUMNS FROM `33hao_goods_class` [ RunTime:0.0050s ]
SQL: SHOW COLUMNS FROM `33hao_vr_goods_address` [ RunTime:0.0050s ]
SQL: SELECT * FROM `33hao_vr_goods_address` WHERE `goods_commonid` = '1' LIMIT 0,3   [ RunTime:0.0000s ]
INFO: [ app_end ] --START--
INFO: Run Behavior\ShowPageTraceBehavior [ RunTime:0.001000s ]
INFO: [ app_end ] --END-- [ RunTime:0.001000s ]

[ 2016-07-11T09:28:14+08:00 ] 127.0.0.1 /index.php/Home/buy/index.js.map
ERR: 非法操作:index.js.map

[ 2016-07-11T09:28:16+08:00 ] 127.0.0.1 /index.php/Home/Index/displayHistory/id/1.html
INFO: [ app_begin ] --START--
INFO: Run Behavior\ReadHtmlCacheBehavior [ RunTime:0.001000s ]
INFO: [ app_begin ] --END-- [ RunTime:0.002000s ]
SQL: SHOW COLUMNS FROM `33hao_goods_class` [ RunTime:0.0050s ]
SQL: SHOW COLUMNS FROM `33hao_vr_goods` [ RunTime:0.0050s ]
SQL: SELECT `goods_id`,`goods_name`,`goods_price`,`goods_promotion_price` FROM `33hao_vr_goods` WHERE `goods_id` IN ('1','3','2') ORDER BY FIELD(goods_id,1,3,2)  [ RunTime:0.0010s ]
INFO: [ app_end ] --START--
INFO: Run Behavior\ShowPageTraceBehavior [ RunTime:0.001000s ]
INFO: [ app_end ] --END-- [ RunTime:0.001000s ]

[ 2016-07-11T09:28:17+08:00 ] 127.0.0.1 /index.php/Home/Index/addrajax.html?page=1&id=1
INFO: [ app_begin ] --START--
INFO: Run Behavior\ReadHtmlCacheBehavior [ RunTime:0.001000s ]
INFO: [ app_begin ] --END-- [ RunTime:0.002000s ]
SQL: SHOW COLUMNS FROM `33hao_goods_class` [ RunTime:0.0050s ]
SQL: SHOW COLUMNS FROM `33hao_vr_goods_address` [ RunTime:0.0050s ]
SQL: SELECT * FROM `33hao_vr_goods_address` WHERE `goods_commonid` = '1' LIMIT 0,3   [ RunTime:0.0000s ]
INFO: [ app_end ] --START--
INFO: Run Behavior\ShowPageTraceBehavior [ RunTime:0.001000s ]
INFO: [ app_end ] --END-- [ RunTime:0.001000s ]

[ 2016-07-11T09:35:27+08:00 ] 127.0.0.1 /index.php/Home/buy/index.js.map
ERR: 非法操作:index.js.map

[ 2016-07-11T09:43:44+08:00 ] 127.0.0.1 /index.php/Home/buy/index.js.map
ERR: 非法操作:index.js.map

[ 2016-07-11T09:48:13+08:00 ] 127.0.0.1 /index.php/Home/Index/displayHistory/id/1.html
INFO: [ app_begin ] --START--
INFO: Run Behavior\ReadHtmlCacheBehavior [ RunTime:0.001000s ]
INFO: [ app_begin ] --END-- [ RunTime:0.002000s ]
SQL: SHOW COLUMNS FROM `33hao_goods_class` [ RunTime:0.0050s ]
SQL: SHOW COLUMNS FROM `33hao_vr_goods` [ RunTime:0.0050s ]
SQL: SELECT `goods_id`,`goods_name`,`goods_price`,`goods_promotion_price` FROM `33hao_vr_goods` WHERE `goods_id` IN ('1','3','2') ORDER BY FIELD(goods_id,1,3,2)  [ RunTime:0.0000s ]
INFO: [ app_end ] --START--
INFO: Run Behavior\ShowPageTraceBehavior [ RunTime:0.001000s ]
INFO: [ app_end ] --END-- [ RunTime:0.001000s ]

[ 2016-07-11T09:48:14+08:00 ] 127.0.0.1 /index.php/Home/Index/addrajax.html?page=1&id=1
INFO: [ app_begin ] --START--
INFO: Run Behavior\ReadHtmlCacheBehavior [ RunTime:0.001000s ]
INFO: [ app_begin ] --END-- [ RunTime:0.002000s ]
SQL: SHOW COLUMNS FROM `33hao_goods_class` [ RunTime:0.0050s ]
SQL: SHOW COLUMNS FROM `33hao_vr_goods_address` [ RunTime:0.0050s ]
SQL: SELECT * FROM `33hao_vr_goods_address` WHERE `goods_commonid` = '1' LIMIT 0,3   [ RunTime:0.0010s ]
INFO: [ app_end ] --START--
INFO: Run Behavior\ShowPageTraceBehavior [ RunTime:0.001000s ]
INFO: [ app_end ] --END-- [ RunTime:0.001000s ]

[ 2016-07-11T10:04:14+08:00 ] 127.0.0.1 /index.php/Home/Index/displayHistory/id/1.html
INFO: [ app_begin ] --START--
INFO: Run Behavior\ReadHtmlCacheBehavior [ RunTime:0.001000s ]
INFO: [ app_begin ] --END-- [ RunTime:0.002000s ]
SQL: SHOW COLUMNS FROM `33hao_goods_class` [ RunTime:0.0040s ]
SQL: SHOW COLUMNS FROM `33hao_vr_goods` [ RunTime:0.0050s ]
SQL: SELECT `goods_id`,`goods_name`,`goods_price`,`goods_promotion_price` FROM `33hao_vr_goods` WHERE `goods_id` IN ('1','3','2') ORDER BY FIELD(goods_id,1,3,2)  [ RunTime:0.0000s ]
INFO: [ app_end ] --START--
INFO: Run Behavior\ShowPageTraceBehavior [ RunTime:0.001000s ]
INFO: [ app_end ] --END-- [ RunTime:0.001000s ]

[ 2016-07-11T10:04:15+08:00 ] 127.0.0.1 /index.php/Home/Index/addrajax.html?page=1&id=1
INFO: [ app_begin ] --START--
INFO: Run Behavior\ReadHtmlCacheBehavior [ RunTime:0.001000s ]
INFO: [ app_begin ] --END-- [ RunTime:0.002000s ]
SQL: SHOW COLUMNS FROM `33hao_goods_class` [ RunTime:0.0050s ]
SQL: SHOW COLUMNS FROM `33hao_vr_goods_address` [ RunTime:0.0050s ]
SQL: SELECT * FROM `33hao_vr_goods_address` WHERE `goods_commonid` = '1' LIMIT 0,3   [ RunTime:0.0010s ]
INFO: [ app_end ] --START--
INFO: Run Behavior\ShowPageTraceBehavior [ RunTime:0.001000s ]
INFO: [ app_end ] --END-- [ RunTime:0.001000s ]

[ 2016-07-11T10:28:00+08:00 ] 127.0.0.1 /index.php/Home/Index/displayHistory/id/1.html
INFO: [ app_begin ] --START--
INFO: Run Behavior\ReadHtmlCacheBehavior [ RunTime:0.001000s ]
INFO: [ app_begin ] --END-- [ RunTime:0.002000s ]
SQL: SHOW COLUMNS FROM `33hao_goods_class` [ RunTime:0.0050s ]
SQL: SHOW COLUMNS FROM `33hao_vr_goods` [ RunTime:0.0070s ]
SQL: SELECT `goods_id`,`goods_name`,`goods_price`,`goods_promotion_price` FROM `33hao_vr_goods` WHERE `goods_id` IN ('1','3','2') ORDER BY FIELD(goods_id,1,3,2)  [ RunTime:0.0000s ]
INFO: [ app_end ] --START--
INFO: Run Behavior\ShowPageTraceBehavior [ RunTime:0.001000s ]
INFO: [ app_end ] --END-- [ RunTime:0.002000s ]

[ 2016-07-11T10:28:01+08:00 ] 127.0.0.1 /index.php/Home/Index/addrajax.html?page=1&id=1
INFO: [ app_begin ] --START--
INFO: Run Behavior\ReadHtmlCacheBehavior [ RunTime:0.001000s ]
INFO: [ app_begin ] --END-- [ RunTime:0.002000s ]
SQL: SHOW COLUMNS FROM `33hao_goods_class` [ RunTime:0.0050s ]
SQL: SHOW COLUMNS FROM `33hao_vr_goods_address` [ RunTime:0.0050s ]
SQL: SELECT * FROM `33hao_vr_goods_address` WHERE `goods_commonid` = '1' LIMIT 0,3   [ RunTime:0.0010s ]
INFO: [ app_end ] --START--
INFO: Run Behavior\ShowPageTraceBehavior [ RunTime:0.001000s ]
INFO: [ app_end ] --END-- [ RunTime:0.001000s ]

[ 2016-07-11T10:28:03+08:00 ] 127.0.0.1 /index.php/Home/buy/buy_step1.html?quantity=1&goods_id=1
ERR: Think\Model:getVirtualGoodsOnlineInfoByID方法不存在！

[ 2016-07-11T10:28:03+08:00 ] 127.0.0.1 /index.php/Home/buy/index.js.map
ERR: 非法操作:index.js.map

[ 2016-07-11T10:28:49+08:00 ] 127.0.0.1 /index.php/Home/buy/buy_step1.html?quantity=1&goods_id=1
ERR: Think\Model:getVirtualGoodsOnlineInfoByID方法不存在！

[ 2016-07-11T10:28:50+08:00 ] 127.0.0.1 /index.php/Home/buy/index.js.map
ERR: 非法操作:index.js.map

[ 2016-07-11T10:29:51+08:00 ] 127.0.0.1 /index.php/Home/buy/index.js.map
ERR: 非法操作:index.js.map

[ 2016-07-11T10:30:03+08:00 ] 127.0.0.1 /index.php/Home/buy/index.js.map
ERR: 非法操作:index.js.map

[ 2016-07-11T10:30:10+08:00 ] 127.0.0.1 /index.php/Home/buy/index.js.map
ERR: 非法操作:index.js.map

[ 2016-07-11T10:30:17+08:00 ] 127.0.0.1 /index.php/Home/buy/index.js.map
ERR: 非法操作:index.js.map

[ 2016-07-11T10:32:23+08:00 ] 127.0.0.1 /index.php/Home/buy/buy_step1.html?quantity=1&goods_id=1
ERR: Think\Model:getVirtualGoodsOnlineInfoByID方法不存在！

[ 2016-07-11T10:32:24+08:00 ] 127.0.0.1 /index.php/Home/buy/index.js.map
ERR: 非法操作:index.js.map

[ 2016-07-11T10:33:35+08:00 ] 127.0.0.1 /index.php/Home/buy/buy_step1.html?quantity=1&goods_id=1
ERR: Think\Model:getVirtualGoodsOnlineInfoByID方法不存在！

[ 2016-07-11T10:33:35+08:00 ] 127.0.0.1 /index.php/Home/buy/index.js.map
ERR: 非法操作:index.js.map

[ 2016-07-11T10:34:08+08:00 ] 127.0.0.1 /index.php/Home/buy/buy_step1.html?quantity=1&goods_id=1
ERR: Think\Model:getVirtualGoodsOnlineInfoByID方法不存在！

[ 2016-07-11T10:34:08+08:00 ] 127.0.0.1 /index.php/Home/buy/index.js.map
ERR: 非法操作:index.js.map

[ 2016-07-11T10:34:13+08:00 ] 127.0.0.1 /index.php/Home/Index/displayHistory/id/1.html
INFO: [ app_begin ] --START--
INFO: Run Behavior\ReadHtmlCacheBehavior [ RunTime:0.001000s ]
INFO: [ app_begin ] --END-- [ RunTime:0.001000s ]
SQL: SHOW COLUMNS FROM `33hao_goods_class` [ RunTime:0.0050s ]
SQL: SHOW COLUMNS FROM `33hao_vr_goods` [ RunTime:0.0060s ]
SQL: SELECT `goods_id`,`goods_name`,`goods_price`,`goods_promotion_price` FROM `33hao_vr_goods` WHERE `goods_id` IN ('1','3','2') ORDER BY FIELD(goods_id,1,3,2)  [ RunTime:0.0000s ]
INFO: [ app_end ] --START--
INFO: Run Behavior\ShowPageTraceBehavior [ RunTime:0.001000s ]
INFO: [ app_end ] --END-- [ RunTime:0.001000s ]

[ 2016-07-11T10:34:14+08:00 ] 127.0.0.1 /index.php/Home/Index/addrajax.html?page=1&id=1
INFO: [ app_begin ] --START--
INFO: Run Behavior\ReadHtmlCacheBehavior [ RunTime:0.001000s ]
INFO: [ app_begin ] --END-- [ RunTime:0.001000s ]
SQL: SHOW COLUMNS FROM `33hao_goods_class` [ RunTime:0.0060s ]
SQL: SHOW COLUMNS FROM `33hao_vr_goods_address` [ RunTime:0.0050s ]
SQL: SELECT * FROM `33hao_vr_goods_address` WHERE `goods_commonid` = '1' LIMIT 0,3   [ RunTime:0.0000s ]
INFO: [ app_end ] --START--
INFO: Run Behavior\ShowPageTraceBehavior [ RunTime:0.001000s ]
INFO: [ app_end ] --END-- [ RunTime:0.001000s ]

[ 2016-07-11T10:34:16+08:00 ] 127.0.0.1 /index.php/Home/buy/buy_step1.html?quantity=1&goods_id=1
ERR: Think\Model:getVirtualGoodsOnlineInfoByID方法不存在！

[ 2016-07-11T10:34:19+08:00 ] 127.0.0.1 /index.php/Home/Index/displayHistory/id/1.html
INFO: [ app_begin ] --START--
INFO: Run Behavior\ReadHtmlCacheBehavior [ RunTime:0.000000s ]
INFO: [ app_begin ] --END-- [ RunTime:0.001000s ]
SQL: SHOW COLUMNS FROM `33hao_goods_class` [ RunTime:0.0080s ]
SQL: SHOW COLUMNS FROM `33hao_vr_goods` [ RunTime:0.0070s ]
SQL: SELECT `goods_id`,`goods_name`,`goods_price`,`goods_promotion_price` FROM `33hao_vr_goods` WHERE `goods_id` IN ('1','3','2') ORDER BY FIELD(goods_id,1,3,2)  [ RunTime:0.0000s ]
INFO: [ app_end ] --START--
INFO: Run Behavior\ShowPageTraceBehavior [ RunTime:0.001000s ]
INFO: [ app_end ] --END-- [ RunTime:0.001000s ]

[ 2016-07-11T10:34:20+08:00 ] 127.0.0.1 /index.php/Home/Index/addrajax.html?page=1&id=1
INFO: [ app_begin ] --START--
INFO: Run Behavior\ReadHtmlCacheBehavior [ RunTime:0.001000s ]
INFO: [ app_begin ] --END-- [ RunTime:0.001000s ]
SQL: SHOW COLUMNS FROM `33hao_goods_class` [ RunTime:0.0060s ]
SQL: SHOW COLUMNS FROM `33hao_vr_goods_address` [ RunTime:0.0040s ]
SQL: SELECT * FROM `33hao_vr_goods_address` WHERE `goods_commonid` = '1' LIMIT 0,3   [ RunTime:0.0010s ]
INFO: [ app_end ] --START--
INFO: Run Behavior\ShowPageTraceBehavior [ RunTime:0.001000s ]
INFO: [ app_end ] --END-- [ RunTime:0.001000s ]

[ 2016-07-11T10:34:22+08:00 ] 127.0.0.1 /index.php/Home/buy/buy_step1.html?quantity=1&goods_id=1
ERR: Think\Model:getVirtualGoodsOnlineInfoByID方法不存在！

[ 2016-07-11T10:34:22+08:00 ] 127.0.0.1 /index.php/Home/buy/index.js.map
ERR: 非法操作:index.js.map

[ 2016-07-11T10:35:36+08:00 ] 127.0.0.1 /index.php/Home/buy/buy_step1.html?quantity=1&goods_id=1
ERR: Think\Model:getVirtualGoodsOnlineInfoByID方法不存在！

[ 2016-07-11T10:35:36+08:00 ] 127.0.0.1 /index.php/Home/buy/index.js.map
ERR: 非法操作:index.js.map

[ 2016-07-11T10:36:20+08:00 ] 127.0.0.1 /index.php/Home/buy/buy_step1.html?quantity=1&goods_id=1
ERR: Think\Model:getVirtualGoodsOnlineInfoByID方法不存在！

[ 2016-07-11T10:36:20+08:00 ] 127.0.0.1 /index.php/Home/buy/index.js.map
ERR: 非法操作:index.js.map

[ 2016-07-11T10:36:25+08:00 ] 127.0.0.1 /index.php/Home/buy/buy_step1.html?quantity=1&goods_id=1
ERR: Think\Model:getVirtualGoodsOnlineInfoByID方法不存在！

[ 2016-07-11T10:36:26+08:00 ] 127.0.0.1 /index.php/Home/buy/index.js.map
ERR: 非法操作:index.js.map

[ 2016-07-11T10:36:54+08:00 ] 127.0.0.1 /index.php/Home/buy/index.js.map
ERR: 非法操作:index.js.map

[ 2016-07-11T10:37:06+08:00 ] 127.0.0.1 /index.php/Home/buy/buy_step1.html?quantity=1&goods_id=1
ERR: Think\Model:getVirtualGoodsOnlineInfoByID方法不存在！

[ 2016-07-11T10:37:06+08:00 ] 127.0.0.1 /index.php/Home/buy/index.js.map
ERR: 非法操作:index.js.map

[ 2016-07-11T10:37:32+08:00 ] 127.0.0.1 /index.php/Home/buy/index.js.map
ERR: 非法操作:index.js.map

[ 2016-07-11T10:39:02+08:00 ] 127.0.0.1 /index.php/Home/buy/buy_step1.html?quantity=1&goods_id=1
ERR: Think\Model:getVirtualGoodsOnlineInfoByID方法不存在！

[ 2016-07-11T10:39:02+08:00 ] 127.0.0.1 /index.php/Home/buy/index.js.map
ERR: 非法操作:index.js.map

[ 2016-07-11T10:41:10+08:00 ] 127.0.0.1 /index.php/Home/buy/buy_step1.html?quantity=1&goods_id=1
ERR: Think\Model:getVirtualGoodsOnlineInfoByID方法不存在！

[ 2016-07-11T10:41:12+08:00 ] 127.0.0.1 /index.php/Home/buy/index.js.map
ERR: 非法操作:index.js.map

[ 2016-07-11T10:43:11+08:00 ] 127.0.0.1 /index.php/Home/buy/index.js.map
ERR: 非法操作:index.js.map

[ 2016-07-11T10:44:12+08:00 ] 127.0.0.1 /index.php/Home/buy/index.js.map
ERR: 非法操作:index.js.map

[ 2016-07-11T10:46:34+08:00 ] 127.0.0.1 /index.php/Home/buy/buy_step1.html?quantity=1&goods_id=1
ERR: Think\Model:test1方法不存在！

[ 2016-07-11T10:46:36+08:00 ] 127.0.0.1 /index.php/Home/buy/index.js.map
ERR: 非法操作:index.js.map

[ 2016-07-11T10:49:17+08:00 ] 127.0.0.1 /index.php/Home/buy/buy_step1.html?quantity=1&goods_id=1
ERR: Think\Model:test1方法不存在！

[ 2016-07-11T10:49:19+08:00 ] 127.0.0.1 /index.php/Home/buy/index.js.map
ERR: 非法操作:index.js.map

[ 2016-07-11T10:49:20+08:00 ] 127.0.0.1 /index.php/Home/buy/buy_step1.html?quantity=1&goods_id=1
ERR: Think\Model:test1方法不存在！

[ 2016-07-11T10:49:21+08:00 ] 127.0.0.1 /index.php/Home/buy/index.js.map
ERR: 非法操作:index.js.map

[ 2016-07-11T10:49:23+08:00 ] 127.0.0.1 /index.php/Home/Index/displayHistory/id/1.html
INFO: [ app_begin ] --START--
INFO: Run Behavior\ReadHtmlCacheBehavior [ RunTime:0.001000s ]
INFO: [ app_begin ] --END-- [ RunTime:0.001000s ]
SQL: SHOW COLUMNS FROM `33hao_goods_class` [ RunTime:0.0050s ]
SQL: SHOW COLUMNS FROM `33hao_vr_goods` [ RunTime:0.0060s ]
SQL: SELECT `goods_id`,`goods_name`,`goods_price`,`goods_promotion_price` FROM `33hao_vr_goods` WHERE `goods_id` IN ('1','3','2') ORDER BY FIELD(goods_id,1,3,2)  [ RunTime:0.0010s ]
INFO: [ app_end ] --START--
INFO: Run Behavior\ShowPageTraceBehavior [ RunTime:0.001000s ]
INFO: [ app_end ] --END-- [ RunTime:0.001000s ]

[ 2016-07-11T10:49:24+08:00 ] 127.0.0.1 /index.php/Home/Index/addrajax.html?page=1&id=1
INFO: [ app_begin ] --START--
INFO: Run Behavior\ReadHtmlCacheBehavior [ RunTime:0.000000s ]
INFO: [ app_begin ] --END-- [ RunTime:0.001000s ]
SQL: SHOW COLUMNS FROM `33hao_goods_class` [ RunTime:0.0050s ]
SQL: SHOW COLUMNS FROM `33hao_vr_goods_address` [ RunTime:0.0050s ]
SQL: SELECT * FROM `33hao_vr_goods_address` WHERE `goods_commonid` = '1' LIMIT 0,3   [ RunTime:0.0000s ]
INFO: [ app_end ] --START--
INFO: Run Behavior\ShowPageTraceBehavior [ RunTime:0.002000s ]
INFO: [ app_end ] --END-- [ RunTime:0.002000s ]

[ 2016-07-11T10:49:28+08:00 ] 127.0.0.1 /index.php/Home/Index/displayHistory/id/1.html
INFO: [ app_begin ] --START--
INFO: Run Behavior\ReadHtmlCacheBehavior [ RunTime:0.000000s ]
INFO: [ app_begin ] --END-- [ RunTime:0.002000s ]
SQL: SHOW COLUMNS FROM `33hao_goods_class` [ RunTime:0.0050s ]
SQL: SHOW COLUMNS FROM `33hao_vr_goods` [ RunTime:0.0060s ]
SQL: SELECT `goods_id`,`goods_name`,`goods_price`,`goods_promotion_price` FROM `33hao_vr_goods` WHERE `goods_id` IN ('1','3','2') ORDER BY FIELD(goods_id,1,3,2)  [ RunTime:0.0010s ]
INFO: [ app_end ] --START--
INFO: Run Behavior\ShowPageTraceBehavior [ RunTime:0.001000s ]
INFO: [ app_end ] --END-- [ RunTime:0.001000s ]

[ 2016-07-11T10:49:29+08:00 ] 127.0.0.1 /index.php/Home/Index/addrajax.html?page=1&id=1
INFO: [ app_begin ] --START--
INFO: Run Behavior\ReadHtmlCacheBehavior [ RunTime:0.001000s ]
INFO: [ app_begin ] --END-- [ RunTime:0.001000s ]
SQL: SHOW COLUMNS FROM `33hao_goods_class` [ RunTime:0.0050s ]
SQL: SHOW COLUMNS FROM `33hao_vr_goods_address` [ RunTime:0.0050s ]
SQL: SELECT * FROM `33hao_vr_goods_address` WHERE `goods_commonid` = '1' LIMIT 0,3   [ RunTime:0.0000s ]
INFO: [ app_end ] --START--
INFO: Run Behavior\ShowPageTraceBehavior [ RunTime:0.001000s ]
INFO: [ app_end ] --END-- [ RunTime:0.001000s ]

[ 2016-07-11T10:49:31+08:00 ] 127.0.0.1 /index.php/Home/buy/buy_step1.html?quantity=1&goods_id=1
ERR: Think\Model:test1方法不存在！

[ 2016-07-11T10:49:32+08:00 ] 127.0.0.1 /index.php/Home/buy/index.js.map
ERR: 非法操作:index.js.map

[ 2016-07-11T10:50:14+08:00 ] 127.0.0.1 /index.php/Home/buy/buy_step1.html?quantity=1&goods_id=1
ERR: Think\Model:getVirtualGoodsOnlineInfoByID方法不存在！

[ 2016-07-11T10:50:16+08:00 ] 127.0.0.1 /index.php/Home/buy/index.js.map
ERR: 非法操作:index.js.map

[ 2016-07-11T11:02:10+08:00 ] 127.0.0.1 /index.php/Home/buy/index.js.map
ERR: 非法操作:index.js.map

[ 2016-07-11T11:10:42+08:00 ] 127.0.0.1 /index.php/Home/buy/buy_step1.html?quantity=1&goods_id=1
ERR: Think\Model:getGoodsInfoByID方法不存在！

[ 2016-07-11T11:10:44+08:00 ] 127.0.0.1 /index.php/Home/buy/index.js.map
ERR: 非法操作:index.js.map

[ 2016-07-11T11:10:48+08:00 ] 127.0.0.1 /index.php/Home/Index/displayHistory/id/1.html
INFO: [ app_begin ] --START--
INFO: Run Behavior\ReadHtmlCacheBehavior [ RunTime:0.001000s ]
INFO: [ app_begin ] --END-- [ RunTime:0.001000s ]
SQL: SHOW COLUMNS FROM `33hao_goods_class` [ RunTime:0.0060s ]
SQL: SHOW COLUMNS FROM `33hao_vr_goods` [ RunTime:0.0050s ]
SQL: SELECT `goods_id`,`goods_name`,`goods_price`,`goods_promotion_price` FROM `33hao_vr_goods` WHERE `goods_id` IN ('1','3','2') ORDER BY FIELD(goods_id,1,3,2)  [ RunTime:0.0010s ]
INFO: [ app_end ] --START--
INFO: Run Behavior\ShowPageTraceBehavior [ RunTime:0.001000s ]
INFO: [ app_end ] --END-- [ RunTime:0.001000s ]

[ 2016-07-11T11:10:49+08:00 ] 127.0.0.1 /index.php/Home/Index/addrajax.html?page=1&id=1
INFO: [ app_begin ] --START--
INFO: Run Behavior\ReadHtmlCacheBehavior [ RunTime:0.000000s ]
INFO: [ app_begin ] --END-- [ RunTime:0.002000s ]
SQL: SHOW COLUMNS FROM `33hao_goods_class` [ RunTime:0.0050s ]
SQL: SHOW COLUMNS FROM `33hao_vr_goods_address` [ RunTime:0.0050s ]
SQL: SELECT * FROM `33hao_vr_goods_address` WHERE `goods_commonid` = '1' LIMIT 0,3   [ RunTime:0.0010s ]
INFO: [ app_end ] --START--
INFO: Run Behavior\ShowPageTraceBehavior [ RunTime:0.000000s ]
INFO: [ app_end ] --END-- [ RunTime:0.000000s ]

[ 2016-07-11T11:11:29+08:00 ] 127.0.0.1 /index.php/Home/Index/displayHistory/id/1.html
INFO: [ app_begin ] --START--
INFO: Run Behavior\ReadHtmlCacheBehavior [ RunTime:0.001000s ]
INFO: [ app_begin ] --END-- [ RunTime:0.001000s ]
SQL: SHOW COLUMNS FROM `33hao_goods_class` [ RunTime:0.0050s ]
SQL: SHOW COLUMNS FROM `33hao_vr_goods` [ RunTime:0.0070s ]
SQL: SELECT `goods_id`,`goods_name`,`goods_price`,`goods_promotion_price` FROM `33hao_vr_goods` WHERE `goods_id` IN ('1','3','2') ORDER BY FIELD(goods_id,1,3,2)  [ RunTime:0.0000s ]
INFO: [ app_end ] --START--
INFO: Run Behavior\ShowPageTraceBehavior [ RunTime:0.001000s ]
INFO: [ app_end ] --END-- [ RunTime:0.001000s ]

[ 2016-07-11T11:11:30+08:00 ] 127.0.0.1 /index.php/Home/Index/addrajax.html?page=1&id=1
INFO: [ app_begin ] --START--
INFO: Run Behavior\ReadHtmlCacheBehavior [ RunTime:0.001000s ]
INFO: [ app_begin ] --END-- [ RunTime:0.001000s ]
SQL: SHOW COLUMNS FROM `33hao_goods_class` [ RunTime:0.0050s ]
SQL: SHOW COLUMNS FROM `33hao_vr_goods_address` [ RunTime:0.0070s ]
SQL: SELECT * FROM `33hao_vr_goods_address` WHERE `goods_commonid` = '1' LIMIT 0,3   [ RunTime:0.0010s ]
INFO: [ app_end ] --START--
INFO: Run Behavior\ShowPageTraceBehavior [ RunTime:0.002000s ]
INFO: [ app_end ] --END-- [ RunTime:0.002000s ]

[ 2016-07-11T11:11:34+08:00 ] 127.0.0.1 /index.php/Home/buy/index.js.map
ERR: 非法操作:index.js.map

[ 2016-07-11T11:14:15+08:00 ] 127.0.0.1 /index.php/Home/Index/displayHistory/id/1.html
INFO: [ app_begin ] --START--
INFO: Run Behavior\ReadHtmlCacheBehavior [ RunTime:0.002000s ]
INFO: [ app_begin ] --END-- [ RunTime:0.014000s ]
SQL: SHOW COLUMNS FROM `33hao_goods_class` [ RunTime:0.0050s ]
SQL: SHOW COLUMNS FROM `33hao_vr_goods` [ RunTime:0.0070s ]
SQL: SELECT `goods_id`,`goods_name`,`goods_price`,`goods_promotion_price` FROM `33hao_vr_goods` WHERE `goods_id` IN ('1','3','2') ORDER BY FIELD(goods_id,1,3,2)  [ RunTime:0.0010s ]
INFO: [ app_end ] --START--
INFO: Run Behavior\ShowPageTraceBehavior [ RunTime:0.001000s ]
INFO: [ app_end ] --END-- [ RunTime:0.001000s ]

[ 2016-07-11T11:14:16+08:00 ] 127.0.0.1 /index.php/Home/Index/addrajax.html?page=1&id=1
INFO: [ app_begin ] --START--
INFO: Run Behavior\ReadHtmlCacheBehavior [ RunTime:0.001000s ]
INFO: [ app_begin ] --END-- [ RunTime:0.001000s ]
SQL: SHOW COLUMNS FROM `33hao_goods_class` [ RunTime:0.0070s ]
SQL: SHOW COLUMNS FROM `33hao_vr_goods_address` [ RunTime:0.0070s ]
SQL: SELECT * FROM `33hao_vr_goods_address` WHERE `goods_commonid` = '1' LIMIT 0,3   [ RunTime:0.0000s ]
INFO: [ app_end ] --START--
INFO: Run Behavior\ShowPageTraceBehavior [ RunTime:0.001000s ]
INFO: [ app_end ] --END-- [ RunTime:0.001000s ]

[ 2016-07-11T11:18:38+08:00 ] 127.0.0.1 /index.php/Home/Index/displayHistory/id/1.html
INFO: [ app_begin ] --START--
INFO: Run Behavior\ReadHtmlCacheBehavior [ RunTime:0.001000s ]
INFO: [ app_begin ] --END-- [ RunTime:0.002000s ]
SQL: SHOW COLUMNS FROM `33hao_goods_class` [ RunTime:0.0070s ]
SQL: SHOW COLUMNS FROM `33hao_vr_goods` [ RunTime:0.0060s ]
SQL: SELECT `goods_id`,`goods_name`,`goods_price`,`goods_promotion_price` FROM `33hao_vr_goods` WHERE `goods_id` IN ('1','3','2') ORDER BY FIELD(goods_id,1,3,2)  [ RunTime:0.0010s ]
INFO: [ app_end ] --START--
INFO: Run Behavior\ShowPageTraceBehavior [ RunTime:0.002000s ]
INFO: [ app_end ] --END-- [ RunTime:0.002000s ]

[ 2016-07-11T11:18:39+08:00 ] 127.0.0.1 /index.php/Home/Index/addrajax.html?page=1&id=1
INFO: [ app_begin ] --START--
INFO: Run Behavior\ReadHtmlCacheBehavior [ RunTime:0.002000s ]
INFO: [ app_begin ] --END-- [ RunTime:0.003000s ]
SQL: SHOW COLUMNS FROM `33hao_goods_class` [ RunTime:0.0070s ]
SQL: SHOW COLUMNS FROM `33hao_vr_goods_address` [ RunTime:0.0050s ]
SQL: SELECT * FROM `33hao_vr_goods_address` WHERE `goods_commonid` = '1' LIMIT 0,3   [ RunTime:0.0000s ]
INFO: [ app_end ] --START--
INFO: Run Behavior\ShowPageTraceBehavior [ RunTime:0.001000s ]
INFO: [ app_end ] --END-- [ RunTime:0.001000s ]

[ 2016-07-11T11:18:43+08:00 ] 127.0.0.1 /index.php/Home/buy/index.js.map
ERR: 非法操作:index.js.map

[ 2016-07-11T11:22:11+08:00 ] 127.0.0.1 /index.php/Home/buy/index.js.map
ERR: 非法操作:index.js.map

[ 2016-07-11T11:22:53+08:00 ] 127.0.0.1 /index.php/Home/buy/index.js.map
ERR: 非法操作:index.js.map

[ 2016-07-11T11:25:04+08:00 ] 127.0.0.1 /index.php/Home/buy/index.js.map
ERR: 非法操作:index.js.map

[ 2016-07-11T11:25:37+08:00 ] 127.0.0.1 /index.php/Home/buy/index.js.map
ERR: 非法操作:index.js.map

[ 2016-07-11T11:26:34+08:00 ] 127.0.0.1 /index.php/Home/buy/index.js.map
ERR: 非法操作:index.js.map

[ 2016-07-11T11:26:51+08:00 ] 127.0.0.1 /index.php/Home/buy/index.js.map
ERR: 非法操作:index.js.map

[ 2016-07-11T11:27:08+08:00 ] 127.0.0.1 /index.php/Home/buy/index.js.map
ERR: 非法操作:index.js.map

[ 2016-07-11T11:28:21+08:00 ] 127.0.0.1 /index.php/Home/buy/index.js.map
ERR: 非法操作:index.js.map

[ 2016-07-11T11:29:41+08:00 ] 127.0.0.1 /index.php/Home/buy/index.js.map
ERR: 非法操作:index.js.map

[ 2016-07-11T11:30:24+08:00 ] 127.0.0.1 /index.php/Home/buy/index.js.map
ERR: 非法操作:index.js.map

[ 2016-07-11T11:30:53+08:00 ] 127.0.0.1 /index.php/Home/buy/index.js.map
ERR: 非法操作:index.js.map

[ 2016-07-11T11:31:43+08:00 ] 127.0.0.1 /index.php/Home/buy/index.js.map
ERR: 非法操作:index.js.map

[ 2016-07-11T11:32:17+08:00 ] 127.0.0.1 /index.php/Home/buy/index.js.map
ERR: 非法操作:index.js.map

[ 2016-07-11T11:33:38+08:00 ] 127.0.0.1 /index.php/Home/buy/index.js.map
ERR: 非法操作:index.js.map

[ 2016-07-11T11:44:01+08:00 ] 127.0.0.1 /index.php/Home/buy/index.js.map
ERR: 非法操作:index.js.map

[ 2016-07-11T11:44:24+08:00 ] 127.0.0.1 /index.php/Home/buy/index.js.map
ERR: 非法操作:index.js.map

[ 2016-07-11T11:46:14+08:00 ] 127.0.0.1 /index.php/Home/buy/index.js.map
ERR: 非法操作:index.js.map

[ 2016-07-11T14:58:28+08:00 ] 127.0.0.1 /index.php/Home/buy/index.js.map
ERR: 非法操作:index.js.map

[ 2016-07-11T15:09:13+08:00 ] 127.0.0.1 /index.php/Home/buy/index.js.map
ERR: 非法操作:index.js.map

[ 2016-07-11T15:10:05+08:00 ] 127.0.0.1 /index.php/Home/Index/displayHistory/id/1.html
INFO: [ app_begin ] --START--
INFO: Run Behavior\ReadHtmlCacheBehavior [ RunTime:0.001000s ]
INFO: [ app_begin ] --END-- [ RunTime:0.002000s ]
SQL: SHOW COLUMNS FROM `33hao_goods_class` [ RunTime:0.0050s ]
SQL: SHOW COLUMNS FROM `33hao_vr_goods` [ RunTime:0.0050s ]
SQL: SELECT `goods_id`,`goods_name`,`goods_price`,`goods_promotion_price` FROM `33hao_vr_goods` WHERE `goods_id` IN ('1','3','2') ORDER BY FIELD(goods_id,1,3,2)  [ RunTime:0.0000s ]
INFO: [ app_end ] --START--
INFO: Run Behavior\ShowPageTraceBehavior [ RunTime:0.001000s ]
INFO: [ app_end ] --END-- [ RunTime:0.001000s ]

[ 2016-07-11T15:10:06+08:00 ] 127.0.0.1 /index.php/Home/Index/addrajax.html?page=1&id=1
INFO: [ app_begin ] --START--
INFO: Run Behavior\ReadHtmlCacheBehavior [ RunTime:0.001000s ]
INFO: [ app_begin ] --END-- [ RunTime:0.002000s ]
SQL: SHOW COLUMNS FROM `33hao_goods_class` [ RunTime:0.0060s ]
SQL: SHOW COLUMNS FROM `33hao_vr_goods_address` [ RunTime:0.0070s ]
SQL: SELECT * FROM `33hao_vr_goods_address` WHERE `goods_commonid` = '1' LIMIT 0,3   [ RunTime:0.0000s ]
INFO: [ app_end ] --START--
INFO: Run Behavior\ShowPageTraceBehavior [ RunTime:0.001000s ]
INFO: [ app_end ] --END-- [ RunTime:0.001000s ]

[ 2016-07-11T15:10:10+08:00 ] 127.0.0.1 /index.php/Home/buy/index.js.map
ERR: 非法操作:index.js.map

[ 2016-07-11T15:23:12+08:00 ] 127.0.0.1 /index.php/Home/buy/index.js.map
ERR: 非法操作:index.js.map

[ 2016-07-11T15:24:16+08:00 ] 127.0.0.1 /index.php/Home/buy/index.js.map
ERR: 非法操作:index.js.map

[ 2016-07-11T15:28:06+08:00 ] 127.0.0.1 /index.php/Home/buy/index.js.map
ERR: 非法操作:index.js.map

[ 2016-07-11T15:39:36+08:00 ] 127.0.0.1 /index.php/Home/buy/buy_step1.html?quantity=3&goods_id=1
ERR: 1146:Table 'mxhhw.goods_common' doesn't exist
 [ SQL语句 ] : SHOW COLUMNS FROM `goods_common`

[ 2016-07-11T15:39:38+08:00 ] 127.0.0.1 /index.php/Home/buy/index.js.map
ERR: 非法操作:index.js.map

[ 2016-07-11T15:42:08+08:00 ] 127.0.0.1 /index.php/Home/buy/index.js.map
ERR: 非法操作:index.js.map

[ 2016-07-11T15:42:22+08:00 ] 127.0.0.1 /index.php/Home/buy/buy_step1.html?quantity=3&goods_id=1
ERR: 1146:Table 'mxhhw.vr_goods_common' doesn't exist
 [ SQL语句 ] : SHOW COLUMNS FROM `vr_goods_common`

[ 2016-07-11T15:42:24+08:00 ] 127.0.0.1 /index.php/Home/buy/index.js.map
ERR: 非法操作:index.js.map

[ 2016-07-11T15:45:33+08:00 ] 127.0.0.1 /index.php/Home/buy/index.js.map
ERR: 非法操作:index.js.map

[ 2016-07-11T15:45:58+08:00 ] 127.0.0.1 /index.php/Home/buy/index.js.map
ERR: 非法操作:index.js.map

[ 2016-07-11T15:49:07+08:00 ] 127.0.0.1 /index.php/Home/buy/index.js.map
ERR: 非法操作:index.js.map

[ 2016-07-11T15:53:13+08:00 ] 127.0.0.1 /index.php/Home/buy/index.js.map
ERR: 非法操作:index.js.map

[ 2016-07-11T16:03:48+08:00 ] 127.0.0.1 /index.php/Home/buy/index.js.map
ERR: 非法操作:index.js.map

[ 2016-07-11T16:03:55+08:00 ] 127.0.0.1 /index.php/Home/buy/index.js.map
ERR: 非法操作:index.js.map

[ 2016-07-11T16:05:01+08:00 ] 127.0.0.1 /index.php/Home/buy/buy_step1.html?quantity=3&goods_id=1
ERR: Think\Model:_getEvaluateStore方法不存在！

[ 2016-07-11T16:05:03+08:00 ] 127.0.0.1 /index.php/Home/buy/index.js.map
ERR: 非法操作:index.js.map

[ 2016-07-11T16:05:14+08:00 ] 127.0.0.1 /index.php/Home/buy/buy_step1.html?quantity=3&goods_id=1
ERR: Think\Model:_getEvaluateStore方法不存在！

[ 2016-07-11T16:05:16+08:00 ] 127.0.0.1 /index.php/Home/buy/index.js.map
ERR: 非法操作:index.js.map

[ 2016-07-11T16:05:50+08:00 ] 127.0.0.1 /index.php/Home/buy/buy_step1.html?quantity=3&goods_id=1
ERR: Think\Model:_getEvaluateStore方法不存在！

[ 2016-07-11T16:05:51+08:00 ] 127.0.0.1 /index.php/Home/buy/index.js.map
ERR: 非法操作:index.js.map

[ 2016-07-11T16:06:19+08:00 ] 127.0.0.1 /index.php/Home/buy/index.js.map
ERR: 非法操作:index.js.map

[ 2016-07-11T16:17:59+08:00 ] 127.0.0.1 /index.php/Home/buy/index.js.map
ERR: 非法操作:index.js.map

[ 2016-07-11T16:19:00+08:00 ] 127.0.0.1 /index.php/Home/buy/buy_step1.html?quantity=3&goods_id=1
ERR: Think\Model:_getEvaluateStore方法不存在！

[ 2016-07-11T16:19:01+08:00 ] 127.0.0.1 /index.php/Home/buy/index.js.map
ERR: 非法操作:index.js.map

[ 2016-07-11T16:21:47+08:00 ] 127.0.0.1 /index.php/Home/buy/index.js.map
ERR: 非法操作:index.js.map

[ 2016-07-11T16:22:40+08:00 ] 127.0.0.1 /index.php/Home/buy/index.js.map
ERR: 非法操作:index.js.map

[ 2016-07-11T16:25:23+08:00 ] 127.0.0.1 /index.php/Home/buy/index.js.map
ERR: 非法操作:index.js.map

[ 2016-07-11T16:38:55+08:00 ] 127.0.0.1 /index.php/Home/buy/buy_step1.html?quantity=3&goods_id=1
ERR: Think\Model:master方法不存在！

[ 2016-07-11T16:38:57+08:00 ] 127.0.0.1 /index.php/Home/buy/index.js.map
ERR: 非法操作:index.js.map

[ 2016-07-11T16:41:03+08:00 ] 127.0.0.1 /index.php/Home/buy/index.js.map
ERR: 非法操作:index.js.map

[ 2016-07-11T16:41:57+08:00 ] 127.0.0.1 /index.php/Home/buy/index.js.map
ERR: 非法操作:index.js.map

[ 2016-07-11T16:42:18+08:00 ] 127.0.0.1 /index.php/Home/buy/index.js.map
ERR: 非法操作:index.js.map

[ 2016-07-11T16:43:15+08:00 ] 127.0.0.1 /index.php/Home/buy/index.js.map
ERR: 非法操作:index.js.map

[ 2016-07-11T16:53:15+08:00 ] 127.0.0.1 /index.php/Home/buy/index.js.map
ERR: 非法操作:index.js.map

[ 2016-07-11T16:56:24+08:00 ] 127.0.0.1 /index.php/Home/buy/index.js.map
ERR: 非法操作:index.js.map

[ 2016-07-11T16:56:55+08:00 ] 127.0.0.1 /index.php/Home/buy/index.js.map
ERR: 非法操作:index.js.map

[ 2016-07-11T16:57:50+08:00 ] 127.0.0.1 /index.php/Home/buy/index.js.map
ERR: 非法操作:index.js.map

[ 2016-07-11T17:00:46+08:00 ] 127.0.0.1 /index.php/Home/Index/displayHistory/id/1.html
INFO: [ app_begin ] --START--
INFO: Run Behavior\ReadHtmlCacheBehavior [ RunTime:0.000000s ]
INFO: [ app_begin ] --END-- [ RunTime:0.001000s ]
SQL: SHOW COLUMNS FROM `33hao_goods_class` [ RunTime:0.0060s ]
SQL: SHOW COLUMNS FROM `33hao_vr_goods` [ RunTime:0.0060s ]
SQL: SELECT `goods_id`,`goods_name`,`goods_price`,`goods_promotion_price` FROM `33hao_vr_goods` WHERE `goods_id` IN ('1','3','2') ORDER BY FIELD(goods_id,1,3,2)  [ RunTime:0.0000s ]
INFO: [ app_end ] --START--
INFO: Run Behavior\ShowPageTraceBehavior [ RunTime:0.001000s ]
INFO: [ app_end ] --END-- [ RunTime:0.001000s ]

[ 2016-07-11T17:00:47+08:00 ] 127.0.0.1 /index.php/Home/Index/addrajax.html?page=1&id=1
INFO: [ app_begin ] --START--
INFO: Run Behavior\ReadHtmlCacheBehavior [ RunTime:0.001000s ]
INFO: [ app_begin ] --END-- [ RunTime:0.002000s ]
SQL: SHOW COLUMNS FROM `33hao_goods_class` [ RunTime:0.0050s ]
SQL: SHOW COLUMNS FROM `33hao_vr_goods_address` [ RunTime:0.0050s ]
SQL: SELECT * FROM `33hao_vr_goods_address` WHERE `goods_commonid` = '1' LIMIT 0,3   [ RunTime:0.0000s ]
INFO: [ app_end ] --START--
INFO: Run Behavior\ShowPageTraceBehavior [ RunTime:0.001000s ]
INFO: [ app_end ] --END-- [ RunTime:0.001000s ]

[ 2016-07-11T17:01:08+08:00 ] 127.0.0.1 /index.php/Home/Index/displayHistory/id/4.html
INFO: [ app_begin ] --START--
INFO: Run Behavior\ReadHtmlCacheBehavior [ RunTime:0.001000s ]
INFO: [ app_begin ] --END-- [ RunTime:0.002000s ]
SQL: SHOW COLUMNS FROM `33hao_goods_class` [ RunTime:0.0060s ]
SQL: SHOW COLUMNS FROM `33hao_vr_goods` [ RunTime:0.0050s ]
SQL: SELECT `goods_id`,`goods_name`,`goods_price`,`goods_promotion_price` FROM `33hao_vr_goods` WHERE `goods_id` IN ('4','1','3','2') ORDER BY FIELD(goods_id,4,1,3,2)  [ RunTime:0.0000s ]
INFO: [ app_end ] --START--
INFO: Run Behavior\ShowPageTraceBehavior [ RunTime:0.001000s ]
INFO: [ app_end ] --END-- [ RunTime:0.001000s ]

[ 2016-07-11T17:01:09+08:00 ] 127.0.0.1 /index.php/Home/Index/addrajax.html?page=1&id=4
INFO: [ app_begin ] --START--
INFO: Run Behavior\ReadHtmlCacheBehavior [ RunTime:0.001000s ]
INFO: [ app_begin ] --END-- [ RunTime:0.002000s ]
SQL: SHOW COLUMNS FROM `33hao_goods_class` [ RunTime:0.0060s ]
SQL: SHOW COLUMNS FROM `33hao_vr_goods_address` [ RunTime:0.0050s ]
SQL: SELECT * FROM `33hao_vr_goods_address` WHERE `goods_commonid` = '4' LIMIT 0,3   [ RunTime:0.0010s ]
INFO: [ app_end ] --START--
INFO: Run Behavior\ShowPageTraceBehavior [ RunTime:0.001000s ]
INFO: [ app_end ] --END-- [ RunTime:0.001000s ]

[ 2016-07-11T17:01:15+08:00 ] 127.0.0.1 /index.php/Home/Index/displayHistory/id/4.html
INFO: [ app_begin ] --START--
INFO: Run Behavior\ReadHtmlCacheBehavior [ RunTime:0.001000s ]
INFO: [ app_begin ] --END-- [ RunTime:0.002000s ]
SQL: SHOW COLUMNS FROM `33hao_goods_class` [ RunTime:0.0050s ]
SQL: SHOW COLUMNS FROM `33hao_vr_goods` [ RunTime:0.0070s ]
SQL: SELECT `goods_id`,`goods_name`,`goods_price`,`goods_promotion_price` FROM `33hao_vr_goods` WHERE `goods_id` IN ('4','1','3','2') ORDER BY FIELD(goods_id,4,1,3,2)  [ RunTime:0.0000s ]
INFO: [ app_end ] --START--
INFO: Run Behavior\ShowPageTraceBehavior [ RunTime:0.001000s ]
INFO: [ app_end ] --END-- [ RunTime:0.001000s ]

[ 2016-07-11T17:01:17+08:00 ] 127.0.0.1 /index.php/Home/Index/addrajax.html?page=1&id=4
INFO: [ app_begin ] --START--
INFO: Run Behavior\ReadHtmlCacheBehavior [ RunTime:0.001000s ]
INFO: [ app_begin ] --END-- [ RunTime:0.001000s ]
SQL: SHOW COLUMNS FROM `33hao_goods_class` [ RunTime:0.0050s ]
SQL: SHOW COLUMNS FROM `33hao_vr_goods_address` [ RunTime:0.0050s ]
SQL: SELECT * FROM `33hao_vr_goods_address` WHERE `goods_commonid` = '4' LIMIT 0,3   [ RunTime:0.0000s ]
INFO: [ app_end ] --START--
INFO: Run Behavior\ShowPageTraceBehavior [ RunTime:0.001000s ]
INFO: [ app_end ] --END-- [ RunTime:0.001000s ]

[ 2016-07-11T17:03:39+08:00 ] 127.0.0.1 /index.php/Home/buy/index.js.map
ERR: 非法操作:index.js.map

[ 2016-07-11T17:03:43+08:00 ] 127.0.0.1 /index.php/Home/Index/displayHistory/id/4.html
INFO: [ app_begin ] --START--
INFO: Run Behavior\ReadHtmlCacheBehavior [ RunTime:0.001000s ]
INFO: [ app_begin ] --END-- [ RunTime:0.002000s ]
SQL: SHOW COLUMNS FROM `33hao_goods_class` [ RunTime:0.0050s ]
SQL: SHOW COLUMNS FROM `33hao_vr_goods` [ RunTime:0.0070s ]
SQL: SELECT `goods_id`,`goods_name`,`goods_price`,`goods_promotion_price` FROM `33hao_vr_goods` WHERE `goods_id` IN ('4','1','3','2') ORDER BY FIELD(goods_id,4,1,3,2)  [ RunTime:0.0010s ]
INFO: [ app_end ] --START--
INFO: Run Behavior\ShowPageTraceBehavior [ RunTime:0.001000s ]
INFO: [ app_end ] --END-- [ RunTime:0.001000s ]

[ 2016-07-11T17:03:44+08:00 ] 127.0.0.1 /index.php/Home/Index/addrajax.html?page=1&id=4
INFO: [ app_begin ] --START--
INFO: Run Behavior\ReadHtmlCacheBehavior [ RunTime:0.001000s ]
INFO: [ app_begin ] --END-- [ RunTime:0.001000s ]
SQL: SHOW COLUMNS FROM `33hao_goods_class` [ RunTime:0.0050s ]
SQL: SHOW COLUMNS FROM `33hao_vr_goods_address` [ RunTime:0.0050s ]
SQL: SELECT * FROM `33hao_vr_goods_address` WHERE `goods_commonid` = '4' LIMIT 0,3   [ RunTime:0.0010s ]
INFO: [ app_end ] --START--
INFO: Run Behavior\ShowPageTraceBehavior [ RunTime:0.001000s ]
INFO: [ app_end ] --END-- [ RunTime:0.001000s ]

[ 2016-07-11T17:03:47+08:00 ] 127.0.0.1 /index.php/home/cart/addCart.html?goods_id=4&goods_num=1&goods_name=%E5%8D%8E%E4%B8%BA%E8%80%B3%E6%9C%BA&goods_price=300.00
INFO: [ app_begin ] --START--
INFO: Run Behavior\ReadHtmlCacheBehavior [ RunTime:0.004000s ]
INFO: [ app_begin ] --END-- [ RunTime:0.005000s ]
SQL: SHOW COLUMNS FROM `33hao_goods_class` [ RunTime:0.0050s ]
SQL: SHOW COLUMNS FROM `33hao_vr_goods` [ RunTime:0.0060s ]
SQL: SELECT `goods_id`,`goods_name`,`goods_price`,`goods_promotion_price` FROM `33hao_vr_goods` WHERE `goods_id` = 4 LIMIT 1   [ RunTime:0.0000s ]
NOTIC: [2] Invalid argument supplied for foreach() D:\WWW\mxsh\Application\Home\Controller\CartController.class.php 第 165 行.
INFO: [ app_end ] --START--
INFO: Run Behavior\ShowPageTraceBehavior [ RunTime:0.001000s ]
INFO: [ app_end ] --END-- [ RunTime:0.001000s ]

[ 2016-07-11T17:03:48+08:00 ] 127.0.0.1 /index.php/Home/Index/displayHistory/id/4.html
INFO: [ app_begin ] --START--
INFO: Run Behavior\ReadHtmlCacheBehavior [ RunTime:0.001000s ]
INFO: [ app_begin ] --END-- [ RunTime:0.001000s ]
SQL: SHOW COLUMNS FROM `33hao_goods_class` [ RunTime:0.0060s ]
SQL: SHOW COLUMNS FROM `33hao_vr_goods` [ RunTime:0.0060s ]
SQL: SELECT `goods_id`,`goods_name`,`goods_price`,`goods_promotion_price` FROM `33hao_vr_goods` WHERE `goods_id` IN ('4','1','3','2') ORDER BY FIELD(goods_id,4,1,3,2)  [ RunTime:0.0000s ]
INFO: [ app_end ] --START--
INFO: Run Behavior\ShowPageTraceBehavior [ RunTime:0.003000s ]
INFO: [ app_end ] --END-- [ RunTime:0.003000s ]

[ 2016-07-11T17:03:49+08:00 ] 127.0.0.1 /index.php/Home/Index/addrajax.html?page=1&id=4
INFO: [ app_begin ] --START--
INFO: Run Behavior\ReadHtmlCacheBehavior [ RunTime:0.001000s ]
INFO: [ app_begin ] --END-- [ RunTime:0.002000s ]
SQL: SHOW COLUMNS FROM `33hao_goods_class` [ RunTime:0.0050s ]
SQL: SHOW COLUMNS FROM `33hao_vr_goods_address` [ RunTime:0.0060s ]
SQL: SELECT * FROM `33hao_vr_goods_address` WHERE `goods_commonid` = '4' LIMIT 0,3   [ RunTime:0.0000s ]
INFO: [ app_end ] --START--
INFO: Run Behavior\ShowPageTraceBehavior [ RunTime:0.000000s ]
INFO: [ app_end ] --END-- [ RunTime:0.000000s ]

[ 2016-07-11T17:03:53+08:00 ] 127.0.0.1 /index.php/Home/buy/index.js.map
ERR: 非法操作:index.js.map

[ 2016-07-11T17:04:23+08:00 ] 127.0.0.1 /index.php/Home/buy/index.js.map
ERR: 非法操作:index.js.map

[ 2016-07-11T17:08:27+08:00 ] 127.0.0.1 /index.php/Home/buy/index.js.map
ERR: 非法操作:index.js.map

[ 2016-07-11T17:09:07+08:00 ] 127.0.0.1 /index.php/Home/buy/index.js.map
ERR: 非法操作:index.js.map

[ 2016-07-11T17:11:18+08:00 ] 127.0.0.1 /index.php/Home/buy/index.js.map
ERR: 非法操作:index.js.map

[ 2016-07-11T17:11:20+08:00 ] 127.0.0.1 /index.php/Home/Index/displayHistory/id/4.html
INFO: [ app_begin ] --START--
INFO: Run Behavior\ReadHtmlCacheBehavior [ RunTime:0.001000s ]
INFO: [ app_begin ] --END-- [ RunTime:0.002000s ]
SQL: SHOW COLUMNS FROM `33hao_goods_class` [ RunTime:0.0050s ]
SQL: SHOW COLUMNS FROM `33hao_vr_goods` [ RunTime:0.0070s ]
SQL: SELECT `goods_id`,`goods_name`,`goods_price`,`goods_promotion_price` FROM `33hao_vr_goods` WHERE `goods_id` IN ('4','1','3','2') ORDER BY FIELD(goods_id,4,1,3,2)  [ RunTime:0.0000s ]
INFO: [ app_end ] --START--
INFO: Run Behavior\ShowPageTraceBehavior [ RunTime:0.001000s ]
INFO: [ app_end ] --END-- [ RunTime:0.001000s ]

[ 2016-07-11T17:11:21+08:00 ] 127.0.0.1 /index.php/Home/Index/addrajax.html?page=1&id=4
INFO: [ app_begin ] --START--
INFO: Run Behavior\ReadHtmlCacheBehavior [ RunTime:0.001000s ]
INFO: [ app_begin ] --END-- [ RunTime:0.002000s ]
SQL: SHOW COLUMNS FROM `33hao_goods_class` [ RunTime:0.0050s ]
SQL: SHOW COLUMNS FROM `33hao_vr_goods_address` [ RunTime:0.0050s ]
SQL: SELECT * FROM `33hao_vr_goods_address` WHERE `goods_commonid` = '4' LIMIT 0,3   [ RunTime:0.0030s ]
INFO: [ app_end ] --START--
INFO: Run Behavior\ShowPageTraceBehavior [ RunTime:0.002000s ]
INFO: [ app_end ] --END-- [ RunTime:0.002000s ]

[ 2016-07-11T17:11:25+08:00 ] 127.0.0.1 /index.php/Home/buy/index.js.map
ERR: 非法操作:index.js.map

[ 2016-07-11T17:11:29+08:00 ] 127.0.0.1 /index.php/Home/buy/index.js.map
ERR: 非法操作:index.js.map

[ 2016-07-11T17:13:21+08:00 ] 127.0.0.1 /index.php/Home/buy/index.js.map
ERR: 非法操作:index.js.map

[ 2016-07-11T17:14:44+08:00 ] 127.0.0.1 /index.php/Home/buy/index.js.map
ERR: 非法操作:index.js.map

[ 2016-07-11T17:18:02+08:00 ] 127.0.0.1 /index.php/Home/buy/index.js.map
ERR: 非法操作:index.js.map

[ 2016-07-11T17:19:00+08:00 ] 127.0.0.1 /index.php/Home/buy/index.js.map
ERR: 非法操作:index.js.map

[ 2016-07-11T17:19:53+08:00 ] 127.0.0.1 /index.php/Home/buy/index.js.map
ERR: 非法操作:index.js.map

[ 2016-07-11T17:20:42+08:00 ] 127.0.0.1 /index.php/Home/buy/index.js.map
ERR: 非法操作:index.js.map

[ 2016-07-11T17:20:50+08:00 ] 127.0.0.1 /index.php/Home/buy/index.js.map
ERR: 非法操作:index.js.map

[ 2016-07-11T17:25:10+08:00 ] 127.0.0.1 /index.php/Home/buy/index.js.map
ERR: 非法操作:index.js.map

[ 2016-07-11T17:26:50+08:00 ] 127.0.0.1 /index.php/Home/buy/index.js.map
ERR: 非法操作:index.js.map

[ 2016-07-11T17:27:18+08:00 ] 127.0.0.1 /index.php/Home/Buy/index.js.map
ERR: 非法操作:index.js.map

[ 2016-07-11T17:32:33+08:00 ] 127.0.0.1 /index.php/Home/Buy/index.js.map
ERR: 非法操作:index.js.map

[ 2016-07-11T17:34:21+08:00 ] 127.0.0.1 /index.php/Home/Buy/index.js.map
ERR: 非法操作:index.js.map

[ 2016-07-11T17:37:35+08:00 ] 127.0.0.1 /index.php/Home/Buy/index.js.map
ERR: 非法操作:index.js.map

[ 2016-07-11T17:39:05+08:00 ] 127.0.0.1 /index.php/Home/Buy/index.js.map
ERR: 非法操作:index.js.map

[ 2016-07-11T17:41:53+08:00 ] 127.0.0.1 /index.php/Home/Buy/index.js.map
ERR: 非法操作:index.js.map

[ 2016-07-11T17:42:47+08:00 ] 127.0.0.1 /index.php/Home/Buy/index.js.map
ERR: 非法操作:index.js.map

[ 2016-07-11T17:48:12+08:00 ] 127.0.0.1 /index.php/Home/buy/index.js.map
ERR: 非法操作:index.js.map

[ 2016-07-11T17:48:16+08:00 ] 127.0.0.1 /index.php/Home/buy/index.js.map
ERR: 非法操作:index.js.map

[ 2016-07-11T17:48:19+08:00 ] 127.0.0.1 /index.php/Home/Buy/index.js.map
ERR: 非法操作:index.js.map

[ 2016-07-11T17:50:46+08:00 ] 127.0.0.1 /index.php/Home/Buy/index.js.map
ERR: 非法操作:index.js.map

[ 2016-07-11T17:52:07+08:00 ] 127.0.0.1 /index.php/Home/Buy/index.js.map
ERR: 非法操作:index.js.map

[ 2016-07-11T17:55:44+08:00 ] 127.0.0.1 /index.php/Home/Buy/index.js.map
ERR: 非法操作:index.js.map

[ 2016-07-11T18:00:38+08:00 ] 127.0.0.1 /index.php/Home/Buy/index.js.map
ERR: 非法操作:index.js.map

[ 2016-07-11T18:02:58+08:00 ] 127.0.0.1 /index.php/Home/Buy/index.js.map
ERR: 非法操作:index.js.map

[ 2016-07-11T18:03:01+08:00 ] 127.0.0.1 /index.php/Home/Buy/index.js.map
ERR: 非法操作:index.js.map

[ 2016-07-11T18:03:11+08:00 ] 127.0.0.1 /index.php/Home/Buy/index.js.map
ERR: 非法操作:index.js.map

[ 2016-07-11T18:03:15+08:00 ] 127.0.0.1 /index.php/Home/Buy/index.js.map
ERR: 非法操作:index.js.map

[ 2016-07-11T18:18:44+08:00 ] 127.0.0.1 /index.php/Home/Buy/index.js.map
ERR: 非法操作:index.js.map

[ 2016-07-11T18:18:47+08:00 ] 127.0.0.1 /index.php/Home/Buy/index.js.map
ERR: 非法操作:index.js.map

[ 2016-07-11T18:19:08+08:00 ] 127.0.0.1 /index.php/Home/Buy/index.js.map
ERR: 非法操作:index.js.map

[ 2016-07-11T18:19:11+08:00 ] 127.0.0.1 /index.php/Home/Buy/index.js.map
ERR: 非法操作:index.js.map

[ 2016-07-11T18:19:22+08:00 ] 127.0.0.1 /index.php/Home/Buy/index.js.map
ERR: 非法操作:index.js.map

[ 2016-07-11T18:19:54+08:00 ] 127.0.0.1 /index.php/Home/Buy/index.js.map
ERR: 非法操作:index.js.map

[ 2016-07-11T18:19:58+08:00 ] 127.0.0.1 /index.php/Home/Buy/index.js.map
ERR: 非法操作:index.js.map

[ 2016-07-11T18:20:28+08:00 ] 127.0.0.1 /index.php/Home/Buy/index.js.map
ERR: 非法操作:index.js.map

[ 2016-07-11T18:20:31+08:00 ] 127.0.0.1 /index.php/Home/Buy/index.js.map
ERR: 非法操作:index.js.map

[ 2016-07-11T18:20:32+08:00 ] 127.0.0.1 /index.php/Home/Buy/index.js.map
ERR: 非法操作:index.js.map

[ 2016-07-11T18:20:38+08:00 ] 127.0.0.1 /index.php/Home/Buy/index.js.map
ERR: 非法操作:index.js.map

[ 2016-07-11T18:21:25+08:00 ] 127.0.0.1 /index.php/Home/Buy/index.js.map
ERR: 非法操作:index.js.map

[ 2016-07-11T18:22:44+08:00 ] 127.0.0.1 /index.php/Home/Buy/index.js.map
ERR: 非法操作:index.js.map

[ 2016-07-11T18:22:47+08:00 ] 127.0.0.1 /index.php/Home/Buy/index.js.map
ERR: 非法操作:index.js.map

