[ 2016-07-08T15:14:14+08:00 ] ::1 /mxsh/
ERR: SQLSTATE[HY000] [1045] Access denied for user 'root'@'localhost' (using password: YES)

[ 2016-07-08T15:16:22+08:00 ] ::1 /mxsh/index.php/Home/Index/addrajax.html?page=1&id=9
INFO: [ app_begin ] --START--
INFO: Run Behavior\ReadHtmlCacheBehavior [ RunTime:0.000000s ]
INFO: [ app_begin ] --END-- [ RunTime:0.001000s ]
SQL: SHOW COLUMNS FROM `33hao_goods_class` [ RunTime:0.0070s ]
SQL: SHOW COLUMNS FROM `33hao_vr_goods_address` [ RunTime:0.0040s ]
SQL: SELECT * FROM `33hao_vr_goods_address` WHERE `goods_commonid` = '9' LIMIT 0,3   [ RunTime:0.0000s ]
INFO: [ app_end ] --START--
INFO: Run Behavior\ShowPageTraceBehavior [ RunTime:0.001000s ]
INFO: [ app_end ] --END-- [ RunTime:0.001000s ]

[ 2016-07-08T15:16:22+08:00 ] ::1 /mxsh/index.php/Home/Index/displayHistory/id/9.html
INFO: [ app_begin ] --START--
INFO: Run Behavior\ReadHtmlCacheBehavior [ RunTime:0.001000s ]
INFO: [ app_begin ] --END-- [ RunTime:0.001000s ]
SQL: SHOW COLUMNS FROM `33hao_goods_class` [ RunTime:0.0030s ]
SQL: SHOW COLUMNS FROM `33hao_vr_goods` [ RunTime:0.0040s ]
SQL: SELECT `goods_id`,`goods_name`,`goods_price`,`goods_promotion_price` FROM `33hao_vr_goods` WHERE `goods_id` IN ('9') ORDER BY FIELD(goods_id,9)  [ RunTime:0.0010s ]
INFO: [ app_end ] --START--
INFO: Run Behavior\ShowPageTraceBehavior [ RunTime:0.001000s ]
INFO: [ app_end ] --END-- [ RunTime:0.001000s ]

[ 2016-07-08T15:16:44+08:00 ] ::1 /mxsh/index.php/Home/Index/evaajax.html?page=1&id=16&de=default
INFO: [ app_begin ] --START--
INFO: Run Behavior\ReadHtmlCacheBehavior [ RunTime:0.001000s ]
INFO: [ app_begin ] --END-- [ RunTime:0.001000s ]
SQL: SHOW COLUMNS FROM `33hao_goods_class` [ RunTime:0.0030s ]
SQL: SHOW COLUMNS FROM `33hao_evaluate_goods` [ RunTime:0.0040s ]
SQL: SELECT * FROM `33hao_evaluate_goods` WHERE `geval_goodsid` = '16' ORDER BY geval_scores desc LIMIT 0,3   [ RunTime:0.0020s ]
INFO: [ app_end ] --START--
INFO: Run Behavior\ShowPageTraceBehavior [ RunTime:0.001000s ]
INFO: [ app_end ] --END-- [ RunTime:0.001000s ]

[ 2016-07-08T15:16:44+08:00 ] ::1 /mxsh/index.php/Home/Index/displayHistory/id/16.html
INFO: [ app_begin ] --START--
INFO: Run Behavior\ReadHtmlCacheBehavior [ RunTime:0.001000s ]
INFO: [ app_begin ] --END-- [ RunTime:0.001000s ]
SQL: SHOW COLUMNS FROM `33hao_goods_class` [ RunTime:0.0060s ]
SQL: SHOW COLUMNS FROM `33hao_vr_goods` [ RunTime:0.0020s ]
SQL: SELECT `goods_id`,`goods_name`,`goods_price`,`goods_promotion_price` FROM `33hao_vr_goods` WHERE `goods_id` IN ('16','9') ORDER BY FIELD(goods_id,16,9)  [ RunTime:0.0010s ]
INFO: [ app_end ] --START--
INFO: Run Behavior\ShowPageTraceBehavior [ RunTime:0.001000s ]
INFO: [ app_end ] --END-- [ RunTime:0.001000s ]

[ 2016-07-08T15:16:44+08:00 ] ::1 /mxsh/index.php/Home/Index/addrajax.html?page=1&id=16
INFO: [ app_begin ] --START--
INFO: Run Behavior\ReadHtmlCacheBehavior [ RunTime:0.001000s ]
INFO: [ app_begin ] --END-- [ RunTime:0.001000s ]
SQL: SHOW COLUMNS FROM `33hao_goods_class` [ RunTime:0.0030s ]
SQL: SHOW COLUMNS FROM `33hao_vr_goods_address` [ RunTime:0.0030s ]
SQL: SELECT * FROM `33hao_vr_goods_address` WHERE `goods_commonid` = '16' LIMIT 0,3   [ RunTime:0.0000s ]
INFO: [ app_end ] --START--
INFO: Run Behavior\ShowPageTraceBehavior [ RunTime:0.001000s ]
INFO: [ app_end ] --END-- [ RunTime:0.001000s ]

[ 2016-07-08T15:17:09+08:00 ] ::1 /mxsh/index.php/Home/Index/evaajax.html?page=1&id=16&de=time
INFO: [ app_begin ] --START--
INFO: Run Behavior\ReadHtmlCacheBehavior [ RunTime:0.001000s ]
INFO: [ app_begin ] --END-- [ RunTime:0.001000s ]
SQL: SHOW COLUMNS FROM `33hao_goods_class` [ RunTime:0.0030s ]
SQL: SHOW COLUMNS FROM `33hao_evaluate_goods` [ RunTime:0.0030s ]
SQL: SELECT * FROM `33hao_evaluate_goods` WHERE `geval_goodsid` = '16' ORDER BY geval_addtime desc LIMIT 0,3   [ RunTime:0.0000s ]
INFO: [ app_end ] --START--
INFO: Run Behavior\ShowPageTraceBehavior [ RunTime:0.001000s ]
INFO: [ app_end ] --END-- [ RunTime:0.001000s ]

[ 2016-07-08T15:17:11+08:00 ] ::1 /mxsh/index.php/Home/Index/evaajax.html?page=1&id=16&de=default
INFO: [ app_begin ] --START--
INFO: Run Behavior\ReadHtmlCacheBehavior [ RunTime:0.001000s ]
INFO: [ app_begin ] --END-- [ RunTime:0.002000s ]
SQL: SHOW COLUMNS FROM `33hao_goods_class` [ RunTime:0.0030s ]
SQL: SHOW COLUMNS FROM `33hao_evaluate_goods` [ RunTime:0.0030s ]
SQL: SELECT * FROM `33hao_evaluate_goods` WHERE `geval_goodsid` = '16' ORDER BY geval_scores desc LIMIT 0,3   [ RunTime:0.0000s ]
INFO: [ app_end ] --START--
INFO: Run Behavior\ShowPageTraceBehavior [ RunTime:0.000000s ]
INFO: [ app_end ] --END-- [ RunTime:0.001000s ]

[ 2016-07-08T15:22:22+08:00 ] ::1 /mxsh/index.php/home/cart/addCart.html?goods_id=16&goods_num=1&goods_name=%E7%BA%A2%E7%81%AB%E5%B0%8F%E5%BA%97&goods_price=100.00
INFO: [ app_begin ] --START--
INFO: Run Behavior\ReadHtmlCacheBehavior [ RunTime:0.001000s ]
INFO: [ app_begin ] --END-- [ RunTime:0.002000s ]
SQL: SHOW COLUMNS FROM `33hao_goods_class` [ RunTime:0.0040s ]
SQL: SHOW COLUMNS FROM `33hao_vr_goods` [ RunTime:0.0040s ]
SQL: SELECT `goods_id`,`goods_name`,`goods_price`,`goods_promotion_price` FROM `33hao_vr_goods` WHERE `goods_id` = 16 LIMIT 1   [ RunTime:0.0010s ]
NOTIC: [2] Invalid argument supplied for foreach() C:\wamp\www\mxsh\Application\Home\Controller\CartController.class.php 第 165 行.
INFO: [ app_end ] --START--
INFO: Run Behavior\ShowPageTraceBehavior [ RunTime:0.001000s ]
INFO: [ app_end ] --END-- [ RunTime:0.001000s ]

[ 2016-07-08T15:22:25+08:00 ] ::1 /mxsh/index.php/Home/Index/deal/id/16?del_type=0
INFO: [ app_begin ] --START--
INFO: Run Behavior\ReadHtmlCacheBehavior [ RunTime:0.002000s ]
INFO: [ app_begin ] --END-- [ RunTime:0.003000s ]
SQL: SHOW COLUMNS FROM `33hao_goods_class` [ RunTime:0.0050s ]
SQL: SHOW COLUMNS FROM `33hao_vr_goods` [ RunTime:0.0040s ]
SQL: SELECT * FROM `33hao_vr_goods` WHERE `goods_id` = '16' LIMIT 1   [ RunTime:0.0000s ]
SQL: SELECT * FROM `33hao_goods_class` WHERE `gc_id` = '1057' LIMIT 1   [ RunTime:0.0000s ]
SQL: SELECT * FROM `33hao_goods_class` WHERE `gc_id` = '1058' LIMIT 1   [ RunTime:0.0010s ]
SQL: SELECT * FROM `33hao_goods_class` WHERE `gc_id` = '1070' LIMIT 1   [ RunTime:0.0010s ]
SQL: SHOW COLUMNS FROM `33hao_vr_goods_address` [ RunTime:0.0040s ]
SQL: SELECT * FROM `33hao_vr_goods_address` WHERE `goods_commonid` = '16'  [ RunTime:0.0000s ]
SQL: SHOW COLUMNS FROM `33hao_evaluate_goods` [ RunTime:0.0030s ]
SQL: SELECT COUNT(*) AS tp_count FROM `33hao_evaluate_goods` WHERE `geval_goodsid` = '16' LIMIT 1   [ RunTime:0.0000s ]
SQL: SELECT COUNT(*) AS tp_count FROM `33hao_evaluate_goods` WHERE `geval_goodsid` = '16' AND `geval_scores` = 5 LIMIT 1   [ RunTime:0.0000s ]
SQL: SELECT COUNT(*) AS tp_count FROM `33hao_evaluate_goods` WHERE `geval_goodsid` = '16' AND `geval_scores` = 4 LIMIT 1   [ RunTime:0.0000s ]
SQL: SELECT COUNT(*) AS tp_count FROM `33hao_evaluate_goods` WHERE `geval_goodsid` = '16' AND `geval_scores` = 3 LIMIT 1   [ RunTime:0.0010s ]
SQL: SELECT COUNT(*) AS tp_count FROM `33hao_evaluate_goods` WHERE `geval_goodsid` = '16' AND `geval_scores` = 2 LIMIT 1   [ RunTime:0.0000s ]
SQL: SELECT COUNT(*) AS tp_count FROM `33hao_evaluate_goods` WHERE `geval_goodsid` = '16' AND `geval_scores` = 1 LIMIT 1   [ RunTime:0.0000s ]
INFO: [ view_parse ] --START--
INFO: [ template_filter ] --START--
INFO: Run Behavior\ContentReplaceBehavior [ RunTime:0.001000s ]
INFO: [ template_filter ] --END-- [ RunTime:0.001000s ]
INFO: Run Behavior\ParseTemplateBehavior [ RunTime:0.058000s ]
INFO: [ view_parse ] --END-- [ RunTime:0.058000s ]
INFO: [ view_filter ] --START--
INFO: Run Behavior\WriteHtmlCacheBehavior [ RunTime:0.000000s ]
INFO: [ view_filter ] --END-- [ RunTime:0.000000s ]
INFO: [ app_end ] --START--
INFO: Run Behavior\ShowPageTraceBehavior [ RunTime:0.000000s ]
INFO: [ app_end ] --END-- [ RunTime:0.000000s ]

[ 2016-07-08T15:22:26+08:00 ] ::1 /mxsh/index.php/Home/Index/deal/id/16?del_type=0
INFO: [ app_begin ] --START--
INFO: Run Behavior\ReadHtmlCacheBehavior [ RunTime:0.001000s ]
INFO: [ app_begin ] --END-- [ RunTime:0.002000s ]
SQL: SHOW COLUMNS FROM `33hao_goods_class` [ RunTime:0.0040s ]
SQL: SHOW COLUMNS FROM `33hao_vr_goods` [ RunTime:0.0020s ]
SQL: SELECT * FROM `33hao_vr_goods` WHERE `goods_id` = '16' LIMIT 1   [ RunTime:0.0010s ]
SQL: SELECT * FROM `33hao_goods_class` WHERE `gc_id` = '1057' LIMIT 1   [ RunTime:0.0010s ]
SQL: SELECT * FROM `33hao_goods_class` WHERE `gc_id` = '1058' LIMIT 1   [ RunTime:0.0000s ]
SQL: SELECT * FROM `33hao_goods_class` WHERE `gc_id` = '1070' LIMIT 1   [ RunTime:0.0010s ]
SQL: SHOW COLUMNS FROM `33hao_vr_goods_address` [ RunTime:0.0030s ]
SQL: SELECT * FROM `33hao_vr_goods_address` WHERE `goods_commonid` = '16'  [ RunTime:0.0010s ]
SQL: SHOW COLUMNS FROM `33hao_evaluate_goods` [ RunTime:0.0020s ]
SQL: SELECT COUNT(*) AS tp_count FROM `33hao_evaluate_goods` WHERE `geval_goodsid` = '16' LIMIT 1   [ RunTime:0.0010s ]
SQL: SELECT COUNT(*) AS tp_count FROM `33hao_evaluate_goods` WHERE `geval_goodsid` = '16' AND `geval_scores` = 5 LIMIT 1   [ RunTime:0.0000s ]
SQL: SELECT COUNT(*) AS tp_count FROM `33hao_evaluate_goods` WHERE `geval_goodsid` = '16' AND `geval_scores` = 4 LIMIT 1   [ RunTime:0.0000s ]
SQL: SELECT COUNT(*) AS tp_count FROM `33hao_evaluate_goods` WHERE `geval_goodsid` = '16' AND `geval_scores` = 3 LIMIT 1   [ RunTime:0.0000s ]
SQL: SELECT COUNT(*) AS tp_count FROM `33hao_evaluate_goods` WHERE `geval_goodsid` = '16' AND `geval_scores` = 2 LIMIT 1   [ RunTime:0.0000s ]
SQL: SELECT COUNT(*) AS tp_count FROM `33hao_evaluate_goods` WHERE `geval_goodsid` = '16' AND `geval_scores` = 1 LIMIT 1   [ RunTime:0.0000s ]
INFO: [ view_parse ] --START--
INFO: [ template_filter ] --START--
INFO: Run Behavior\ContentReplaceBehavior [ RunTime:0.000000s ]
INFO: [ template_filter ] --END-- [ RunTime:0.001000s ]
INFO: Run Behavior\ParseTemplateBehavior [ RunTime:0.036000s ]
INFO: [ view_parse ] --END-- [ RunTime:0.036000s ]
INFO: [ view_filter ] --START--
INFO: Run Behavior\WriteHtmlCacheBehavior [ RunTime:0.000000s ]
INFO: [ view_filter ] --END-- [ RunTime:0.001000s ]
INFO: [ app_end ] --START--
INFO: Run Behavior\ShowPageTraceBehavior [ RunTime:0.001000s ]
INFO: [ app_end ] --END-- [ RunTime:0.001000s ]

[ 2016-07-08T15:22:27+08:00 ] ::1 /mxsh/index.php/Home/Index/deal/id/16?del_type=0
INFO: [ app_begin ] --START--
INFO: Run Behavior\ReadHtmlCacheBehavior [ RunTime:0.000000s ]
INFO: [ app_begin ] --END-- [ RunTime:0.000000s ]
SQL: SHOW COLUMNS FROM `33hao_goods_class` [ RunTime:0.0020s ]
SQL: SHOW COLUMNS FROM `33hao_vr_goods` [ RunTime:0.0020s ]
SQL: SELECT * FROM `33hao_vr_goods` WHERE `goods_id` = '16' LIMIT 1   [ RunTime:0.0000s ]
SQL: SELECT * FROM `33hao_goods_class` WHERE `gc_id` = '1057' LIMIT 1   [ RunTime:0.0000s ]
SQL: SELECT * FROM `33hao_goods_class` WHERE `gc_id` = '1058' LIMIT 1   [ RunTime:0.0010s ]
SQL: SELECT * FROM `33hao_goods_class` WHERE `gc_id` = '1070' LIMIT 1   [ RunTime:0.0000s ]
SQL: SHOW COLUMNS FROM `33hao_vr_goods_address` [ RunTime:0.0020s ]
SQL: SELECT * FROM `33hao_vr_goods_address` WHERE `goods_commonid` = '16'  [ RunTime:0.0010s ]
SQL: SHOW COLUMNS FROM `33hao_evaluate_goods` [ RunTime:0.0020s ]
SQL: SELECT COUNT(*) AS tp_count FROM `33hao_evaluate_goods` WHERE `geval_goodsid` = '16' LIMIT 1   [ RunTime:0.0000s ]
SQL: SELECT COUNT(*) AS tp_count FROM `33hao_evaluate_goods` WHERE `geval_goodsid` = '16' AND `geval_scores` = 5 LIMIT 1   [ RunTime:0.0010s ]
SQL: SELECT COUNT(*) AS tp_count FROM `33hao_evaluate_goods` WHERE `geval_goodsid` = '16' AND `geval_scores` = 4 LIMIT 1   [ RunTime:0.0000s ]
SQL: SELECT COUNT(*) AS tp_count FROM `33hao_evaluate_goods` WHERE `geval_goodsid` = '16' AND `geval_scores` = 3 LIMIT 1   [ RunTime:0.0000s ]
SQL: SELECT COUNT(*) AS tp_count FROM `33hao_evaluate_goods` WHERE `geval_goodsid` = '16' AND `geval_scores` = 2 LIMIT 1   [ RunTime:0.0010s ]
SQL: SELECT COUNT(*) AS tp_count FROM `33hao_evaluate_goods` WHERE `geval_goodsid` = '16' AND `geval_scores` = 1 LIMIT 1   [ RunTime:0.0000s ]
INFO: [ view_parse ] --START--
INFO: [ template_filter ] --START--
INFO: Run Behavior\ContentReplaceBehavior [ RunTime:0.001000s ]
INFO: [ template_filter ] --END-- [ RunTime:0.001000s ]
INFO: Run Behavior\ParseTemplateBehavior [ RunTime:0.033000s ]
INFO: [ view_parse ] --END-- [ RunTime:0.033000s ]
INFO: [ view_filter ] --START--
INFO: Run Behavior\WriteHtmlCacheBehavior [ RunTime:0.001000s ]
INFO: [ view_filter ] --END-- [ RunTime:0.001000s ]
INFO: [ app_end ] --START--
INFO: Run Behavior\ShowPageTraceBehavior [ RunTime:0.001000s ]
INFO: [ app_end ] --END-- [ RunTime:0.001000s ]

[ 2016-07-08T15:22:27+08:00 ] ::1 /mxsh/index.php/Home/Index/deal/id/16?del_type=0
INFO: [ app_begin ] --START--
INFO: Run Behavior\ReadHtmlCacheBehavior [ RunTime:0.001000s ]
INFO: [ app_begin ] --END-- [ RunTime:0.001000s ]
SQL: SHOW COLUMNS FROM `33hao_goods_class` [ RunTime:0.0040s ]
SQL: SHOW COLUMNS FROM `33hao_vr_goods` [ RunTime:0.0040s ]
SQL: SELECT * FROM `33hao_vr_goods` WHERE `goods_id` = '16' LIMIT 1   [ RunTime:0.0010s ]
SQL: SELECT * FROM `33hao_goods_class` WHERE `gc_id` = '1057' LIMIT 1   [ RunTime:0.0000s ]
SQL: SELECT * FROM `33hao_goods_class` WHERE `gc_id` = '1058' LIMIT 1   [ RunTime:0.0000s ]
SQL: SELECT * FROM `33hao_goods_class` WHERE `gc_id` = '1070' LIMIT 1   [ RunTime:0.0000s ]
SQL: SHOW COLUMNS FROM `33hao_vr_goods_address` [ RunTime:0.0030s ]
SQL: SELECT * FROM `33hao_vr_goods_address` WHERE `goods_commonid` = '16'  [ RunTime:0.0000s ]
SQL: SHOW COLUMNS FROM `33hao_evaluate_goods` [ RunTime:0.0030s ]
SQL: SELECT COUNT(*) AS tp_count FROM `33hao_evaluate_goods` WHERE `geval_goodsid` = '16' LIMIT 1   [ RunTime:0.0010s ]
SQL: SELECT COUNT(*) AS tp_count FROM `33hao_evaluate_goods` WHERE `geval_goodsid` = '16' AND `geval_scores` = 5 LIMIT 1   [ RunTime:0.0010s ]
SQL: SELECT COUNT(*) AS tp_count FROM `33hao_evaluate_goods` WHERE `geval_goodsid` = '16' AND `geval_scores` = 4 LIMIT 1   [ RunTime:0.0000s ]
SQL: SELECT COUNT(*) AS tp_count FROM `33hao_evaluate_goods` WHERE `geval_goodsid` = '16' AND `geval_scores` = 3 LIMIT 1   [ RunTime:0.0000s ]
SQL: SELECT COUNT(*) AS tp_count FROM `33hao_evaluate_goods` WHERE `geval_goodsid` = '16' AND `geval_scores` = 2 LIMIT 1   [ RunTime:0.0000s ]
SQL: SELECT COUNT(*) AS tp_count FROM `33hao_evaluate_goods` WHERE `geval_goodsid` = '16' AND `geval_scores` = 1 LIMIT 1   [ RunTime:0.0000s ]
INFO: [ view_parse ] --START--
INFO: [ template_filter ] --START--
INFO: Run Behavior\ContentReplaceBehavior [ RunTime:0.001000s ]
INFO: [ template_filter ] --END-- [ RunTime:0.001000s ]
INFO: Run Behavior\ParseTemplateBehavior [ RunTime:0.046000s ]
INFO: [ view_parse ] --END-- [ RunTime:0.046000s ]
INFO: [ view_filter ] --START--
INFO: Run Behavior\WriteHtmlCacheBehavior [ RunTime:0.000000s ]
INFO: [ view_filter ] --END-- [ RunTime:0.000000s ]
INFO: [ app_end ] --START--
INFO: Run Behavior\ShowPageTraceBehavior [ RunTime:0.000000s ]
INFO: [ app_end ] --END-- [ RunTime:0.000000s ]

[ 2016-07-08T15:22:27+08:00 ] ::1 /mxsh/index.php/Home/Index/deal/id/16?del_type=0
INFO: [ app_begin ] --START--
INFO: Run Behavior\ReadHtmlCacheBehavior [ RunTime:0.001000s ]
INFO: [ app_begin ] --END-- [ RunTime:0.003000s ]
SQL: SHOW COLUMNS FROM `33hao_goods_class` [ RunTime:0.0050s ]
SQL: SHOW COLUMNS FROM `33hao_vr_goods` [ RunTime:0.0070s ]
SQL: SELECT * FROM `33hao_vr_goods` WHERE `goods_id` = '16' LIMIT 1   [ RunTime:0.0010s ]
SQL: SELECT * FROM `33hao_goods_class` WHERE `gc_id` = '1057' LIMIT 1   [ RunTime:0.0010s ]
SQL: SELECT * FROM `33hao_goods_class` WHERE `gc_id` = '1058' LIMIT 1   [ RunTime:0.0010s ]
SQL: SELECT * FROM `33hao_goods_class` WHERE `gc_id` = '1070' LIMIT 1   [ RunTime:0.0010s ]
SQL: SHOW COLUMNS FROM `33hao_vr_goods_address` [ RunTime:0.0060s ]
SQL: SELECT * FROM `33hao_vr_goods_address` WHERE `goods_commonid` = '16'  [ RunTime:0.0000s ]
SQL: SHOW COLUMNS FROM `33hao_evaluate_goods` [ RunTime:0.0060s ]
SQL: SELECT COUNT(*) AS tp_count FROM `33hao_evaluate_goods` WHERE `geval_goodsid` = '16' LIMIT 1   [ RunTime:0.0000s ]
SQL: SELECT COUNT(*) AS tp_count FROM `33hao_evaluate_goods` WHERE `geval_goodsid` = '16' AND `geval_scores` = 5 LIMIT 1   [ RunTime:0.0000s ]
SQL: SELECT COUNT(*) AS tp_count FROM `33hao_evaluate_goods` WHERE `geval_goodsid` = '16' AND `geval_scores` = 4 LIMIT 1   [ RunTime:0.0000s ]
SQL: SELECT COUNT(*) AS tp_count FROM `33hao_evaluate_goods` WHERE `geval_goodsid` = '16' AND `geval_scores` = 3 LIMIT 1   [ RunTime:0.0000s ]
SQL: SELECT COUNT(*) AS tp_count FROM `33hao_evaluate_goods` WHERE `geval_goodsid` = '16' AND `geval_scores` = 2 LIMIT 1   [ RunTime:0.0000s ]
SQL: SELECT COUNT(*) AS tp_count FROM `33hao_evaluate_goods` WHERE `geval_goodsid` = '16' AND `geval_scores` = 1 LIMIT 1   [ RunTime:0.0000s ]
INFO: [ view_parse ] --START--
INFO: [ template_filter ] --START--
INFO: Run Behavior\ContentReplaceBehavior [ RunTime:0.000000s ]
INFO: [ template_filter ] --END-- [ RunTime:0.000000s ]
INFO: Run Behavior\ParseTemplateBehavior [ RunTime:0.052000s ]
INFO: [ view_parse ] --END-- [ RunTime:0.052000s ]
INFO: [ view_filter ] --START--
INFO: Run Behavior\WriteHtmlCacheBehavior [ RunTime:0.001000s ]
INFO: [ view_filter ] --END-- [ RunTime:0.001000s ]
INFO: [ app_end ] --START--
INFO: Run Behavior\ShowPageTraceBehavior [ RunTime:0.001000s ]
INFO: [ app_end ] --END-- [ RunTime:0.001000s ]

[ 2016-07-08T15:22:30+08:00 ] ::1 /mxsh/index.php/Home/Index/deal/id/16?del_type=0
INFO: [ app_begin ] --START--
INFO: Run Behavior\ReadHtmlCacheBehavior [ RunTime:0.001000s ]
INFO: [ app_begin ] --END-- [ RunTime:0.002000s ]
SQL: SHOW COLUMNS FROM `33hao_goods_class` [ RunTime:0.0030s ]
SQL: SHOW COLUMNS FROM `33hao_vr_goods` [ RunTime:0.0030s ]
SQL: SELECT * FROM `33hao_vr_goods` WHERE `goods_id` = '16' LIMIT 1   [ RunTime:0.0010s ]
SQL: SELECT * FROM `33hao_goods_class` WHERE `gc_id` = '1057' LIMIT 1   [ RunTime:0.0000s ]
SQL: SELECT * FROM `33hao_goods_class` WHERE `gc_id` = '1058' LIMIT 1   [ RunTime:0.0000s ]
SQL: SELECT * FROM `33hao_goods_class` WHERE `gc_id` = '1070' LIMIT 1   [ RunTime:0.0000s ]
SQL: SHOW COLUMNS FROM `33hao_vr_goods_address` [ RunTime:0.0020s ]
SQL: SELECT * FROM `33hao_vr_goods_address` WHERE `goods_commonid` = '16'  [ RunTime:0.0000s ]
SQL: SHOW COLUMNS FROM `33hao_evaluate_goods` [ RunTime:0.0020s ]
SQL: SELECT COUNT(*) AS tp_count FROM `33hao_evaluate_goods` WHERE `geval_goodsid` = '16' LIMIT 1   [ RunTime:0.0000s ]
SQL: SELECT COUNT(*) AS tp_count FROM `33hao_evaluate_goods` WHERE `geval_goodsid` = '16' AND `geval_scores` = 5 LIMIT 1   [ RunTime:0.0000s ]
SQL: SELECT COUNT(*) AS tp_count FROM `33hao_evaluate_goods` WHERE `geval_goodsid` = '16' AND `geval_scores` = 4 LIMIT 1   [ RunTime:0.0010s ]
SQL: SELECT COUNT(*) AS tp_count FROM `33hao_evaluate_goods` WHERE `geval_goodsid` = '16' AND `geval_scores` = 3 LIMIT 1   [ RunTime:0.0000s ]
SQL: SELECT COUNT(*) AS tp_count FROM `33hao_evaluate_goods` WHERE `geval_goodsid` = '16' AND `geval_scores` = 2 LIMIT 1   [ RunTime:0.0000s ]
SQL: SELECT COUNT(*) AS tp_count FROM `33hao_evaluate_goods` WHERE `geval_goodsid` = '16' AND `geval_scores` = 1 LIMIT 1   [ RunTime:0.0000s ]
INFO: [ view_parse ] --START--
INFO: [ template_filter ] --START--
INFO: Run Behavior\ContentReplaceBehavior [ RunTime:0.001000s ]
INFO: [ template_filter ] --END-- [ RunTime:0.001000s ]
INFO: Run Behavior\ParseTemplateBehavior [ RunTime:0.038000s ]
INFO: [ view_parse ] --END-- [ RunTime:0.038000s ]
INFO: [ view_filter ] --START--
INFO: Run Behavior\WriteHtmlCacheBehavior [ RunTime:0.001000s ]
INFO: [ view_filter ] --END-- [ RunTime:0.001000s ]
INFO: [ app_end ] --START--
INFO: Run Behavior\ShowPageTraceBehavior [ RunTime:0.001000s ]
INFO: [ app_end ] --END-- [ RunTime:0.001000s ]

[ 2016-07-08T15:22:30+08:00 ] ::1 /mxsh/index.php/Home/Index/deal/id/16?del_type=0
INFO: [ app_begin ] --START--
INFO: Run Behavior\ReadHtmlCacheBehavior [ RunTime:0.002000s ]
INFO: [ app_begin ] --END-- [ RunTime:0.002000s ]
SQL: SHOW COLUMNS FROM `33hao_goods_class` [ RunTime:0.0040s ]
SQL: SHOW COLUMNS FROM `33hao_vr_goods` [ RunTime:0.0050s ]
SQL: SELECT * FROM `33hao_vr_goods` WHERE `goods_id` = '16' LIMIT 1   [ RunTime:0.0010s ]
SQL: SELECT * FROM `33hao_goods_class` WHERE `gc_id` = '1057' LIMIT 1   [ RunTime:0.0010s ]
SQL: SELECT * FROM `33hao_goods_class` WHERE `gc_id` = '1058' LIMIT 1   [ RunTime:0.0000s ]
SQL: SELECT * FROM `33hao_goods_class` WHERE `gc_id` = '1070' LIMIT 1   [ RunTime:0.0010s ]
SQL: SHOW COLUMNS FROM `33hao_vr_goods_address` [ RunTime:0.0050s ]
SQL: SELECT * FROM `33hao_vr_goods_address` WHERE `goods_commonid` = '16'  [ RunTime:0.0000s ]
SQL: SHOW COLUMNS FROM `33hao_evaluate_goods` [ RunTime:0.0060s ]
SQL: SELECT COUNT(*) AS tp_count FROM `33hao_evaluate_goods` WHERE `geval_goodsid` = '16' LIMIT 1   [ RunTime:0.0010s ]
SQL: SELECT COUNT(*) AS tp_count FROM `33hao_evaluate_goods` WHERE `geval_goodsid` = '16' AND `geval_scores` = 5 LIMIT 1   [ RunTime:0.0000s ]
SQL: SELECT COUNT(*) AS tp_count FROM `33hao_evaluate_goods` WHERE `geval_goodsid` = '16' AND `geval_scores` = 4 LIMIT 1   [ RunTime:0.0010s ]
SQL: SELECT COUNT(*) AS tp_count FROM `33hao_evaluate_goods` WHERE `geval_goodsid` = '16' AND `geval_scores` = 3 LIMIT 1   [ RunTime:0.0010s ]
SQL: SELECT COUNT(*) AS tp_count FROM `33hao_evaluate_goods` WHERE `geval_goodsid` = '16' AND `geval_scores` = 2 LIMIT 1   [ RunTime:0.0000s ]
SQL: SELECT COUNT(*) AS tp_count FROM `33hao_evaluate_goods` WHERE `geval_goodsid` = '16' AND `geval_scores` = 1 LIMIT 1   [ RunTime:0.0010s ]
INFO: [ view_parse ] --START--
INFO: [ template_filter ] --START--
INFO: Run Behavior\ContentReplaceBehavior [ RunTime:0.001000s ]
INFO: [ template_filter ] --END-- [ RunTime:0.001000s ]
INFO: Run Behavior\ParseTemplateBehavior [ RunTime:0.043000s ]
INFO: [ view_parse ] --END-- [ RunTime:0.043000s ]
INFO: [ view_filter ] --START--
INFO: Run Behavior\WriteHtmlCacheBehavior [ RunTime:0.001000s ]
INFO: [ view_filter ] --END-- [ RunTime:0.001000s ]
INFO: [ app_end ] --START--
INFO: Run Behavior\ShowPageTraceBehavior [ RunTime:0.001000s ]
INFO: [ app_end ] --END-- [ RunTime:0.001000s ]

[ 2016-07-08T15:22:31+08:00 ] ::1 /mxsh/index.php/home/cart/addCart.html?goods_id=16&goods_num=1&goods_name=%E7%BA%A2%E7%81%AB%E5%B0%8F%E5%BA%97&goods_price=100.00
INFO: [ app_begin ] --START--
INFO: Run Behavior\ReadHtmlCacheBehavior [ RunTime:0.001000s ]
INFO: [ app_begin ] --END-- [ RunTime:0.002000s ]
SQL: SHOW COLUMNS FROM `33hao_goods_class` [ RunTime:0.0030s ]
SQL: SHOW COLUMNS FROM `33hao_vr_goods` [ RunTime:0.0030s ]
SQL: SELECT `goods_id`,`goods_name`,`goods_price`,`goods_promotion_price` FROM `33hao_vr_goods` WHERE `goods_id` = 16 LIMIT 1   [ RunTime:0.0010s ]
INFO: [ app_end ] --START--
INFO: Run Behavior\ShowPageTraceBehavior [ RunTime:0.001000s ]
INFO: [ app_end ] --END-- [ RunTime:0.001000s ]

[ 2016-07-08T15:22:34+08:00 ] ::1 /mxsh/index.php/Home/Index/deal/id/16?del_type=0
INFO: [ app_begin ] --START--
INFO: Run Behavior\ReadHtmlCacheBehavior [ RunTime:0.001000s ]
INFO: [ app_begin ] --END-- [ RunTime:0.002000s ]
SQL: SHOW COLUMNS FROM `33hao_goods_class` [ RunTime:0.0030s ]
SQL: SHOW COLUMNS FROM `33hao_vr_goods` [ RunTime:0.0040s ]
SQL: SELECT * FROM `33hao_vr_goods` WHERE `goods_id` = '16' LIMIT 1   [ RunTime:0.0010s ]
SQL: SELECT * FROM `33hao_goods_class` WHERE `gc_id` = '1057' LIMIT 1   [ RunTime:0.0010s ]
SQL: SELECT * FROM `33hao_goods_class` WHERE `gc_id` = '1058' LIMIT 1   [ RunTime:0.0010s ]
SQL: SELECT * FROM `33hao_goods_class` WHERE `gc_id` = '1070' LIMIT 1   [ RunTime:0.0010s ]
SQL: SHOW COLUMNS FROM `33hao_vr_goods_address` [ RunTime:0.0040s ]
SQL: SELECT * FROM `33hao_vr_goods_address` WHERE `goods_commonid` = '16'  [ RunTime:0.0000s ]
SQL: SHOW COLUMNS FROM `33hao_evaluate_goods` [ RunTime:0.0030s ]
SQL: SELECT COUNT(*) AS tp_count FROM `33hao_evaluate_goods` WHERE `geval_goodsid` = '16' LIMIT 1   [ RunTime:0.0010s ]
SQL: SELECT COUNT(*) AS tp_count FROM `33hao_evaluate_goods` WHERE `geval_goodsid` = '16' AND `geval_scores` = 5 LIMIT 1   [ RunTime:0.0000s ]
SQL: SELECT COUNT(*) AS tp_count FROM `33hao_evaluate_goods` WHERE `geval_goodsid` = '16' AND `geval_scores` = 4 LIMIT 1   [ RunTime:0.0000s ]
SQL: SELECT COUNT(*) AS tp_count FROM `33hao_evaluate_goods` WHERE `geval_goodsid` = '16' AND `geval_scores` = 3 LIMIT 1   [ RunTime:0.0000s ]
SQL: SELECT COUNT(*) AS tp_count FROM `33hao_evaluate_goods` WHERE `geval_goodsid` = '16' AND `geval_scores` = 2 LIMIT 1   [ RunTime:0.0000s ]
SQL: SELECT COUNT(*) AS tp_count FROM `33hao_evaluate_goods` WHERE `geval_goodsid` = '16' AND `geval_scores` = 1 LIMIT 1   [ RunTime:0.0010s ]
INFO: [ view_parse ] --START--
INFO: [ template_filter ] --START--
INFO: Run Behavior\ContentReplaceBehavior [ RunTime:0.000000s ]
INFO: [ template_filter ] --END-- [ RunTime:0.001000s ]
INFO: Run Behavior\ParseTemplateBehavior [ RunTime:0.038000s ]
INFO: [ view_parse ] --END-- [ RunTime:0.038000s ]
INFO: [ view_filter ] --START--
INFO: Run Behavior\WriteHtmlCacheBehavior [ RunTime:0.001000s ]
INFO: [ view_filter ] --END-- [ RunTime:0.001000s ]
INFO: [ app_end ] --START--
INFO: Run Behavior\ShowPageTraceBehavior [ RunTime:0.001000s ]
INFO: [ app_end ] --END-- [ RunTime:0.001000s ]

[ 2016-07-08T15:22:49+08:00 ] ::1 /mxsh/index.php/Home/Index/evaajax.html?page=1&id=16&de=default
INFO: [ app_begin ] --START--
INFO: Run Behavior\ReadHtmlCacheBehavior [ RunTime:0.000000s ]
INFO: [ app_begin ] --END-- [ RunTime:0.002000s ]
SQL: SHOW COLUMNS FROM `33hao_goods_class` [ RunTime:0.0050s ]
SQL: SHOW COLUMNS FROM `33hao_evaluate_goods` [ RunTime:0.0030s ]
SQL: SELECT * FROM `33hao_evaluate_goods` WHERE `geval_goodsid` = '16' ORDER BY geval_scores desc LIMIT 0,3   [ RunTime:0.0010s ]
INFO: [ app_end ] --START--
INFO: Run Behavior\ShowPageTraceBehavior [ RunTime:0.001000s ]
INFO: [ app_end ] --END-- [ RunTime:0.001000s ]

[ 2016-07-08T15:22:49+08:00 ] ::1 /mxsh/index.php/Home/Index/displayHistory/id/16.html
INFO: [ app_begin ] --START--
INFO: Run Behavior\ReadHtmlCacheBehavior [ RunTime:0.002000s ]
INFO: [ app_begin ] --END-- [ RunTime:0.002000s ]
SQL: SHOW COLUMNS FROM `33hao_goods_class` [ RunTime:0.0040s ]
SQL: SHOW COLUMNS FROM `33hao_vr_goods` [ RunTime:0.0040s ]
SQL: SELECT `goods_id`,`goods_name`,`goods_price`,`goods_promotion_price` FROM `33hao_vr_goods` WHERE `goods_id` IN ('16','9') ORDER BY FIELD(goods_id,16,9)  [ RunTime:0.0000s ]
INFO: [ app_end ] --START--
INFO: Run Behavior\ShowPageTraceBehavior [ RunTime:0.001000s ]
INFO: [ app_end ] --END-- [ RunTime:0.001000s ]

[ 2016-07-08T15:22:49+08:00 ] ::1 /mxsh/index.php/Home/Index/addrajax.html?page=1&id=16
INFO: [ app_begin ] --START--
INFO: Run Behavior\ReadHtmlCacheBehavior [ RunTime:0.001000s ]
INFO: [ app_begin ] --END-- [ RunTime:0.001000s ]
SQL: SHOW COLUMNS FROM `33hao_goods_class` [ RunTime:0.0020s ]
SQL: SHOW COLUMNS FROM `33hao_vr_goods_address` [ RunTime:0.0030s ]
SQL: SELECT * FROM `33hao_vr_goods_address` WHERE `goods_commonid` = '16' LIMIT 0,3   [ RunTime:0.0010s ]
INFO: [ app_end ] --START--
INFO: Run Behavior\ShowPageTraceBehavior [ RunTime:0.000000s ]
INFO: [ app_end ] --END-- [ RunTime:0.001000s ]

[ 2016-07-08T15:22:57+08:00 ] ::1 /mxsh/index.php/home/cart/addCart.html?goods_id=16&goods_num=1&goods_name=%E7%BA%A2%E7%81%AB%E5%B0%8F%E5%BA%97&goods_price=100.00
INFO: [ app_begin ] --START--
INFO: Run Behavior\ReadHtmlCacheBehavior [ RunTime:0.001000s ]
INFO: [ app_begin ] --END-- [ RunTime:0.002000s ]
SQL: SHOW COLUMNS FROM `33hao_goods_class` [ RunTime:0.0040s ]
SQL: SHOW COLUMNS FROM `33hao_vr_goods` [ RunTime:0.0040s ]
SQL: SELECT `goods_id`,`goods_name`,`goods_price`,`goods_promotion_price` FROM `33hao_vr_goods` WHERE `goods_id` = 16 LIMIT 1   [ RunTime:0.0010s ]
INFO: [ app_end ] --START--
INFO: Run Behavior\ShowPageTraceBehavior [ RunTime:0.001000s ]
INFO: [ app_end ] --END-- [ RunTime:0.001000s ]

[ 2016-07-08T15:22:59+08:00 ] ::1 /mxsh/index.php/Home/Index/evaajax.html?page=1&id=16&de=default
INFO: [ app_begin ] --START--
INFO: Run Behavior\ReadHtmlCacheBehavior [ RunTime:0.001000s ]
INFO: [ app_begin ] --END-- [ RunTime:0.001000s ]
SQL: SHOW COLUMNS FROM `33hao_goods_class` [ RunTime:0.0030s ]
SQL: SHOW COLUMNS FROM `33hao_evaluate_goods` [ RunTime:0.0020s ]
SQL: SELECT * FROM `33hao_evaluate_goods` WHERE `geval_goodsid` = '16' ORDER BY geval_scores desc LIMIT 0,3   [ RunTime:0.0030s ]
INFO: [ app_end ] --START--
INFO: Run Behavior\ShowPageTraceBehavior [ RunTime:0.001000s ]
INFO: [ app_end ] --END-- [ RunTime:0.001000s ]

[ 2016-07-08T15:22:59+08:00 ] ::1 /mxsh/index.php/Home/Index/displayHistory/id/16.html
INFO: [ app_begin ] --START--
INFO: Run Behavior\ReadHtmlCacheBehavior [ RunTime:0.000000s ]
INFO: [ app_begin ] --END-- [ RunTime:0.001000s ]
SQL: SHOW COLUMNS FROM `33hao_goods_class` [ RunTime:0.0040s ]
SQL: SHOW COLUMNS FROM `33hao_vr_goods` [ RunTime:0.0040s ]
SQL: SELECT `goods_id`,`goods_name`,`goods_price`,`goods_promotion_price` FROM `33hao_vr_goods` WHERE `goods_id` IN ('16','9') ORDER BY FIELD(goods_id,16,9)  [ RunTime:0.0000s ]
INFO: [ app_end ] --START--
INFO: Run Behavior\ShowPageTraceBehavior [ RunTime:0.000000s ]
INFO: [ app_end ] --END-- [ RunTime:0.000000s ]

[ 2016-07-08T15:22:59+08:00 ] ::1 /mxsh/index.php/Home/Index/addrajax.html?page=1&id=16
INFO: [ app_begin ] --START--
INFO: Run Behavior\ReadHtmlCacheBehavior [ RunTime:0.001000s ]
INFO: [ app_begin ] --END-- [ RunTime:0.001000s ]
SQL: SHOW COLUMNS FROM `33hao_goods_class` [ RunTime:0.0030s ]
SQL: SHOW COLUMNS FROM `33hao_vr_goods_address` [ RunTime:0.0030s ]
SQL: SELECT * FROM `33hao_vr_goods_address` WHERE `goods_commonid` = '16' LIMIT 0,3   [ RunTime:0.0010s ]
INFO: [ app_end ] --START--
INFO: Run Behavior\ShowPageTraceBehavior [ RunTime:0.001000s ]
INFO: [ app_end ] --END-- [ RunTime:0.001000s ]

[ 2016-07-08T15:23:06+08:00 ] ::1 /mxsh/index.php/home/cart/delCart.html?del_type=cookie&cart_index_or_goods_index=16
INFO: [ app_begin ] --START--
INFO: Run Behavior\ReadHtmlCacheBehavior [ RunTime:0.001000s ]
INFO: [ app_begin ] --END-- [ RunTime:0.002000s ]
SQL: SHOW COLUMNS FROM `33hao_goods_class` [ RunTime:0.0040s ]
INFO: [ app_end ] --START--
INFO: Run Behavior\ShowPageTraceBehavior [ RunTime:0.001000s ]
INFO: [ app_end ] --END-- [ RunTime:0.001000s ]

[ 2016-07-08T15:41:14+08:00 ] ::1 /mxsh/index.php/Home/Index/evaajax.html?page=1&id=16&de=default
INFO: [ app_begin ] --START--
INFO: Run Behavior\ReadHtmlCacheBehavior [ RunTime:0.001000s ]
INFO: [ app_begin ] --END-- [ RunTime:0.001000s ]
SQL: SHOW COLUMNS FROM `33hao_goods_class` [ RunTime:0.0020s ]
SQL: SHOW COLUMNS FROM `33hao_evaluate_goods` [ RunTime:0.0030s ]
SQL: SELECT * FROM `33hao_evaluate_goods` WHERE `geval_goodsid` = '16' ORDER BY geval_scores desc LIMIT 0,3   [ RunTime:0.0010s ]
INFO: [ app_end ] --START--
INFO: Run Behavior\ShowPageTraceBehavior [ RunTime:0.000000s ]
INFO: [ app_end ] --END-- [ RunTime:0.000000s ]

[ 2016-07-08T15:41:14+08:00 ] ::1 /mxsh/index.php/Home/Index/displayHistory/id/16.html
INFO: [ app_begin ] --START--
INFO: Run Behavior\ReadHtmlCacheBehavior [ RunTime:0.001000s ]
INFO: [ app_begin ] --END-- [ RunTime:0.001000s ]
SQL: SHOW COLUMNS FROM `33hao_goods_class` [ RunTime:0.0040s ]
SQL: SHOW COLUMNS FROM `33hao_vr_goods` [ RunTime:0.0080s ]
SQL: SELECT `goods_id`,`goods_name`,`goods_price`,`goods_promotion_price` FROM `33hao_vr_goods` WHERE `goods_id` IN ('16') ORDER BY FIELD(goods_id,16)  [ RunTime:0.0000s ]
INFO: [ app_end ] --START--
INFO: Run Behavior\ShowPageTraceBehavior [ RunTime:0.000000s ]
INFO: [ app_end ] --END-- [ RunTime:0.001000s ]

[ 2016-07-08T15:41:14+08:00 ] ::1 /mxsh/index.php/Home/Index/addrajax.html?page=1&id=16
INFO: [ app_begin ] --START--
INFO: Run Behavior\ReadHtmlCacheBehavior [ RunTime:0.000000s ]
INFO: [ app_begin ] --END-- [ RunTime:0.002000s ]
SQL: SHOW COLUMNS FROM `33hao_goods_class` [ RunTime:0.0030s ]
SQL: SHOW COLUMNS FROM `33hao_vr_goods_address` [ RunTime:0.0020s ]
SQL: SELECT * FROM `33hao_vr_goods_address` WHERE `goods_commonid` = '16' LIMIT 0,3   [ RunTime:0.0010s ]
INFO: [ app_end ] --START--
INFO: Run Behavior\ShowPageTraceBehavior [ RunTime:0.001000s ]
INFO: [ app_end ] --END-- [ RunTime:0.001000s ]

[ 2016-07-08T15:41:34+08:00 ] ::1 /mxsh/index.php/Home/Index/evaajax.html?page=1&id=16&de=time
INFO: [ app_begin ] --START--
INFO: Run Behavior\ReadHtmlCacheBehavior [ RunTime:0.001000s ]
INFO: [ app_begin ] --END-- [ RunTime:0.001000s ]
SQL: SHOW COLUMNS FROM `33hao_goods_class` [ RunTime:0.0030s ]
SQL: SHOW COLUMNS FROM `33hao_evaluate_goods` [ RunTime:0.0030s ]
SQL: SELECT * FROM `33hao_evaluate_goods` WHERE `geval_goodsid` = '16' ORDER BY geval_addtime desc LIMIT 0,3   [ RunTime:0.0010s ]
INFO: [ app_end ] --START--
INFO: Run Behavior\ShowPageTraceBehavior [ RunTime:0.001000s ]
INFO: [ app_end ] --END-- [ RunTime:0.001000s ]

[ 2016-07-08T15:45:13+08:00 ] ::1 /mxsh/index.php/Home/Index/evaajax.html?page=1&id=16&de=default
INFO: [ app_begin ] --START--
INFO: Run Behavior\ReadHtmlCacheBehavior [ RunTime:0.001000s ]
INFO: [ app_begin ] --END-- [ RunTime:0.001000s ]
SQL: SHOW COLUMNS FROM `33hao_goods_class` [ RunTime:0.0090s ]
SQL: SHOW COLUMNS FROM `33hao_evaluate_goods` [ RunTime:0.0030s ]
SQL: SELECT * FROM `33hao_evaluate_goods` WHERE `geval_goodsid` = '16' ORDER BY geval_scores desc LIMIT 0,3   [ RunTime:0.0010s ]
INFO: [ app_end ] --START--
INFO: Run Behavior\ShowPageTraceBehavior [ RunTime:0.001000s ]
INFO: [ app_end ] --END-- [ RunTime:0.001000s ]

[ 2016-07-08T15:45:13+08:00 ] ::1 /mxsh/index.php/Home/Index/addrajax.html?page=1&id=16
INFO: [ app_begin ] --START--
INFO: Run Behavior\ReadHtmlCacheBehavior [ RunTime:0.000000s ]
INFO: [ app_begin ] --END-- [ RunTime:0.001000s ]
SQL: SHOW COLUMNS FROM `33hao_goods_class` [ RunTime:0.0030s ]
SQL: SHOW COLUMNS FROM `33hao_vr_goods_address` [ RunTime:0.0050s ]
SQL: SELECT * FROM `33hao_vr_goods_address` WHERE `goods_commonid` = '16' LIMIT 0,3   [ RunTime:0.0010s ]
INFO: [ app_end ] --START--
INFO: Run Behavior\ShowPageTraceBehavior [ RunTime:0.003000s ]
INFO: [ app_end ] --END-- [ RunTime:0.003000s ]

[ 2016-07-08T15:45:13+08:00 ] ::1 /mxsh/index.php/Home/Index/displayHistory/id/16.html
INFO: [ app_begin ] --START--
INFO: Run Behavior\ReadHtmlCacheBehavior [ RunTime:0.001000s ]
INFO: [ app_begin ] --END-- [ RunTime:0.002000s ]
SQL: SHOW COLUMNS FROM `33hao_goods_class` [ RunTime:0.0040s ]
SQL: SHOW COLUMNS FROM `33hao_vr_goods` [ RunTime:0.0030s ]
SQL: SELECT `goods_id`,`goods_name`,`goods_price`,`goods_promotion_price` FROM `33hao_vr_goods` WHERE `goods_id` IN ('16') ORDER BY FIELD(goods_id,16)  [ RunTime:0.0010s ]
INFO: [ app_end ] --START--
INFO: Run Behavior\ShowPageTraceBehavior [ RunTime:0.000000s ]
INFO: [ app_end ] --END-- [ RunTime:0.000000s ]

[ 2016-07-08T15:45:25+08:00 ] ::1 /mxsh/index.php/Home/Index/evaajax.html?page=1&id=16&de=time
INFO: [ app_begin ] --START--
INFO: Run Behavior\ReadHtmlCacheBehavior [ RunTime:0.000000s ]
INFO: [ app_begin ] --END-- [ RunTime:0.001000s ]
SQL: SHOW COLUMNS FROM `33hao_goods_class` [ RunTime:0.0030s ]
SQL: SHOW COLUMNS FROM `33hao_evaluate_goods` [ RunTime:0.0030s ]
SQL: SELECT * FROM `33hao_evaluate_goods` WHERE `geval_goodsid` = '16' ORDER BY geval_addtime desc LIMIT 0,3   [ RunTime:0.0000s ]
INFO: [ app_end ] --START--
INFO: Run Behavior\ShowPageTraceBehavior [ RunTime:0.000000s ]
INFO: [ app_end ] --END-- [ RunTime:0.001000s ]

[ 2016-07-08T15:45:26+08:00 ] ::1 /mxsh/index.php/Home/Index/evaajax.html?page=1&id=16&de=default
INFO: [ app_begin ] --START--
INFO: Run Behavior\ReadHtmlCacheBehavior [ RunTime:0.001000s ]
INFO: [ app_begin ] --END-- [ RunTime:0.002000s ]
SQL: SHOW COLUMNS FROM `33hao_goods_class` [ RunTime:0.0030s ]
SQL: SHOW COLUMNS FROM `33hao_evaluate_goods` [ RunTime:0.0020s ]
SQL: SELECT * FROM `33hao_evaluate_goods` WHERE `geval_goodsid` = '16' ORDER BY geval_scores desc LIMIT 0,3   [ RunTime:0.0000s ]
INFO: [ app_end ] --START--
INFO: Run Behavior\ShowPageTraceBehavior [ RunTime:0.001000s ]
INFO: [ app_end ] --END-- [ RunTime:0.001000s ]

[ 2016-07-08T15:46:44+08:00 ] ::1 /mxsh/index.php/Home/Index/evaajax.html?page=1&id=16&de=default
INFO: [ app_begin ] --START--
INFO: Run Behavior\ReadHtmlCacheBehavior [ RunTime:0.001000s ]
INFO: [ app_begin ] --END-- [ RunTime:0.001000s ]
SQL: SHOW COLUMNS FROM `33hao_goods_class` [ RunTime:0.0030s ]
SQL: SHOW COLUMNS FROM `33hao_evaluate_goods` [ RunTime:0.0040s ]
SQL: SELECT * FROM `33hao_evaluate_goods` WHERE `geval_goodsid` = '16' ORDER BY geval_scores desc LIMIT 0,3   [ RunTime:0.0010s ]
INFO: [ app_end ] --START--
INFO: Run Behavior\ShowPageTraceBehavior [ RunTime:0.002000s ]
INFO: [ app_end ] --END-- [ RunTime:0.002000s ]

[ 2016-07-08T15:46:44+08:00 ] ::1 /mxsh/index.php/Home/Index/addrajax.html?page=1&id=16
INFO: [ app_begin ] --START--
INFO: Run Behavior\ReadHtmlCacheBehavior [ RunTime:0.000000s ]
INFO: [ app_begin ] --END-- [ RunTime:0.001000s ]
SQL: SHOW COLUMNS FROM `33hao_goods_class` [ RunTime:0.0030s ]
SQL: SHOW COLUMNS FROM `33hao_vr_goods_address` [ RunTime:0.0020s ]
SQL: SELECT * FROM `33hao_vr_goods_address` WHERE `goods_commonid` = '16' LIMIT 0,3   [ RunTime:0.0010s ]
INFO: [ app_end ] --START--
INFO: Run Behavior\ShowPageTraceBehavior [ RunTime:0.000000s ]
INFO: [ app_end ] --END-- [ RunTime:0.000000s ]

[ 2016-07-08T15:46:44+08:00 ] ::1 /mxsh/index.php/Home/Index/displayHistory/id/16.html
INFO: [ app_begin ] --START--
INFO: Run Behavior\ReadHtmlCacheBehavior [ RunTime:0.000000s ]
INFO: [ app_begin ] --END-- [ RunTime:0.001000s ]
SQL: SHOW COLUMNS FROM `33hao_goods_class` [ RunTime:0.0030s ]
SQL: SHOW COLUMNS FROM `33hao_vr_goods` [ RunTime:0.0030s ]
SQL: SELECT `goods_id`,`goods_name`,`goods_price`,`goods_promotion_price` FROM `33hao_vr_goods` WHERE `goods_id` IN ('16','14') ORDER BY FIELD(goods_id,16,14)  [ RunTime:0.0000s ]
INFO: [ app_end ] --START--
INFO: Run Behavior\ShowPageTraceBehavior [ RunTime:0.000000s ]
INFO: [ app_end ] --END-- [ RunTime:0.000000s ]

[ 2016-07-08T15:46:59+08:00 ] ::1 /mxsh/index.php/Home/Index/addrajax.html?page=2&id=16
INFO: [ app_begin ] --START--
INFO: Run Behavior\ReadHtmlCacheBehavior [ RunTime:0.002000s ]
INFO: [ app_begin ] --END-- [ RunTime:0.003000s ]
SQL: SHOW COLUMNS FROM `33hao_goods_class` [ RunTime:0.0030s ]
SQL: SHOW COLUMNS FROM `33hao_vr_goods_address` [ RunTime:0.0030s ]
SQL: SELECT * FROM `33hao_vr_goods_address` WHERE `goods_commonid` = '16' LIMIT 3,3   [ RunTime:0.0000s ]
INFO: [ app_end ] --START--
INFO: Run Behavior\ShowPageTraceBehavior [ RunTime:0.000000s ]
INFO: [ app_end ] --END-- [ RunTime:0.000000s ]

[ 2016-07-08T15:47:01+08:00 ] ::1 /mxsh/index.php/Home/Index/addrajax.html?page=1&id=16
INFO: [ app_begin ] --START--
INFO: Run Behavior\ReadHtmlCacheBehavior [ RunTime:0.000000s ]
INFO: [ app_begin ] --END-- [ RunTime:0.002000s ]
SQL: SHOW COLUMNS FROM `33hao_goods_class` [ RunTime:0.0040s ]
SQL: SHOW COLUMNS FROM `33hao_vr_goods_address` [ RunTime:0.0030s ]
SQL: SELECT * FROM `33hao_vr_goods_address` WHERE `goods_commonid` = '16' LIMIT 0,3   [ RunTime:0.0010s ]
INFO: [ app_end ] --START--
INFO: Run Behavior\ShowPageTraceBehavior [ RunTime:0.001000s ]
INFO: [ app_end ] --END-- [ RunTime:0.001000s ]

[ 2016-07-08T15:47:02+08:00 ] ::1 /mxsh/index.php/Home/Index/addrajax.html?page=2&id=16
INFO: [ app_begin ] --START--
INFO: Run Behavior\ReadHtmlCacheBehavior [ RunTime:0.001000s ]
INFO: [ app_begin ] --END-- [ RunTime:0.002000s ]
SQL: SHOW COLUMNS FROM `33hao_goods_class` [ RunTime:0.0050s ]
SQL: SHOW COLUMNS FROM `33hao_vr_goods_address` [ RunTime:0.0040s ]
SQL: SELECT * FROM `33hao_vr_goods_address` WHERE `goods_commonid` = '16' LIMIT 3,3   [ RunTime:0.0010s ]
INFO: [ app_end ] --START--
INFO: Run Behavior\ShowPageTraceBehavior [ RunTime:0.001000s ]
INFO: [ app_end ] --END-- [ RunTime:0.001000s ]

[ 2016-07-08T15:47:04+08:00 ] ::1 /mxsh/index.php/Home/Index/evaajax.html?page=1&id=16&de=default
INFO: [ app_begin ] --START--
INFO: Run Behavior\ReadHtmlCacheBehavior [ RunTime:0.001000s ]
INFO: [ app_begin ] --END-- [ RunTime:0.001000s ]
SQL: SHOW COLUMNS FROM `33hao_goods_class` [ RunTime:0.0070s ]
SQL: SHOW COLUMNS FROM `33hao_evaluate_goods` [ RunTime:0.0030s ]
SQL: SELECT * FROM `33hao_evaluate_goods` WHERE `geval_goodsid` = '16' ORDER BY geval_scores desc LIMIT 0,3   [ RunTime:0.0000s ]
INFO: [ app_end ] --START--
INFO: Run Behavior\ShowPageTraceBehavior [ RunTime:0.001000s ]
INFO: [ app_end ] --END-- [ RunTime:0.001000s ]

[ 2016-07-08T15:47:04+08:00 ] ::1 /mxsh/index.php/Home/Index/displayHistory/id/16.html
INFO: [ app_begin ] --START--
INFO: Run Behavior\ReadHtmlCacheBehavior [ RunTime:0.001000s ]
INFO: [ app_begin ] --END-- [ RunTime:0.001000s ]
SQL: SHOW COLUMNS FROM `33hao_goods_class` [ RunTime:0.0020s ]
SQL: SHOW COLUMNS FROM `33hao_vr_goods` [ RunTime:0.0030s ]
SQL: SELECT `goods_id`,`goods_name`,`goods_price`,`goods_promotion_price` FROM `33hao_vr_goods` WHERE `goods_id` IN ('16','14') ORDER BY FIELD(goods_id,16,14)  [ RunTime:0.0000s ]
INFO: [ app_end ] --START--
INFO: Run Behavior\ShowPageTraceBehavior [ RunTime:0.001000s ]
INFO: [ app_end ] --END-- [ RunTime:0.001000s ]

[ 2016-07-08T15:47:04+08:00 ] ::1 /mxsh/index.php/Home/Index/addrajax.html?page=1&id=16
INFO: [ app_begin ] --START--
INFO: Run Behavior\ReadHtmlCacheBehavior [ RunTime:0.001000s ]
INFO: [ app_begin ] --END-- [ RunTime:0.003000s ]
SQL: SHOW COLUMNS FROM `33hao_goods_class` [ RunTime:0.0040s ]
SQL: SHOW COLUMNS FROM `33hao_vr_goods_address` [ RunTime:0.0030s ]
SQL: SELECT * FROM `33hao_vr_goods_address` WHERE `goods_commonid` = '16' LIMIT 0,3   [ RunTime:0.0010s ]
INFO: [ app_end ] --START--
INFO: Run Behavior\ShowPageTraceBehavior [ RunTime:0.000000s ]
INFO: [ app_end ] --END-- [ RunTime:0.000000s ]

[ 2016-07-08T15:47:18+08:00 ] ::1 /mxsh/index.php/Home/Index/evaajax.html?page=1&id=16&de=time
INFO: [ app_begin ] --START--
INFO: Run Behavior\ReadHtmlCacheBehavior [ RunTime:0.001000s ]
INFO: [ app_begin ] --END-- [ RunTime:0.002000s ]
SQL: SHOW COLUMNS FROM `33hao_goods_class` [ RunTime:0.0030s ]
SQL: SHOW COLUMNS FROM `33hao_evaluate_goods` [ RunTime:0.0030s ]
SQL: SELECT * FROM `33hao_evaluate_goods` WHERE `geval_goodsid` = '16' ORDER BY geval_addtime desc LIMIT 0,3   [ RunTime:0.0010s ]
INFO: [ app_end ] --START--
INFO: Run Behavior\ShowPageTraceBehavior [ RunTime:0.001000s ]
INFO: [ app_end ] --END-- [ RunTime:0.001000s ]

[ 2016-07-08T15:47:19+08:00 ] ::1 /mxsh/index.php/Home/Index/evaajax.html?page=1&id=16&de=default
INFO: [ app_begin ] --START--
INFO: Run Behavior\ReadHtmlCacheBehavior [ RunTime:0.001000s ]
INFO: [ app_begin ] --END-- [ RunTime:0.002000s ]
SQL: SHOW COLUMNS FROM `33hao_goods_class` [ RunTime:0.0030s ]
SQL: SHOW COLUMNS FROM `33hao_evaluate_goods` [ RunTime:0.0030s ]
SQL: SELECT * FROM `33hao_evaluate_goods` WHERE `geval_goodsid` = '16' ORDER BY geval_scores desc LIMIT 0,3   [ RunTime:0.0010s ]
INFO: [ app_end ] --START--
INFO: Run Behavior\ShowPageTraceBehavior [ RunTime:0.001000s ]
INFO: [ app_end ] --END-- [ RunTime:0.001000s ]

[ 2016-07-08T15:47:24+08:00 ] ::1 /mxsh/index.php/Home/Index/evaajax.html?page=2&id=16&de=default
INFO: [ app_begin ] --START--
INFO: Run Behavior\ReadHtmlCacheBehavior [ RunTime:0.002000s ]
INFO: [ app_begin ] --END-- [ RunTime:0.002000s ]
SQL: SHOW COLUMNS FROM `33hao_goods_class` [ RunTime:0.0020s ]
SQL: SHOW COLUMNS FROM `33hao_evaluate_goods` [ RunTime:0.0050s ]
SQL: SELECT * FROM `33hao_evaluate_goods` WHERE `geval_goodsid` = '16' ORDER BY geval_scores desc LIMIT 3,3   [ RunTime:0.0000s ]
INFO: [ app_end ] --START--
INFO: Run Behavior\ShowPageTraceBehavior [ RunTime:0.001000s ]
INFO: [ app_end ] --END-- [ RunTime:0.002000s ]

[ 2016-07-08T15:47:27+08:00 ] ::1 /mxsh/index.php/Home/Index/evaajax.html?page=1&id=16&de=default
INFO: [ app_begin ] --START--
INFO: Run Behavior\ReadHtmlCacheBehavior [ RunTime:0.001000s ]
INFO: [ app_begin ] --END-- [ RunTime:0.002000s ]
SQL: SHOW COLUMNS FROM `33hao_goods_class` [ RunTime:0.0030s ]
SQL: SHOW COLUMNS FROM `33hao_evaluate_goods` [ RunTime:0.0050s ]
SQL: SELECT * FROM `33hao_evaluate_goods` WHERE `geval_goodsid` = '16' ORDER BY geval_scores desc LIMIT 0,3   [ RunTime:0.0010s ]
INFO: [ app_end ] --START--
INFO: Run Behavior\ShowPageTraceBehavior [ RunTime:0.001000s ]
INFO: [ app_end ] --END-- [ RunTime:0.001000s ]

[ 2016-07-08T15:47:29+08:00 ] ::1 /mxsh/index.php/Home/Index/evaajax.html?page=2&id=16&de=default
INFO: [ app_begin ] --START--
INFO: Run Behavior\ReadHtmlCacheBehavior [ RunTime:0.001000s ]
INFO: [ app_begin ] --END-- [ RunTime:0.002000s ]
SQL: SHOW COLUMNS FROM `33hao_goods_class` [ RunTime:0.0040s ]
SQL: SHOW COLUMNS FROM `33hao_evaluate_goods` [ RunTime:0.0040s ]
SQL: SELECT * FROM `33hao_evaluate_goods` WHERE `geval_goodsid` = '16' ORDER BY geval_scores desc LIMIT 3,3   [ RunTime:0.0000s ]
INFO: [ app_end ] --START--
INFO: Run Behavior\ShowPageTraceBehavior [ RunTime:0.001000s ]
INFO: [ app_end ] --END-- [ RunTime:0.001000s ]

[ 2016-07-08T15:47:31+08:00 ] ::1 /mxsh/index.php/Home/Index/evaajax.html?page=1&id=16&de=default
INFO: [ app_begin ] --START--
INFO: Run Behavior\ReadHtmlCacheBehavior [ RunTime:0.001000s ]
INFO: [ app_begin ] --END-- [ RunTime:0.002000s ]
SQL: SHOW COLUMNS FROM `33hao_goods_class` [ RunTime:0.0040s ]
SQL: SHOW COLUMNS FROM `33hao_evaluate_goods` [ RunTime:0.0040s ]
SQL: SELECT * FROM `33hao_evaluate_goods` WHERE `geval_goodsid` = '16' ORDER BY geval_scores desc LIMIT 0,3   [ RunTime:0.0010s ]
INFO: [ app_end ] --START--
INFO: Run Behavior\ShowPageTraceBehavior [ RunTime:0.001000s ]
INFO: [ app_end ] --END-- [ RunTime:0.001000s ]

[ 2016-07-08T15:48:00+08:00 ] ::1 /mxsh/index.php/Home/Index/evaajax.html?page=1&id=16&de=time
INFO: [ app_begin ] --START--
INFO: Run Behavior\ReadHtmlCacheBehavior [ RunTime:0.001000s ]
INFO: [ app_begin ] --END-- [ RunTime:0.001000s ]
SQL: SHOW COLUMNS FROM `33hao_goods_class` [ RunTime:0.0030s ]
SQL: SHOW COLUMNS FROM `33hao_evaluate_goods` [ RunTime:0.0020s ]
SQL: SELECT * FROM `33hao_evaluate_goods` WHERE `geval_goodsid` = '16' ORDER BY geval_addtime desc LIMIT 0,3   [ RunTime:0.0000s ]
INFO: [ app_end ] --START--
INFO: Run Behavior\ShowPageTraceBehavior [ RunTime:0.001000s ]
INFO: [ app_end ] --END-- [ RunTime:0.001000s ]

[ 2016-07-08T15:48:01+08:00 ] ::1 /mxsh/index.php/Home/Index/evaajax.html?page=1&id=16&de=default
INFO: [ app_begin ] --START--
INFO: Run Behavior\ReadHtmlCacheBehavior [ RunTime:0.001000s ]
INFO: [ app_begin ] --END-- [ RunTime:0.002000s ]
SQL: SHOW COLUMNS FROM `33hao_goods_class` [ RunTime:0.0020s ]
SQL: SHOW COLUMNS FROM `33hao_evaluate_goods` [ RunTime:0.0030s ]
SQL: SELECT * FROM `33hao_evaluate_goods` WHERE `geval_goodsid` = '16' ORDER BY geval_scores desc LIMIT 0,3   [ RunTime:0.0000s ]
INFO: [ app_end ] --START--
INFO: Run Behavior\ShowPageTraceBehavior [ RunTime:0.000000s ]
INFO: [ app_end ] --END-- [ RunTime:0.001000s ]

[ 2016-07-08T16:00:32+08:00 ] ::1 /mxsh/index.php/Home/Index/displayHistory/id/19.html
INFO: [ app_begin ] --START--
INFO: Run Behavior\ReadHtmlCacheBehavior [ RunTime:0.001000s ]
INFO: [ app_begin ] --END-- [ RunTime:0.002000s ]
SQL: SHOW COLUMNS FROM `33hao_goods_class` [ RunTime:0.0040s ]
SQL: SHOW COLUMNS FROM `33hao_vr_goods` [ RunTime:0.0040s ]
SQL: SELECT `goods_id`,`goods_name`,`goods_price`,`goods_promotion_price` FROM `33hao_vr_goods` WHERE `goods_id` IN ('19','16','14') ORDER BY FIELD(goods_id,19,16,14)  [ RunTime:0.0000s ]
INFO: [ app_end ] --START--
INFO: Run Behavior\ShowPageTraceBehavior [ RunTime:0.000000s ]
INFO: [ app_end ] --END-- [ RunTime:0.000000s ]

[ 2016-07-08T16:00:32+08:00 ] ::1 /mxsh/index.php/Home/Index/addrajax.html?page=1&id=19
INFO: [ app_begin ] --START--
INFO: Run Behavior\ReadHtmlCacheBehavior [ RunTime:0.001000s ]
INFO: [ app_begin ] --END-- [ RunTime:0.002000s ]
SQL: SHOW COLUMNS FROM `33hao_goods_class` [ RunTime:0.0050s ]
SQL: SHOW COLUMNS FROM `33hao_vr_goods_address` [ RunTime:0.0020s ]
SQL: SELECT * FROM `33hao_vr_goods_address` WHERE `goods_commonid` = '19' LIMIT 0,3   [ RunTime:0.0000s ]
INFO: [ app_end ] --START--
INFO: Run Behavior\ShowPageTraceBehavior [ RunTime:0.001000s ]
INFO: [ app_end ] --END-- [ RunTime:0.001000s ]

[ 2016-07-08T16:00:40+08:00 ] ::1 /mxsh/index.php/Home/Index/displayHistory/id/18.html
INFO: [ app_begin ] --START--
INFO: Run Behavior\ReadHtmlCacheBehavior [ RunTime:0.000000s ]
INFO: [ app_begin ] --END-- [ RunTime:0.001000s ]
SQL: SHOW COLUMNS FROM `33hao_goods_class` [ RunTime:0.0060s ]
SQL: SHOW COLUMNS FROM `33hao_vr_goods` [ RunTime:0.0040s ]
SQL: SELECT `goods_id`,`goods_name`,`goods_price`,`goods_promotion_price` FROM `33hao_vr_goods` WHERE `goods_id` IN ('18','19','16','14') ORDER BY FIELD(goods_id,18,19,16,14)  [ RunTime:0.0000s ]
INFO: [ app_end ] --START--
INFO: Run Behavior\ShowPageTraceBehavior [ RunTime:0.001000s ]
INFO: [ app_end ] --END-- [ RunTime:0.001000s ]

[ 2016-07-08T16:00:40+08:00 ] ::1 /mxsh/index.php/Home/Index/addrajax.html?page=1&id=18
INFO: [ app_begin ] --START--
INFO: Run Behavior\ReadHtmlCacheBehavior [ RunTime:0.001000s ]
INFO: [ app_begin ] --END-- [ RunTime:0.002000s ]
SQL: SHOW COLUMNS FROM `33hao_goods_class` [ RunTime:0.0030s ]
SQL: SHOW COLUMNS FROM `33hao_vr_goods_address` [ RunTime:0.0050s ]
SQL: SELECT * FROM `33hao_vr_goods_address` WHERE `goods_commonid` = '18' LIMIT 0,3   [ RunTime:0.0010s ]
INFO: [ app_end ] --START--
INFO: Run Behavior\ShowPageTraceBehavior [ RunTime:0.001000s ]
INFO: [ app_end ] --END-- [ RunTime:0.001000s ]

[ 2016-07-08T16:01:07+08:00 ] ::1 /mxsh/index.php/Home/Index/displayHistory/id/15.html
INFO: [ app_begin ] --START--
INFO: Run Behavior\ReadHtmlCacheBehavior [ RunTime:0.000000s ]
INFO: [ app_begin ] --END-- [ RunTime:0.001000s ]
SQL: SHOW COLUMNS FROM `33hao_goods_class` [ RunTime:0.0040s ]
SQL: SHOW COLUMNS FROM `33hao_vr_goods` [ RunTime:0.0030s ]
SQL: SELECT `goods_id`,`goods_name`,`goods_price`,`goods_promotion_price` FROM `33hao_vr_goods` WHERE `goods_id` IN ('15','18','19','16','14') ORDER BY FIELD(goods_id,15,18,19,16,14)  [ RunTime:0.0010s ]
INFO: [ app_end ] --START--
INFO: Run Behavior\ShowPageTraceBehavior [ RunTime:0.001000s ]
INFO: [ app_end ] --END-- [ RunTime:0.001000s ]

[ 2016-07-08T16:01:07+08:00 ] ::1 /mxsh/index.php/Home/Index/addrajax.html?page=1&id=15
INFO: [ app_begin ] --START--
INFO: Run Behavior\ReadHtmlCacheBehavior [ RunTime:0.002000s ]
INFO: [ app_begin ] --END-- [ RunTime:0.003000s ]
SQL: SHOW COLUMNS FROM `33hao_goods_class` [ RunTime:0.0040s ]
SQL: SHOW COLUMNS FROM `33hao_vr_goods_address` [ RunTime:0.0030s ]
SQL: SELECT * FROM `33hao_vr_goods_address` WHERE `goods_commonid` = '15' LIMIT 0,3   [ RunTime:0.0000s ]
INFO: [ app_end ] --START--
INFO: Run Behavior\ShowPageTraceBehavior [ RunTime:0.001000s ]
INFO: [ app_end ] --END-- [ RunTime:0.001000s ]

[ 2016-07-08T16:01:17+08:00 ] ::1 /mxsh/index.php/Home/Index/evaajax.html?page=1&id=16&de=default
INFO: [ app_begin ] --START--
INFO: Run Behavior\ReadHtmlCacheBehavior [ RunTime:0.002000s ]
INFO: [ app_begin ] --END-- [ RunTime:0.004000s ]
SQL: SHOW COLUMNS FROM `33hao_goods_class` [ RunTime:0.0030s ]
SQL: SHOW COLUMNS FROM `33hao_evaluate_goods` [ RunTime:0.0030s ]
SQL: SELECT * FROM `33hao_evaluate_goods` WHERE `geval_goodsid` = '16' ORDER BY geval_scores desc LIMIT 0,3   [ RunTime:0.0050s ]
INFO: [ app_end ] --START--
INFO: Run Behavior\ShowPageTraceBehavior [ RunTime:0.001000s ]
INFO: [ app_end ] --END-- [ RunTime:0.001000s ]

[ 2016-07-08T16:01:17+08:00 ] ::1 /mxsh/index.php/Home/Index/displayHistory/id/16.html
INFO: [ app_begin ] --START--
INFO: Run Behavior\ReadHtmlCacheBehavior [ RunTime:0.001000s ]
INFO: [ app_begin ] --END-- [ RunTime:0.002000s ]
SQL: SHOW COLUMNS FROM `33hao_goods_class` [ RunTime:0.0080s ]
SQL: SHOW COLUMNS FROM `33hao_vr_goods` [ RunTime:0.0090s ]
SQL: SELECT `goods_id`,`goods_name`,`goods_price`,`goods_promotion_price` FROM `33hao_vr_goods` WHERE `goods_id` IN ('16','15','18','19','14') ORDER BY FIELD(goods_id,16,15,18,19,14)  [ RunTime:0.0020s ]
INFO: [ app_end ] --START--
INFO: Run Behavior\ShowPageTraceBehavior [ RunTime:0.001000s ]
INFO: [ app_end ] --END-- [ RunTime:0.001000s ]

[ 2016-07-08T16:01:17+08:00 ] ::1 /mxsh/index.php/Home/Index/addrajax.html?page=1&id=16
INFO: [ app_begin ] --START--
INFO: Run Behavior\ReadHtmlCacheBehavior [ RunTime:0.000000s ]
INFO: [ app_begin ] --END-- [ RunTime:0.001000s ]
SQL: SHOW COLUMNS FROM `33hao_goods_class` [ RunTime:0.0040s ]
SQL: SHOW COLUMNS FROM `33hao_vr_goods_address` [ RunTime:0.0030s ]
SQL: SELECT * FROM `33hao_vr_goods_address` WHERE `goods_commonid` = '16' LIMIT 0,3   [ RunTime:0.0010s ]
INFO: [ app_end ] --START--
INFO: Run Behavior\ShowPageTraceBehavior [ RunTime:0.001000s ]
INFO: [ app_end ] --END-- [ RunTime:0.001000s ]

[ 2016-07-08T16:01:24+08:00 ] ::1 /mxsh/index.php/Home/Index/evaajax.html?page=1&id=16&de=time
INFO: [ app_begin ] --START--
INFO: Run Behavior\ReadHtmlCacheBehavior [ RunTime:0.001000s ]
INFO: [ app_begin ] --END-- [ RunTime:0.002000s ]
SQL: SHOW COLUMNS FROM `33hao_goods_class` [ RunTime:0.0050s ]
SQL: SHOW COLUMNS FROM `33hao_evaluate_goods` [ RunTime:0.0050s ]
SQL: SELECT * FROM `33hao_evaluate_goods` WHERE `geval_goodsid` = '16' ORDER BY geval_addtime desc LIMIT 0,3   [ RunTime:0.0010s ]
INFO: [ app_end ] --START--
INFO: Run Behavior\ShowPageTraceBehavior [ RunTime:0.001000s ]
INFO: [ app_end ] --END-- [ RunTime:0.001000s ]

[ 2016-07-08T16:01:26+08:00 ] ::1 /mxsh/index.php/Home/Index/evaajax.html?page=1&id=16&de=default
INFO: [ app_begin ] --START--
INFO: Run Behavior\ReadHtmlCacheBehavior [ RunTime:0.001000s ]
INFO: [ app_begin ] --END-- [ RunTime:0.002000s ]
SQL: SHOW COLUMNS FROM `33hao_goods_class` [ RunTime:0.0040s ]
SQL: SHOW COLUMNS FROM `33hao_evaluate_goods` [ RunTime:0.0050s ]
SQL: SELECT * FROM `33hao_evaluate_goods` WHERE `geval_goodsid` = '16' ORDER BY geval_scores desc LIMIT 0,3   [ RunTime:0.0000s ]
INFO: [ app_end ] --START--
INFO: Run Behavior\ShowPageTraceBehavior [ RunTime:0.001000s ]
INFO: [ app_end ] --END-- [ RunTime:0.001000s ]

[ 2016-07-08T16:01:29+08:00 ] ::1 /mxsh/index.php/Home/Index/evaajax.html?page=2&id=16&de=default
INFO: [ app_begin ] --START--
INFO: Run Behavior\ReadHtmlCacheBehavior [ RunTime:0.001000s ]
INFO: [ app_begin ] --END-- [ RunTime:0.001000s ]
SQL: SHOW COLUMNS FROM `33hao_goods_class` [ RunTime:0.0030s ]
SQL: SHOW COLUMNS FROM `33hao_evaluate_goods` [ RunTime:0.0060s ]
SQL: SELECT * FROM `33hao_evaluate_goods` WHERE `geval_goodsid` = '16' ORDER BY geval_scores desc LIMIT 3,3   [ RunTime:0.0010s ]
INFO: [ app_end ] --START--
INFO: Run Behavior\ShowPageTraceBehavior [ RunTime:0.001000s ]
INFO: [ app_end ] --END-- [ RunTime:0.001000s ]

[ 2016-07-08T16:01:31+08:00 ] ::1 /mxsh/index.php/Home/Index/evaajax.html?page=1&id=16&de=default
INFO: [ app_begin ] --START--
INFO: Run Behavior\ReadHtmlCacheBehavior [ RunTime:0.001000s ]
INFO: [ app_begin ] --END-- [ RunTime:0.002000s ]
SQL: SHOW COLUMNS FROM `33hao_goods_class` [ RunTime:0.0050s ]
SQL: SHOW COLUMNS FROM `33hao_evaluate_goods` [ RunTime:0.0040s ]
SQL: SELECT * FROM `33hao_evaluate_goods` WHERE `geval_goodsid` = '16' ORDER BY geval_scores desc LIMIT 0,3   [ RunTime:0.0010s ]
INFO: [ app_end ] --START--
INFO: Run Behavior\ShowPageTraceBehavior [ RunTime:0.001000s ]
INFO: [ app_end ] --END-- [ RunTime:0.001000s ]

[ 2016-07-08T16:04:32+08:00 ] ::1 /mxsh/index.php/Home/Index/evaajax.html?page=1&id=16&de=default
INFO: [ app_begin ] --START--
INFO: Run Behavior\ReadHtmlCacheBehavior [ RunTime:0.001000s ]
INFO: [ app_begin ] --END-- [ RunTime:0.001000s ]
SQL: SHOW COLUMNS FROM `33hao_goods_class` [ RunTime:0.0060s ]
SQL: SHOW COLUMNS FROM `33hao_evaluate_goods` [ RunTime:0.0050s ]
SQL: SELECT * FROM `33hao_evaluate_goods` WHERE `geval_goodsid` = '16' ORDER BY geval_scores desc LIMIT 0,3   [ RunTime:0.0010s ]
INFO: [ app_end ] --START--
INFO: Run Behavior\ShowPageTraceBehavior [ RunTime:0.001000s ]
INFO: [ app_end ] --END-- [ RunTime:0.001000s ]

[ 2016-07-08T16:04:32+08:00 ] ::1 /mxsh/index.php/Home/Index/displayHistory/id/16.html
INFO: [ app_begin ] --START--
INFO: Run Behavior\ReadHtmlCacheBehavior [ RunTime:0.000000s ]
INFO: [ app_begin ] --END-- [ RunTime:0.001000s ]
SQL: SHOW COLUMNS FROM `33hao_goods_class` [ RunTime:0.0040s ]
SQL: SHOW COLUMNS FROM `33hao_vr_goods` [ RunTime:0.0080s ]
SQL: SELECT `goods_id`,`goods_name`,`goods_price`,`goods_promotion_price` FROM `33hao_vr_goods` WHERE `goods_id` IN ('16','15','18','19','14') ORDER BY FIELD(goods_id,16,15,18,19,14)  [ RunTime:0.0010s ]
INFO: [ app_end ] --START--
INFO: Run Behavior\ShowPageTraceBehavior [ RunTime:0.001000s ]
INFO: [ app_end ] --END-- [ RunTime:0.001000s ]

[ 2016-07-08T16:04:32+08:00 ] ::1 /mxsh/index.php/Home/Index/addrajax.html?page=1&id=16
INFO: [ app_begin ] --START--
INFO: Run Behavior\ReadHtmlCacheBehavior [ RunTime:0.000000s ]
INFO: [ app_begin ] --END-- [ RunTime:0.001000s ]
SQL: SHOW COLUMNS FROM `33hao_goods_class` [ RunTime:0.0030s ]
SQL: SHOW COLUMNS FROM `33hao_vr_goods_address` [ RunTime:0.0040s ]
SQL: SELECT * FROM `33hao_vr_goods_address` WHERE `goods_commonid` = '16' LIMIT 0,3   [ RunTime:0.0010s ]
INFO: [ app_end ] --START--
INFO: Run Behavior\ShowPageTraceBehavior [ RunTime:0.002000s ]
INFO: [ app_end ] --END-- [ RunTime:0.002000s ]

[ 2016-07-08T16:04:38+08:00 ] ::1 /mxsh/index.php/Home/Index/addrajax.html?page=1&id=19
INFO: [ app_begin ] --START--
INFO: Run Behavior\ReadHtmlCacheBehavior [ RunTime:0.001000s ]
INFO: [ app_begin ] --END-- [ RunTime:0.001000s ]
SQL: SHOW COLUMNS FROM `33hao_goods_class` [ RunTime:0.0080s ]
SQL: SHOW COLUMNS FROM `33hao_vr_goods_address` [ RunTime:0.0040s ]
SQL: SELECT * FROM `33hao_vr_goods_address` WHERE `goods_commonid` = '19' LIMIT 0,3   [ RunTime:0.0000s ]
INFO: [ app_end ] --START--
INFO: Run Behavior\ShowPageTraceBehavior [ RunTime:0.001000s ]
INFO: [ app_end ] --END-- [ RunTime:0.001000s ]

[ 2016-07-08T16:04:38+08:00 ] ::1 /mxsh/index.php/Home/Index/displayHistory/id/19.html
INFO: [ app_begin ] --START--
INFO: Run Behavior\ReadHtmlCacheBehavior [ RunTime:0.000000s ]
INFO: [ app_begin ] --END-- [ RunTime:0.002000s ]
SQL: SHOW COLUMNS FROM `33hao_goods_class` [ RunTime:0.0030s ]
SQL: SHOW COLUMNS FROM `33hao_vr_goods` [ RunTime:0.0040s ]
SQL: SELECT `goods_id`,`goods_name`,`goods_price`,`goods_promotion_price` FROM `33hao_vr_goods` WHERE `goods_id` IN ('19','16','15','18','14') ORDER BY FIELD(goods_id,19,16,15,18,14)  [ RunTime:0.0000s ]
INFO: [ app_end ] --START--
INFO: Run Behavior\ShowPageTraceBehavior [ RunTime:0.001000s ]
INFO: [ app_end ] --END-- [ RunTime:0.001000s ]

[ 2016-07-08T16:04:47+08:00 ] ::1 /mxsh/index.php/Home/Index/displayHistory/id/19.html
INFO: [ app_begin ] --START--
INFO: Run Behavior\ReadHtmlCacheBehavior [ RunTime:0.001000s ]
INFO: [ app_begin ] --END-- [ RunTime:0.001000s ]
SQL: SHOW COLUMNS FROM `33hao_goods_class` [ RunTime:0.0030s ]
SQL: SHOW COLUMNS FROM `33hao_vr_goods` [ RunTime:0.0050s ]
SQL: SELECT `goods_id`,`goods_name`,`goods_price`,`goods_promotion_price` FROM `33hao_vr_goods` WHERE `goods_id` IN ('19','16','15','18','14') ORDER BY FIELD(goods_id,19,16,15,18,14)  [ RunTime:0.0010s ]
INFO: [ app_end ] --START--
INFO: Run Behavior\ShowPageTraceBehavior [ RunTime:0.000000s ]
INFO: [ app_end ] --END-- [ RunTime:0.000000s ]

[ 2016-07-08T16:04:47+08:00 ] ::1 /mxsh/index.php/Home/Index/addrajax.html?page=1&id=19
INFO: [ app_begin ] --START--
INFO: Run Behavior\ReadHtmlCacheBehavior [ RunTime:0.000000s ]
INFO: [ app_begin ] --END-- [ RunTime:0.001000s ]
SQL: SHOW COLUMNS FROM `33hao_goods_class` [ RunTime:0.0030s ]
SQL: SHOW COLUMNS FROM `33hao_vr_goods_address` [ RunTime:0.0030s ]
SQL: SELECT * FROM `33hao_vr_goods_address` WHERE `goods_commonid` = '19' LIMIT 0,3   [ RunTime:0.0000s ]
INFO: [ app_end ] --START--
INFO: Run Behavior\ShowPageTraceBehavior [ RunTime:0.001000s ]
INFO: [ app_end ] --END-- [ RunTime:0.001000s ]

[ 2016-07-08T16:09:05+08:00 ] ::1 /mxsh/index.php/Home/Index/displayHistory/id/19.html
INFO: [ app_begin ] --START--
INFO: Run Behavior\ReadHtmlCacheBehavior [ RunTime:0.001000s ]
INFO: [ app_begin ] --END-- [ RunTime:0.001000s ]
SQL: SHOW COLUMNS FROM `33hao_goods_class` [ RunTime:0.0040s ]
SQL: SHOW COLUMNS FROM `33hao_vr_goods` [ RunTime:0.0040s ]
SQL: SELECT `goods_id`,`goods_name`,`goods_price`,`goods_promotion_price` FROM `33hao_vr_goods` WHERE `goods_id` IN ('19','16','15','18','14') ORDER BY FIELD(goods_id,19,16,15,18,14)  [ RunTime:0.0000s ]
INFO: [ app_end ] --START--
INFO: Run Behavior\ShowPageTraceBehavior [ RunTime:0.001000s ]
INFO: [ app_end ] --END-- [ RunTime:0.001000s ]

[ 2016-07-08T16:09:05+08:00 ] ::1 /mxsh/index.php/Home/Index/addrajax.html?page=1&id=19
INFO: [ app_begin ] --START--
INFO: Run Behavior\ReadHtmlCacheBehavior [ RunTime:0.001000s ]
INFO: [ app_begin ] --END-- [ RunTime:0.001000s ]
SQL: SHOW COLUMNS FROM `33hao_goods_class` [ RunTime:0.0040s ]
SQL: SHOW COLUMNS FROM `33hao_vr_goods_address` [ RunTime:0.0020s ]
SQL: SELECT * FROM `33hao_vr_goods_address` WHERE `goods_commonid` = '19' LIMIT 0,3   [ RunTime:0.0000s ]
INFO: [ app_end ] --START--
INFO: Run Behavior\ShowPageTraceBehavior [ RunTime:0.001000s ]
INFO: [ app_end ] --END-- [ RunTime:0.001000s ]

[ 2016-07-08T16:09:43+08:00 ] ::1 /mxsh/index.php/Home/Index/displayHistory/id/19.html
INFO: [ app_begin ] --START--
INFO: Run Behavior\ReadHtmlCacheBehavior [ RunTime:0.001000s ]
INFO: [ app_begin ] --END-- [ RunTime:0.001000s ]
SQL: SHOW COLUMNS FROM `33hao_goods_class` [ RunTime:0.0060s ]
SQL: SHOW COLUMNS FROM `33hao_vr_goods` [ RunTime:0.0040s ]
SQL: SELECT `goods_id`,`goods_name`,`goods_price`,`goods_promotion_price` FROM `33hao_vr_goods` WHERE `goods_id` IN ('19','16','15','18','14') ORDER BY FIELD(goods_id,19,16,15,18,14)  [ RunTime:0.0010s ]
INFO: [ app_end ] --START--
INFO: Run Behavior\ShowPageTraceBehavior [ RunTime:0.001000s ]
INFO: [ app_end ] --END-- [ RunTime:0.001000s ]

[ 2016-07-08T16:09:43+08:00 ] ::1 /mxsh/index.php/Home/Index/addrajax.html?page=1&id=19
INFO: [ app_begin ] --START--
INFO: Run Behavior\ReadHtmlCacheBehavior [ RunTime:0.001000s ]
INFO: [ app_begin ] --END-- [ RunTime:0.002000s ]
SQL: SHOW COLUMNS FROM `33hao_goods_class` [ RunTime:0.0050s ]
SQL: SHOW COLUMNS FROM `33hao_vr_goods_address` [ RunTime:0.0070s ]
SQL: SELECT * FROM `33hao_vr_goods_address` WHERE `goods_commonid` = '19' LIMIT 0,3   [ RunTime:0.0010s ]
INFO: [ app_end ] --START--
INFO: Run Behavior\ShowPageTraceBehavior [ RunTime:0.001000s ]
INFO: [ app_end ] --END-- [ RunTime:0.001000s ]

[ 2016-07-08T16:10:09+08:00 ] ::1 /mxsh/index.php/Home/Index/addrajax.html?page=1&id=19
INFO: [ app_begin ] --START--
INFO: Run Behavior\ReadHtmlCacheBehavior [ RunTime:0.001000s ]
INFO: [ app_begin ] --END-- [ RunTime:0.001000s ]
SQL: SHOW COLUMNS FROM `33hao_goods_class` [ RunTime:0.0040s ]
SQL: SHOW COLUMNS FROM `33hao_vr_goods_address` [ RunTime:0.0050s ]
SQL: SELECT * FROM `33hao_vr_goods_address` WHERE `goods_commonid` = '19' LIMIT 0,3   [ RunTime:0.0010s ]
INFO: [ app_end ] --START--
INFO: Run Behavior\ShowPageTraceBehavior [ RunTime:0.001000s ]
INFO: [ app_end ] --END-- [ RunTime:0.001000s ]

[ 2016-07-08T16:10:09+08:00 ] ::1 /mxsh/index.php/Home/Index/displayHistory/id/19.html
INFO: [ app_begin ] --START--
INFO: Run Behavior\ReadHtmlCacheBehavior [ RunTime:0.000000s ]
INFO: [ app_begin ] --END-- [ RunTime:0.002000s ]
SQL: SHOW COLUMNS FROM `33hao_goods_class` [ RunTime:0.0060s ]
SQL: SHOW COLUMNS FROM `33hao_vr_goods` [ RunTime:0.0030s ]
SQL: SELECT `goods_id`,`goods_name`,`goods_price`,`goods_promotion_price` FROM `33hao_vr_goods` WHERE `goods_id` IN ('19','16','15','18','14') ORDER BY FIELD(goods_id,19,16,15,18,14)  [ RunTime:0.0010s ]
INFO: [ app_end ] --START--
INFO: Run Behavior\ShowPageTraceBehavior [ RunTime:0.001000s ]
INFO: [ app_end ] --END-- [ RunTime:0.001000s ]

[ 2016-07-08T16:17:47+08:00 ] ::1 /mxsh/index.php/Home/Index/displayHistory/id/19.html
INFO: [ app_begin ] --START--
INFO: Run Behavior\ReadHtmlCacheBehavior [ RunTime:0.001000s ]
INFO: [ app_begin ] --END-- [ RunTime:0.004000s ]
SQL: SHOW COLUMNS FROM `33hao_goods_class` [ RunTime:0.0060s ]
SQL: SHOW COLUMNS FROM `33hao_vr_goods` [ RunTime:0.0030s ]
SQL: SELECT `goods_id`,`goods_name`,`goods_price`,`goods_promotion_price` FROM `33hao_vr_goods` WHERE `goods_id` IN ('19','16','15','18','14') ORDER BY FIELD(goods_id,19,16,15,18,14)  [ RunTime:0.0000s ]
INFO: [ app_end ] --START--
INFO: Run Behavior\ShowPageTraceBehavior [ RunTime:0.001000s ]
INFO: [ app_end ] --END-- [ RunTime:0.001000s ]

[ 2016-07-08T16:17:47+08:00 ] ::1 /mxsh/index.php/Home/Index/addrajax.html?page=1&id=19
INFO: [ app_begin ] --START--
INFO: Run Behavior\ReadHtmlCacheBehavior [ RunTime:0.000000s ]
INFO: [ app_begin ] --END-- [ RunTime:0.001000s ]
SQL: SHOW COLUMNS FROM `33hao_goods_class` [ RunTime:0.0030s ]
SQL: SHOW COLUMNS FROM `33hao_vr_goods_address` [ RunTime:0.0040s ]
SQL: SELECT * FROM `33hao_vr_goods_address` WHERE `goods_commonid` = '19' LIMIT 0,3   [ RunTime:0.0010s ]
INFO: [ app_end ] --START--
INFO: Run Behavior\ShowPageTraceBehavior [ RunTime:0.001000s ]
INFO: [ app_end ] --END-- [ RunTime:0.001000s ]

[ 2016-07-08T16:18:38+08:00 ] ::1 /mxsh/index.php/Home/Index/displayHistory/id/19.html
INFO: [ app_begin ] --START--
INFO: Run Behavior\ReadHtmlCacheBehavior [ RunTime:0.001000s ]
INFO: [ app_begin ] --END-- [ RunTime:0.001000s ]
SQL: SHOW COLUMNS FROM `33hao_goods_class` [ RunTime:0.0110s ]
SQL: SHOW COLUMNS FROM `33hao_vr_goods` [ RunTime:0.0140s ]
SQL: SELECT `goods_id`,`goods_name`,`goods_price`,`goods_promotion_price` FROM `33hao_vr_goods` WHERE `goods_id` IN ('19','16','15','18','14') ORDER BY FIELD(goods_id,19,16,15,18,14)  [ RunTime:0.0020s ]
INFO: [ app_end ] --START--
INFO: Run Behavior\ShowPageTraceBehavior [ RunTime:0.001000s ]
INFO: [ app_end ] --END-- [ RunTime:0.003000s ]

[ 2016-07-08T16:18:38+08:00 ] ::1 /mxsh/index.php/Home/Index/addrajax.html?page=1&id=19
INFO: [ app_begin ] --START--
INFO: Run Behavior\ReadHtmlCacheBehavior [ RunTime:0.001000s ]
INFO: [ app_begin ] --END-- [ RunTime:0.001000s ]
SQL: SHOW COLUMNS FROM `33hao_goods_class` [ RunTime:0.0050s ]
SQL: SHOW COLUMNS FROM `33hao_vr_goods_address` [ RunTime:0.0030s ]
SQL: SELECT * FROM `33hao_vr_goods_address` WHERE `goods_commonid` = '19' LIMIT 0,3   [ RunTime:0.0010s ]
INFO: [ app_end ] --START--
INFO: Run Behavior\ShowPageTraceBehavior [ RunTime:0.001000s ]
INFO: [ app_end ] --END-- [ RunTime:0.001000s ]

[ 2016-07-08T16:21:44+08:00 ] ::1 /mxsh/index.php/Home/Index/displayHistory/id/19.html
INFO: [ app_begin ] --START--
INFO: Run Behavior\ReadHtmlCacheBehavior [ RunTime:0.000000s ]
INFO: [ app_begin ] --END-- [ RunTime:0.001000s ]
SQL: SHOW COLUMNS FROM `33hao_goods_class` [ RunTime:0.0060s ]
SQL: SHOW COLUMNS FROM `33hao_vr_goods` [ RunTime:0.0040s ]
SQL: SELECT `goods_id`,`goods_name`,`goods_price`,`goods_promotion_price` FROM `33hao_vr_goods` WHERE `goods_id` IN ('19','16','15','18','14') ORDER BY FIELD(goods_id,19,16,15,18,14)  [ RunTime:0.0000s ]
INFO: [ app_end ] --START--
INFO: Run Behavior\ShowPageTraceBehavior [ RunTime:0.001000s ]
INFO: [ app_end ] --END-- [ RunTime:0.001000s ]

[ 2016-07-08T16:21:44+08:00 ] ::1 /mxsh/index.php/Home/Index/addrajax.html?page=1&id=19
INFO: [ app_begin ] --START--
INFO: Run Behavior\ReadHtmlCacheBehavior [ RunTime:0.000000s ]
INFO: [ app_begin ] --END-- [ RunTime:0.001000s ]
SQL: SHOW COLUMNS FROM `33hao_goods_class` [ RunTime:0.0060s ]
SQL: SHOW COLUMNS FROM `33hao_vr_goods_address` [ RunTime:0.0030s ]
SQL: SELECT * FROM `33hao_vr_goods_address` WHERE `goods_commonid` = '19' LIMIT 0,3   [ RunTime:0.0000s ]
INFO: [ app_end ] --START--
INFO: Run Behavior\ShowPageTraceBehavior [ RunTime:0.000000s ]
INFO: [ app_end ] --END-- [ RunTime:0.000000s ]

[ 2016-07-08T16:23:45+08:00 ] ::1 /mxsh/index.php/Home/Index/addrajax.html?page=1&id=19
INFO: [ app_begin ] --START--
INFO: Run Behavior\ReadHtmlCacheBehavior [ RunTime:0.001000s ]
INFO: [ app_begin ] --END-- [ RunTime:0.001000s ]
SQL: SHOW COLUMNS FROM `33hao_goods_class` [ RunTime:0.0100s ]
SQL: SHOW COLUMNS FROM `33hao_vr_goods_address` [ RunTime:0.0040s ]
SQL: SELECT * FROM `33hao_vr_goods_address` WHERE `goods_commonid` = '19' LIMIT 0,3   [ RunTime:0.0010s ]
INFO: [ app_end ] --START--
INFO: Run Behavior\ShowPageTraceBehavior [ RunTime:0.001000s ]
INFO: [ app_end ] --END-- [ RunTime:0.001000s ]

[ 2016-07-08T16:23:45+08:00 ] ::1 /mxsh/index.php/Home/Index/displayHistory/id/19.html
INFO: [ app_begin ] --START--
INFO: Run Behavior\ReadHtmlCacheBehavior [ RunTime:0.000000s ]
INFO: [ app_begin ] --END-- [ RunTime:0.002000s ]
SQL: SHOW COLUMNS FROM `33hao_goods_class` [ RunTime:0.0050s ]
SQL: SHOW COLUMNS FROM `33hao_vr_goods` [ RunTime:0.0040s ]
SQL: SELECT `goods_id`,`goods_name`,`goods_price`,`goods_promotion_price` FROM `33hao_vr_goods` WHERE `goods_id` IN ('19','16','15','18','14') ORDER BY FIELD(goods_id,19,16,15,18,14)  [ RunTime:0.0000s ]
INFO: [ app_end ] --START--
INFO: Run Behavior\ShowPageTraceBehavior [ RunTime:0.001000s ]
INFO: [ app_end ] --END-- [ RunTime:0.001000s ]

[ 2016-07-08T16:24:45+08:00 ] ::1 /mxsh/index.php/Home/Index/displayHistory/id/19.html
INFO: [ app_begin ] --START--
INFO: Run Behavior\ReadHtmlCacheBehavior [ RunTime:0.001000s ]
INFO: [ app_begin ] --END-- [ RunTime:0.001000s ]
SQL: SHOW COLUMNS FROM `33hao_goods_class` [ RunTime:0.0050s ]
SQL: SHOW COLUMNS FROM `33hao_vr_goods` [ RunTime:0.0030s ]
SQL: SELECT `goods_id`,`goods_name`,`goods_price`,`goods_promotion_price` FROM `33hao_vr_goods` WHERE `goods_id` IN ('19','16','15','18','14') ORDER BY FIELD(goods_id,19,16,15,18,14)  [ RunTime:0.0000s ]
INFO: [ app_end ] --START--
INFO: Run Behavior\ShowPageTraceBehavior [ RunTime:0.000000s ]
INFO: [ app_end ] --END-- [ RunTime:0.000000s ]

[ 2016-07-08T16:24:45+08:00 ] ::1 /mxsh/index.php/Home/Index/addrajax.html?page=1&id=19
INFO: [ app_begin ] --START--
INFO: Run Behavior\ReadHtmlCacheBehavior [ RunTime:0.002000s ]
INFO: [ app_begin ] --END-- [ RunTime:0.003000s ]
SQL: SHOW COLUMNS FROM `33hao_goods_class` [ RunTime:0.0040s ]
SQL: SHOW COLUMNS FROM `33hao_vr_goods_address` [ RunTime:0.0020s ]
SQL: SELECT * FROM `33hao_vr_goods_address` WHERE `goods_commonid` = '19' LIMIT 0,3   [ RunTime:0.0000s ]
INFO: [ app_end ] --START--
INFO: Run Behavior\ShowPageTraceBehavior [ RunTime:0.002000s ]
INFO: [ app_end ] --END-- [ RunTime:0.002000s ]

[ 2016-07-08T16:25:01+08:00 ] ::1 /mxsh/index.php/Home/Index/displayHistory/id/19.html
INFO: [ app_begin ] --START--
INFO: Run Behavior\ReadHtmlCacheBehavior [ RunTime:0.001000s ]
INFO: [ app_begin ] --END-- [ RunTime:0.001000s ]
SQL: SHOW COLUMNS FROM `33hao_goods_class` [ RunTime:0.0030s ]
SQL: SHOW COLUMNS FROM `33hao_vr_goods` [ RunTime:0.0060s ]
SQL: SELECT `goods_id`,`goods_name`,`goods_price`,`goods_promotion_price` FROM `33hao_vr_goods` WHERE `goods_id` IN ('19','16','15','18','14') ORDER BY FIELD(goods_id,19,16,15,18,14)  [ RunTime:0.0020s ]
INFO: [ app_end ] --START--
INFO: Run Behavior\ShowPageTraceBehavior [ RunTime:0.000000s ]
INFO: [ app_end ] --END-- [ RunTime:0.000000s ]

[ 2016-07-08T16:25:01+08:00 ] ::1 /mxsh/index.php/Home/Index/addrajax.html?page=1&id=19
INFO: [ app_begin ] --START--
INFO: Run Behavior\ReadHtmlCacheBehavior [ RunTime:0.001000s ]
INFO: [ app_begin ] --END-- [ RunTime:0.001000s ]
SQL: SHOW COLUMNS FROM `33hao_goods_class` [ RunTime:0.0030s ]
SQL: SHOW COLUMNS FROM `33hao_vr_goods_address` [ RunTime:0.0030s ]
SQL: SELECT * FROM `33hao_vr_goods_address` WHERE `goods_commonid` = '19' LIMIT 0,3   [ RunTime:0.0000s ]
INFO: [ app_end ] --START--
INFO: Run Behavior\ShowPageTraceBehavior [ RunTime:0.000000s ]
INFO: [ app_end ] --END-- [ RunTime:0.000000s ]

