[ 2016-07-06T10:08:56+08:00 ] ::1 /mxsh/
ERR: SQLSTATE[HY000] [1045] Access denied for user 'root'@'localhost' (using password: YES)

[ 2016-07-06T10:33:28+08:00 ] ::1 /mxsh/index.php/Home/Index/displayHistory/id/19.html
INFO: [ app_begin ] --START--
INFO: Run Behavior\ReadHtmlCacheBehavior [ RunTime:0.001000s ]
INFO: [ app_begin ] --END-- [ RunTime:0.002000s ]
SQL: SHOW COLUMNS FROM `33hao_goods_class` [ RunTime:0.0020s ]
SQL: SHOW COLUMNS FROM `33hao_vr_goods` [ RunTime:0.0040s ]
SQL: SELECT `goods_id`,`goods_name`,`goods_price`,`goods_promotion_price` FROM `33hao_vr_goods` WHERE `goods_id` IN ('19') ORDER BY FIELD(goods_id,19)  [ RunTime:0.0010s ]
INFO: [ app_end ] --START--
INFO: Run Behavior\ShowPageTraceBehavior [ RunTime:0.000000s ]
INFO: [ app_end ] --END-- [ RunTime:0.001000s ]

[ 2016-07-06T10:33:28+08:00 ] ::1 /mxsh/index.php/Home/Index/addrajax.html?page=1&id=19
INFO: [ app_begin ] --START--
INFO: Run Behavior\ReadHtmlCacheBehavior [ RunTime:0.001000s ]
INFO: [ app_begin ] --END-- [ RunTime:0.002000s ]
SQL: SHOW COLUMNS FROM `33hao_goods_class` [ RunTime:0.0030s ]
SQL: SHOW COLUMNS FROM `33hao_vr_goods_address` [ RunTime:0.0030s ]
SQL: SELECT * FROM `33hao_vr_goods_address` WHERE `goods_commonid` = '19' LIMIT 0,3   [ RunTime:0.0010s ]
INFO: [ app_end ] --START--
INFO: Run Behavior\ShowPageTraceBehavior [ RunTime:0.000000s ]
INFO: [ app_end ] --END-- [ RunTime:0.000000s ]

