[ 2016-07-14T08:08:56+08:00 ] ::1 /mxsh/index.php/Home/Index/displayHistory.html
INFO: [ app_begin ] --START--
INFO: Run Behavior\ReadHtmlCacheBehavior [ RunTime:0.001000s ]
INFO: [ app_begin ] --END-- [ RunTime:0.003000s ]
SQL: SHOW COLUMNS FROM `33hao_goods_class` [ RunTime:0.0080s ]
SQL: SHOW COLUMNS FROM `33hao_setting` [ RunTime:0.0040s ]
SQL: SELECT * FROM `33hao_setting` WHERE `name` = 'hot_search' LIMIT 1   [ RunTime:0.0010s ]
SQL: SHOW COLUMNS FROM `33hao_vr_goods` [ RunTime:0.0050s ]

[ 2016-07-14T08:11:27+08:00 ] ::1 /mxsh/index.php/Home/Index/displayHistory.html
INFO: [ app_begin ] --START--
INFO: Run Behavior\ReadHtmlCacheBehavior [ RunTime:0.000000s ]
INFO: [ app_begin ] --END-- [ RunTime:0.001000s ]
SQL: SHOW COLUMNS FROM `33hao_goods_class` [ RunTime:0.0030s ]
SQL: SHOW COLUMNS FROM `33hao_setting` [ RunTime:0.0050s ]
SQL: SELECT * FROM `33hao_setting` WHERE `name` = 'hot_search' LIMIT 1   [ RunTime:0.0010s ]
SQL: SHOW COLUMNS FROM `33hao_vr_goods` [ RunTime:0.0040s ]

[ 2016-07-14T08:11:28+08:00 ] ::1 /mxsh/index.php/Home/Index/displayHistory.html
INFO: [ app_begin ] --START--
INFO: Run Behavior\ReadHtmlCacheBehavior [ RunTime:0.000000s ]
INFO: [ app_begin ] --END-- [ RunTime:0.001000s ]
SQL: SHOW COLUMNS FROM `33hao_goods_class` [ RunTime:0.0040s ]
SQL: SHOW COLUMNS FROM `33hao_setting` [ RunTime:0.0090s ]
SQL: SELECT * FROM `33hao_setting` WHERE `name` = 'hot_search' LIMIT 1   [ RunTime:0.0010s ]
SQL: SHOW COLUMNS FROM `33hao_vr_goods` [ RunTime:0.0030s ]

[ 2016-07-14T08:11:51+08:00 ] ::1 /mxsh/index.php/Home/Index/displayHistory.html
INFO: [ app_begin ] --START--
INFO: Run Behavior\ReadHtmlCacheBehavior [ RunTime:0.000000s ]
INFO: [ app_begin ] --END-- [ RunTime:0.001000s ]
SQL: SHOW COLUMNS FROM `33hao_goods_class` [ RunTime:0.0040s ]
SQL: SHOW COLUMNS FROM `33hao_setting` [ RunTime:0.0030s ]
SQL: SELECT * FROM `33hao_setting` WHERE `name` = 'hot_search' LIMIT 1   [ RunTime:0.0020s ]
SQL: SHOW COLUMNS FROM `33hao_vr_goods` [ RunTime:0.0060s ]

[ 2016-07-14T08:11:56+08:00 ] ::1 /mxsh/index.php/Home/Index/displayHistory.html
INFO: [ app_begin ] --START--
INFO: Run Behavior\ReadHtmlCacheBehavior [ RunTime:0.001000s ]
INFO: [ app_begin ] --END-- [ RunTime:0.002000s ]
SQL: SHOW COLUMNS FROM `33hao_goods_class` [ RunTime:0.0080s ]
SQL: SHOW COLUMNS FROM `33hao_setting` [ RunTime:0.0020s ]
SQL: SELECT * FROM `33hao_setting` WHERE `name` = 'hot_search' LIMIT 1   [ RunTime:0.0010s ]
SQL: SHOW COLUMNS FROM `33hao_vr_goods` [ RunTime:0.0030s ]

[ 2016-07-14T08:11:58+08:00 ] ::1 /mxsh/index.php/Home/Index/displayHistory.html
INFO: [ app_begin ] --START--
INFO: Run Behavior\ReadHtmlCacheBehavior [ RunTime:0.000000s ]
INFO: [ app_begin ] --END-- [ RunTime:0.001000s ]
SQL: SHOW COLUMNS FROM `33hao_goods_class` [ RunTime:0.0030s ]
SQL: SHOW COLUMNS FROM `33hao_setting` [ RunTime:0.0070s ]
SQL: SELECT * FROM `33hao_setting` WHERE `name` = 'hot_search' LIMIT 1   [ RunTime:0.0010s ]
SQL: SHOW COLUMNS FROM `33hao_vr_goods` [ RunTime:0.0020s ]

[ 2016-07-14T08:11:59+08:00 ] ::1 /mxsh/index.php/Home/Index/displayHistory.html
INFO: [ app_begin ] --START--
INFO: Run Behavior\ReadHtmlCacheBehavior [ RunTime:0.001000s ]
INFO: [ app_begin ] --END-- [ RunTime:0.001000s ]
SQL: SHOW COLUMNS FROM `33hao_goods_class` [ RunTime:0.0020s ]
SQL: SHOW COLUMNS FROM `33hao_setting` [ RunTime:0.0020s ]
SQL: SELECT * FROM `33hao_setting` WHERE `name` = 'hot_search' LIMIT 1   [ RunTime:0.0000s ]
SQL: SHOW COLUMNS FROM `33hao_vr_goods` [ RunTime:0.0030s ]

[ 2016-07-14T08:12:00+08:00 ] ::1 /mxsh/index.php/Home/Index/displayHistory.html
INFO: [ app_begin ] --START--
INFO: Run Behavior\ReadHtmlCacheBehavior [ RunTime:0.001000s ]
INFO: [ app_begin ] --END-- [ RunTime:0.002000s ]
SQL: SHOW COLUMNS FROM `33hao_goods_class` [ RunTime:0.0070s ]
SQL: SHOW COLUMNS FROM `33hao_setting` [ RunTime:0.0020s ]
SQL: SELECT * FROM `33hao_setting` WHERE `name` = 'hot_search' LIMIT 1   [ RunTime:0.0000s ]
SQL: SHOW COLUMNS FROM `33hao_vr_goods` [ RunTime:0.0020s ]

[ 2016-07-14T08:12:01+08:00 ] ::1 /mxsh/index.php/Home/Index/displayHistory.html
INFO: [ app_begin ] --START--
INFO: Run Behavior\ReadHtmlCacheBehavior [ RunTime:0.000000s ]
INFO: [ app_begin ] --END-- [ RunTime:0.002000s ]
SQL: SHOW COLUMNS FROM `33hao_goods_class` [ RunTime:0.0060s ]
SQL: SHOW COLUMNS FROM `33hao_setting` [ RunTime:0.0040s ]
SQL: SELECT * FROM `33hao_setting` WHERE `name` = 'hot_search' LIMIT 1   [ RunTime:0.0000s ]
SQL: SHOW COLUMNS FROM `33hao_vr_goods` [ RunTime:0.0020s ]

[ 2016-07-14T08:12:19+08:00 ] ::1 /mxsh/index.php/Home/Index/displayHistory.html
INFO: [ app_begin ] --START--
INFO: Run Behavior\ReadHtmlCacheBehavior [ RunTime:0.001000s ]
INFO: [ app_begin ] --END-- [ RunTime:0.004000s ]
SQL: SHOW COLUMNS FROM `33hao_goods_class` [ RunTime:0.0040s ]
SQL: SHOW COLUMNS FROM `33hao_setting` [ RunTime:0.0020s ]
SQL: SELECT * FROM `33hao_setting` WHERE `name` = 'hot_search' LIMIT 1   [ RunTime:0.0000s ]
SQL: SHOW COLUMNS FROM `33hao_vr_goods` [ RunTime:0.0020s ]

[ 2016-07-14T08:12:24+08:00 ] ::1 /mxsh/index.php/Home/Index/displayHistory/id/17.html
INFO: [ app_begin ] --START--
INFO: Run Behavior\ReadHtmlCacheBehavior [ RunTime:0.000000s ]
INFO: [ app_begin ] --END-- [ RunTime:0.001000s ]
SQL: SHOW COLUMNS FROM `33hao_goods_class` [ RunTime:0.0030s ]
SQL: SHOW COLUMNS FROM `33hao_setting` [ RunTime:0.0040s ]
SQL: SELECT * FROM `33hao_setting` WHERE `name` = 'hot_search' LIMIT 1   [ RunTime:0.0020s ]
SQL: SHOW COLUMNS FROM `33hao_vr_goods` [ RunTime:0.0040s ]
SQL: SELECT `goods_id`,`goods_name`,`goods_price`,`goods_promotion_price` FROM `33hao_vr_goods` WHERE `goods_id` IN ('17') ORDER BY FIELD(goods_id,17)  [ RunTime:0.0010s ]
INFO: [ app_end ] --START--
INFO: Run Behavior\ShowPageTraceBehavior [ RunTime:0.001000s ]
INFO: [ app_end ] --END-- [ RunTime:0.001000s ]

[ 2016-07-14T08:12:26+08:00 ] ::1 /mxsh/index.php/Home/Index/displayHistory/id/15.html
INFO: [ app_begin ] --START--
INFO: Run Behavior\ReadHtmlCacheBehavior [ RunTime:0.000000s ]
INFO: [ app_begin ] --END-- [ RunTime:0.001000s ]
SQL: SHOW COLUMNS FROM `33hao_goods_class` [ RunTime:0.0030s ]
SQL: SHOW COLUMNS FROM `33hao_setting` [ RunTime:0.0030s ]
SQL: SELECT * FROM `33hao_setting` WHERE `name` = 'hot_search' LIMIT 1   [ RunTime:0.0010s ]
SQL: SHOW COLUMNS FROM `33hao_vr_goods` [ RunTime:0.0050s ]
SQL: SELECT `goods_id`,`goods_name`,`goods_price`,`goods_promotion_price` FROM `33hao_vr_goods` WHERE `goods_id` IN ('15') ORDER BY FIELD(goods_id,15)  [ RunTime:0.0010s ]
INFO: [ app_end ] --START--
INFO: Run Behavior\ShowPageTraceBehavior [ RunTime:0.002000s ]
INFO: [ app_end ] --END-- [ RunTime:0.003000s ]

[ 2016-07-14T08:12:26+08:00 ] ::1 /mxsh/index.php/Home/Index/addrajax.html?page=1&id=15
INFO: [ app_begin ] --START--
INFO: Run Behavior\ReadHtmlCacheBehavior [ RunTime:0.001000s ]
INFO: [ app_begin ] --END-- [ RunTime:0.001000s ]
SQL: SHOW COLUMNS FROM `33hao_goods_class` [ RunTime:0.0030s ]
SQL: SHOW COLUMNS FROM `33hao_setting` [ RunTime:0.0020s ]
SQL: SELECT * FROM `33hao_setting` WHERE `name` = 'hot_search' LIMIT 1   [ RunTime:0.0000s ]
SQL: SHOW COLUMNS FROM `33hao_vr_goods_address` [ RunTime:0.0030s ]
SQL: SELECT * FROM `33hao_vr_goods_address` WHERE `goods_commonid` = '15' LIMIT 0,3   [ RunTime:0.0010s ]
INFO: [ app_end ] --START--
INFO: Run Behavior\ShowPageTraceBehavior [ RunTime:0.000000s ]
INFO: [ app_end ] --END-- [ RunTime:0.000000s ]

[ 2016-07-14T08:12:30+08:00 ] ::1 /mxsh/index.php/Home/Index/displayHistory.html
INFO: [ app_begin ] --START--
INFO: Run Behavior\ReadHtmlCacheBehavior [ RunTime:0.000000s ]
INFO: [ app_begin ] --END-- [ RunTime:0.002000s ]
SQL: SHOW COLUMNS FROM `33hao_goods_class` [ RunTime:0.0040s ]
SQL: SHOW COLUMNS FROM `33hao_setting` [ RunTime:0.0030s ]
SQL: SELECT * FROM `33hao_setting` WHERE `name` = 'hot_search' LIMIT 1   [ RunTime:0.0010s ]
SQL: SHOW COLUMNS FROM `33hao_vr_goods` [ RunTime:0.0020s ]
SQL: SELECT `goods_id`,`goods_name`,`goods_price`,`goods_promotion_price` FROM `33hao_vr_goods` WHERE `goods_id` IN ('15') ORDER BY FIELD(goods_id,15)  [ RunTime:0.0010s ]
INFO: [ app_end ] --START--
INFO: Run Behavior\ShowPageTraceBehavior [ RunTime:0.001000s ]
INFO: [ app_end ] --END-- [ RunTime:0.001000s ]

[ 2016-07-14T08:12:32+08:00 ] ::1 /mxsh/index.php/Home/Index/displayHistory.html
INFO: [ app_begin ] --START--
INFO: Run Behavior\ReadHtmlCacheBehavior [ RunTime:0.001000s ]
INFO: [ app_begin ] --END-- [ RunTime:0.003000s ]
SQL: SHOW COLUMNS FROM `33hao_goods_class` [ RunTime:0.0020s ]
SQL: SHOW COLUMNS FROM `33hao_setting` [ RunTime:0.0040s ]
SQL: SELECT * FROM `33hao_setting` WHERE `name` = 'hot_search' LIMIT 1   [ RunTime:0.0010s ]
SQL: SHOW COLUMNS FROM `33hao_vr_goods` [ RunTime:0.0030s ]
SQL: SELECT `goods_id`,`goods_name`,`goods_price`,`goods_promotion_price` FROM `33hao_vr_goods` WHERE `goods_id` IN ('15') ORDER BY FIELD(goods_id,15)  [ RunTime:0.0000s ]
INFO: [ app_end ] --START--
INFO: Run Behavior\ShowPageTraceBehavior [ RunTime:0.001000s ]
INFO: [ app_end ] --END-- [ RunTime:0.001000s ]

[ 2016-07-14T08:12:32+08:00 ] ::1 /mxsh/index.php/Home/Index/displayHistory/id/16.html
INFO: [ app_begin ] --START--
INFO: Run Behavior\ReadHtmlCacheBehavior [ RunTime:0.001000s ]
INFO: [ app_begin ] --END-- [ RunTime:0.001000s ]
SQL: SHOW COLUMNS FROM `33hao_goods_class` [ RunTime:0.0030s ]
SQL: SHOW COLUMNS FROM `33hao_setting` [ RunTime:0.0030s ]
SQL: SELECT * FROM `33hao_setting` WHERE `name` = 'hot_search' LIMIT 1   [ RunTime:0.0010s ]
SQL: SHOW COLUMNS FROM `33hao_vr_goods` [ RunTime:0.0030s ]
SQL: SELECT `goods_id`,`goods_name`,`goods_price`,`goods_promotion_price` FROM `33hao_vr_goods` WHERE `goods_id` IN ('16','15') ORDER BY FIELD(goods_id,16,15)  [ RunTime:0.0010s ]
INFO: [ app_end ] --START--
INFO: Run Behavior\ShowPageTraceBehavior [ RunTime:0.001000s ]
INFO: [ app_end ] --END-- [ RunTime:0.001000s ]

[ 2016-07-14T08:12:33+08:00 ] ::1 /mxsh/index.php/Home/Index/evaajax.html?page=1&id=16&de=default
INFO: [ app_begin ] --START--
INFO: Run Behavior\ReadHtmlCacheBehavior [ RunTime:0.001000s ]
INFO: [ app_begin ] --END-- [ RunTime:0.001000s ]
SQL: SHOW COLUMNS FROM `33hao_goods_class` [ RunTime:0.0030s ]
SQL: SHOW COLUMNS FROM `33hao_setting` [ RunTime:0.0040s ]
SQL: SELECT * FROM `33hao_setting` WHERE `name` = 'hot_search' LIMIT 1   [ RunTime:0.0000s ]
SQL: SHOW COLUMNS FROM `33hao_evaluate_goods` [ RunTime:0.0030s ]
SQL: SELECT * FROM `33hao_evaluate_goods` WHERE `geval_goodsid` = '16' ORDER BY geval_scores desc LIMIT 0,3   [ RunTime:0.0000s ]
INFO: [ app_end ] --START--
INFO: Run Behavior\ShowPageTraceBehavior [ RunTime:0.000000s ]
INFO: [ app_end ] --END-- [ RunTime:0.001000s ]

[ 2016-07-14T08:12:33+08:00 ] ::1 /mxsh/index.php/Home/Index/addrajax.html?page=1&id=16
INFO: [ app_begin ] --START--
INFO: Run Behavior\ReadHtmlCacheBehavior [ RunTime:0.001000s ]
INFO: [ app_begin ] --END-- [ RunTime:0.001000s ]
SQL: SHOW COLUMNS FROM `33hao_goods_class` [ RunTime:0.0030s ]
SQL: SHOW COLUMNS FROM `33hao_setting` [ RunTime:0.0060s ]
SQL: SELECT * FROM `33hao_setting` WHERE `name` = 'hot_search' LIMIT 1   [ RunTime:0.0000s ]
SQL: SHOW COLUMNS FROM `33hao_vr_goods_address` [ RunTime:0.0040s ]
SQL: SELECT * FROM `33hao_vr_goods_address` WHERE `goods_commonid` = '16' LIMIT 0,3   [ RunTime:0.0010s ]
INFO: [ app_end ] --START--
INFO: Run Behavior\ShowPageTraceBehavior [ RunTime:0.000000s ]
INFO: [ app_end ] --END-- [ RunTime:0.001000s ]

[ 2016-07-14T08:12:52+08:00 ] ::1 /mxsh/index.php/Home/Index/favorites.html?id=16
INFO: [ app_begin ] --START--
INFO: Run Behavior\ReadHtmlCacheBehavior [ RunTime:0.000000s ]
INFO: [ app_begin ] --END-- [ RunTime:0.000000s ]
SQL: SHOW COLUMNS FROM `33hao_goods_class` [ RunTime:0.0000s ]
SQL: SHOW COLUMNS FROM `33hao_setting` [ RunTime:0.0000s ]
SQL: SELECT * FROM `33hao_setting` WHERE `name` = 'hot_search' LIMIT 1   [ RunTime:0.0000s ]
SQL: SHOW COLUMNS FROM `33hao_favorites` [ RunTime:0.0100s ]
SQL: SELECT * FROM `33hao_favorites` WHERE `member_id` = 6 AND `fav_id` = 16 LIMIT 1   [ RunTime:0.0000s ]

[ 2016-07-14T08:29:34+08:00 ] ::1 /mxsh/index.php/Home/Index/displayHistory.html
INFO: [ app_begin ] --START--
INFO: Run Behavior\ReadHtmlCacheBehavior [ RunTime:0.001000s ]
INFO: [ app_begin ] --END-- [ RunTime:0.002000s ]
SQL: SHOW COLUMNS FROM `33hao_goods_class` [ RunTime:0.0050s ]
SQL: SHOW COLUMNS FROM `33hao_setting` [ RunTime:0.0040s ]
SQL: SELECT * FROM `33hao_setting` WHERE `name` = 'hot_search' LIMIT 1   [ RunTime:0.0020s ]
SQL: SHOW COLUMNS FROM `33hao_vr_goods` [ RunTime:0.0070s ]
SQL: SELECT `goods_id`,`goods_name`,`goods_price`,`goods_promotion_price` FROM `33hao_vr_goods` WHERE `goods_id` IN ('16','15') ORDER BY FIELD(goods_id,16,15)  [ RunTime:0.0010s ]
INFO: [ app_end ] --START--
INFO: Run Behavior\ShowPageTraceBehavior [ RunTime:0.001000s ]
INFO: [ app_end ] --END-- [ RunTime:0.001000s ]

[ 2016-07-14T09:16:01+08:00 ] ::1 /mxsh/index.php/Home/Index/displayHistory.html
INFO: [ app_begin ] --START--
INFO: Run Behavior\ReadHtmlCacheBehavior [ RunTime:0.001000s ]
INFO: [ app_begin ] --END-- [ RunTime:0.001000s ]
SQL: SHOW COLUMNS FROM `33hao_goods_class` [ RunTime:0.0020s ]
SQL: SHOW COLUMNS FROM `33hao_setting` [ RunTime:0.0020s ]
SQL: SELECT * FROM `33hao_setting` WHERE `name` = 'hot_search' LIMIT 1   [ RunTime:0.0010s ]
SQL: SHOW COLUMNS FROM `33hao_vr_goods` [ RunTime:0.0040s ]
SQL: SELECT `goods_id`,`goods_name`,`goods_price`,`goods_promotion_price` FROM `33hao_vr_goods` WHERE `goods_id` IN ('16','15') ORDER BY FIELD(goods_id,16,15)  [ RunTime:0.0000s ]
INFO: [ app_end ] --START--
INFO: Run Behavior\ShowPageTraceBehavior [ RunTime:0.001000s ]
INFO: [ app_end ] --END-- [ RunTime:0.001000s ]

[ 2016-07-14T09:16:29+08:00 ] ::1 /mxsh/index.php/Home/Index/displayHistory/id/18.html
INFO: [ app_begin ] --START--
INFO: Run Behavior\ReadHtmlCacheBehavior [ RunTime:0.002000s ]
INFO: [ app_begin ] --END-- [ RunTime:0.002000s ]
SQL: SHOW COLUMNS FROM `33hao_goods_class` [ RunTime:0.0080s ]
SQL: SHOW COLUMNS FROM `33hao_setting` [ RunTime:0.0060s ]
SQL: SELECT * FROM `33hao_setting` WHERE `name` = 'hot_search' LIMIT 1   [ RunTime:0.0000s ]
SQL: SHOW COLUMNS FROM `33hao_vr_goods` [ RunTime:0.0030s ]
SQL: SELECT `goods_id`,`goods_name`,`goods_price`,`goods_promotion_price` FROM `33hao_vr_goods` WHERE `goods_id` IN ('18','16','15') ORDER BY FIELD(goods_id,18,16,15)  [ RunTime:0.0000s ]
INFO: [ app_end ] --START--
INFO: Run Behavior\ShowPageTraceBehavior [ RunTime:0.001000s ]
INFO: [ app_end ] --END-- [ RunTime:0.001000s ]

[ 2016-07-14T09:16:29+08:00 ] ::1 /mxsh/index.php/Home/Index/addrajax.html?page=1&id=18
INFO: [ app_begin ] --START--
INFO: Run Behavior\ReadHtmlCacheBehavior [ RunTime:0.000000s ]
INFO: [ app_begin ] --END-- [ RunTime:0.001000s ]
SQL: SHOW COLUMNS FROM `33hao_goods_class` [ RunTime:0.0020s ]
SQL: SHOW COLUMNS FROM `33hao_setting` [ RunTime:0.0030s ]
SQL: SELECT * FROM `33hao_setting` WHERE `name` = 'hot_search' LIMIT 1   [ RunTime:0.0000s ]
SQL: SHOW COLUMNS FROM `33hao_vr_goods_address` [ RunTime:0.0020s ]
SQL: SELECT * FROM `33hao_vr_goods_address` WHERE `goods_commonid` = '18' LIMIT 0,3   [ RunTime:0.0000s ]
INFO: [ app_end ] --START--
INFO: Run Behavior\ShowPageTraceBehavior [ RunTime:0.000000s ]
INFO: [ app_end ] --END-- [ RunTime:0.001000s ]

[ 2016-07-14T09:21:39+08:00 ] ::1 /mxsh/index.php/Home/Index/displayHistory.html
INFO: [ app_begin ] --START--
INFO: Run Behavior\ReadHtmlCacheBehavior [ RunTime:0.001000s ]
INFO: [ app_begin ] --END-- [ RunTime:0.002000s ]
SQL: SHOW COLUMNS FROM `33hao_goods_class` [ RunTime:0.0020s ]
SQL: SHOW COLUMNS FROM `33hao_setting` [ RunTime:0.0040s ]
SQL: SELECT * FROM `33hao_setting` WHERE `name` = 'hot_search' LIMIT 1   [ RunTime:0.0000s ]
SQL: SHOW COLUMNS FROM `33hao_vr_goods` [ RunTime:0.0030s ]
SQL: SELECT `goods_id`,`goods_name`,`goods_price`,`goods_promotion_price` FROM `33hao_vr_goods` WHERE `goods_id` IN ('18','16','15') ORDER BY FIELD(goods_id,18,16,15)  [ RunTime:0.0000s ]
INFO: [ app_end ] --START--
INFO: Run Behavior\ShowPageTraceBehavior [ RunTime:0.001000s ]
INFO: [ app_end ] --END-- [ RunTime:0.001000s ]

[ 2016-07-14T09:23:04+08:00 ] ::1 /mxsh/index.php/Home/Index/displayHistory.html
INFO: [ app_begin ] --START--
INFO: Run Behavior\ReadHtmlCacheBehavior [ RunTime:0.001000s ]
INFO: [ app_begin ] --END-- [ RunTime:0.002000s ]
SQL: SHOW COLUMNS FROM `33hao_goods_class` [ RunTime:0.0050s ]
SQL: SHOW COLUMNS FROM `33hao_setting` [ RunTime:0.0020s ]
SQL: SELECT * FROM `33hao_setting` WHERE `name` = 'hot_search' LIMIT 1   [ RunTime:0.0010s ]
SQL: SHOW COLUMNS FROM `33hao_vr_goods` [ RunTime:0.0030s ]
SQL: SELECT `goods_id`,`goods_name`,`goods_price`,`goods_promotion_price` FROM `33hao_vr_goods` WHERE `goods_id` IN ('18','16','15') ORDER BY FIELD(goods_id,18,16,15)  [ RunTime:0.0000s ]
INFO: [ app_end ] --START--
INFO: Run Behavior\ShowPageTraceBehavior [ RunTime:0.001000s ]
INFO: [ app_end ] --END-- [ RunTime:0.002000s ]

[ 2016-07-14T09:23:09+08:00 ] ::1 /mxsh/index.php/Home/Index/displayHistory.html
INFO: [ app_begin ] --START--
INFO: Run Behavior\ReadHtmlCacheBehavior [ RunTime:0.001000s ]
INFO: [ app_begin ] --END-- [ RunTime:0.002000s ]
SQL: SHOW COLUMNS FROM `33hao_goods_class` [ RunTime:0.0030s ]
SQL: SHOW COLUMNS FROM `33hao_setting` [ RunTime:0.0020s ]
SQL: SELECT * FROM `33hao_setting` WHERE `name` = 'hot_search' LIMIT 1   [ RunTime:0.0010s ]
SQL: SHOW COLUMNS FROM `33hao_vr_goods` [ RunTime:0.0020s ]
SQL: SELECT `goods_id`,`goods_name`,`goods_price`,`goods_promotion_price` FROM `33hao_vr_goods` WHERE `goods_id` IN ('18','16','15') ORDER BY FIELD(goods_id,18,16,15)  [ RunTime:0.0000s ]
INFO: [ app_end ] --START--
INFO: Run Behavior\ShowPageTraceBehavior [ RunTime:0.000000s ]
INFO: [ app_end ] --END-- [ RunTime:0.000000s ]

[ 2016-07-14T09:23:10+08:00 ] ::1 /mxsh/index.php/Home/Index/displayHistory.html
INFO: [ app_begin ] --START--
INFO: Run Behavior\ReadHtmlCacheBehavior [ RunTime:0.001000s ]
INFO: [ app_begin ] --END-- [ RunTime:0.002000s ]
SQL: SHOW COLUMNS FROM `33hao_goods_class` [ RunTime:0.0040s ]
SQL: SHOW COLUMNS FROM `33hao_setting` [ RunTime:0.0020s ]
SQL: SELECT * FROM `33hao_setting` WHERE `name` = 'hot_search' LIMIT 1   [ RunTime:0.0010s ]
SQL: SHOW COLUMNS FROM `33hao_vr_goods` [ RunTime:0.0050s ]
SQL: SELECT `goods_id`,`goods_name`,`goods_price`,`goods_promotion_price` FROM `33hao_vr_goods` WHERE `goods_id` IN ('18','16','15') ORDER BY FIELD(goods_id,18,16,15)  [ RunTime:0.0000s ]
INFO: [ app_end ] --START--
INFO: Run Behavior\ShowPageTraceBehavior [ RunTime:0.000000s ]
INFO: [ app_end ] --END-- [ RunTime:0.000000s ]

[ 2016-07-14T09:23:15+08:00 ] ::1 /mxsh/index.php/Home/Index/displayHistory.html
INFO: [ app_begin ] --START--
INFO: Run Behavior\ReadHtmlCacheBehavior [ RunTime:0.000000s ]
INFO: [ app_begin ] --END-- [ RunTime:0.001000s ]
SQL: SHOW COLUMNS FROM `33hao_goods_class` [ RunTime:0.0020s ]
SQL: SHOW COLUMNS FROM `33hao_setting` [ RunTime:0.0020s ]
SQL: SELECT * FROM `33hao_setting` WHERE `name` = 'hot_search' LIMIT 1   [ RunTime:0.0010s ]
SQL: SHOW COLUMNS FROM `33hao_vr_goods` [ RunTime:0.0020s ]
SQL: SELECT `goods_id`,`goods_name`,`goods_price`,`goods_promotion_price` FROM `33hao_vr_goods` WHERE `goods_id` IN ('18','16','15') ORDER BY FIELD(goods_id,18,16,15)  [ RunTime:0.0010s ]
INFO: [ app_end ] --START--
INFO: Run Behavior\ShowPageTraceBehavior [ RunTime:0.001000s ]
INFO: [ app_end ] --END-- [ RunTime:0.001000s ]

[ 2016-07-14T09:23:18+08:00 ] ::1 /mxsh/index.php/Home/Index/displayHistory.html
INFO: [ app_begin ] --START--
INFO: Run Behavior\ReadHtmlCacheBehavior [ RunTime:0.001000s ]
INFO: [ app_begin ] --END-- [ RunTime:0.002000s ]
SQL: SHOW COLUMNS FROM `33hao_goods_class` [ RunTime:0.0060s ]
SQL: SHOW COLUMNS FROM `33hao_setting` [ RunTime:0.0020s ]
SQL: SELECT * FROM `33hao_setting` WHERE `name` = 'hot_search' LIMIT 1   [ RunTime:0.0020s ]
SQL: SHOW COLUMNS FROM `33hao_vr_goods` [ RunTime:0.0020s ]
SQL: SELECT `goods_id`,`goods_name`,`goods_price`,`goods_promotion_price` FROM `33hao_vr_goods` WHERE `goods_id` IN ('18','16','15') ORDER BY FIELD(goods_id,18,16,15)  [ RunTime:0.0010s ]
INFO: [ app_end ] --START--
INFO: Run Behavior\ShowPageTraceBehavior [ RunTime:0.000000s ]
INFO: [ app_end ] --END-- [ RunTime:0.000000s ]

[ 2016-07-14T09:23:22+08:00 ] ::1 /mxsh/index.php/Home/Index/displayHistory.html
INFO: [ app_begin ] --START--
INFO: Run Behavior\ReadHtmlCacheBehavior [ RunTime:0.000000s ]
INFO: [ app_begin ] --END-- [ RunTime:0.001000s ]
SQL: SHOW COLUMNS FROM `33hao_goods_class` [ RunTime:0.0050s ]
SQL: SHOW COLUMNS FROM `33hao_setting` [ RunTime:0.0020s ]
SQL: SELECT * FROM `33hao_setting` WHERE `name` = 'hot_search' LIMIT 1   [ RunTime:0.0000s ]
SQL: SHOW COLUMNS FROM `33hao_vr_goods` [ RunTime:0.0060s ]
SQL: SELECT `goods_id`,`goods_name`,`goods_price`,`goods_promotion_price` FROM `33hao_vr_goods` WHERE `goods_id` IN ('18','16','15') ORDER BY FIELD(goods_id,18,16,15)  [ RunTime:0.0010s ]
INFO: [ app_end ] --START--
INFO: Run Behavior\ShowPageTraceBehavior [ RunTime:0.000000s ]
INFO: [ app_end ] --END-- [ RunTime:0.001000s ]

[ 2016-07-14T09:23:26+08:00 ] ::1 /mxsh/index.php/Home/Index/displayHistory.html
INFO: [ app_begin ] --START--
INFO: Run Behavior\ReadHtmlCacheBehavior [ RunTime:0.001000s ]
INFO: [ app_begin ] --END-- [ RunTime:0.002000s ]
SQL: SHOW COLUMNS FROM `33hao_goods_class` [ RunTime:0.0040s ]
SQL: SHOW COLUMNS FROM `33hao_setting` [ RunTime:0.0020s ]
SQL: SELECT * FROM `33hao_setting` WHERE `name` = 'hot_search' LIMIT 1   [ RunTime:0.0000s ]
SQL: SHOW COLUMNS FROM `33hao_vr_goods` [ RunTime:0.0030s ]
SQL: SELECT `goods_id`,`goods_name`,`goods_price`,`goods_promotion_price` FROM `33hao_vr_goods` WHERE `goods_id` IN ('18','16','15') ORDER BY FIELD(goods_id,18,16,15)  [ RunTime:0.0000s ]
INFO: [ app_end ] --START--
INFO: Run Behavior\ShowPageTraceBehavior [ RunTime:0.001000s ]
INFO: [ app_end ] --END-- [ RunTime:0.001000s ]

[ 2016-07-14T09:23:28+08:00 ] ::1 /mxsh/index.php/Home/Index/displayHistory/id/16.html
INFO: [ app_begin ] --START--
INFO: Run Behavior\ReadHtmlCacheBehavior [ RunTime:0.000000s ]
INFO: [ app_begin ] --END-- [ RunTime:0.001000s ]
SQL: SHOW COLUMNS FROM `33hao_goods_class` [ RunTime:0.0030s ]
SQL: SHOW COLUMNS FROM `33hao_setting` [ RunTime:0.0050s ]
SQL: SELECT * FROM `33hao_setting` WHERE `name` = 'hot_search' LIMIT 1   [ RunTime:0.0010s ]
SQL: SHOW COLUMNS FROM `33hao_vr_goods` [ RunTime:0.0030s ]
SQL: SELECT `goods_id`,`goods_name`,`goods_price`,`goods_promotion_price` FROM `33hao_vr_goods` WHERE `goods_id` IN ('16','18','15') ORDER BY FIELD(goods_id,16,18,15)  [ RunTime:0.0010s ]
INFO: [ app_end ] --START--
INFO: Run Behavior\ShowPageTraceBehavior [ RunTime:0.001000s ]
INFO: [ app_end ] --END-- [ RunTime:0.001000s ]

[ 2016-07-14T09:23:28+08:00 ] ::1 /mxsh/index.php/Home/Index/evaajax.html?page=1&id=16&de=default
INFO: [ app_begin ] --START--
INFO: Run Behavior\ReadHtmlCacheBehavior [ RunTime:0.001000s ]
INFO: [ app_begin ] --END-- [ RunTime:0.001000s ]
SQL: SHOW COLUMNS FROM `33hao_goods_class` [ RunTime:0.0030s ]
SQL: SHOW COLUMNS FROM `33hao_setting` [ RunTime:0.0050s ]
SQL: SELECT * FROM `33hao_setting` WHERE `name` = 'hot_search' LIMIT 1   [ RunTime:0.0000s ]
SQL: SHOW COLUMNS FROM `33hao_evaluate_goods` [ RunTime:0.0030s ]
SQL: SELECT * FROM `33hao_evaluate_goods` WHERE `geval_goodsid` = '16' ORDER BY geval_scores desc LIMIT 0,3   [ RunTime:0.0000s ]
INFO: [ app_end ] --START--
INFO: Run Behavior\ShowPageTraceBehavior [ RunTime:0.000000s ]
INFO: [ app_end ] --END-- [ RunTime:0.000000s ]

[ 2016-07-14T09:23:28+08:00 ] ::1 /mxsh/index.php/Home/Index/addrajax.html?page=1&id=16
INFO: [ app_begin ] --START--
INFO: Run Behavior\ReadHtmlCacheBehavior [ RunTime:0.000000s ]
INFO: [ app_begin ] --END-- [ RunTime:0.001000s ]
SQL: SHOW COLUMNS FROM `33hao_goods_class` [ RunTime:0.0020s ]
SQL: SHOW COLUMNS FROM `33hao_setting` [ RunTime:0.0030s ]
SQL: SELECT * FROM `33hao_setting` WHERE `name` = 'hot_search' LIMIT 1   [ RunTime:0.0010s ]
SQL: SHOW COLUMNS FROM `33hao_vr_goods_address` [ RunTime:0.0020s ]
SQL: SELECT * FROM `33hao_vr_goods_address` WHERE `goods_commonid` = '16' LIMIT 0,3   [ RunTime:0.0010s ]
INFO: [ app_end ] --START--
INFO: Run Behavior\ShowPageTraceBehavior [ RunTime:0.000000s ]
INFO: [ app_end ] --END-- [ RunTime:0.000000s ]

[ 2016-07-14T09:24:24+08:00 ] ::1 /mxsh/index.php/Home/Index/displayHistory.html
INFO: [ app_begin ] --START--
INFO: Run Behavior\ReadHtmlCacheBehavior [ RunTime:0.001000s ]
INFO: [ app_begin ] --END-- [ RunTime:0.001000s ]
SQL: SHOW COLUMNS FROM `33hao_goods_class` [ RunTime:0.0030s ]
SQL: SHOW COLUMNS FROM `33hao_setting` [ RunTime:0.0030s ]
SQL: SELECT * FROM `33hao_setting` WHERE `name` = 'hot_search' LIMIT 1   [ RunTime:0.0010s ]
SQL: SHOW COLUMNS FROM `33hao_vr_goods` [ RunTime:0.0040s ]
SQL: SELECT `goods_id`,`goods_name`,`goods_price`,`goods_promotion_price` FROM `33hao_vr_goods` WHERE `goods_id` IN ('16','18','15') ORDER BY FIELD(goods_id,16,18,15)  [ RunTime:0.0010s ]
INFO: [ app_end ] --START--
INFO: Run Behavior\ShowPageTraceBehavior [ RunTime:0.001000s ]
INFO: [ app_end ] --END-- [ RunTime:0.002000s ]

[ 2016-07-14T09:24:34+08:00 ] ::1 /mxsh/index.php/Home/Index/displayHistory.html
INFO: [ app_begin ] --START--
INFO: Run Behavior\ReadHtmlCacheBehavior [ RunTime:0.001000s ]
INFO: [ app_begin ] --END-- [ RunTime:0.001000s ]
SQL: SHOW COLUMNS FROM `33hao_goods_class` [ RunTime:0.0040s ]
SQL: SHOW COLUMNS FROM `33hao_setting` [ RunTime:0.0030s ]
SQL: SELECT * FROM `33hao_setting` WHERE `name` = 'hot_search' LIMIT 1   [ RunTime:0.0010s ]
SQL: SHOW COLUMNS FROM `33hao_vr_goods` [ RunTime:0.0040s ]
SQL: SELECT `goods_id`,`goods_name`,`goods_price`,`goods_promotion_price` FROM `33hao_vr_goods` WHERE `goods_id` IN ('16','18','15') ORDER BY FIELD(goods_id,16,18,15)  [ RunTime:0.0030s ]
INFO: [ app_end ] --START--
INFO: Run Behavior\ShowPageTraceBehavior [ RunTime:0.001000s ]
INFO: [ app_end ] --END-- [ RunTime:0.001000s ]

[ 2016-07-14T09:24:37+08:00 ] ::1 /mxsh/index.php/Home/Index/displayHistory.html
INFO: [ app_begin ] --START--
INFO: Run Behavior\ReadHtmlCacheBehavior [ RunTime:0.001000s ]
INFO: [ app_begin ] --END-- [ RunTime:0.001000s ]
SQL: SHOW COLUMNS FROM `33hao_goods_class` [ RunTime:0.0070s ]
SQL: SHOW COLUMNS FROM `33hao_setting` [ RunTime:0.0050s ]
SQL: SELECT * FROM `33hao_setting` WHERE `name` = 'hot_search' LIMIT 1   [ RunTime:0.0000s ]
SQL: SHOW COLUMNS FROM `33hao_vr_goods` [ RunTime:0.0070s ]
SQL: SELECT `goods_id`,`goods_name`,`goods_price`,`goods_promotion_price` FROM `33hao_vr_goods` WHERE `goods_id` IN ('16','18','15') ORDER BY FIELD(goods_id,16,18,15)  [ RunTime:0.0000s ]
INFO: [ app_end ] --START--
INFO: Run Behavior\ShowPageTraceBehavior [ RunTime:0.000000s ]
INFO: [ app_end ] --END-- [ RunTime:0.000000s ]

[ 2016-07-14T09:24:38+08:00 ] ::1 /mxsh/index.php/Home/Index/displayHistory.html
INFO: [ app_begin ] --START--
INFO: Run Behavior\ReadHtmlCacheBehavior [ RunTime:0.001000s ]
INFO: [ app_begin ] --END-- [ RunTime:0.001000s ]
SQL: SHOW COLUMNS FROM `33hao_goods_class` [ RunTime:0.0050s ]
SQL: SHOW COLUMNS FROM `33hao_setting` [ RunTime:0.0030s ]
SQL: SELECT * FROM `33hao_setting` WHERE `name` = 'hot_search' LIMIT 1   [ RunTime:0.0010s ]
SQL: SHOW COLUMNS FROM `33hao_vr_goods` [ RunTime:0.0020s ]
SQL: SELECT `goods_id`,`goods_name`,`goods_price`,`goods_promotion_price` FROM `33hao_vr_goods` WHERE `goods_id` IN ('16','18','15') ORDER BY FIELD(goods_id,16,18,15)  [ RunTime:0.0010s ]
INFO: [ app_end ] --START--
INFO: Run Behavior\ShowPageTraceBehavior [ RunTime:0.001000s ]
INFO: [ app_end ] --END-- [ RunTime:0.001000s ]

[ 2016-07-14T09:24:40+08:00 ] ::1 /mxsh/index.php/Home/Index/displayHistory.html
INFO: [ app_begin ] --START--
INFO: Run Behavior\ReadHtmlCacheBehavior [ RunTime:0.002000s ]
INFO: [ app_begin ] --END-- [ RunTime:0.004000s ]
SQL: SHOW COLUMNS FROM `33hao_goods_class` [ RunTime:0.0020s ]
SQL: SHOW COLUMNS FROM `33hao_setting` [ RunTime:0.0030s ]
SQL: SELECT * FROM `33hao_setting` WHERE `name` = 'hot_search' LIMIT 1   [ RunTime:0.0010s ]
SQL: SHOW COLUMNS FROM `33hao_vr_goods` [ RunTime:0.0020s ]
SQL: SELECT `goods_id`,`goods_name`,`goods_price`,`goods_promotion_price` FROM `33hao_vr_goods` WHERE `goods_id` IN ('16','18','15') ORDER BY FIELD(goods_id,16,18,15)  [ RunTime:0.0000s ]
INFO: [ app_end ] --START--
INFO: Run Behavior\ShowPageTraceBehavior [ RunTime:0.001000s ]
INFO: [ app_end ] --END-- [ RunTime:0.001000s ]

[ 2016-07-14T09:24:41+08:00 ] ::1 /mxsh/index.php/Home/Index/displayHistory.html
INFO: [ app_begin ] --START--
INFO: Run Behavior\ReadHtmlCacheBehavior [ RunTime:0.001000s ]
INFO: [ app_begin ] --END-- [ RunTime:0.003000s ]
SQL: SHOW COLUMNS FROM `33hao_goods_class` [ RunTime:0.0030s ]
SQL: SHOW COLUMNS FROM `33hao_setting` [ RunTime:0.0030s ]
SQL: SELECT * FROM `33hao_setting` WHERE `name` = 'hot_search' LIMIT 1   [ RunTime:0.0010s ]
SQL: SHOW COLUMNS FROM `33hao_vr_goods` [ RunTime:0.0060s ]
SQL: SELECT `goods_id`,`goods_name`,`goods_price`,`goods_promotion_price` FROM `33hao_vr_goods` WHERE `goods_id` IN ('16','18','15') ORDER BY FIELD(goods_id,16,18,15)  [ RunTime:0.0010s ]
INFO: [ app_end ] --START--
INFO: Run Behavior\ShowPageTraceBehavior [ RunTime:0.003000s ]
INFO: [ app_end ] --END-- [ RunTime:0.004000s ]

[ 2016-07-14T09:24:43+08:00 ] ::1 /mxsh/index.php/Home/Index/displayHistory.html
INFO: [ app_begin ] --START--
INFO: Run Behavior\ReadHtmlCacheBehavior [ RunTime:0.000000s ]
INFO: [ app_begin ] --END-- [ RunTime:0.000000s ]
SQL: SHOW COLUMNS FROM `33hao_goods_class` [ RunTime:0.0090s ]
SQL: SHOW COLUMNS FROM `33hao_setting` [ RunTime:0.0020s ]
SQL: SELECT * FROM `33hao_setting` WHERE `name` = 'hot_search' LIMIT 1   [ RunTime:0.0010s ]
SQL: SHOW COLUMNS FROM `33hao_vr_goods` [ RunTime:0.0090s ]
SQL: SELECT `goods_id`,`goods_name`,`goods_price`,`goods_promotion_price` FROM `33hao_vr_goods` WHERE `goods_id` IN ('16','18','15') ORDER BY FIELD(goods_id,16,18,15)  [ RunTime:0.0000s ]
INFO: [ app_end ] --START--
INFO: Run Behavior\ShowPageTraceBehavior [ RunTime:0.001000s ]
INFO: [ app_end ] --END-- [ RunTime:0.001000s ]

[ 2016-07-14T09:24:44+08:00 ] ::1 /mxsh/index.php/Home/Index/displayHistory.html
INFO: [ app_begin ] --START--
INFO: Run Behavior\ReadHtmlCacheBehavior [ RunTime:0.002000s ]
INFO: [ app_begin ] --END-- [ RunTime:0.005000s ]
SQL: SHOW COLUMNS FROM `33hao_goods_class` [ RunTime:0.0020s ]
SQL: SHOW COLUMNS FROM `33hao_setting` [ RunTime:0.0020s ]
SQL: SELECT * FROM `33hao_setting` WHERE `name` = 'hot_search' LIMIT 1   [ RunTime:0.0020s ]
SQL: SHOW COLUMNS FROM `33hao_vr_goods` [ RunTime:0.0030s ]
SQL: SELECT `goods_id`,`goods_name`,`goods_price`,`goods_promotion_price` FROM `33hao_vr_goods` WHERE `goods_id` IN ('16','18','15') ORDER BY FIELD(goods_id,16,18,15)  [ RunTime:0.0000s ]
INFO: [ app_end ] --START--
INFO: Run Behavior\ShowPageTraceBehavior [ RunTime:0.001000s ]
INFO: [ app_end ] --END-- [ RunTime:0.001000s ]

[ 2016-07-14T09:24:46+08:00 ] ::1 /mxsh/index.php/Home/Index/displayHistory.html
INFO: [ app_begin ] --START--
INFO: Run Behavior\ReadHtmlCacheBehavior [ RunTime:0.001000s ]
INFO: [ app_begin ] --END-- [ RunTime:0.002000s ]
SQL: SHOW COLUMNS FROM `33hao_goods_class` [ RunTime:0.0050s ]
SQL: SHOW COLUMNS FROM `33hao_setting` [ RunTime:0.0020s ]
SQL: SELECT * FROM `33hao_setting` WHERE `name` = 'hot_search' LIMIT 1   [ RunTime:0.0000s ]
SQL: SHOW COLUMNS FROM `33hao_vr_goods` [ RunTime:0.0030s ]
SQL: SELECT `goods_id`,`goods_name`,`goods_price`,`goods_promotion_price` FROM `33hao_vr_goods` WHERE `goods_id` IN ('16','18','15') ORDER BY FIELD(goods_id,16,18,15)  [ RunTime:0.0000s ]
INFO: [ app_end ] --START--
INFO: Run Behavior\ShowPageTraceBehavior [ RunTime:0.000000s ]
INFO: [ app_end ] --END-- [ RunTime:0.001000s ]

[ 2016-07-14T09:24:47+08:00 ] ::1 /mxsh/index.php/Home/Index/displayHistory.html
INFO: [ app_begin ] --START--
INFO: Run Behavior\ReadHtmlCacheBehavior [ RunTime:0.001000s ]
INFO: [ app_begin ] --END-- [ RunTime:0.002000s ]
SQL: SHOW COLUMNS FROM `33hao_goods_class` [ RunTime:0.0020s ]
SQL: SHOW COLUMNS FROM `33hao_setting` [ RunTime:0.0020s ]
SQL: SELECT * FROM `33hao_setting` WHERE `name` = 'hot_search' LIMIT 1   [ RunTime:0.0010s ]
SQL: SHOW COLUMNS FROM `33hao_vr_goods` [ RunTime:0.0020s ]
SQL: SELECT `goods_id`,`goods_name`,`goods_price`,`goods_promotion_price` FROM `33hao_vr_goods` WHERE `goods_id` IN ('16','18','15') ORDER BY FIELD(goods_id,16,18,15)  [ RunTime:0.0010s ]
INFO: [ app_end ] --START--
INFO: Run Behavior\ShowPageTraceBehavior [ RunTime:0.001000s ]
INFO: [ app_end ] --END-- [ RunTime:0.002000s ]

[ 2016-07-14T09:24:48+08:00 ] ::1 /mxsh/index.php/Home/Index/displayHistory.html
INFO: [ app_begin ] --START--
INFO: Run Behavior\ReadHtmlCacheBehavior [ RunTime:0.000000s ]
INFO: [ app_begin ] --END-- [ RunTime:0.002000s ]
SQL: SHOW COLUMNS FROM `33hao_goods_class` [ RunTime:0.0030s ]
SQL: SHOW COLUMNS FROM `33hao_setting` [ RunTime:0.0050s ]
SQL: SELECT * FROM `33hao_setting` WHERE `name` = 'hot_search' LIMIT 1   [ RunTime:0.0010s ]
SQL: SHOW COLUMNS FROM `33hao_vr_goods` [ RunTime:0.0030s ]
SQL: SELECT `goods_id`,`goods_name`,`goods_price`,`goods_promotion_price` FROM `33hao_vr_goods` WHERE `goods_id` IN ('16','18','15') ORDER BY FIELD(goods_id,16,18,15)  [ RunTime:0.0000s ]
INFO: [ app_end ] --START--
INFO: Run Behavior\ShowPageTraceBehavior [ RunTime:0.001000s ]
INFO: [ app_end ] --END-- [ RunTime:0.001000s ]

[ 2016-07-14T09:24:51+08:00 ] ::1 /mxsh/index.php/Home/Index/displayHistory.html
INFO: [ app_begin ] --START--
INFO: Run Behavior\ReadHtmlCacheBehavior [ RunTime:0.003000s ]
INFO: [ app_begin ] --END-- [ RunTime:0.004000s ]
SQL: SHOW COLUMNS FROM `33hao_goods_class` [ RunTime:0.0020s ]
SQL: SHOW COLUMNS FROM `33hao_setting` [ RunTime:0.0070s ]
SQL: SELECT * FROM `33hao_setting` WHERE `name` = 'hot_search' LIMIT 1   [ RunTime:0.0000s ]
SQL: SHOW COLUMNS FROM `33hao_vr_goods` [ RunTime:0.0030s ]
SQL: SELECT `goods_id`,`goods_name`,`goods_price`,`goods_promotion_price` FROM `33hao_vr_goods` WHERE `goods_id` IN ('16','18','15') ORDER BY FIELD(goods_id,16,18,15)  [ RunTime:0.0000s ]
INFO: [ app_end ] --START--
INFO: Run Behavior\ShowPageTraceBehavior [ RunTime:0.001000s ]
INFO: [ app_end ] --END-- [ RunTime:0.001000s ]

[ 2016-07-14T09:24:52+08:00 ] ::1 /mxsh/index.php/Home/Index/displayHistory.html
INFO: [ app_begin ] --START--
INFO: Run Behavior\ReadHtmlCacheBehavior [ RunTime:0.001000s ]
INFO: [ app_begin ] --END-- [ RunTime:0.002000s ]
SQL: SHOW COLUMNS FROM `33hao_goods_class` [ RunTime:0.0070s ]
SQL: SHOW COLUMNS FROM `33hao_setting` [ RunTime:0.0020s ]
SQL: SELECT * FROM `33hao_setting` WHERE `name` = 'hot_search' LIMIT 1   [ RunTime:0.0000s ]
SQL: SHOW COLUMNS FROM `33hao_vr_goods` [ RunTime:0.0050s ]
SQL: SELECT `goods_id`,`goods_name`,`goods_price`,`goods_promotion_price` FROM `33hao_vr_goods` WHERE `goods_id` IN ('16','18','15') ORDER BY FIELD(goods_id,16,18,15)  [ RunTime:0.0000s ]
INFO: [ app_end ] --START--
INFO: Run Behavior\ShowPageTraceBehavior [ RunTime:0.001000s ]
INFO: [ app_end ] --END-- [ RunTime:0.001000s ]

[ 2016-07-14T09:24:53+08:00 ] ::1 /mxsh/index.php/Home/Index/displayHistory.html
INFO: [ app_begin ] --START--
INFO: Run Behavior\ReadHtmlCacheBehavior [ RunTime:0.001000s ]
INFO: [ app_begin ] --END-- [ RunTime:0.001000s ]
SQL: SHOW COLUMNS FROM `33hao_goods_class` [ RunTime:0.0050s ]
SQL: SHOW COLUMNS FROM `33hao_setting` [ RunTime:0.0020s ]
SQL: SELECT * FROM `33hao_setting` WHERE `name` = 'hot_search' LIMIT 1   [ RunTime:0.0000s ]
SQL: SHOW COLUMNS FROM `33hao_vr_goods` [ RunTime:0.0040s ]
SQL: SELECT `goods_id`,`goods_name`,`goods_price`,`goods_promotion_price` FROM `33hao_vr_goods` WHERE `goods_id` IN ('16','18','15') ORDER BY FIELD(goods_id,16,18,15)  [ RunTime:0.0030s ]
INFO: [ app_end ] --START--
INFO: Run Behavior\ShowPageTraceBehavior [ RunTime:0.000000s ]
INFO: [ app_end ] --END-- [ RunTime:0.000000s ]

[ 2016-07-14T09:24:55+08:00 ] ::1 /mxsh/index.php/Home/Index/displayHistory.html
INFO: [ app_begin ] --START--
INFO: Run Behavior\ReadHtmlCacheBehavior [ RunTime:0.001000s ]
INFO: [ app_begin ] --END-- [ RunTime:0.001000s ]
SQL: SHOW COLUMNS FROM `33hao_goods_class` [ RunTime:0.0030s ]
SQL: SHOW COLUMNS FROM `33hao_setting` [ RunTime:0.0030s ]
SQL: SELECT * FROM `33hao_setting` WHERE `name` = 'hot_search' LIMIT 1   [ RunTime:0.0030s ]
SQL: SHOW COLUMNS FROM `33hao_vr_goods` [ RunTime:0.0060s ]
SQL: SELECT `goods_id`,`goods_name`,`goods_price`,`goods_promotion_price` FROM `33hao_vr_goods` WHERE `goods_id` IN ('16','18','15') ORDER BY FIELD(goods_id,16,18,15)  [ RunTime:0.0030s ]
INFO: [ app_end ] --START--
INFO: Run Behavior\ShowPageTraceBehavior [ RunTime:0.001000s ]
INFO: [ app_end ] --END-- [ RunTime:0.002000s ]

[ 2016-07-14T09:24:56+08:00 ] ::1 /mxsh/index.php/Home/Index/displayHistory.html
INFO: [ app_begin ] --START--
INFO: Run Behavior\ReadHtmlCacheBehavior [ RunTime:0.000000s ]
INFO: [ app_begin ] --END-- [ RunTime:0.001000s ]
SQL: SHOW COLUMNS FROM `33hao_goods_class` [ RunTime:0.0080s ]
SQL: SHOW COLUMNS FROM `33hao_setting` [ RunTime:0.0060s ]
SQL: SELECT * FROM `33hao_setting` WHERE `name` = 'hot_search' LIMIT 1   [ RunTime:0.0000s ]
SQL: SHOW COLUMNS FROM `33hao_vr_goods` [ RunTime:0.0070s ]
SQL: SELECT `goods_id`,`goods_name`,`goods_price`,`goods_promotion_price` FROM `33hao_vr_goods` WHERE `goods_id` IN ('16','18','15') ORDER BY FIELD(goods_id,16,18,15)  [ RunTime:0.0000s ]
INFO: [ app_end ] --START--
INFO: Run Behavior\ShowPageTraceBehavior [ RunTime:0.001000s ]
INFO: [ app_end ] --END-- [ RunTime:0.001000s ]

[ 2016-07-14T09:25:00+08:00 ] ::1 /mxsh/index.php/Home/Index/displayHistory.html
INFO: [ app_begin ] --START--
INFO: Run Behavior\ReadHtmlCacheBehavior [ RunTime:0.001000s ]
INFO: [ app_begin ] --END-- [ RunTime:0.002000s ]
SQL: SHOW COLUMNS FROM `33hao_goods_class` [ RunTime:0.0070s ]
SQL: SHOW COLUMNS FROM `33hao_setting` [ RunTime:0.0030s ]
SQL: SELECT * FROM `33hao_setting` WHERE `name` = 'hot_search' LIMIT 1   [ RunTime:0.0010s ]
SQL: SHOW COLUMNS FROM `33hao_vr_goods` [ RunTime:0.0030s ]
SQL: SELECT `goods_id`,`goods_name`,`goods_price`,`goods_promotion_price` FROM `33hao_vr_goods` WHERE `goods_id` IN ('16','18','15') ORDER BY FIELD(goods_id,16,18,15)  [ RunTime:0.0000s ]
INFO: [ app_end ] --START--
INFO: Run Behavior\ShowPageTraceBehavior [ RunTime:0.001000s ]
INFO: [ app_end ] --END-- [ RunTime:0.001000s ]

[ 2016-07-14T09:25:02+08:00 ] ::1 /mxsh/index.php/Home/Index/displayHistory.html
INFO: [ app_begin ] --START--
INFO: Run Behavior\ReadHtmlCacheBehavior [ RunTime:0.001000s ]
INFO: [ app_begin ] --END-- [ RunTime:0.004000s ]
SQL: SHOW COLUMNS FROM `33hao_goods_class` [ RunTime:0.0070s ]
SQL: SHOW COLUMNS FROM `33hao_setting` [ RunTime:0.0020s ]
SQL: SELECT * FROM `33hao_setting` WHERE `name` = 'hot_search' LIMIT 1   [ RunTime:0.0000s ]
SQL: SHOW COLUMNS FROM `33hao_vr_goods` [ RunTime:0.0060s ]
SQL: SELECT `goods_id`,`goods_name`,`goods_price`,`goods_promotion_price` FROM `33hao_vr_goods` WHERE `goods_id` IN ('16','18','15') ORDER BY FIELD(goods_id,16,18,15)  [ RunTime:0.0000s ]
INFO: [ app_end ] --START--
INFO: Run Behavior\ShowPageTraceBehavior [ RunTime:0.000000s ]
INFO: [ app_end ] --END-- [ RunTime:0.000000s ]

[ 2016-07-14T09:25:05+08:00 ] ::1 /mxsh/index.php/Home/Index/displayHistory/id/5.html
INFO: [ app_begin ] --START--
INFO: Run Behavior\ReadHtmlCacheBehavior [ RunTime:0.000000s ]
INFO: [ app_begin ] --END-- [ RunTime:0.001000s ]
SQL: SHOW COLUMNS FROM `33hao_goods_class` [ RunTime:0.0030s ]
SQL: SHOW COLUMNS FROM `33hao_setting` [ RunTime:0.0040s ]
SQL: SELECT * FROM `33hao_setting` WHERE `name` = 'hot_search' LIMIT 1   [ RunTime:0.0010s ]
SQL: SHOW COLUMNS FROM `33hao_vr_goods` [ RunTime:0.0030s ]
SQL: SELECT `goods_id`,`goods_name`,`goods_price`,`goods_promotion_price` FROM `33hao_vr_goods` WHERE `goods_id` IN ('5','16','18','15') ORDER BY FIELD(goods_id,5,16,18,15)  [ RunTime:0.0010s ]
INFO: [ app_end ] --START--
INFO: Run Behavior\ShowPageTraceBehavior [ RunTime:0.000000s ]
INFO: [ app_end ] --END-- [ RunTime:0.000000s ]

[ 2016-07-14T09:25:05+08:00 ] ::1 /mxsh/index.php/Home/Index/addrajax.html?page=1&id=5
INFO: [ app_begin ] --START--
INFO: Run Behavior\ReadHtmlCacheBehavior [ RunTime:0.001000s ]
INFO: [ app_begin ] --END-- [ RunTime:0.002000s ]
SQL: SHOW COLUMNS FROM `33hao_goods_class` [ RunTime:0.0040s ]
SQL: SHOW COLUMNS FROM `33hao_setting` [ RunTime:0.0030s ]
SQL: SELECT * FROM `33hao_setting` WHERE `name` = 'hot_search' LIMIT 1   [ RunTime:0.0000s ]
SQL: SHOW COLUMNS FROM `33hao_vr_goods_address` [ RunTime:0.0030s ]
SQL: SELECT * FROM `33hao_vr_goods_address` WHERE `goods_commonid` = '5' LIMIT 0,3   [ RunTime:0.0010s ]
INFO: [ app_end ] --START--
INFO: Run Behavior\ShowPageTraceBehavior [ RunTime:0.001000s ]
INFO: [ app_end ] --END-- [ RunTime:0.001000s ]

[ 2016-07-14T09:26:56+08:00 ] ::1 /mxsh/index.php/Home/Index/favorites.html?id=5
INFO: [ app_begin ] --START--
INFO: Run Behavior\ReadHtmlCacheBehavior [ RunTime:0.001000s ]
INFO: [ app_begin ] --END-- [ RunTime:0.001000s ]
SQL: SHOW COLUMNS FROM `33hao_goods_class` [ RunTime:0.0050s ]
SQL: SHOW COLUMNS FROM `33hao_setting` [ RunTime:0.0040s ]
SQL: SELECT * FROM `33hao_setting` WHERE `name` = 'hot_search' LIMIT 1   [ RunTime:0.0000s ]
SQL: SHOW COLUMNS FROM `33hao_favorites` [ RunTime:0.0040s ]
SQL: SELECT * FROM `33hao_favorites` WHERE `member_id` = 6 AND `fav_id` = 5 LIMIT 1   [ RunTime:0.0010s ]
SQL: SHOW COLUMNS FROM `33hao_vr_goods` [ RunTime:0.0050s ]
SQL: SELECT * FROM `33hao_vr_goods` WHERE `goods_id` = 5 LIMIT 1   [ RunTime:0.0000s ]
NOTIC: [8] Undefined index: log_price C:\wamp\www\mxsh\Application\Home\Controller\IndexController.class.php 第 100 行.
SQL: INSERT INTO `33hao_favorites` (`fav_id`,`fav_time`,`goods_name`,`gc_id`,`member_id`) VALUES ('5','1468459616','金士顿内存卡','269','6') [ RunTime:0.0060s ]
SQL: UPDATE `33hao_vr_goods` SET `goods_collect`=goods_collect+1 WHERE `goods_id` = 5 [ RunTime:0.0050s ]
SQL: SELECT * FROM `33hao_vr_goods` WHERE `goods_id` = 5 LIMIT 1   [ RunTime:0.0010s ]
INFO: [ app_end ] --START--
INFO: Run Behavior\ShowPageTraceBehavior [ RunTime:0.001000s ]
INFO: [ app_end ] --END-- [ RunTime:0.001000s ]

[ 2016-07-14T09:29:19+08:00 ] ::1 /mxsh/index.php/Home/Index/displayHistory/id/16.html
INFO: [ app_begin ] --START--
INFO: Run Behavior\ReadHtmlCacheBehavior [ RunTime:0.001000s ]
INFO: [ app_begin ] --END-- [ RunTime:0.001000s ]
SQL: SHOW COLUMNS FROM `33hao_goods_class` [ RunTime:0.0030s ]
SQL: SHOW COLUMNS FROM `33hao_setting` [ RunTime:0.0040s ]
SQL: SELECT * FROM `33hao_setting` WHERE `name` = 'hot_search' LIMIT 1   [ RunTime:0.0000s ]
SQL: SHOW COLUMNS FROM `33hao_vr_goods` [ RunTime:0.0040s ]
SQL: SELECT `goods_id`,`goods_name`,`goods_price`,`goods_promotion_price` FROM `33hao_vr_goods` WHERE `goods_id` IN ('16','5','18','15') ORDER BY FIELD(goods_id,16,5,18,15)  [ RunTime:0.0000s ]
INFO: [ app_end ] --START--
INFO: Run Behavior\ShowPageTraceBehavior [ RunTime:0.000000s ]
INFO: [ app_end ] --END-- [ RunTime:0.000000s ]

[ 2016-07-14T09:29:19+08:00 ] ::1 /mxsh/index.php/Home/Index/evaajax.html?page=1&id=16&de=default
INFO: [ app_begin ] --START--
INFO: Run Behavior\ReadHtmlCacheBehavior [ RunTime:0.001000s ]
INFO: [ app_begin ] --END-- [ RunTime:0.002000s ]
SQL: SHOW COLUMNS FROM `33hao_goods_class` [ RunTime:0.0030s ]
SQL: SHOW COLUMNS FROM `33hao_setting` [ RunTime:0.0020s ]
SQL: SELECT * FROM `33hao_setting` WHERE `name` = 'hot_search' LIMIT 1   [ RunTime:0.0010s ]
SQL: SHOW COLUMNS FROM `33hao_evaluate_goods` [ RunTime:0.0040s ]
SQL: SELECT * FROM `33hao_evaluate_goods` WHERE `geval_goodsid` = '16' ORDER BY geval_scores desc LIMIT 0,3   [ RunTime:0.0000s ]
INFO: [ app_end ] --START--
INFO: Run Behavior\ShowPageTraceBehavior [ RunTime:0.000000s ]
INFO: [ app_end ] --END-- [ RunTime:0.000000s ]

[ 2016-07-14T09:29:19+08:00 ] ::1 /mxsh/index.php/Home/Index/addrajax.html?page=1&id=16
INFO: [ app_begin ] --START--
INFO: Run Behavior\ReadHtmlCacheBehavior [ RunTime:0.001000s ]
INFO: [ app_begin ] --END-- [ RunTime:0.001000s ]
SQL: SHOW COLUMNS FROM `33hao_goods_class` [ RunTime:0.0020s ]
SQL: SHOW COLUMNS FROM `33hao_setting` [ RunTime:0.0030s ]
SQL: SELECT * FROM `33hao_setting` WHERE `name` = 'hot_search' LIMIT 1   [ RunTime:0.0010s ]
SQL: SHOW COLUMNS FROM `33hao_vr_goods_address` [ RunTime:0.0020s ]
SQL: SELECT * FROM `33hao_vr_goods_address` WHERE `goods_commonid` = '16' LIMIT 0,3   [ RunTime:0.0000s ]
INFO: [ app_end ] --START--
INFO: Run Behavior\ShowPageTraceBehavior [ RunTime:0.001000s ]
INFO: [ app_end ] --END-- [ RunTime:0.001000s ]

[ 2016-07-14T09:46:26+08:00 ] ::1 /mxsh/index.php/Home/Index/evaajax.html?page=1&id=16&de=default
INFO: [ app_begin ] --START--
INFO: Run Behavior\ReadHtmlCacheBehavior [ RunTime:0.001000s ]
INFO: [ app_begin ] --END-- [ RunTime:0.001000s ]
SQL: SHOW COLUMNS FROM `33hao_goods_class` [ RunTime:0.0030s ]
SQL: SHOW COLUMNS FROM `33hao_setting` [ RunTime:0.0030s ]
SQL: SELECT * FROM `33hao_setting` WHERE `name` = 'hot_search' LIMIT 1   [ RunTime:0.0020s ]
SQL: SHOW COLUMNS FROM `33hao_evaluate_goods` [ RunTime:0.0080s ]
SQL: SELECT * FROM `33hao_evaluate_goods` WHERE `geval_goodsid` = '16' ORDER BY geval_scores desc LIMIT 0,3   [ RunTime:0.0000s ]
INFO: [ app_end ] --START--
INFO: Run Behavior\ShowPageTraceBehavior [ RunTime:0.000000s ]
INFO: [ app_end ] --END-- [ RunTime:0.000000s ]

[ 2016-07-14T09:46:26+08:00 ] ::1 /mxsh/index.php/Home/Index/displayHistory/id/16.html
INFO: [ app_begin ] --START--
INFO: Run Behavior\ReadHtmlCacheBehavior [ RunTime:0.001000s ]
INFO: [ app_begin ] --END-- [ RunTime:0.001000s ]
SQL: SHOW COLUMNS FROM `33hao_goods_class` [ RunTime:0.0030s ]
SQL: SHOW COLUMNS FROM `33hao_setting` [ RunTime:0.0030s ]
SQL: SELECT * FROM `33hao_setting` WHERE `name` = 'hot_search' LIMIT 1   [ RunTime:0.0000s ]
SQL: SHOW COLUMNS FROM `33hao_vr_goods` [ RunTime:0.0040s ]
SQL: SELECT `goods_id`,`goods_name`,`goods_price`,`goods_promotion_price` FROM `33hao_vr_goods` WHERE `goods_id` IN ('16','5','18','15') ORDER BY FIELD(goods_id,16,5,18,15)  [ RunTime:0.0000s ]
INFO: [ app_end ] --START--
INFO: Run Behavior\ShowPageTraceBehavior [ RunTime:0.000000s ]
INFO: [ app_end ] --END-- [ RunTime:0.001000s ]

[ 2016-07-14T09:46:27+08:00 ] ::1 /mxsh/index.php/Home/Index/addrajax.html?page=1&id=16
INFO: [ app_begin ] --START--
INFO: Run Behavior\ReadHtmlCacheBehavior [ RunTime:0.000000s ]
INFO: [ app_begin ] --END-- [ RunTime:0.001000s ]
SQL: SHOW COLUMNS FROM `33hao_goods_class` [ RunTime:0.0020s ]
SQL: SHOW COLUMNS FROM `33hao_setting` [ RunTime:0.0030s ]
SQL: SELECT * FROM `33hao_setting` WHERE `name` = 'hot_search' LIMIT 1   [ RunTime:0.0010s ]
SQL: SHOW COLUMNS FROM `33hao_vr_goods_address` [ RunTime:0.0020s ]
SQL: SELECT * FROM `33hao_vr_goods_address` WHERE `goods_commonid` = '16' LIMIT 0,3   [ RunTime:0.0000s ]
INFO: [ app_end ] --START--
INFO: Run Behavior\ShowPageTraceBehavior [ RunTime:0.001000s ]
INFO: [ app_end ] --END-- [ RunTime:0.001000s ]

[ 2016-07-14T09:48:23+08:00 ] ::1 /mxsh/index.php/Home/Index/displayHistory/id/16.html
INFO: [ app_begin ] --START--
INFO: Run Behavior\ReadHtmlCacheBehavior [ RunTime:0.001000s ]
INFO: [ app_begin ] --END-- [ RunTime:0.003000s ]
SQL: SHOW COLUMNS FROM `33hao_goods_class` [ RunTime:0.0040s ]
SQL: SHOW COLUMNS FROM `33hao_setting` [ RunTime:0.0020s ]
SQL: SELECT * FROM `33hao_setting` WHERE `name` = 'hot_search' LIMIT 1   [ RunTime:0.0000s ]
SQL: SHOW COLUMNS FROM `33hao_vr_goods` [ RunTime:0.0030s ]
SQL: SELECT `goods_id`,`goods_name`,`goods_price`,`goods_promotion_price` FROM `33hao_vr_goods` WHERE `goods_id` IN ('16','5','18','15') ORDER BY FIELD(goods_id,16,5,18,15)  [ RunTime:0.0010s ]
INFO: [ app_end ] --START--
INFO: Run Behavior\ShowPageTraceBehavior [ RunTime:0.001000s ]
INFO: [ app_end ] --END-- [ RunTime:0.001000s ]

[ 2016-07-14T09:48:23+08:00 ] ::1 /mxsh/index.php/Home/Index/evaajax.html?page=1&id=16&de=default
INFO: [ app_begin ] --START--
INFO: Run Behavior\ReadHtmlCacheBehavior [ RunTime:0.000000s ]
INFO: [ app_begin ] --END-- [ RunTime:0.001000s ]
SQL: SHOW COLUMNS FROM `33hao_goods_class` [ RunTime:0.0020s ]
SQL: SHOW COLUMNS FROM `33hao_setting` [ RunTime:0.0050s ]
SQL: SELECT * FROM `33hao_setting` WHERE `name` = 'hot_search' LIMIT 1   [ RunTime:0.0010s ]
SQL: SHOW COLUMNS FROM `33hao_evaluate_goods` [ RunTime:0.0030s ]
SQL: SELECT * FROM `33hao_evaluate_goods` WHERE `geval_goodsid` = '16' ORDER BY geval_scores desc LIMIT 0,3   [ RunTime:0.0010s ]
INFO: [ app_end ] --START--
INFO: Run Behavior\ShowPageTraceBehavior [ RunTime:0.001000s ]
INFO: [ app_end ] --END-- [ RunTime:0.001000s ]

[ 2016-07-14T09:48:23+08:00 ] ::1 /mxsh/index.php/Home/Index/addrajax.html?page=1&id=16
INFO: [ app_begin ] --START--
INFO: Run Behavior\ReadHtmlCacheBehavior [ RunTime:0.000000s ]
INFO: [ app_begin ] --END-- [ RunTime:0.000000s ]
SQL: SHOW COLUMNS FROM `33hao_goods_class` [ RunTime:0.0050s ]
SQL: SHOW COLUMNS FROM `33hao_setting` [ RunTime:0.0020s ]
SQL: SELECT * FROM `33hao_setting` WHERE `name` = 'hot_search' LIMIT 1   [ RunTime:0.0010s ]
SQL: SHOW COLUMNS FROM `33hao_vr_goods_address` [ RunTime:0.0020s ]
SQL: SELECT * FROM `33hao_vr_goods_address` WHERE `goods_commonid` = '16' LIMIT 0,3   [ RunTime:0.0010s ]
INFO: [ app_end ] --START--
INFO: Run Behavior\ShowPageTraceBehavior [ RunTime:0.002000s ]
INFO: [ app_end ] --END-- [ RunTime:0.002000s ]

[ 2016-07-14T09:49:53+08:00 ] ::1 /mxsh/index.php/Home/Index/displayHistory/id/16.html
INFO: [ app_begin ] --START--
INFO: Run Behavior\ReadHtmlCacheBehavior [ RunTime:0.001000s ]
INFO: [ app_begin ] --END-- [ RunTime:0.001000s ]
SQL: SHOW COLUMNS FROM `33hao_goods_class` [ RunTime:0.0050s ]
SQL: SHOW COLUMNS FROM `33hao_setting` [ RunTime:0.0030s ]
SQL: SELECT * FROM `33hao_setting` WHERE `name` = 'hot_search' LIMIT 1   [ RunTime:0.0000s ]
SQL: SHOW COLUMNS FROM `33hao_vr_goods` [ RunTime:0.0030s ]
SQL: SELECT `goods_id`,`goods_name`,`goods_price`,`goods_promotion_price` FROM `33hao_vr_goods` WHERE `goods_id` IN ('16','5','18','15') ORDER BY FIELD(goods_id,16,5,18,15)  [ RunTime:0.0010s ]
INFO: [ app_end ] --START--
INFO: Run Behavior\ShowPageTraceBehavior [ RunTime:0.004000s ]
INFO: [ app_end ] --END-- [ RunTime:0.005000s ]

[ 2016-07-14T09:49:53+08:00 ] ::1 /mxsh/index.php/Home/Index/evaajax.html?page=1&id=16&de=default
INFO: [ app_begin ] --START--
INFO: Run Behavior\ReadHtmlCacheBehavior [ RunTime:0.000000s ]
INFO: [ app_begin ] --END-- [ RunTime:0.001000s ]
SQL: SHOW COLUMNS FROM `33hao_goods_class` [ RunTime:0.0060s ]
SQL: SHOW COLUMNS FROM `33hao_setting` [ RunTime:0.0050s ]
SQL: SELECT * FROM `33hao_setting` WHERE `name` = 'hot_search' LIMIT 1   [ RunTime:0.0010s ]
SQL: SHOW COLUMNS FROM `33hao_evaluate_goods` [ RunTime:0.0030s ]
SQL: SELECT * FROM `33hao_evaluate_goods` WHERE `geval_goodsid` = '16' ORDER BY geval_scores desc LIMIT 0,3   [ RunTime:0.0010s ]
INFO: [ app_end ] --START--
INFO: Run Behavior\ShowPageTraceBehavior [ RunTime:0.001000s ]
INFO: [ app_end ] --END-- [ RunTime:0.001000s ]

[ 2016-07-14T09:49:53+08:00 ] ::1 /mxsh/index.php/Home/Index/addrajax.html?page=1&id=16
INFO: [ app_begin ] --START--
INFO: Run Behavior\ReadHtmlCacheBehavior [ RunTime:0.001000s ]
INFO: [ app_begin ] --END-- [ RunTime:0.001000s ]
SQL: SHOW COLUMNS FROM `33hao_goods_class` [ RunTime:0.0070s ]
SQL: SHOW COLUMNS FROM `33hao_setting` [ RunTime:0.0030s ]
SQL: SELECT * FROM `33hao_setting` WHERE `name` = 'hot_search' LIMIT 1   [ RunTime:0.0000s ]
SQL: SHOW COLUMNS FROM `33hao_vr_goods_address` [ RunTime:0.0020s ]
SQL: SELECT * FROM `33hao_vr_goods_address` WHERE `goods_commonid` = '16' LIMIT 0,3   [ RunTime:0.0000s ]
INFO: [ app_end ] --START--
INFO: Run Behavior\ShowPageTraceBehavior [ RunTime:0.000000s ]
INFO: [ app_end ] --END-- [ RunTime:0.000000s ]

[ 2016-07-14T09:56:02+08:00 ] ::1 /mxsh/index.php/Home/Index/evaajax.html?page=1&id=16&de=default
INFO: [ app_begin ] --START--
INFO: Run Behavior\ReadHtmlCacheBehavior [ RunTime:0.000000s ]
INFO: [ app_begin ] --END-- [ RunTime:0.001000s ]
SQL: SHOW COLUMNS FROM `33hao_goods_class` [ RunTime:0.0020s ]
SQL: SHOW COLUMNS FROM `33hao_setting` [ RunTime:0.0040s ]
SQL: SELECT * FROM `33hao_setting` WHERE `name` = 'hot_search' LIMIT 1   [ RunTime:0.0040s ]
SQL: SHOW COLUMNS FROM `33hao_evaluate_goods` [ RunTime:0.0030s ]
SQL: SELECT * FROM `33hao_evaluate_goods` WHERE `geval_goodsid` = '16' ORDER BY geval_scores desc LIMIT 0,3   [ RunTime:0.0020s ]
INFO: [ app_end ] --START--
INFO: Run Behavior\ShowPageTraceBehavior [ RunTime:0.001000s ]
INFO: [ app_end ] --END-- [ RunTime:0.001000s ]

[ 2016-07-14T09:56:02+08:00 ] ::1 /mxsh/index.php/Home/Index/displayHistory/id/16.html
INFO: [ app_begin ] --START--
INFO: Run Behavior\ReadHtmlCacheBehavior [ RunTime:0.001000s ]
INFO: [ app_begin ] --END-- [ RunTime:0.002000s ]
SQL: SHOW COLUMNS FROM `33hao_goods_class` [ RunTime:0.0030s ]
SQL: SHOW COLUMNS FROM `33hao_setting` [ RunTime:0.0070s ]
SQL: SELECT * FROM `33hao_setting` WHERE `name` = 'hot_search' LIMIT 1   [ RunTime:0.0010s ]
SQL: SHOW COLUMNS FROM `33hao_vr_goods` [ RunTime:0.0040s ]
SQL: SELECT `goods_id`,`goods_name`,`goods_price`,`goods_promotion_price` FROM `33hao_vr_goods` WHERE `goods_id` IN ('16','5','18','15') ORDER BY FIELD(goods_id,16,5,18,15)  [ RunTime:0.0010s ]
INFO: [ app_end ] --START--
INFO: Run Behavior\ShowPageTraceBehavior [ RunTime:0.001000s ]
INFO: [ app_end ] --END-- [ RunTime:0.001000s ]

[ 2016-07-14T09:56:02+08:00 ] ::1 /mxsh/index.php/Home/Index/addrajax.html?page=1&id=16
INFO: [ app_begin ] --START--
INFO: Run Behavior\ReadHtmlCacheBehavior [ RunTime:0.001000s ]
INFO: [ app_begin ] --END-- [ RunTime:0.001000s ]
SQL: SHOW COLUMNS FROM `33hao_goods_class` [ RunTime:0.0030s ]
SQL: SHOW COLUMNS FROM `33hao_setting` [ RunTime:0.0040s ]
SQL: SELECT * FROM `33hao_setting` WHERE `name` = 'hot_search' LIMIT 1   [ RunTime:0.0000s ]
SQL: SHOW COLUMNS FROM `33hao_vr_goods_address` [ RunTime:0.0030s ]
SQL: SELECT * FROM `33hao_vr_goods_address` WHERE `goods_commonid` = '16' LIMIT 0,3   [ RunTime:0.0010s ]
INFO: [ app_end ] --START--
INFO: Run Behavior\ShowPageTraceBehavior [ RunTime:0.000000s ]
INFO: [ app_end ] --END-- [ RunTime:0.000000s ]

[ 2016-07-14T10:03:51+08:00 ] ::1 /mxsh/index.php/Home/Index/displayHistory/id/15.html
INFO: [ app_begin ] --START--
INFO: Run Behavior\ReadHtmlCacheBehavior [ RunTime:0.001000s ]
INFO: [ app_begin ] --END-- [ RunTime:0.001000s ]
SQL: SHOW COLUMNS FROM `33hao_goods_class` [ RunTime:0.0030s ]
SQL: SHOW COLUMNS FROM `33hao_setting` [ RunTime:0.0060s ]
SQL: SELECT * FROM `33hao_setting` WHERE `name` = 'hot_search' LIMIT 1   [ RunTime:0.0000s ]
SQL: SHOW COLUMNS FROM `33hao_vr_goods` [ RunTime:0.0030s ]
SQL: SELECT `goods_id`,`goods_name`,`goods_price`,`goods_promotion_price` FROM `33hao_vr_goods` WHERE `goods_id` IN ('15','16','5','18') ORDER BY FIELD(goods_id,15,16,5,18)  [ RunTime:0.0030s ]
INFO: [ app_end ] --START--
INFO: Run Behavior\ShowPageTraceBehavior [ RunTime:0.002000s ]
INFO: [ app_end ] --END-- [ RunTime:0.002000s ]

[ 2016-07-14T10:03:52+08:00 ] ::1 /mxsh/index.php/Home/Index/addrajax.html?page=1&id=15
INFO: [ app_begin ] --START--
INFO: Run Behavior\ReadHtmlCacheBehavior [ RunTime:0.001000s ]
INFO: [ app_begin ] --END-- [ RunTime:0.003000s ]
SQL: SHOW COLUMNS FROM `33hao_goods_class` [ RunTime:0.0030s ]
SQL: SHOW COLUMNS FROM `33hao_setting` [ RunTime:0.0040s ]
SQL: SELECT * FROM `33hao_setting` WHERE `name` = 'hot_search' LIMIT 1   [ RunTime:0.0000s ]
SQL: SHOW COLUMNS FROM `33hao_vr_goods_address` [ RunTime:0.0030s ]
SQL: SELECT * FROM `33hao_vr_goods_address` WHERE `goods_commonid` = '15' LIMIT 0,3   [ RunTime:0.0020s ]
INFO: [ app_end ] --START--
INFO: Run Behavior\ShowPageTraceBehavior [ RunTime:0.001000s ]
INFO: [ app_end ] --END-- [ RunTime:0.001000s ]

[ 2016-07-14T10:04:23+08:00 ] ::1 /mxsh/index.php/Home/Index/displayHistory/id/15.html
INFO: [ app_begin ] --START--
INFO: Run Behavior\ReadHtmlCacheBehavior [ RunTime:0.000000s ]
INFO: [ app_begin ] --END-- [ RunTime:0.001000s ]
SQL: SHOW COLUMNS FROM `33hao_goods_class` [ RunTime:0.0030s ]
SQL: SHOW COLUMNS FROM `33hao_setting` [ RunTime:0.0030s ]
SQL: SELECT * FROM `33hao_setting` WHERE `name` = 'hot_search' LIMIT 1   [ RunTime:0.0000s ]
SQL: SHOW COLUMNS FROM `33hao_vr_goods` [ RunTime:0.0020s ]
SQL: SELECT `goods_id`,`goods_name`,`goods_price`,`goods_promotion_price` FROM `33hao_vr_goods` WHERE `goods_id` IN ('15','16','5','18') ORDER BY FIELD(goods_id,15,16,5,18)  [ RunTime:0.0000s ]
INFO: [ app_end ] --START--
INFO: Run Behavior\ShowPageTraceBehavior [ RunTime:0.000000s ]
INFO: [ app_end ] --END-- [ RunTime:0.000000s ]

[ 2016-07-14T10:04:23+08:00 ] ::1 /mxsh/index.php/Home/Index/addrajax.html?page=1&id=15
INFO: [ app_begin ] --START--
INFO: Run Behavior\ReadHtmlCacheBehavior [ RunTime:0.001000s ]
INFO: [ app_begin ] --END-- [ RunTime:0.002000s ]
SQL: SHOW COLUMNS FROM `33hao_goods_class` [ RunTime:0.0030s ]
SQL: SHOW COLUMNS FROM `33hao_setting` [ RunTime:0.0050s ]
SQL: SELECT * FROM `33hao_setting` WHERE `name` = 'hot_search' LIMIT 1   [ RunTime:0.0010s ]
SQL: SHOW COLUMNS FROM `33hao_vr_goods_address` [ RunTime:0.0110s ]
SQL: SELECT * FROM `33hao_vr_goods_address` WHERE `goods_commonid` = '15' LIMIT 0,3   [ RunTime:0.0010s ]
INFO: [ app_end ] --START--
INFO: Run Behavior\ShowPageTraceBehavior [ RunTime:0.002000s ]
INFO: [ app_end ] --END-- [ RunTime:0.002000s ]

[ 2016-07-14T10:06:20+08:00 ] ::1 /mxsh/index.php/Home/Index/displayHistory/id/15.html
INFO: [ app_begin ] --START--
INFO: Run Behavior\ReadHtmlCacheBehavior [ RunTime:0.000000s ]
INFO: [ app_begin ] --END-- [ RunTime:0.001000s ]
SQL: SHOW COLUMNS FROM `33hao_goods_class` [ RunTime:0.0030s ]
SQL: SHOW COLUMNS FROM `33hao_setting` [ RunTime:0.0040s ]
SQL: SELECT * FROM `33hao_setting` WHERE `name` = 'hot_search' LIMIT 1   [ RunTime:0.0010s ]
SQL: SHOW COLUMNS FROM `33hao_vr_goods` [ RunTime:0.0050s ]
SQL: SELECT `goods_id`,`goods_name`,`goods_price`,`goods_promotion_price` FROM `33hao_vr_goods` WHERE `goods_id` IN ('15','16','5','18') ORDER BY FIELD(goods_id,15,16,5,18)  [ RunTime:0.0020s ]
INFO: [ app_end ] --START--
INFO: Run Behavior\ShowPageTraceBehavior [ RunTime:0.001000s ]
INFO: [ app_end ] --END-- [ RunTime:0.002000s ]

[ 2016-07-14T10:06:20+08:00 ] ::1 /mxsh/index.php/Home/Index/addrajax.html?page=1&id=15
INFO: [ app_begin ] --START--
INFO: Run Behavior\ReadHtmlCacheBehavior [ RunTime:0.001000s ]
INFO: [ app_begin ] --END-- [ RunTime:0.001000s ]
SQL: SHOW COLUMNS FROM `33hao_goods_class` [ RunTime:0.0060s ]
SQL: SHOW COLUMNS FROM `33hao_setting` [ RunTime:0.0030s ]
SQL: SELECT * FROM `33hao_setting` WHERE `name` = 'hot_search' LIMIT 1   [ RunTime:0.0010s ]
SQL: SHOW COLUMNS FROM `33hao_vr_goods_address` [ RunTime:0.0040s ]
SQL: SELECT * FROM `33hao_vr_goods_address` WHERE `goods_commonid` = '15' LIMIT 0,3   [ RunTime:0.0010s ]
INFO: [ app_end ] --START--
INFO: Run Behavior\ShowPageTraceBehavior [ RunTime:0.001000s ]
INFO: [ app_end ] --END-- [ RunTime:0.001000s ]

[ 2016-07-14T10:56:51+08:00 ] ::1 /mxsh/index.php/Home/Index/displayHistory.html
INFO: [ app_begin ] --START--
INFO: Run Behavior\ReadHtmlCacheBehavior [ RunTime:0.001000s ]
INFO: [ app_begin ] --END-- [ RunTime:0.001000s ]
SQL: SHOW COLUMNS FROM `33hao_goods_class` [ RunTime:0.0060s ]
SQL: SHOW COLUMNS FROM `33hao_setting` [ RunTime:0.0030s ]
SQL: SELECT * FROM `33hao_setting` WHERE `name` = 'hot_search' LIMIT 1   [ RunTime:0.0010s ]
SQL: SHOW COLUMNS FROM `33hao_vr_goods` [ RunTime:0.0070s ]
SQL: SELECT `goods_id`,`goods_name`,`goods_price`,`goods_promotion_price` FROM `33hao_vr_goods` WHERE `goods_id` IN ('15','16','5','18') ORDER BY FIELD(goods_id,15,16,5,18)  [ RunTime:0.0010s ]
INFO: [ app_end ] --START--
INFO: Run Behavior\ShowPageTraceBehavior [ RunTime:0.001000s ]
INFO: [ app_end ] --END-- [ RunTime:0.001000s ]

[ 2016-07-14T10:57:05+08:00 ] ::1 /mxsh/index.php/Home/Index/displayHistory.html
INFO: [ app_begin ] --START--
INFO: Run Behavior\ReadHtmlCacheBehavior [ RunTime:0.002000s ]
INFO: [ app_begin ] --END-- [ RunTime:0.003000s ]
SQL: SHOW COLUMNS FROM `33hao_goods_class` [ RunTime:0.0030s ]
SQL: SHOW COLUMNS FROM `33hao_setting` [ RunTime:0.0020s ]
SQL: SELECT * FROM `33hao_setting` WHERE `name` = 'hot_search' LIMIT 1   [ RunTime:0.0000s ]
SQL: SHOW COLUMNS FROM `33hao_vr_goods` [ RunTime:0.0030s ]
SQL: SELECT `goods_id`,`goods_name`,`goods_price`,`goods_promotion_price` FROM `33hao_vr_goods` WHERE `goods_id` IN ('15','16','5','18') ORDER BY FIELD(goods_id,15,16,5,18)  [ RunTime:0.0000s ]
INFO: [ app_end ] --START--
INFO: Run Behavior\ShowPageTraceBehavior [ RunTime:0.000000s ]
INFO: [ app_end ] --END-- [ RunTime:0.000000s ]

[ 2016-07-14T10:57:58+08:00 ] ::1 /mxsh/index.php/Home/Index/displayHistory.html
INFO: [ app_begin ] --START--
INFO: Run Behavior\ReadHtmlCacheBehavior [ RunTime:0.001000s ]
INFO: [ app_begin ] --END-- [ RunTime:0.001000s ]
SQL: SHOW COLUMNS FROM `33hao_goods_class` [ RunTime:0.0030s ]
SQL: SHOW COLUMNS FROM `33hao_setting` [ RunTime:0.0040s ]
SQL: SELECT * FROM `33hao_setting` WHERE `name` = 'hot_search' LIMIT 1   [ RunTime:0.0010s ]
SQL: SHOW COLUMNS FROM `33hao_vr_goods` [ RunTime:0.0040s ]
SQL: SELECT `goods_id`,`goods_name`,`goods_price`,`goods_promotion_price` FROM `33hao_vr_goods` WHERE `goods_id` IN ('15','16','5','18') ORDER BY FIELD(goods_id,15,16,5,18)  [ RunTime:0.0000s ]
INFO: [ app_end ] --START--
INFO: Run Behavior\ShowPageTraceBehavior [ RunTime:0.000000s ]
INFO: [ app_end ] --END-- [ RunTime:0.000000s ]

[ 2016-07-14T11:18:50+08:00 ] ::1 /mxsh/index.php/Home/Index/displayHistory.html
INFO: [ app_begin ] --START--
INFO: Run Behavior\ReadHtmlCacheBehavior [ RunTime:0.001000s ]
INFO: [ app_begin ] --END-- [ RunTime:0.002000s ]
SQL: SHOW COLUMNS FROM `33hao_goods_class` [ RunTime:0.0070s ]
SQL: SHOW COLUMNS FROM `33hao_setting` [ RunTime:0.0040s ]
SQL: SELECT * FROM `33hao_setting` WHERE `name` = 'hot_search' LIMIT 1   [ RunTime:0.0010s ]
SQL: SHOW COLUMNS FROM `33hao_vr_goods` [ RunTime:0.0020s ]
SQL: SELECT `goods_id`,`goods_name`,`goods_price`,`goods_promotion_price` FROM `33hao_vr_goods` WHERE `goods_id` IN ('15','16','5','18') ORDER BY FIELD(goods_id,15,16,5,18)  [ RunTime:0.0000s ]
INFO: [ app_end ] --START--
INFO: Run Behavior\ShowPageTraceBehavior [ RunTime:0.001000s ]
INFO: [ app_end ] --END-- [ RunTime:0.001000s ]

[ 2016-07-14T11:19:53+08:00 ] ::1 /mxsh/index.php/Home/Index/displayHistory.html
INFO: [ app_begin ] --START--
INFO: Run Behavior\ReadHtmlCacheBehavior [ RunTime:0.003000s ]
INFO: [ app_begin ] --END-- [ RunTime:0.005000s ]
SQL: SHOW COLUMNS FROM `33hao_goods_class` [ RunTime:0.0050s ]
SQL: SHOW COLUMNS FROM `33hao_setting` [ RunTime:0.0040s ]
SQL: SELECT * FROM `33hao_setting` WHERE `name` = 'hot_search' LIMIT 1   [ RunTime:0.0000s ]
SQL: SHOW COLUMNS FROM `33hao_vr_goods` [ RunTime:0.0020s ]
SQL: SELECT `goods_id`,`goods_name`,`goods_price`,`goods_promotion_price` FROM `33hao_vr_goods` WHERE `goods_id` IN ('15','16','5','18') ORDER BY FIELD(goods_id,15,16,5,18)  [ RunTime:0.0000s ]
INFO: [ app_end ] --START--
INFO: Run Behavior\ShowPageTraceBehavior [ RunTime:0.001000s ]
INFO: [ app_end ] --END-- [ RunTime:0.001000s ]

[ 2016-07-14T11:19:56+08:00 ] ::1 /mxsh/index.php/Home/Index/displayHistory.html
INFO: [ app_begin ] --START--
INFO: Run Behavior\ReadHtmlCacheBehavior [ RunTime:0.001000s ]
INFO: [ app_begin ] --END-- [ RunTime:0.001000s ]
SQL: SHOW COLUMNS FROM `33hao_goods_class` [ RunTime:0.0050s ]
SQL: SHOW COLUMNS FROM `33hao_setting` [ RunTime:0.0050s ]
SQL: SELECT * FROM `33hao_setting` WHERE `name` = 'hot_search' LIMIT 1   [ RunTime:0.0010s ]
SQL: SHOW COLUMNS FROM `33hao_vr_goods` [ RunTime:0.0030s ]
SQL: SELECT `goods_id`,`goods_name`,`goods_price`,`goods_promotion_price` FROM `33hao_vr_goods` WHERE `goods_id` IN ('15','16','5','18') ORDER BY FIELD(goods_id,15,16,5,18)  [ RunTime:0.0010s ]
INFO: [ app_end ] --START--
INFO: Run Behavior\ShowPageTraceBehavior [ RunTime:0.001000s ]
INFO: [ app_end ] --END-- [ RunTime:0.001000s ]

[ 2016-07-14T11:19:57+08:00 ] ::1 /mxsh/index.php/Home/Index/displayHistory.html
INFO: [ app_begin ] --START--
INFO: Run Behavior\ReadHtmlCacheBehavior [ RunTime:0.004000s ]
INFO: [ app_begin ] --END-- [ RunTime:0.006000s ]
SQL: SHOW COLUMNS FROM `33hao_goods_class` [ RunTime:0.0030s ]
SQL: SHOW COLUMNS FROM `33hao_setting` [ RunTime:0.0040s ]
SQL: SELECT * FROM `33hao_setting` WHERE `name` = 'hot_search' LIMIT 1   [ RunTime:0.0000s ]
SQL: SHOW COLUMNS FROM `33hao_vr_goods` [ RunTime:0.0030s ]
SQL: SELECT `goods_id`,`goods_name`,`goods_price`,`goods_promotion_price` FROM `33hao_vr_goods` WHERE `goods_id` IN ('15','16','5','18') ORDER BY FIELD(goods_id,15,16,5,18)  [ RunTime:0.0000s ]
INFO: [ app_end ] --START--
INFO: Run Behavior\ShowPageTraceBehavior [ RunTime:0.001000s ]
INFO: [ app_end ] --END-- [ RunTime:0.001000s ]

[ 2016-07-14T11:20:00+08:00 ] ::1 /mxsh/index.php/Home/Index/displayHistory.html
INFO: [ app_begin ] --START--
INFO: Run Behavior\ReadHtmlCacheBehavior [ RunTime:0.000000s ]
INFO: [ app_begin ] --END-- [ RunTime:0.002000s ]
SQL: SHOW COLUMNS FROM `33hao_goods_class` [ RunTime:0.0030s ]
SQL: SHOW COLUMNS FROM `33hao_setting` [ RunTime:0.0030s ]
SQL: SELECT * FROM `33hao_setting` WHERE `name` = 'hot_search' LIMIT 1   [ RunTime:0.0010s ]
SQL: SHOW COLUMNS FROM `33hao_vr_goods` [ RunTime:0.0040s ]
SQL: SELECT `goods_id`,`goods_name`,`goods_price`,`goods_promotion_price` FROM `33hao_vr_goods` WHERE `goods_id` IN ('15','16','5','18') ORDER BY FIELD(goods_id,15,16,5,18)  [ RunTime:0.0010s ]
INFO: [ app_end ] --START--
INFO: Run Behavior\ShowPageTraceBehavior [ RunTime:0.001000s ]
INFO: [ app_end ] --END-- [ RunTime:0.001000s ]

[ 2016-07-14T11:20:10+08:00 ] ::1 /mxsh/index.php/Home/Index/displayHistory.html
INFO: [ app_begin ] --START--
INFO: Run Behavior\ReadHtmlCacheBehavior [ RunTime:0.002000s ]
INFO: [ app_begin ] --END-- [ RunTime:0.003000s ]
SQL: SHOW COLUMNS FROM `33hao_goods_class` [ RunTime:0.0060s ]
SQL: SHOW COLUMNS FROM `33hao_setting` [ RunTime:0.0060s ]
SQL: SELECT * FROM `33hao_setting` WHERE `name` = 'hot_search' LIMIT 1   [ RunTime:0.0020s ]
SQL: SHOW COLUMNS FROM `33hao_vr_goods` [ RunTime:0.0030s ]
SQL: SELECT `goods_id`,`goods_name`,`goods_price`,`goods_promotion_price` FROM `33hao_vr_goods` WHERE `goods_id` IN ('15','16','5','18') ORDER BY FIELD(goods_id,15,16,5,18)  [ RunTime:0.0010s ]
INFO: [ app_end ] --START--
INFO: Run Behavior\ShowPageTraceBehavior [ RunTime:0.001000s ]
INFO: [ app_end ] --END-- [ RunTime:0.001000s ]

[ 2016-07-14T11:20:13+08:00 ] ::1 /mxsh/index.php/Home/Index/displayHistory.html
INFO: [ app_begin ] --START--
INFO: Run Behavior\ReadHtmlCacheBehavior [ RunTime:0.001000s ]
INFO: [ app_begin ] --END-- [ RunTime:0.003000s ]
SQL: SHOW COLUMNS FROM `33hao_goods_class` [ RunTime:0.0030s ]
SQL: SHOW COLUMNS FROM `33hao_setting` [ RunTime:0.0060s ]
SQL: SELECT * FROM `33hao_setting` WHERE `name` = 'hot_search' LIMIT 1   [ RunTime:0.0010s ]
SQL: SHOW COLUMNS FROM `33hao_vr_goods` [ RunTime:0.0040s ]
SQL: SELECT `goods_id`,`goods_name`,`goods_price`,`goods_promotion_price` FROM `33hao_vr_goods` WHERE `goods_id` IN ('15','16','5','18') ORDER BY FIELD(goods_id,15,16,5,18)  [ RunTime:0.0000s ]
INFO: [ app_end ] --START--
INFO: Run Behavior\ShowPageTraceBehavior [ RunTime:0.001000s ]
INFO: [ app_end ] --END-- [ RunTime:0.002000s ]

[ 2016-07-14T11:20:15+08:00 ] ::1 /mxsh/index.php/Home/Index/displayHistory.html
INFO: [ app_begin ] --START--
INFO: Run Behavior\ReadHtmlCacheBehavior [ RunTime:0.001000s ]
INFO: [ app_begin ] --END-- [ RunTime:0.001000s ]
SQL: SHOW COLUMNS FROM `33hao_goods_class` [ RunTime:0.0020s ]
SQL: SHOW COLUMNS FROM `33hao_setting` [ RunTime:0.0040s ]
SQL: SELECT * FROM `33hao_setting` WHERE `name` = 'hot_search' LIMIT 1   [ RunTime:0.0000s ]
SQL: SHOW COLUMNS FROM `33hao_vr_goods` [ RunTime:0.0020s ]
SQL: SELECT `goods_id`,`goods_name`,`goods_price`,`goods_promotion_price` FROM `33hao_vr_goods` WHERE `goods_id` IN ('15','16','5','18') ORDER BY FIELD(goods_id,15,16,5,18)  [ RunTime:0.0010s ]
INFO: [ app_end ] --START--
INFO: Run Behavior\ShowPageTraceBehavior [ RunTime:0.001000s ]
INFO: [ app_end ] --END-- [ RunTime:0.001000s ]

[ 2016-07-14T11:20:17+08:00 ] ::1 /mxsh/index.php/Home/Index/displayHistory.html
INFO: [ app_begin ] --START--
INFO: Run Behavior\ReadHtmlCacheBehavior [ RunTime:0.000000s ]
INFO: [ app_begin ] --END-- [ RunTime:0.001000s ]
SQL: SHOW COLUMNS FROM `33hao_goods_class` [ RunTime:0.0040s ]
SQL: SHOW COLUMNS FROM `33hao_setting` [ RunTime:0.0020s ]
SQL: SELECT * FROM `33hao_setting` WHERE `name` = 'hot_search' LIMIT 1   [ RunTime:0.0010s ]
SQL: SHOW COLUMNS FROM `33hao_vr_goods` [ RunTime:0.0080s ]
SQL: SELECT `goods_id`,`goods_name`,`goods_price`,`goods_promotion_price` FROM `33hao_vr_goods` WHERE `goods_id` IN ('15','16','5','18') ORDER BY FIELD(goods_id,15,16,5,18)  [ RunTime:0.0010s ]
INFO: [ app_end ] --START--
INFO: Run Behavior\ShowPageTraceBehavior [ RunTime:0.002000s ]
INFO: [ app_end ] --END-- [ RunTime:0.002000s ]

[ 2016-07-14T11:23:54+08:00 ] ::1 /mxsh/index.php/Home/Index/displayHistory.html
INFO: [ app_begin ] --START--
INFO: Run Behavior\ReadHtmlCacheBehavior [ RunTime:0.000000s ]
INFO: [ app_begin ] --END-- [ RunTime:0.000000s ]
SQL: SHOW COLUMNS FROM `33hao_goods_class` [ RunTime:0.0090s ]
SQL: SHOW COLUMNS FROM `33hao_setting` [ RunTime:0.0040s ]
SQL: SELECT * FROM `33hao_setting` WHERE `name` = 'hot_search' LIMIT 1   [ RunTime:0.0000s ]
SQL: SHOW COLUMNS FROM `33hao_vr_goods` [ RunTime:0.0100s ]
SQL: SELECT `goods_id`,`goods_name`,`goods_price`,`goods_promotion_price` FROM `33hao_vr_goods` WHERE `goods_id` IN ('15','16','5','18') ORDER BY FIELD(goods_id,15,16,5,18)  [ RunTime:0.0000s ]
INFO: [ app_end ] --START--
INFO: Run Behavior\ShowPageTraceBehavior [ RunTime:0.000000s ]
INFO: [ app_end ] --END-- [ RunTime:0.000000s ]

[ 2016-07-14T11:23:58+08:00 ] ::1 /mxsh/index.php/Home/Index/displayHistory.html
INFO: [ app_begin ] --START--
INFO: Run Behavior\ReadHtmlCacheBehavior [ RunTime:0.002000s ]
INFO: [ app_begin ] --END-- [ RunTime:0.004000s ]
SQL: SHOW COLUMNS FROM `33hao_goods_class` [ RunTime:0.0030s ]
SQL: SHOW COLUMNS FROM `33hao_setting` [ RunTime:0.0050s ]
SQL: SELECT * FROM `33hao_setting` WHERE `name` = 'hot_search' LIMIT 1   [ RunTime:0.0010s ]
SQL: SHOW COLUMNS FROM `33hao_vr_goods` [ RunTime:0.0020s ]
SQL: SELECT `goods_id`,`goods_name`,`goods_price`,`goods_promotion_price` FROM `33hao_vr_goods` WHERE `goods_id` IN ('15','16','5','18') ORDER BY FIELD(goods_id,15,16,5,18)  [ RunTime:0.0000s ]
INFO: [ app_end ] --START--
INFO: Run Behavior\ShowPageTraceBehavior [ RunTime:0.001000s ]
INFO: [ app_end ] --END-- [ RunTime:0.001000s ]

[ 2016-07-14T11:26:56+08:00 ] ::1 /mxsh/index.php/Home/Index/displayHistory.html
INFO: [ app_begin ] --START--
INFO: Run Behavior\ReadHtmlCacheBehavior [ RunTime:0.001000s ]
INFO: [ app_begin ] --END-- [ RunTime:0.002000s ]
SQL: SHOW COLUMNS FROM `33hao_goods_class` [ RunTime:0.0040s ]
SQL: SHOW COLUMNS FROM `33hao_setting` [ RunTime:0.0030s ]
SQL: SELECT * FROM `33hao_setting` WHERE `name` = 'hot_search' LIMIT 1   [ RunTime:0.0010s ]
SQL: SHOW COLUMNS FROM `33hao_vr_goods` [ RunTime:0.0050s ]
SQL: SELECT `goods_id`,`goods_name`,`goods_price`,`goods_promotion_price` FROM `33hao_vr_goods` WHERE `goods_id` IN ('15','16','5','18') ORDER BY FIELD(goods_id,15,16,5,18)  [ RunTime:0.0010s ]
INFO: [ app_end ] --START--
INFO: Run Behavior\ShowPageTraceBehavior [ RunTime:0.001000s ]
INFO: [ app_end ] --END-- [ RunTime:0.001000s ]

[ 2016-07-14T11:27:01+08:00 ] ::1 /mxsh/index.php/Home/Index/displayHistory.html
INFO: [ app_begin ] --START--
INFO: Run Behavior\ReadHtmlCacheBehavior [ RunTime:0.001000s ]
INFO: [ app_begin ] --END-- [ RunTime:0.001000s ]
SQL: SHOW COLUMNS FROM `33hao_goods_class` [ RunTime:0.0070s ]
SQL: SHOW COLUMNS FROM `33hao_setting` [ RunTime:0.0040s ]
SQL: SELECT * FROM `33hao_setting` WHERE `name` = 'hot_search' LIMIT 1   [ RunTime:0.0010s ]
SQL: SHOW COLUMNS FROM `33hao_vr_goods` [ RunTime:0.0070s ]
SQL: SELECT `goods_id`,`goods_name`,`goods_price`,`goods_promotion_price` FROM `33hao_vr_goods` WHERE `goods_id` IN ('15','16','5','18') ORDER BY FIELD(goods_id,15,16,5,18)  [ RunTime:0.0000s ]
INFO: [ app_end ] --START--
INFO: Run Behavior\ShowPageTraceBehavior [ RunTime:0.001000s ]
INFO: [ app_end ] --END-- [ RunTime:0.001000s ]

[ 2016-07-14T11:30:18+08:00 ] ::1 /mxsh/index.php/Home/Index/displayHistory.html
INFO: [ app_begin ] --START--
INFO: Run Behavior\ReadHtmlCacheBehavior [ RunTime:0.001000s ]
INFO: [ app_begin ] --END-- [ RunTime:0.001000s ]
SQL: SHOW COLUMNS FROM `33hao_goods_class` [ RunTime:0.0090s ]
SQL: SHOW COLUMNS FROM `33hao_setting` [ RunTime:0.0060s ]
SQL: SELECT * FROM `33hao_setting` WHERE `name` = 'hot_search' LIMIT 1   [ RunTime:0.0020s ]
SQL: SHOW COLUMNS FROM `33hao_vr_goods` [ RunTime:0.0100s ]
SQL: SELECT `goods_id`,`goods_name`,`goods_price`,`goods_promotion_price` FROM `33hao_vr_goods` WHERE `goods_id` IN ('15','16','5','18') ORDER BY FIELD(goods_id,15,16,5,18)  [ RunTime:0.0020s ]
INFO: [ app_end ] --START--
INFO: Run Behavior\ShowPageTraceBehavior [ RunTime:0.000000s ]
INFO: [ app_end ] --END-- [ RunTime:0.001000s ]

[ 2016-07-14T11:32:58+08:00 ] ::1 /mxsh/index.php/Home/Index/displayHistory.html
INFO: [ app_begin ] --START--
INFO: Run Behavior\ReadHtmlCacheBehavior [ RunTime:0.000000s ]
INFO: [ app_begin ] --END-- [ RunTime:0.001000s ]
SQL: SHOW COLUMNS FROM `33hao_goods_class` [ RunTime:0.0160s ]
SQL: SHOW COLUMNS FROM `33hao_setting` [ RunTime:0.0100s ]
SQL: SELECT * FROM `33hao_setting` WHERE `name` = 'hot_search' LIMIT 1   [ RunTime:0.0010s ]
SQL: SHOW COLUMNS FROM `33hao_vr_goods` [ RunTime:0.0070s ]
SQL: SELECT `goods_id`,`goods_name`,`goods_price`,`goods_promotion_price` FROM `33hao_vr_goods` WHERE `goods_id` IN ('15','16','5','18') ORDER BY FIELD(goods_id,15,16,5,18)  [ RunTime:0.0010s ]
INFO: [ app_end ] --START--
INFO: Run Behavior\ShowPageTraceBehavior [ RunTime:0.003000s ]
INFO: [ app_end ] --END-- [ RunTime:0.004000s ]

[ 2016-07-14T14:26:19+08:00 ] ::1 /mxsh/index.php/Home/Index/displayHistory.html
INFO: [ app_begin ] --START--
INFO: Run Behavior\ReadHtmlCacheBehavior [ RunTime:0.001000s ]
INFO: [ app_begin ] --END-- [ RunTime:0.002000s ]
SQL: SHOW COLUMNS FROM `33hao_goods_class` [ RunTime:0.0020s ]
SQL: SHOW COLUMNS FROM `33hao_setting` [ RunTime:0.0030s ]
SQL: SELECT * FROM `33hao_setting` WHERE `name` = 'hot_search' LIMIT 1   [ RunTime:0.0000s ]
SQL: SHOW COLUMNS FROM `33hao_vr_goods` [ RunTime:0.0040s ]
SQL: SELECT `goods_id`,`goods_name`,`goods_price`,`goods_promotion_price` FROM `33hao_vr_goods` WHERE `goods_id` IN ('15','16','5','18') ORDER BY FIELD(goods_id,15,16,5,18)  [ RunTime:0.0030s ]
INFO: [ app_end ] --START--
INFO: Run Behavior\ShowPageTraceBehavior [ RunTime:0.001000s ]
INFO: [ app_end ] --END-- [ RunTime:0.002000s ]

